pinf-1, 2-1
minf-1, 4-1
ginf-1, 5-1
pinf-2, 3-1
ginf-2, 2-1
pinf-3, 6-1
0
minf-2, 6-1
0
pinf-4, 2-2
Ok
Ok
Ok
pinf-5, 6-2
0
ginf-3, 0-1
0
Ok
3
pinf-6, 1-1
pinf-7, 2-3
pinf-8, 0-1
ginf-4, 0-2
pinf-9, 3-2
ginf-5, 6-1
pinf-10, 0-2
Ok
0
ginf-6, 6-2
Group does not exist
ginf-7, 0-3
minf-3, 5-1
pinf-11, 3-3
pinf-12, 0-3
0
ginf-8, 1-1
Ok
ginf-9, 1-2
4
Group does not exist
pinf-13, 1-2
pinf-14, 1-3
0
pinf-15, 0-4
2
ginf-10, 6-3
ginf-11, 1-3
epi-1, 6-1
pinf-16, 1-4
ginf-12, 6-4
ginf-13, 1-4
Ok
pinf-17, 3-4
rnf-1, 4-1, 6-1
None
Ok
0
pinf-18, 1-5
Ok
minf-4, 2-1
ginf-14, 5-2
0
pinf-19, 2-4
ginf-15, 5-3
pinf-20, 1-6
pinf-21, 1-7
rnf-2, 5-1, 6-2
Ok
2
pinf-22, 3-5
true
pinf-23, 0-5
ginf-16, 5-4
Ok
pinf-24, 1-8
pinf-25, 1-9
pinf-26, 2-5
Ok
epi-2, 4-1
Ok
minf-5, 2-2
Ok
rnf-3, 0-1, 6-3
rnf-4, 0-2, 6-4
egi-1, 2-1
ginf-17, 1-5
epi-3, 2-1
ginf-18, 1-6
ginf-19, 0-4
epi-4, 5-1
0
anf-1, 6-1
5
ginf-20, 1-7
minf-6, 4-2
false
egi-2, 2-2
rnf-5, 3-1, 6-5
epi-5, 3-1
Ok
0
Ok
egi-3, 2-3
epi-6, 6-2
rnf-6, 2-1, 4-2
ginf-21, 1-8
None
epi-7, 4-2
epi-8, 2-2
minf-7, 1-1
ginf-22, 0-5
false
ginf-23, 0-6
epi-9, 0-1
false
ginf-24, 0-7
2
ginf-25, 0-8
ginf-26, 5-5
0
epi-10, 1-1
ginf-27, 1-9
0
epi-11, 5-2
Ok
0
0
false
rnf-7, 1-1, 4-3
3
ginf-28, 5-6
0
None
rnf-8, 2-2, 5-2
2
Group does not exist
false
true
0
ginf-29, 0-9
epi-12, 6-3
false
0
Ok
rnf-9, 0-3, 6-6
Ok
Ok
0
0
4
false
ginf-30, 1-10
None
0
None
ginf-31, 0-10
0
minf-8, 0-1
0
4
0
None
Ok
ginf-32, 0-11
epi-13, 6-4
ginf-33, 5-7
0
4
3
true
3
0
3
epi-14, 2-3
Ok
ginf-34, 1-11
emi-1, 3-1
Ok
epi-15, 4-3
rnf-10, 2-3, 3-2
egi-4, 4-1
ginf-35, 5-8
5
ginf-36, 0-12
3
Ok
epi-16, 6-5
egi-5, 5-1
egi-6, 2-4
emi-2, 5-1
0
minf-9, 1-2
None
Ok
epi-17, 2-4
epi-18, 0-2
emi-3, 5-2
None
epi-19, 2-5
egi-7, 6-1
true
emi-4, 4-1
epi-20, 5-3
er-1, 5-1, 5-1
rnf-11, 3-3, 5-3
Group does not exist
Group does not exist
ginf-37, 1-12
0
2
true
egi-8, 2-5
false
rnf-12, 2-4, 3-4
epi-21, 4-4
rnf-13, 2-5, 4-4
egi-9, 5-2
2
Ok
rnf-14, 1-2, 4-5
2
0
0
2
0
true
Ok
None
Ok
2
Ok
2
2
rnf-15, 0-4, 6-7
epi-22, 6-6
rnf-16, 1-3, 2-6
2
0
ginf-38, 1-13
2
epi-23, 6-7
2
emi-5, 5-3
minf-10, 6-2
3
false
Ok
0
minf-11, 2-3
Ok
egi-10, 6-2
rnf-17, 1-4, 4-6
ginf-39, 1-14
Ok
0
1
Ok
ginf-40, 1-15
0
minf-12, 6-3
er-2, 4-1, 5-2
6
rnf-18, 0-5, 2-7
0
Ok
1
2
70
None
epi-24, 6-8
0
Ok
34
epi-25, 0-3
2
6
epi-26, 5-4
2
ginf-41, 0-13
0
2
epi-27, 6-9
0
emi-6, 4-2
true
egi-11, 5-3
2
true
rnf-19, 5-4, 6-8
3
4
4
epi-28, 0-4
2
ginf-42, 1-16
epi-29, 2-6
ginf-43, 0-14
4
48
epi-30, 0-5
false
Ok
minf-13, 0-2
1
0
ginf-44, 0-15
epi-31, 3-2
None
0
er-3, 1-1, 6-1
ginf-45, 0-16
epi-32, 1-2
anf-2, 2-1
2
emi-7, 3-2
Ok
1
0
true
48
rnf-20, 2-8, 3-5
epi-33, 6-10
Ok
None
epi-34, 4-5
epi-35, 3-3
Ok
rnf-21, 1-5, 5-5
0
1
Ok
0
53
ginf-46, 0-17
Ok
6
egi-12, 3-1
1
0
er-4, 1-2, 2-1
0
egi-13, 4-2
egi-14, 2-6
0
3
epi-36, 1-3
0
3
1
1
None
ginf-47, 0-18
er-5, 1-3, 1-3
true
minf-14, 2-4
true
true
ginf-48, 1-17
epi-37, 6-11
er-6, 0-1, 4-2
Ok
0
rnf-22, 0-6, 2-9
egi-15, 2-7
epi-38, 0-6
0
epi-39, 6-12
ginf-49, 1-18
true
0
ginf-50, 1-19
epi-40, 4-6
0
epi-41, 5-5
1
epi-42, 2-7
1
minf-15, 2-5
Ok
1
epi-43, 0-7
1
egi-16, 4-3
6
6
emi-8, 4-3
0
egi-17, 2-8
pinf-27, 4-1
0
Ok
94
epi-44, 0-8
er-7, 4-3, 6-2
Ok
0
ginf-51, 1-20
rnf-23, 2-10, 3-6
None
true
emi-9, 4-4
epi-45, 0-9
None
4
1
ginf-52, 1-21
1
ginf-53, 0-19
0
1
true
Group does not exist
None
egi-18, 6-3
None
0
1
47
ginf-54, 1-22
epi-46, 5-6
None
Ok
0
rnf-24, 0-7, 2-11
rnf-25, 2-12, 4-7
ginf-55, 0-20
rnf-26, 1-6, 4-8
Ok
egi-19, 6-4
rnf-27, 2-13, 3-7
Ok
epi-47, 3-4
None
None
1
1
emi-10, 1-1
rnf-28, 0-8, 2-14
egi-20, 6-5
epi-48, 3-5
0
true
emi-11, 1-2
er-8, 4-4, 5-3
ginf-56, 1-23
1
emi-12, 5-4
0
pinf-28, 5-1
Ok
true
ginf-57, 0-21
0
rnf-29, 3-8, 5-6
0
0
0
egi-21, 2-9
emi-13, 4-5
0
0
egi-22, 6-6
er-9, 0-2, 3-1
4
Ok
epi-49, 6-13
true
4
er-10, 0-3, 1-4
2
Ok
Ok
0
Ok
Ok
epi-50, 5-7
5
5
emi-14, 2-1
epi-51, 3-6
0
Ok
epi-52, 2-8
epi-53, 3-7
Ok
4
6
6
0
None
rnf-30, 1-7, 4-9
rnf-31, 5-7, 6-9
egi-23, 1-1
egi-24, 6-7
1
None
er-11, 1-5, 6-3
None
None
Ok
0
0
1
0
rnf-32, 2-15, 5-8
3
Ok
0
Ok
Ok
egi-25, 4-4
epi-54, 3-8
1
egi-26, 0-1
0
33
true
Ok
epi-55, 2-9
2
6
egi-27, 4-5
0
true
1
0
3
2
None
1
None
210
6
0
0
0
2
egi-28, 4-6
true
3
0
emi-15, 5-5
rnf-33, 2-16, 5-9
6
1
3
Ok
true
pinf-29, 5-2
rnf-34, 1-8, 4-10
epi-56, 2-10
None
Ok
3
Ok
0
0
rnf-35, 0-9, 2-17
0
1
1
true
0
2
2
120
Ok
rnf-36, 1-9, 4-11
Ok
0
Ok
epi-57, 2-11
0
emi-16, 0-1
Ok
1
epi-58, 4-7
emi-17, 0-2
rnf-37, 1-10, 4-12
emi-18, 3-3
Ok
true
emi-19, 3-4
0
0
rnf-38, 3-9, 4-13
0
epi-59, 0-10
0
Ok
1
epi-60, 4-8
epi-61, 6-14
pinf-30, 4-2
Ok
4
epi-62, 3-9
1
Ok
minf-16, 6-4
Ok
None
emi-20, 4-6
6
Ok
4
6
true
1
None
pinf-31, 5-3
true
68
None
4
0
Ok
pinf-32, 2-6
pinf-33, 2-7
1
pinf-34, 2-8
1
4
egi-29, 2-10
183
egi-30, 1-2
epi-63, 2-12
4
true
Ok
egi-31, 3-2
emi-21, 2-2
egi-32, 0-2
4
0
true
2
None
rnf-39, 0-10, 6-10
70
emi-22, 4-7
rnf-40, 3-10, 4-14
4
None
4
None
er-12, 3-2, 6-4
3
0
pinf-35, 5-4
epi-64, 6-15
rnf-41, 0-11, 2-18
epi-65, 3-10
1
rnf-42, 0-12, 2-19
true
epi-66, 4-9
1
minf-17, 6-5
1
er-13, 3-3, 6-5
0
rnf-43, 3-11, 4-15
true
0
None
rnf-44, 0-13, 1-11
0
minf-18, 6-6
0
egi-33, 0-3
Ok
Ok
0
epi-67, 3-11
4
rnf-45, 2-20, 3-12
4
77
0
true
er-14, 0-4, 0-4
97
206
egi-34, 1-3
Ok
956
epi-68, 4-10
None
1
er-15, 1-6, 1-6
2
epi-69, 0-11
0
0
0
2
Ok
rnf-46, 2-21, 3-13
rnf-47, 3-14, 4-16
pinf-36, 2-9
2
None
0
3
rnf-48, 3-15, 5-10
0
true
0
0
egi-35, 6-8
epi-70, 4-11
epi-71, 5-8
None
minf-19, 6-7
0
Ok
rnf-49, 2-22, 5-11
0
120
1
pinf-37, 2-10
epi-72, 4-12
2
2
rnf-50, 2-23, 5-12
3
1
epi-73, 6-16
epi-74, 6-17
Ok
Ok
0
0
1
Ok
Ok
epi-75, 2-13
er-16, 4-5, 5-4
0
6
true
rnf-51, 0-14, 2-24
Ok
rnf-52, 0-15, 6-11
2
egi-36, 3-3
emi-23, 5-6
0
epi-76, 0-12
epi-77, 0-13
rnf-53, 2-25, 3-16
Ok
rnf-54, 2-26, 4-17
68
0
0
Ok
0
epi-78, 4-13
Ok
0
er-17, 3-4, 3-4
true
None
pinf-38, 5-5
0
8
Ok
0
0
epi-79, 5-9
0
0
6
rnf-55, 1-12, 4-18
rnf-56, 0-16, 1-13
8
Ok
1330
epi-80, 0-14
0
-886
epi-81, 3-12
Ok
0
true
emi-24, 3-5
0
egi-37, 5-4
Ok
epi-82, 3-13
egi-38, 4-7
-886
egi-39, 6-9
11
0
epi-83, 6-18
158
0
0
0
1
true
3
true
None
minf-20, 4-3
3
11
79
rnf-57, 1-14, 4-19
epi-84, 0-15
Ok
rnf-58, 2-27, 3-17
150
epi-85, 1-4
0
None
er-18, 0-5, 4-6
None
0
epi-86, 6-19
None
1
true
154
532
true
8
None
Ok
epi-87, 5-10
3
true
egi-40, 0-4
0
Ok
true
epi-88, 6-20
egi-41, 2-11
1
1
148
true
1
egi-42, 0-5
egi-43, 6-10
epi-89, 1-5
epi-90, 3-14
0
0
minf-21, 4-4
14
0
1
148
egi-44, 1-4
true
14
None
epi-91, 1-6
0
3
er-19, 5-5, 6-6
0
true
epi-92, 0-16
3
Ok
minf-22, 6-8
1
Ok
Ok
emi-25, 2-3
Ok
Ok
Ok
rnf-59, 1-15, 4-20
epi-93, 5-11
epi-94, 4-14
true
17
17
egi-45, 2-12
1
egi-46, 4-8
None
epi-95, 5-12
Ok
Ok
Ok
Ok
2
Ok
6
Ok
Ok
0
Ok
Ok
17
None
-1877
Ok
0
epi-96, 4-15
0
4
Ordinary message: 4
17
epi-97, 3-15
-886
3
egi-47, 5-5
0
6
17
17
5
3
epi-98, 3-16
rnf-60, 0-17, 2-28
0
Ok
3
1
-886
45
true
None
epi-99, 3-17
emi-26, 3-6
2
3
er-20, 1-7, 1-7
None
Ok
Ok
17
-650
Ok
1080
egi-48, 0-6
3
1
egi-49, 0-7
epi-100, 2-14
6
epi-101, 6-21
epi-102, 0-17
1
0
1
0
1
emi-27, 2-4
Ok
er-21, 3-5, 4-7
true
1004
egi-50, 3-4
3
egi-51, 2-13
er-22, 4-8, 6-7
418
epi-103, 6-22
1004
0
0
epi-104, 0-18
3
8
418
er-23, 0-6, 3-6
Ok
250
None
1
None
Ok
rnf-61, 2-29, 4-21
er-24, 2-2, 6-8
epi-105, 4-16
350
-886
egi-52, 5-6
16
3
Ok
epi-106, 3-18
true
er-25, 3-7, 3-7
er-26, 3-8, 6-9
1
3
epi-107, 6-23
epi-108, 5-13
er-27, 0-7, 6-10
Ok
