Ok
1
1
pinf-1, 3-1
pinf-2, 3-2
Ok
The person with this number does not exist
ginf-1, 3-1
The person with this number does not exist
0
pinf-3, 3-3
ginf-2, 0-1
pinf-4, 1-1
anf-1, 2-1
pinf-5, 3-4
minf-1, 2-1
ginf-3, 1-1
0
epi-1, 2-1
epi-2, 2-2
0
pinf-6, 3-5
minf-2, 2-2
0
egi-1, 2-1
0
Ok
egi-2, 2-2
ginf-4, 0-2
0
anf-2, 2-2
anf-3, 2-3
pinf-7, 3-6
pinf-8, 0-1
pinf-9, 1-2
pinf-10, 0-2
pinf-11, 0-3
pinf-12, 1-3
pinf-13, 1-4
0
1
0
ginf-5, 0-3
1
pinf-14, 3-7
minf-3, 1-1
Ok
0
pinf-15, 0-4
pinf-16, 1-5
Ok
pinf-17, 1-6
pinf-18, 0-5
pinf-19, 0-6
egi-3, 1-1
0
Ok
The person with this number does not exist
0
Ok
pinf-20, 1-7
rnf-1, 2-1, 3-1
Ok
epi-3, 3-1
epi-4, 3-2
false
rnf-2, 0-1, 2-2
ginf-6, 0-4
1
Ok
minf-4, 1-2
pinf-21, 1-8
0
Ok
true
0
Ok
Ok
minf-5, 1-3
0
0
Ok
Ok
egi-4, 3-1
0
Ok
Group does not exist
ginf-7, 0-5
emi-1, 2-1
None
0
0
epi-5, 0-1
0
emi-2, 2-2
0
Ok
er-1, 0-1, 3-1
2
epi-6, 2-3
