ginf-1, 9-1
Ok
ginf-2, 7-1
pinf-1, 4-1
pinf-2, 6-1
egi-1, 1-1
Ok
pinf-3, 3-1
ginf-3, 4-1
pinf-4, 9-1
pinf-5, 1-1
pinf-6, 8-1
Ok
Ok
2
minf-1, 6-1
ginf-4, 6-1
ginf-5, 4-2
2
0
pinf-7, 9-2
pinf-8, 8-2
pinf-9, 4-2
pinf-10, 7-1
pinf-11, 4-3
pinf-12, 8-3
ginf-6, 4-3
Ok
2
pinf-13, 2-1
0
epi-1, 10-1
ginf-7, 3-1
Ok
ginf-8, 7-2
ginf-9, 9-2
minf-2, 4-1
pinf-14, 6-2
0
1
1
ginf-10, 7-3
ginf-11, 6-2
pinf-15, 7-2
0
0
pinf-16, 1-2
ginf-12, 5-1
0
ginf-13, 7-4
0
ginf-14, 9-3
Ok
1
0
pinf-17, 0-1
pinf-18, 0-2
minf-3, 4-2
1
pinf-19, 9-3
1
Ok
0
pinf-20, 5-1
pinf-21, 8-4
pinf-22, 9-4
pinf-23, 9-5
ginf-15, 2-1
The person with this number does not exist
pinf-24, 1-3
ginf-16, 3-2
pinf-25, 7-3
pinf-26, 2-2
0
epi-2, 10-2
pinf-27, 9-6
minf-4, 9-1
pinf-28, 9-7
1
pinf-29, 0-3
pinf-30, 1-4
Ok
pinf-31, 1-5
2
ginf-17, 9-4
Ok
pinf-32, 8-5
epi-3, 6-1
pinf-33, 7-4
Ok
pinf-34, 8-6
The person with this number does not exist
0
pinf-35, 4-4
0
ginf-18, 9-5
rnf-1, 3-1, 6-1
3
pinf-36, 8-7
3
