ginf-1, 0-1
pinf-1, 4-1
pinf-2, 3-1
pinf-3, 5-1
pinf-4, 5-2
pinf-5, 1-1
ginf-2, 0-2
pinf-6, 5-3
0
pinf-7, 2-1
pinf-8, 4-2
ginf-3, 4-1
pinf-9, 3-2
pinf-10, 5-4
ginf-4, 2-1
ginf-5, 2-2
pinf-11, 5-5
pinf-12, 1-2
ginf-6, 4-2
ginf-7, 5-1
ginf-8, 5-2
ginf-9, 1-1
pinf-13, 1-3
ginf-10, 2-3
Ok
ginf-11, 5-3
pinf-14, 1-4
pinf-15, 0-1
0
pinf-16, 5-6
ginf-12, 2-4
ginf-13, 1-2
The person with this number does not exist
pinf-17, 2-2
0
egi-1, 3-1
Ok
1
pinf-18, 5-7
pinf-19, 3-3
1
pinf-20, 4-3
pinf-21, 4-4
The person with this number does not exist
pinf-22, 4-5
pinf-23, 5-8
ginf-14, 2-5
pinf-24, 4-6
The person with this number does not exist
ginf-15, 1-3
ginf-16, 1-4
ginf-17, 0-3
pinf-25, 5-9
0
Ok
minf-1, 4-1
anf-1, 1-1
pinf-26, 3-4
0
pinf-27, 2-3
0
The person with this number does not exist
pinf-28, 3-5
0
pinf-29, 0-2
pinf-30, 2-4
2
pinf-31, 3-6
ginf-18, 1-5
pinf-32, 0-3
2
ginf-19, 2-6
Ok
pinf-33, 3-7
anf-2, 1-2
ginf-20, 0-4
Ok
0
ginf-21, 0-5
0
pinf-34, 5-10
pinf-35, 3-8
pinf-36, 3-9
pinf-37, 0-4
Ok
pinf-38, 5-11
egi-2, 2-1
anf-3, 1-3
Ok
anf-4, 2-1
ginf-22, 4-3
0
Ok
0
0
0
The person with this number does not exist
Ok
0
pinf-39, 0-5
