#
# A fatal error has been detected by the Java Runtime Environment:
#
#  SIGBUS (0x7) at pc=0x00007f0cba811c50, pid=1020524, tid=0x00007f0cbc4ef640
#
# JRE version: Java(TM) SE Runtime Environment (8.0_192-b12) (build 1.8.0_192-b12)
# Java VM: Java HotSpot(TM) 64-Bit Server VM (25.192-b12 mixed mode linux-amd64 compressed oops)
# Problematic frame:
# C  [libzip.so+0x11c50]  newEntry.isra.4+0x60
#
# Failed to write core dump. Core dumps have been disabled. To enable core dumping, try "ulimit -c unlimited" before starting Java again
#
# If you would like to submit a bug report, please visit:
#   http://bugreport.java.com/bugreport/crash.jsp
# The crash happened outside the Java Virtual Machine in native code.
# See problematic frame for where to report the bug.
#

---------------  T H R E A D  ---------------

Current thread (0x00007f0cb4009800):  JavaThread "main" [_thread_in_native, id=1020525, stack(0x00007f0cbc3f0000,0x00007f0cbc4f0000)]

siginfo: si_signo: 7 (SIGBUS), si_code: 2 (BUS_ADRERR), si_addr: 0x00007f0cbca849af

Registers:
RAX=0x00007f0cb414d9a0, RBX=0x00007f0cb414e320, RCX=0x0000000000000002, RDX=0x00007f0cb40008e0
RSP=0x00007f0cbc4ec600, RBP=0x00007f0cbc4ec670, RSI=0x00007f0cb416a690, RDI=0x0000000000000013
R8 =0x00007f0cb4009800, R9 =0x000000000000000a, R10=0x00007f0ca50183db, R11=0x00007f0cbbdbc4b0
R12=0x0000000000000991, R13=0x00000000ad0e205f, R14=0x00007f0cb414d9a0, R15=0x00007f0cbca84991
RIP=0x00007f0cba811c50, EFLAGS=0x0000000000010202, CSGSFS=0x002b000000000033, ERR=0x0000000000000004
  TRAPNO=0x000000000000000e

Top of Stack: (sp=0x00007f0cbc4ec600)
0x00007f0cbc4ec600:   00000000b41825d0 0000000000000000
0x00007f0cbc4ec610:   00007f0c00000545 00007f0cb8dabe60
0x00007f0cbc4ec620:   00000000b8cd0948 0000000000000000
0x00007f0cbc4ec630:   00000000ffffffff 00000000bbcc9a21
0x00007f0cbc4ec640:   000000000000000a 00007f0cb414e4f0
0x00007f0cbc4ec650:   000000000000000a 00000000ad0e205f
0x00007f0cbc4ec660:   00007f0cb414e320 00007f0cb4149070
0x00007f0cbc4ec670:   00007f0cbc4ec6c0 00007f0cba8128fe
0x00007f0cbc4ec680:   010000000000000a 00007f0cbc4ec6e0
0x00007f0cbc4ec690:   0000000000000000 000000000000000a
0x00007f0cbc4ec6a0:   00007f0cb40099f8 00007f0cbc4ecbc0
0x00007f0cbc4ec6b0:   00007f0cbc4ec6e0 00007f0cb414e320
0x00007f0cbc4ec6c0:   00007f0cbc4ecb20 00007f0cba8039f6
0x00007f0cbc4ec6d0:   00007f0cbc4ec710 00007f0c00000001
0x00007f0cbc4ec6e0:   616c632e72707845 00007f0cb8007373
0x00007f0cbc4ec6f0:   000000000000000a 00007f0cbc4eca80
0x00007f0cbc4ec700:   00007f0cb8dabe20 00007f0cbbeb2bd9
0x00007f0cbc4ec710:   00000200b4009800 00007f0cbbdab159
0x00007f0cbc4ec720:   00007f0cb8fee0a0 0000000000000050
0x00007f0cbc4ec730:   0000000000000000 00007f0cb4009800
0x00007f0cbc4ec740:   00000000b8dabbb8 00007f0cb8e16ca8
0x00007f0cbc4ec750:   00007f0cb8fee968 00007f0cbc4ee260
0x00007f0cbc4ec760:   00007f0cbc4ec7a0 00007f0cbbeae5d5
0x00007f0cbc4ec770:   000000000000000f ffffffffb8e0f1e0
0x00007f0cbc4ec780:   000001f8ffffffff 00007f0cbc2f2d20
0x00007f0cbc4ec790:   0000000000000000 0000000000000000
0x00007f0cbc4ec7a0:   0000000000000000 00000000b8e0f9a8
0x00007f0cbc4ec7b0:   00007f0cb8e16c88 00007f0cb8d7ebf8
0x00007f0cbc4ec7c0:   00007f0cb8dac8a0 00000000b8e0f1c0
0x00007f0cbc4ec7d0:   00007f0cbc4ecaf0 00007f0cbbeb3289
0x00007f0cbc4ec7e0:   6f682f3a656c6966 00000000632f656d
0x00007f0cbc4ec7f0:   00000459000004d5 00007f0cbc4eca00 

Instructions: (pc=0x00007f0cba811c50)
0x00007f0cba811c30:   00 00 00 48 c7 40 28 00 00 00 00 4d 8b 24 24 0f
0x00007f0cba811c40:   84 1b 01 00 00 4c 2b 63 28 4c 8b 7b 18 4d 01 e7
0x00007f0cba811c50:   41 0f b7 47 1e 45 0f b7 6f 1c 45 31 e4 66 89 45
0x00007f0cba811c60:   ca 41 0f b7 47 20 44 89 ea 66 89 45 c8 41 8b 47 

Register to memory mapping:

RAX=0x00007f0cb414d9a0 is an unknown value
RBX=0x00007f0cb414e320 is an unknown value
RCX=0x0000000000000002 is an unknown value
RDX=0x00007f0cb40008e0 is an unknown value
RSP=0x00007f0cbc4ec600 is pointing into the stack for thread: 0x00007f0cb4009800
RBP=0x00007f0cbc4ec670 is pointing into the stack for thread: 0x00007f0cb4009800
RSI=0x00007f0cb416a690 is an unknown value
RDI=0x0000000000000013 is an unknown value
R8 =0x00007f0cb4009800 is a thread
R9 =0x000000000000000a is an unknown value
R10=0x00007f0ca50183db is at code_begin+859 in an Interpreter codelet
method entry point (kind = native)  [0x00007f0ca5018080, 0x00007f0ca5018a00]  2432 bytes
R11=0x00007f0cbbdbc4b0: <offset 0x9bc4b0> in /home/cxc/jdk1.8.0_192/jre/lib/amd64/server/libjvm.so at 0x00007f0cbb400000
R12=0x0000000000000991 is an unknown value
R13=0x00000000ad0e205f is an unknown value
R14=0x00007f0cb414d9a0 is an unknown value
R15=0x00007f0cbca84991 is an unknown value


Stack: [0x00007f0cbc3f0000,0x00007f0cbc4f0000],  sp=0x00007f0cbc4ec600,  free space=1009k
Native frames: (J=compiled Java code, j=interpreted, Vv=VM code, C=native code)
C  [libzip.so+0x11c50]  newEntry.isra.4+0x60
C  [libzip.so+0x128fe]  ZIP_GetEntry2+0xde
C  [libzip.so+0x39f6]  Java_java_util_zip_ZipFile_getEntry+0x76
j  java.util.zip.ZipFile.getEntry(J[BZ)J+0
j  java.util.zip.ZipFile.getEntry(Ljava/lang/String;)Ljava/util/zip/ZipEntry;+38
j  java.util.jar.JarFile.getEntry(Ljava/lang/String;)Ljava/util/zip/ZipEntry;+2
j  java.util.jar.JarFile.getJarEntry(Ljava/lang/String;)Ljava/util/jar/JarEntry;+2
j  sun.misc.URLClassPath$JarLoader.getResource(Ljava/lang/String;Z)Lsun/misc/Resource;+42
j  sun.misc.URLClassPath.getResource(Ljava/lang/String;Z)Lsun/misc/Resource;+62
j  java.net.URLClassLoader$1.run()Ljava/lang/Class;+26
j  java.net.URLClassLoader$1.run()Ljava/lang/Object;+1
v  ~StubRoutines::call_stub
V  [libjvm.so+0x685d2b]  JavaCalls::call_helper(JavaValue*, methodHandle*, JavaCallArguments*, Thread*)+0xddb
V  [libjvm.so+0x6fdbf4]  JVM_DoPrivileged+0x4f4
j  java.security.AccessController.doPrivileged(Ljava/security/PrivilegedExceptionAction;Ljava/security/AccessControlContext;)Ljava/lang/Object;+0
j  java.net.URLClassLoader.findClass(Ljava/lang/String;)Ljava/lang/Class;+13
j  java.lang.ClassLoader.loadClass(Ljava/lang/String;Z)Ljava/lang/Class;+70
j  sun.misc.Launcher$AppClassLoader.loadClass(Ljava/lang/String;Z)Ljava/lang/Class;+81
j  java.lang.ClassLoader.loadClass(Ljava/lang/String;)Ljava/lang/Class;+3
v  ~StubRoutines::call_stub
V  [libjvm.so+0x685d2b]  JavaCalls::call_helper(JavaValue*, methodHandle*, JavaCallArguments*, Thread*)+0xddb
V  [libjvm.so+0x6835f3]  JavaCalls::call_virtual(JavaValue*, KlassHandle, Symbol*, Symbol*, JavaCallArguments*, Thread*)+0x263
V  [libjvm.so+0x683c13]  JavaCalls::call_virtual(JavaValue*, Handle, KlassHandle, Symbol*, Symbol*, Handle, Thread*)+0x53
V  [libjvm.so+0xa40e94]  SystemDictionary::load_instance_class(Symbol*, Handle, Thread*)+0x2e4
V  [libjvm.so+0xa3f88b]  SystemDictionary::resolve_instance_class_or_null(Symbol*, Handle, Handle, Thread*)+0x87b
V  [libjvm.so+0xa41739]  SystemDictionary::resolve_or_fail(Symbol*, Handle, Handle, bool, Thread*)+0x49
V  [libjvm.so+0x4cf101]  ConstantPool::klass_at_impl(constantPoolHandle, int, Thread*)+0x3a1
V  [libjvm.so+0x673373]  InterpreterRuntime::_new(JavaThread*, ConstantPool*, int)+0xa3
j  Parser.parseExpr()LExpr;+0
j  Func.<init>(Ljava/lang/String;[Ljava/lang/Character;)V+20
j  Parser.parseFuncDef()V+188
j  Main.main([Ljava/lang/String;)V+63
v  ~StubRoutines::call_stub
V  [libjvm.so+0x685d2b]  JavaCalls::call_helper(JavaValue*, methodHandle*, JavaCallArguments*, Thread*)+0xddb
V  [libjvm.so+0x6d0b71]  jni_invoke_static(JNIEnv_*, JavaValue*, _jobject*, JNICallType, _jmethodID*, JNI_ArgumentPusher*, Thread*) [clone .isra.96] [clone .constprop.117]+0x1e1
V  [libjvm.so+0x6d2ddb]  jni_CallStaticVoidMethod+0x15b
C  [libjli.so+0x882c]  JavaMain+0xa3c
C  [libc.so.6+0x94ac3]

Java frames: (J=compiled Java code, j=interpreted, Vv=VM code)
j  java.util.zip.ZipFile.getEntry(J[BZ)J+0
j  java.util.zip.ZipFile.getEntry(Ljava/lang/String;)Ljava/util/zip/ZipEntry;+38
j  java.util.jar.JarFile.getEntry(Ljava/lang/String;)Ljava/util/zip/ZipEntry;+2
j  java.util.jar.JarFile.getJarEntry(Ljava/lang/String;)Ljava/util/jar/JarEntry;+2
j  sun.misc.URLClassPath$JarLoader.getResource(Ljava/lang/String;Z)Lsun/misc/Resource;+42
j  sun.misc.URLClassPath.getResource(Ljava/lang/String;Z)Lsun/misc/Resource;+62
j  java.net.URLClassLoader$1.run()Ljava/lang/Class;+26
j  java.net.URLClassLoader$1.run()Ljava/lang/Object;+1
v  ~StubRoutines::call_stub
j  java.security.AccessController.doPrivileged(Ljava/security/PrivilegedExceptionAction;Ljava/security/AccessControlContext;)Ljava/lang/Object;+0
j  java.net.URLClassLoader.findClass(Ljava/lang/String;)Ljava/lang/Class;+13
j  java.lang.ClassLoader.loadClass(Ljava/lang/String;Z)Ljava/lang/Class;+70
j  sun.misc.Launcher$AppClassLoader.loadClass(Ljava/lang/String;Z)Ljava/lang/Class;+81
j  java.lang.ClassLoader.loadClass(Ljava/lang/String;)Ljava/lang/Class;+3
v  ~StubRoutines::call_stub
j  Parser.parseExpr()LExpr;+0
j  Func.<init>(Ljava/lang/String;[Ljava/lang/Character;)V+20
j  Parser.parseFuncDef()V+188
j  Main.main([Ljava/lang/String;)V+63
v  ~StubRoutines::call_stub

---------------  P R O C E S S  ---------------

Java Threads: ( => current thread )
  0x00007f0cb4141800 JavaThread "Service Thread" daemon [_thread_blocked, id=1020563, stack(0x00007f0ca4715000,0x00007f0ca4815000)]
  0x00007f0cb413e800 JavaThread "C1 CompilerThread1" daemon [_thread_blocked, id=1020562, stack(0x00007f0ca4816000,0x00007f0ca4916000)]
  0x00007f0cb413c000 JavaThread "C2 CompilerThread0" daemon [_thread_blocked, id=1020561, stack(0x00007f0ca4917000,0x00007f0ca4a17000)]
  0x00007f0cb413a800 JavaThread "Signal Dispatcher" daemon [_thread_blocked, id=1020560, stack(0x00007f0ca4a17000,0x00007f0ca4b17000)]
  0x00007f0cb4107800 JavaThread "Finalizer" daemon [_thread_blocked, id=1020544, stack(0x00007f0ca4e00000,0x00007f0ca4f00000)]
  0x00007f0cb4105000 JavaThread "Reference Handler" daemon [_thread_blocked, id=1020540, stack(0x00007f0ca4f00000,0x00007f0ca5000000)]
=>0x00007f0cb4009800 JavaThread "main" [_thread_in_native, id=1020525, stack(0x00007f0cbc3f0000,0x00007f0cbc4f0000)]

Other Threads:
  0x00007f0cb40fb800 VMThread [stack: 0x00007f0cb8007000,0x00007f0cb8107000] [id=1020537]
  0x00007f0cb4144000 WatcherThread [stack: 0x00007f0ca4615000,0x00007f0ca4715000] [id=1020565]

VM state:not at safepoint (normal execution)

VM Mutex/Monitor currently owned by a thread: None

heap address: 0x00000000e1400000, size: 492 MB, Compressed Oops mode: 32-bit
Narrow klass base: 0x0000000000000000, Narrow klass shift: 3
Compressed class space size: 1073741824 Address: 0x0000000100000000

Heap:
 PSYoungGen      total 9728K, used 1046K [0x00000000f5c00000, 0x00000000f6680000, 0x0000000100000000)
  eden space 8704K, 12% used [0x00000000f5c00000,0x00000000f5d05b60,0x00000000f6480000)
  from space 1024K, 0% used [0x00000000f6580000,0x00000000f6580000,0x00000000f6680000)
  to   space 1024K, 0% used [0x00000000f6480000,0x00000000f6480000,0x00000000f6580000)
 ParOldGen       total 22016K, used 0K [0x00000000e1400000, 0x00000000e2980000, 0x00000000f5c00000)
  object space 22016K, 0% used [0x00000000e1400000,0x00000000e1400000,0x00000000e2980000)
 Metaspace       used 3371K, capacity 4564K, committed 4864K, reserved 1056768K
  class space    used 384K, capacity 388K, committed 512K, reserved 1048576K

Card table byte_map: [0x00007f0cbb309000,0x00007f0cbb400000] byte_map_base: 0x00007f0cbabff000

Marking Bits: (ParMarkBitMap*) 0x00007f0cbc3c7d60
 Begin Bits: [0x00007f0cb94e0000, 0x00007f0cb9c90000)
 End Bits:   [0x00007f0cb9c90000, 0x00007f0cba440000)

Polling page: 0x00007f0cbcabf000

CodeCache: size=245760Kb used=1159Kb max_used=1159Kb free=244600Kb
 bounds [0x00007f0ca5000000, 0x00007f0ca5270000, 0x00007f0cb4000000]
 total_blobs=289 nmethods=49 adapters=155
 compilation: enabled

Compilation events (10 events):
Event: 0.243 Thread 0x00007f0cb413e800   44       3       java.lang.String::startsWith (7 bytes)
Event: 0.243 Thread 0x00007f0cb413e800 nmethod 44 0x00007f0ca511f8d0 code [0x00007f0ca511fa40, 0x00007f0ca511fc48]
Event: 0.253 Thread 0x00007f0cb413e800   45       3       java.util.regex.Pattern$Slice::match (79 bytes)
Event: 0.253 Thread 0x00007f0cb413e800 nmethod 45 0x00007f0ca5120950 code [0x00007f0ca5120ae0, 0x00007f0ca5120f78]
Event: 0.253 Thread 0x00007f0cb413e800   46       1       java.util.ArrayList::size (5 bytes)
Event: 0.253 Thread 0x00007f0cb413e800 nmethod 46 0x00007f0ca5121150 code [0x00007f0ca51212a0, 0x00007f0ca51213b0]
Event: 0.257 Thread 0x00007f0cb413e800   47       1       java.lang.String::length (6 bytes)
Event: 0.257 Thread 0x00007f0cb413e800 nmethod 47 0x00007f0ca5121410 code [0x00007f0ca5121560, 0x00007f0ca5121670]
Event: 0.257 Thread 0x00007f0cb413e800   48       3       java.util.concurrent.ConcurrentHashMap::setTabAt (19 bytes)
Event: 0.257 Thread 0x00007f0cb413e800 nmethod 48 0x00007f0ca5121710 code [0x00007f0ca5121860, 0x00007f0ca51219d0]

GC Heap History (0 events):
No events

Deoptimization events (0 events):
No events

Classes redefined (0 events):
No events

Internal exceptions (6 events):
Event: 0.063 Thread 0x00007f0cb4009800 Exception <a 'java/lang/NoSuchMethodError': Method sun.misc.Unsafe.defineClass(Ljava/lang/String;[BII)Ljava/lang/Class; name or signature does not match> (0x00000000f5c07cb0) thrown at [/HUDSON/workspace/8-2-build-linux-amd64/jdk8u192/11895/hotspot/src/sh
Event: 0.063 Thread 0x00007f0cb4009800 Exception <a 'java/lang/NoSuchMethodError': Method sun.misc.Unsafe.prefetchRead(Ljava/lang/Object;J)V name or signature does not match> (0x00000000f5c07f98) thrown at [/HUDSON/workspace/8-2-build-linux-amd64/jdk8u192/11895/hotspot/src/share/vm/prims/jni.c
Event: 0.220 Thread 0x00007f0cb4009800 Exception <a 'java/security/PrivilegedActionException'> (0x00000000f5cb45a8) thrown at [/HUDSON/workspace/8-2-build-linux-amd64/jdk8u192/11895/hotspot/src/share/vm/prims/jvm.cpp, line 1435]
Event: 0.220 Thread 0x00007f0cb4009800 Exception <a 'java/security/PrivilegedActionException'> (0x00000000f5cb49a0) thrown at [/HUDSON/workspace/8-2-build-linux-amd64/jdk8u192/11895/hotspot/src/share/vm/prims/jvm.cpp, line 1435]
Event: 0.221 Thread 0x00007f0cb4009800 Exception <a 'java/security/PrivilegedActionException'> (0x00000000f5cb6e60) thrown at [/HUDSON/workspace/8-2-build-linux-amd64/jdk8u192/11895/hotspot/src/share/vm/prims/jvm.cpp, line 1435]
Event: 0.221 Thread 0x00007f0cb4009800 Exception <a 'java/security/PrivilegedActionException'> (0x00000000f5cb7258) thrown at [/HUDSON/workspace/8-2-build-linux-amd64/jdk8u192/11895/hotspot/src/share/vm/prims/jvm.cpp, line 1435]

Events (10 events):
Event: 0.254 loading class Factor
Event: 0.254 loading class Factor done
Event: 0.254 loading class Lexer
Event: 0.254 loading class Lexer done
Event: 0.254 loading class java/lang/Character$CharacterCache
Event: 0.254 loading class java/lang/Character$CharacterCache done
Event: 0.255 loading class Func
Event: 0.255 loading class Func done
Event: 0.257 loading class Expr
Event: 0.257 loading class Expr done


Dynamic libraries:
00400000-00401000 r-xp 00000000 fc:02 659439                             /home/cxc/jdk1.8.0_192/bin/java
00600000-00601000 r--p 00000000 fc:02 659439                             /home/cxc/jdk1.8.0_192/bin/java
00601000-00602000 rw-p 00001000 fc:02 659439                             /home/cxc/jdk1.8.0_192/bin/java
017ba000-017db000 rw-p 00000000 00:00 0                                  [heap]
e1400000-e2980000 rw-p 00000000 00:00 0 
e2980000-f5c00000 ---p 00000000 00:00 0 
f5c00000-f6680000 rw-p 00000000 00:00 0 
f6680000-100000000 ---p 00000000 00:00 0 
100000000-100080000 rw-p 00000000 00:00 0 
100080000-140000000 ---p 00000000 00:00 0 
7f0c78000000-7f0c78021000 rw-p 00000000 00:00 0 
7f0c78021000-7f0c7c000000 ---p 00000000 00:00 0 
7f0c7c000000-7f0c7c021000 rw-p 00000000 00:00 0 
7f0c7c021000-7f0c80000000 ---p 00000000 00:00 0 
7f0c80000000-7f0c8004f000 rw-p 00000000 00:00 0 
7f0c8004f000-7f0c84000000 ---p 00000000 00:00 0 
7f0c84000000-7f0c84068000 rw-p 00000000 00:00 0 
7f0c84068000-7f0c88000000 ---p 00000000 00:00 0 
7f0c88000000-7f0c88021000 rw-p 00000000 00:00 0 
7f0c88021000-7f0c8c000000 ---p 00000000 00:00 0 
7f0c8c000000-7f0c8c021000 rw-p 00000000 00:00 0 
7f0c8c021000-7f0c90000000 ---p 00000000 00:00 0 
7f0c90000000-7f0c90021000 rw-p 00000000 00:00 0 
7f0c90021000-7f0c94000000 ---p 00000000 00:00 0 
7f0c94000000-7f0c94021000 rw-p 00000000 00:00 0 
7f0c94021000-7f0c98000000 ---p 00000000 00:00 0 
7f0c98000000-7f0c98021000 rw-p 00000000 00:00 0 
7f0c98021000-7f0c9c000000 ---p 00000000 00:00 0 
7f0ca0000000-7f0ca0021000 rw-p 00000000 00:00 0 
7f0ca0021000-7f0ca4000000 ---p 00000000 00:00 0 
7f0ca437f000-7f0ca4614000 rw-p 00000000 00:00 0 
7f0ca4614000-7f0ca4615000 ---p 00000000 00:00 0 
7f0ca4615000-7f0ca4715000 rw-p 00000000 00:00 0 
7f0ca4715000-7f0ca4718000 ---p 00000000 00:00 0 
7f0ca4718000-7f0ca4815000 rw-p 00000000 00:00 0 
7f0ca4815000-7f0ca4816000 ---p 00000000 00:00 0 
7f0ca4816000-7f0ca4819000 ---p 00000000 00:00 0 
7f0ca4819000-7f0ca4916000 rw-p 00000000 00:00 0 
7f0ca4916000-7f0ca4917000 ---p 00000000 00:00 0 
7f0ca4917000-7f0ca491a000 ---p 00000000 00:00 0 
7f0ca491a000-7f0ca4a17000 rw-p 00000000 00:00 0 
7f0ca4a17000-7f0ca4a1a000 ---p 00000000 00:00 0 
7f0ca4a1a000-7f0ca4b17000 rw-p 00000000 00:00 0 
7f0ca4b17000-7f0ca4e00000 r--p 00000000 fc:02 374                        /usr/lib/locale/locale-archive
7f0ca4e00000-7f0ca4e03000 ---p 00000000 00:00 0 
7f0ca4e03000-7f0ca4f00000 rw-p 00000000 00:00 0 
7f0ca4f00000-7f0ca4f03000 ---p 00000000 00:00 0 
7f0ca4f03000-7f0ca5000000 rw-p 00000000 00:00 0 
7f0ca5000000-7f0ca5270000 rwxp 00000000 00:00 0 
7f0ca5270000-7f0cb4000000 ---p 00000000 00:00 0 
7f0cb4000000-7f0cb41af000 rw-p 00000000 00:00 0 
7f0cb41af000-7f0cb8000000 ---p 00000000 00:00 0 
7f0cb8006000-7f0cb8007000 ---p 00000000 00:00 0 
7f0cb8007000-7f0cb8a10000 rw-p 00000000 00:00 0 
7f0cb8a10000-7f0cb8bea000 r--s 03d6e000 fc:02 660967                     /home/cxc/jdk1.8.0_192/jre/lib/rt.jar
7f0cb8bea000-7f0cb902a000 rw-p 00000000 00:00 0 
7f0cb902a000-7f0cb93ea000 ---p 00000000 00:00 0 
7f0cb93ea000-7f0cba44a000 rw-p 00000000 00:00 0 
7f0cba44a000-7f0cba800000 ---p 00000000 00:00 0 
7f0cba800000-7f0cba81a000 r-xp 00000000 fc:02 661180                     /home/cxc/jdk1.8.0_192/jre/lib/amd64/libzip.so
7f0cba81a000-7f0cbaa1a000 ---p 0001a000 fc:02 661180                     /home/cxc/jdk1.8.0_192/jre/lib/amd64/libzip.so
7f0cbaa1a000-7f0cbaa1b000 r--p 0001a000 fc:02 661180                     /home/cxc/jdk1.8.0_192/jre/lib/amd64/libzip.so
7f0cbaa1b000-7f0cbaa1c000 rw-p 0001b000 fc:02 661180                     /home/cxc/jdk1.8.0_192/jre/lib/amd64/libzip.so
7f0cbaa89000-7f0cbaaff000 rw-p 00000000 00:00 0 
7f0cbaaff000-7f0cbab00000 ---p 00000000 00:00 0 
7f0cbab00000-7f0cbac00000 rw-p 00000000 00:00 0 
7f0cbac00000-7f0cbac2d000 r-xp 00000000 fc:02 661174                     /home/cxc/jdk1.8.0_192/jre/lib/amd64/libjava.so
7f0cbac2d000-7f0cbae2c000 ---p 0002d000 fc:02 661174                     /home/cxc/jdk1.8.0_192/jre/lib/amd64/libjava.so
7f0cbae2c000-7f0cbae2d000 r--p 0002c000 fc:02 661174                     /home/cxc/jdk1.8.0_192/jre/lib/amd64/libjava.so
7f0cbae2d000-7f0cbae2f000 rw-p 0002d000 fc:02 661174                     /home/cxc/jdk1.8.0_192/jre/lib/amd64/libjava.so
7f0cbaea4000-7f0cbaeff000 rw-p 00000000 00:00 0 
7f0cbaeff000-7f0cbaf00000 ---p 00000000 00:00 0 
7f0cbaf00000-7f0cbb000000 rw-p 00000000 00:00 0 
7f0cbb000000-7f0cbb00d000 r-xp 00000000 fc:02 661179                     /home/cxc/jdk1.8.0_192/jre/lib/amd64/libverify.so
7f0cbb00d000-7f0cbb20c000 ---p 0000d000 fc:02 661179                     /home/cxc/jdk1.8.0_192/jre/lib/amd64/libverify.so
7f0cbb20c000-7f0cbb20e000 r--p 0000c000 fc:02 661179                     /home/cxc/jdk1.8.0_192/jre/lib/amd64/libverify.so
7f0cbb20e000-7f0cbb20f000 rw-p 0000e000 fc:02 661179                     /home/cxc/jdk1.8.0_192/jre/lib/amd64/libverify.so
7f0cbb216000-7f0cbb270000 rw-p 00000000 00:00 0 
7f0cbb270000-7f0cbb309000 ---p 00000000 00:00 0 
7f0cbb309000-7f0cbb314000 rw-p 00000000 00:00 0 
7f0cbb314000-7f0cbb3ad000 ---p 00000000 00:00 0 
7f0cbb3ad000-7f0cbb3b3000 rw-p 00000000 00:00 0 
7f0cbb3b3000-7f0cbb3ff000 ---p 00000000 00:00 0 
7f0cbb3ff000-7f0cbb400000 rw-p 00000000 00:00 0 
7f0cbb400000-7f0cbc0e4000 r-xp 00000000 fc:02 661156                     /home/cxc/jdk1.8.0_192/jre/lib/amd64/server/libjvm.so
7f0cbc0e4000-7f0cbc2e3000 ---p 00ce4000 fc:02 661156                     /home/cxc/jdk1.8.0_192/jre/lib/amd64/server/libjvm.so
7f0cbc2e3000-7f0cbc379000 r--p 00ce3000 fc:02 661156                     /home/cxc/jdk1.8.0_192/jre/lib/amd64/server/libjvm.so
7f0cbc379000-7f0cbc3aa000 rw-p 00d79000 fc:02 661156                     /home/cxc/jdk1.8.0_192/jre/lib/amd64/server/libjvm.so
7f0cbc3aa000-7f0cbc3e5000 rw-p 00000000 00:00 0 
7f0cbc3ef000-7f0cbc3f0000 ---p 00000000 00:00 0 
7f0cbc3f0000-7f0cbc3f3000 ---p 00000000 00:00 0 
7f0cbc3f3000-7f0cbc4f0000 rw-p 00000000 00:00 0 
7f0cbc4f0000-7f0cbc4fe000 r--p 00000000 fc:02 1467                       /usr/lib/x86_64-linux-gnu/libm.so.6
7f0cbc4fe000-7f0cbc57a000 r-xp 0000e000 fc:02 1467                       /usr/lib/x86_64-linux-gnu/libm.so.6
7f0cbc57a000-7f0cbc5d5000 r--p 0008a000 fc:02 1467                       /usr/lib/x86_64-linux-gnu/libm.so.6
7f0cbc5d5000-7f0cbc5d6000 r--p 000e4000 fc:02 1467                       /usr/lib/x86_64-linux-gnu/libm.so.6
7f0cbc5d6000-7f0cbc5d7000 rw-p 000e5000 fc:02 1467                       /usr/lib/x86_64-linux-gnu/libm.so.6
7f0cbc5d7000-7f0cbc5ff000 r--p 00000000 fc:02 1464                       /usr/lib/x86_64-linux-gnu/libc.so.6
7f0cbc5ff000-7f0cbc794000 r-xp 00028000 fc:02 1464                       /usr/lib/x86_64-linux-gnu/libc.so.6
7f0cbc794000-7f0cbc7ec000 r--p 001bd000 fc:02 1464                       /usr/lib/x86_64-linux-gnu/libc.so.6
7f0cbc7ec000-7f0cbc7ed000 ---p 00215000 fc:02 1464                       /usr/lib/x86_64-linux-gnu/libc.so.6
7f0cbc7ed000-7f0cbc7f1000 r--p 00215000 fc:02 1464                       /usr/lib/x86_64-linux-gnu/libc.so.6
7f0cbc7f1000-7f0cbc7f3000 rw-p 00219000 fc:02 1464                       /usr/lib/x86_64-linux-gnu/libc.so.6
7f0cbc7f3000-7f0cbc800000 rw-p 00000000 00:00 0 
7f0cbc800000-7f0cbc817000 r-xp 00000000 fc:02 660829                     /home/cxc/jdk1.8.0_192/lib/amd64/jli/libjli.so
7f0cbc817000-7f0cbca16000 ---p 00017000 fc:02 660829                     /home/cxc/jdk1.8.0_192/lib/amd64/jli/libjli.so
7f0cbca16000-7f0cbca17000 r--p 00016000 fc:02 660829                     /home/cxc/jdk1.8.0_192/lib/amd64/jli/libjli.so
7f0cbca17000-7f0cbca18000 rw-p 00017000 fc:02 660829                     /home/cxc/jdk1.8.0_192/lib/amd64/jli/libjli.so
7f0cbca5d000-7f0cbca67000 rw-p 00000000 00:00 0 
7f0cbca67000-7f0cbca6f000 rw-s 00000000 fc:02 396013                     /tmp/hsperfdata_cxc/1020524
7f0cbca6f000-7f0cbca70000 r--p 00000000 fc:02 1534                       /usr/lib/x86_64-linux-gnu/librt.so.1
7f0cbca70000-7f0cbca71000 r-xp 00001000 fc:02 1534                       /usr/lib/x86_64-linux-gnu/librt.so.1
7f0cbca71000-7f0cbca72000 r--p 00002000 fc:02 1534                       /usr/lib/x86_64-linux-gnu/librt.so.1
7f0cbca72000-7f0cbca73000 r--p 00002000 fc:02 1534                       /usr/lib/x86_64-linux-gnu/librt.so.1
7f0cbca73000-7f0cbca74000 rw-p 00003000 fc:02 1534                       /usr/lib/x86_64-linux-gnu/librt.so.1
7f0cbca74000-7f0cbca76000 rw-p 00000000 00:00 0 
7f0cbca76000-7f0cbca77000 r--p 00000000 fc:02 1466                       /usr/lib/x86_64-linux-gnu/libdl.so.2
7f0cbca77000-7f0cbca78000 r-xp 00001000 fc:02 1466                       /usr/lib/x86_64-linux-gnu/libdl.so.2
7f0cbca78000-7f0cbca79000 r--p 00002000 fc:02 1466                       /usr/lib/x86_64-linux-gnu/libdl.so.2
7f0cbca79000-7f0cbca7a000 r--p 00002000 fc:02 1466                       /usr/lib/x86_64-linux-gnu/libdl.so.2
7f0cbca7a000-7f0cbca7b000 rw-p 00003000 fc:02 1466                       /usr/lib/x86_64-linux-gnu/libdl.so.2
7f0cbca7b000-7f0cbca7c000 r--p 00000000 fc:02 1532                       /usr/lib/x86_64-linux-gnu/libpthread.so.0
7f0cbca7c000-7f0cbca7d000 r-xp 00001000 fc:02 1532                       /usr/lib/x86_64-linux-gnu/libpthread.so.0
7f0cbca7d000-7f0cbca7e000 r--p 00002000 fc:02 1532                       /usr/lib/x86_64-linux-gnu/libpthread.so.0
7f0cbca7e000-7f0cbca7f000 r--p 00002000 fc:02 1532                       /usr/lib/x86_64-linux-gnu/libpthread.so.0
7f0cbca7f000-7f0cbca80000 rw-p 00003000 fc:02 1532                       /usr/lib/x86_64-linux-gnu/libpthread.so.0
7f0cbca84000-7f0cbca85000 r--s 00004000 fc:02 787621                     /home/cxc/dpooj/static/workplace/users/zgy/code.jar
7f0cbca85000-7f0cbca88000 rw-p 00000000 00:00 0 
7f0cbca88000-7f0cbca8a000 r--p 00000000 fc:02 176                        /usr/lib/x86_64-linux-gnu/ld-linux-x86-64.so.2
7f0cbca8a000-7f0cbcab4000 r-xp 00002000 fc:02 176                        /usr/lib/x86_64-linux-gnu/ld-linux-x86-64.so.2
7f0cbcab4000-7f0cbcabf000 r--p 0002c000 fc:02 176                        /usr/lib/x86_64-linux-gnu/ld-linux-x86-64.so.2
7f0cbcabf000-7f0cbcac0000 r--p 00000000 00:00 0 
7f0cbcac0000-7f0cbcac2000 r--p 00037000 fc:02 176                        /usr/lib/x86_64-linux-gnu/ld-linux-x86-64.so.2
7f0cbcac2000-7f0cbcac4000 rw-p 00039000 fc:02 176                        /usr/lib/x86_64-linux-gnu/ld-linux-x86-64.so.2
7ffda68b2000-7ffda68d3000 rw-p 00000000 00:00 0                          [stack]
7ffda6977000-7ffda697b000 r--p 00000000 00:00 0                          [vvar]
7ffda697b000-7ffda697d000 r-xp 00000000 00:00 0                          [vdso]
ffffffffff600000-ffffffffff601000 --xp 00000000 00:00 0                  [vsyscall]

VM Arguments:
java_command: ../static/workplace/users/zgy/code.jar
java_class_path (initial): ../static/workplace/users/zgy/code.jar
Launcher Type: SUN_STANDARD

Environment Variables:
PATH=/home/cxc/.local/bin:/home/cxc/.local/bin:/usr/local/sbin:/usr/local/bin:/usr/sbin:/usr/bin:/sbin:/bin:/usr/games:/usr/local/games:/snap/bin
SHELL=/bin/bash

Signal Handlers:
SIGSEGV: [libjvm.so+0xacfc80], sa_mask[0]=11111111011111111101111111111110, sa_flags=SA_RESTART|SA_SIGINFO
SIGBUS: [libjvm.so+0xacfc80], sa_mask[0]=11111111011111111101111111111110, sa_flags=SA_RESTART|SA_SIGINFO
SIGFPE: [libjvm.so+0x9088c0], sa_mask[0]=11111111011111111101111111111110, sa_flags=SA_RESTART|SA_SIGINFO
SIGPIPE: [libjvm.so+0x9088c0], sa_mask[0]=11111111011111111101111111111110, sa_flags=SA_RESTART|SA_SIGINFO
SIGXFSZ: [libjvm.so+0x9088c0], sa_mask[0]=11111111011111111101111111111110, sa_flags=SA_RESTART|SA_SIGINFO
SIGILL: [libjvm.so+0x9088c0], sa_mask[0]=11111111011111111101111111111110, sa_flags=SA_RESTART|SA_SIGINFO
SIGUSR1: SIG_DFL, sa_mask[0]=00000000000000000000000000000000, sa_flags=none
SIGUSR2: [libjvm.so+0x908790], sa_mask[0]=00000000000000000000000000000000, sa_flags=SA_RESTART|SA_SIGINFO
SIGHUP: [libjvm.so+0x908db0], sa_mask[0]=11111111011111111101111111111110, sa_flags=SA_RESTART|SA_SIGINFO
SIGINT: [libjvm.so+0x908db0], sa_mask[0]=11111111011111111101111111111110, sa_flags=SA_RESTART|SA_SIGINFO
SIGTERM: [libjvm.so+0x908db0], sa_mask[0]=11111111011111111101111111111110, sa_flags=SA_RESTART|SA_SIGINFO
SIGQUIT: [libjvm.so+0x908db0], sa_mask[0]=11111111011111111101111111111110, sa_flags=SA_RESTART|SA_SIGINFO


---------------  S Y S T E M  ---------------

OS:DISTRIB_ID=Ubuntu
DISTRIB_RELEASE=22.04
DISTRIB_CODENAME=jammy
DISTRIB_DESCRIPTION="Ubuntu 22.04 LTS"

uname:Linux 5.15.0-91-generic #101-Ubuntu SMP Tue Nov 14 13:30:08 UTC 2023 x86_64
libc:glibc 2.35 NPTL 2.35 
rlimit: STACK 8192k, CORE 0k, NPROC 7401, NOFILE 1048576, AS infinity
load average:45.14 39.42 23.73

/proc/meminfo:
MemTotal:        2010912 kB
MemFree:          451480 kB
MemAvailable:     495164 kB
Buffers:           14392 kB
Cached:           148072 kB
SwapCached:            0 kB
Active:            82472 kB
Inactive:        1282280 kB
Active(anon):       1224 kB
Inactive(anon):  1212732 kB
Active(file):      81248 kB
Inactive(file):    69548 kB
Unevictable:       29152 kB
Mlocked:           27616 kB
SwapTotal:             0 kB
SwapFree:              0 kB
Dirty:              1596 kB
Writeback:             0 kB
AnonPages:       1231456 kB
Mapped:            98916 kB
Shmem:              2604 kB
KReclaimable:      48220 kB
Slab:              92684 kB
SReclaimable:      48220 kB
SUnreclaim:        44464 kB
KernelStack:        5696 kB
PageTables:        24416 kB
NFS_Unstable:          0 kB
Bounce:                0 kB
WritebackTmp:          0 kB
CommitLimit:     1005456 kB
Committed_AS:    2558788 kB
VmallocTotal:   34359738367 kB
VmallocUsed:       18132 kB
VmallocChunk:          0 kB
Percpu:             1328 kB
HardwareCorrupted:     0 kB
AnonHugePages:         0 kB
ShmemHugePages:        0 kB
ShmemPmdMapped:        0 kB
FileHugePages:         0 kB
FilePmdMapped:         0 kB
HugePages_Total:       0
HugePages_Free:        0
HugePages_Rsvd:        0
HugePages_Surp:        0
Hugepagesize:       2048 kB
Hugetlb:               0 kB
DirectMap4k:      298872 kB
DirectMap2M:     1798144 kB
DirectMap1G:           0 kB


CPU:total 2 (initial active 2) (2 cores per cpu, 1 threads per core) family 6 model 94 stepping 3, cmov, cx8, fxsr, mmx, sse, sse2, sse3, ssse3, sse4.1, sse4.2, popcnt, avx, avx2, aes, clmul, erms, rtm, 3dnowpref, lzcnt, tsc, bmi1, bmi2, adx

/proc/cpuinfo:
processor	: 0
vendor_id	: GenuineIntel
cpu family	: 6
model		: 94
model name	: Intel(R) Xeon(R) Gold 6148 CPU @ 2.40GHz
stepping	: 3
microcode	: 0x1
cpu MHz		: 2400.000
cache size	: 28160 KB
physical id	: 0
siblings	: 2
core id		: 0
cpu cores	: 2
apicid		: 0
initial apicid	: 0
fpu		: yes
fpu_exception	: yes
cpuid level	: 13
wp		: yes
flags		: fpu vme de pse tsc msr pae mce cx8 apic sep mtrr pge mca cmov pat pse36 clflush mmx fxsr sse sse2 ss ht syscall nx pdpe1gb rdtscp lm constant_tsc rep_good nopl cpuid tsc_known_freq pni pclmulqdq ssse3 fma cx16 pcid sse4_1 sse4_2 x2apic movbe popcnt tsc_deadline_timer aes xsave avx f16c rdrand hypervisor lahf_lm abm 3dnowprefetch invpcid_single pti fsgsbase bmi1 hle avx2 smep bmi2 erms invpcid rtm mpx avx512f avx512dq rdseed adx smap clflushopt avx512cd avx512bw avx512vl xsaveopt xsavec xgetbv1 arat
bugs		: cpu_meltdown spectre_v1 spectre_v2 spec_store_bypass l1tf mds swapgs taa itlb_multihit srbds mmio_stale_data retbleed
bogomips	: 4800.00
clflush size	: 64
cache_alignment	: 64
address sizes	: 46 bits physical, 48 bits virtual
power management:

processor	: 1
vendor_id	: GenuineIntel
cpu family	: 6
model		: 94
model name	: Intel(R) Xeon(R) Gold 6148 CPU @ 2.40GHz
stepping	: 3
microcode	: 0x1
cpu MHz		: 2400.000
cache size	: 28160 KB
physical id	: 0
siblings	: 2
core id		: 1
cpu cores	: 2
apicid		: 1
initial apicid	: 1
fpu		: yes
fpu_exception	: yes
cpuid level	: 13
wp		: yes
flags		: fpu vme de pse tsc msr pae mce cx8 apic sep mtrr pge mca cmov pat pse36 clflush mmx fxsr sse sse2 ss ht syscall nx pdpe1gb rdtscp lm constant_tsc rep_good nopl cpuid tsc_known_freq pni pclmulqdq ssse3 fma cx16 pcid sse4_1 sse4_2 x2apic movbe popcnt tsc_deadline_timer aes xsave avx f16c rdrand hypervisor lahf_lm abm 3dnowprefetch invpcid_single pti fsgsbase bmi1 hle avx2 smep bmi2 erms invpcid rtm mpx avx512f avx512dq rdseed adx smap clflushopt avx512cd avx512bw avx512vl xsaveopt xsavec xgetbv1 arat
bugs		: cpu_meltdown spectre_v1 spectre_v2 spec_store_bypass l1tf mds swapgs taa itlb_multihit srbds mmio_stale_data retbleed
bogomips	: 4800.00
clflush size	: 64
cache_alignment	: 64
address sizes	: 46 bits physical, 48 bits virtual
power management:



Memory: 4k page, physical 2010912k(451480k free), swap 0k(0k free)

vm_info: Java HotSpot(TM) 64-Bit Server VM (25.192-b12) for linux-amd64 JRE (1.8.0_192-b12), built on Oct  6 2018 06:46:09 by "java_re" with gcc 7.3.0

time: Fri Mar  8 11:34:03 2024
timezone: CST
elapsed time: 0 seconds (0d 0h 0m 0s)

