#
# A fatal error has been detected by the Java Runtime Environment:
#
#  SIGBUS (0x7) at pc=0x00007f4912a11c50, pid=3212999, tid=0x00007f49147d6640
#
# JRE version: Java(TM) SE Runtime Environment (8.0_192-b12) (build 1.8.0_192-b12)
# Java VM: Java HotSpot(TM) 64-Bit Server VM (25.192-b12 mixed mode linux-amd64 compressed oops)
# Problematic frame:
# C  [libzip.so+0x11c50]  newEntry.isra.4+0x60
#
# Failed to write core dump. Core dumps have been disabled. To enable core dumping, try "ulimit -c unlimited" before starting Java again
#
# If you would like to submit a bug report, please visit:
#   http://bugreport.java.com/bugreport/crash.jsp
# The crash happened outside the Java Virtual Machine in native code.
# See problematic frame for where to report the bug.
#

---------------  T H R E A D  ---------------

Current thread (0x00007f490c009800):  JavaThread "main" [_thread_in_native, id=3213000, stack(0x00007f49146d7000,0x00007f49147d7000)]

siginfo: si_signo: 7 (SIGBUS), si_code: 2 (BUS_ADRERR), si_addr: 0x00007f4914d3ba09

Registers:
RAX=0x00007f490c1f85f0, RBX=0x00007f490c14e2c0, RCX=0x0000000000000001, RDX=0x00007f490c0008e0
RSP=0x00007f49147d36d0, RBP=0x00007f49147d3740, RSI=0x00007f490c1f8760, RDI=0x0000000000000013
R8 =0x00007f490c009800, R9 =0x000000000000000f, R10=0x00007f48fd0183db, R11=0x00007f4913fbc4b0
R12=0x00000000000009eb, R13=0x00000000e18e0a48, R14=0x00007f490c1f85f0, R15=0x00007f4914d3b9eb
RIP=0x00007f4912a11c50, EFLAGS=0x0000000000010206, CSGSFS=0x002b000000000033, ERR=0x0000000000000004
  TRAPNO=0x000000000000000e

Top of Stack: (sp=0x00007f49147d36d0)
0x00007f49147d36d0:   00007f49147d4760 00007f48fd132e64
0x00007f49147d36e0:   00007f48fd131fd0 00007f4900000000
0x00007f49147d36f0:   00007f4910fc6948 00007f49147d4760
0x00007f49147d3700:   00007f49147d3748 0000000013ec9a21
0x00007f49147d3710:   000000000000000f 00007f490c14e4e0
0x00007f49147d3720:   000000000000000f 00000000e18e0a48
0x00007f49147d3730:   00007f490c14e2c0 00007f490c14da50
0x00007f49147d3740:   00007f49147d3790 00007f4912a128fe
0x00007f49147d3750:   01007f480000000f 00007f49147d37b0
0x00007f49147d3760:   00007f49147d4918 000000000000000f
0x00007f49147d3770:   00007f490c0099f8 00007f49147d3c90
0x00007f49147d3780:   00007f49147d37b0 00007f490c14e2c0
0x00007f49147d3790:   00007f49147d3bf0 00007f4912a039f6
0x00007f49147d37a0:   0000000100000f28 0000000100000001
0x00007f49147d37b0:   72502f7475706e69 007373616c632e65
0x00007f49147d37c0:   00007f4910ee4618 00007f490c009800
0x00007f49147d37d0:   0000000100000001 0000000000000000
0x00007f49147d37e0:   0000000000000000 00007f490c00b060
0x00007f49147d37f0:   00007f490c00b438 00007f490c009800
0x00007f49147d3800:   00007f49147d4570 00007f48fd00509a
0x00007f49147d3810:   00007f48fd004fd0 000000001110df98
0x00007f49147d3820:   0000000000000000 00007f49147d4570
0x00007f49147d3830:   00007f49147d4810 00007f48fd132e64
0x00007f49147d3840:   00007f48fd131fd0 00007f4900000000
0x00007f49147d3850:   00007f49147d49c8 00007f49147d4810
0x00007f49147d3860:   00007f4910ee4618 00007f490c009800
0x00007f49147d3870:   00007f48fd132288 00007f4811105ff8
0x00007f49147d3880:   00007f481110df78 000000000000000a
0x00007f49147d3890:   00007f49147d3888 00007f49138c260f
0x00007f49147d38a0:   00007f48fd1322a0 00007f48fd1322a0
0x00007f49147d38b0:   0000000000000000 00007f4910fb1908
0x00007f49147d38c0:   00007f49147d3940 00007f4913e92e40 

Instructions: (pc=0x00007f4912a11c50)
0x00007f4912a11c30:   00 00 00 48 c7 40 28 00 00 00 00 4d 8b 24 24 0f
0x00007f4912a11c40:   84 1b 01 00 00 4c 2b 63 28 4c 8b 7b 18 4d 01 e7
0x00007f4912a11c50:   41 0f b7 47 1e 45 0f b7 6f 1c 45 31 e4 66 89 45
0x00007f4912a11c60:   ca 41 0f b7 47 20 44 89 ea 66 89 45 c8 41 8b 47 

Register to memory mapping:

RAX=0x00007f490c1f85f0 is an unknown value
RBX=0x00007f490c14e2c0 is an unknown value
RCX=0x0000000000000001 is an unknown value
RDX=0x00007f490c0008e0 is an unknown value
RSP=0x00007f49147d36d0 is pointing into the stack for thread: 0x00007f490c009800
RBP=0x00007f49147d3740 is pointing into the stack for thread: 0x00007f490c009800
RSI=0x00007f490c1f8760 is an unknown value
RDI=0x0000000000000013 is an unknown value
R8 =0x00007f490c009800 is a thread
R9 =0x000000000000000f is an unknown value
R10=0x00007f48fd0183db is at code_begin+859 in an Interpreter codelet
method entry point (kind = native)  [0x00007f48fd018080, 0x00007f48fd018a00]  2432 bytes
R11=0x00007f4913fbc4b0: <offset 0x9bc4b0> in /home/cxc/jdk1.8.0_192/jre/lib/amd64/server/libjvm.so at 0x00007f4913600000
R12=0x00000000000009eb is an unknown value
R13=