#
# A fatal error has been detected by the Java Runtime Environment:
#
#  SIGBUS (0x7) at pc=0x00007f2da6411c50, pid=2417051, tid=0x00007f2da81d6640
#
# JRE version: Java(TM) SE Runtime Environment (8.0_192-b12) (build 1.8.0_192-b12)
# Java VM: Java HotSpot(TM) 64-Bit Server VM (25.192-b12 mixed mode linux-amd64 compressed oops)
# Problematic frame:
# C  [libzip.so+0x11c50]  newEntry.isra.4+0x60
#
# Failed to write core dump. Core dumps have been disabled. To enable core dumping, try "ulimit -c unlimited" before starting Java again
#
# If you would like to submit a bug report, please visit:
#   http://bugreport.java.com/bugreport/crash.jsp
# The crash happened outside the Java Virtual Machine in native code.
# See problematic frame for where to report the bug.
#

---------------  T H R E A D  ---------------

Current thread (0x00007f2da0009800):  JavaThread "main" [_thread_in_native, id=2417052, stack(0x00007f2da80d7000,0x00007f2da81d7000)]

siginfo: si_signo: 7 (SIGBUS), si_code: 2 (BUS_ADRERR), si_addr: 0x00007f2da87af255

Registers:
RAX=0x00007f2da014da70, RBX=0x00007f2da014e100, RCX=0x0000000000000002, RDX=0x00007f2da00008e0
RSP=0x00007f2da81d35a0, RBP=0x00007f2da81d3610, RSI=0x00007f2da016a1a0, RDI=0x0000000000000013
R8 =0x00007f2da0009800, R9 =0x0000000000000011, R10=0x00007f2d910183db, R11=0x00007f2da79bc4b0
R12=0x0000000000001237, R13=0x00000000b3b06a9a, R14=0x00007f2da014da70, R15=0x00007f2da87af237
RIP=0x00007f2da6411c50, EFLAGS=0x0000000000010202, CSGSFS=0x002b000000000033, ERR=0x0000000000000004
  TRAPNO=0x000000000000000e

Top of Stack: (sp=0x00007f2da81d35a0)
0x00007f2da81d35a0:   00000000a4b44988 00000000a4bc8180
0x00007f2da81d35b0:   00007f2da4bc8000 00007f2da4aa1e60
0x00007f2da81d35c0:   00000000a49c6948 00007f2da78c97a8
0x00007f2da81d35d0:   00000000a4bc5798 00000000a78c9a21
0x00007f2da81d35e0:   0000000000000011 00007f2da014e320
0x00007f2da81d35f0:   0000000000000011 00000000b3b06a9a
0x00007f2da81d3600:   00007f2da014e100 00007f2da014e4c0
0x00007f2da81d3610:   00007f2da81d3660 00007f2da64128fe
0x00007f2da81d3620:   01007f2d00000011 00007f2da81d3680
0x00007f2da81d3630:   00007f2da4aa1bb8 0000000000000011
0x00007f2da81d3640:   00007f2da00099f8 00007f2da81d3b60
0x00007f2da81d3650:   00007f2da81d3680 00007f2da014e100
0x00007f2da81d3660:   00007f2da81d3ac0 00007f2da64039f6
0x00007f2da81d3670:   00007f2da4b55d18 00007f2d00000001
0x00007f2da81d3680:   654c2f6573726170 73616c632e726578
0x00007f2da81d3690:   00000000a4bc0073 00007f2da81d3f00
0x00007f2da81d36a0:   00007f2da4aa1e20 00007f2da4b55cf8
0x00007f2da81d36b0:   00007f2da4bc8260 00007f2da4bc8120
0x00007f2da81d36c0:   00000000a4b55d18 00000000a4bc8200
0x00007f2da81d36d0:   00000000a4b55cf8 00000000a4a72560
0x00007f2da81d36e0:   00000000a4aa1bb8 00007f2da4b0e950
0x00007f2da81d36f0:   00000000a4a72660 00000000a4a72560
0x00007f2da81d3700:   00007f2da4bc7c60 00007f2da4bc7ec0
0x00007f2da81d3710:   00007f2da4bc7f80 00007f2da4b05ae8
0x00007f2da81d3720:   00007f2da4b55cf8 00007f2da4bc7ee0
0x00007f2da81d3730:   0012005ba4bc9508 00007f2da4aa1b78
0x00007f2da81d3740:   00007f2da81d3874 00000000a4b062b0
0x00007f2da81d3750:   00000000a4b0e930 00000000a4bc81e0
0x00007f2da81d3760:   00000000a4aa28a0 00000000a4b05ac8
0x00007f2da81d3770:   00000000a4bc9428 0000000000000000
0x00007f2da81d3780:   00000000a4b55cd8 0000000000000000
0x00007f2da81d3790:   00000000a4bc7ec0 00000000a4b55cf8 

Instructions: (pc=0x00007f2da6411c50)
0x00007f2da6411c30:   00 00 00 48 c7 40 28 00 00 00 00 4d 8b 24 24 0f
0x00007f2da6411c40:   84 1b 01 00 00 4c 2b 63 28 4c 8b 7b 18 4d 01 e7
0x00007f2da6411c50:   41 0f b7 47 1e 45 0f b7 6f 1c 45 31 e4 66 89 45
0x00007f2da6411c60:   ca 41 0f b7 47 20 44 89 ea 66 89 45 c8 41 8b 47 

Register to memory mapping:

RAX=0x00007f2da014da70 is an unknown value
RBX=0x00007f2da014e100 is an unknown value
RCX=0x0000000000000002 is an unknown value
RDX=0x00007f2da00008e0 is an unknown value
RSP=0x00007f2da81d35a0 is pointing into the stack for thread: 0x00007f2da0009800
RBP=0x00007f2da81d3610 is pointing into the stack for thread: 0x00007f2da0009800
RSI=0x00007f2da016a1a0 is an unknown value
RDI=0x0000000000000013 is an unknown value
R8 =0x00007f2da0009800 is a thread
R9 =0x0000000000000011 is an unknown value
R10=0x00007f2d910183db is at code_begin+859 in an Interpreter codelet
method entry point (kind = native)  [0x00007f2d91018080, 0x00007f2d91018a00]  2432 bytes
R11=0x00007f2da79bc4b0: <offset 0x9bc4b0> in /home/cxc/jdk1.8.0_192/jre/lib/amd64/server/libjvm.so at 0x00007f2da7000000
R12=0x0000000000001237 is an unknown value
R13=0x00000000b3b06a9a is an unknown value
R14=0x00007f2da014da70 is an unknown value
R15=0x00007f2da87af237 is an unknown value


Stack: [0x00007f2da80d7000,0x00007f2da81d7000],  sp=0x00007f2da81d35a0,  free space=1009k
Native frames: (J=compiled Java code, j=interpreted, Vv=VM code, C=native code)
C  [libzip.so+0x11c50]  newEntry.isra.4+0x60
C  [libzip.so+0x128fe]  ZIP_GetEntry2+0xde
C  [libzip.so+0x39f6]  Java_java_util_zip_ZipFile_getEntry+0x76
j  java.util.zip.ZipFile.getEntry(J[BZ)J+0
j  java.util.zip.ZipFile.getEntry(Ljava/lang/String;)Ljava/util/zip/ZipEntry;+38
j  java.util.jar.JarFile.getEntry(Ljava/lang/String;)Ljava/util/zip/ZipEntry;+2
j  java.util.jar.JarFile.getJarEntry(Ljava/lang/String;)Ljava/util/jar/JarEntry;+2
j  sun.misc.URLClassPath$JarLoader.getResource(Ljava/lang/String;Z)Lsun/misc/Resource;+42
j  sun.misc.URLClassPath.getResource(Ljava/lang/String;Z)Lsun/misc/Resource;+62
j  java.net.URLClassLoader$1.run()Ljava/lang/Class;+26
j  java.net.URLClassLoader$1.run()Ljava/lang/Object;+1
v  ~StubRoutines::call_stub
V  [libjvm.so+0x685d2b]  JavaCalls::call_helper(JavaValue*, methodHandle*, JavaCallArguments*, Thread*)+0xddb
V  [libjvm.so+0x6fdbf4]  JVM_DoPrivileged+0x4f4
j  java.security.AccessController.doPrivileged(Ljava/security/PrivilegedExceptionAction;Ljava/security/AccessControlContext;)Ljava/lang/Object;+0
j  java.net.URLClassLoader.findClass(Ljava/lang/String;)Ljava/lang/Class;+13
j  java.lang.ClassLoader.loadClass(Ljava/lang/String;Z)Ljava/lang/Class;+70
j  sun.misc.Launcher$AppClassLoader.loadClass(Ljava/lang/String;Z)Ljava/lang/Class;+81
j  java.lang.ClassLoader.loadClass(Ljava/lang/String;)Ljava/lang/Class;+3
v  ~StubRoutines::call_stub
V  [libjvm.so+0x685d2b]  JavaCalls::call_helper(JavaValue*, methodHandle*, JavaCallArguments*, Thread*)+0xddb
V  [libjvm.so+0x6835f3]  JavaCalls::call_virtual(JavaValue*, KlassHandle, Symbol*, Symbol*, JavaCallArguments*, Thread*)+0x263
V  [libjvm.so+0x683c13]  JavaCalls::call_virtual(JavaValue*, Handle, KlassHandle, Symbol*, Symbol*, Handle, Thread*)+0x53
V  [libjvm.so+0xa40e94]  SystemDictionary::load_instance_class(Symbol*, Handle, Thread*)+0x2e4
V  [libjvm.so+0xa3f88b]  SystemDictionary::resolve_instance_class_or_null(Symbol*, Handle, Handle, Thread*)+0x87b
V  [libjvm.so+0xa41739]  SystemDictionary::resolve_or_fail(Symbol*, Handle, Handle, bool, Thread*)+0x49
V  [libjvm.so+0x4cf101]  ConstantPool::klass_at_impl(constantPoolHandle, int, Thread*)+0x3a1
V  [libjvm.so+0x4d148b]  ConstantPool::klass_ref_at(int, Thread*)+0xbb
V  [libjvm.so+0x7d5ea6]  LinkResolver::resolve_invokestatic(CallInfo&, constantPoolHandle, int, Thread*)+0xa6
V  [libjvm.so+0x7d8dc0]  LinkResolver::resolve_invoke(CallInfo&, Handle, constantPoolHandle, int, Bytecodes::Code, Thread*)+0x160
V  [libjvm.so+0x6790a3]  InterpreterRuntime::resolve_invoke(JavaThread*, Bytecodes::Code)+0x5d3
j  Main.main([Ljava/lang/String;)V+39
v  ~StubRoutines::call_stub
V  [libjvm.so+0x685d2b]  JavaCalls::call_helper(JavaValue*, methodHandle*, JavaCallArguments*, Thread*)+0xddb
V  [libjvm.so+0x6d0b71]  jni_invoke_static(JNIEnv_*, JavaValue*, _jobject*, JNICallType, _jmethodID*, JNI_ArgumentPusher*, Thread*) [clone .isra.96] [clone .constprop.117]+0x1e1
V  [libjvm.so+0x6d2ddb]  jni_CallStaticVoidMethod+0x15b
C  [libjli.so+0x882c]  JavaMain+0xa3c
C  [libc.so.6+0x94ac3]

Java frames: (J=compiled Java code, j=interpreted, Vv=VM code)
j  java.util.zip.ZipFile.getEntry(J[BZ)J+0
j  java.util.zip.ZipFile.getEntry(Ljava/lang/String;)Ljava/util/zip/ZipEntry;+38
j  java.util.jar.JarFile.getEntry(Ljava/lang/String;)Ljava/util/zip/ZipEntry;+2
j  java.util.jar.JarFile.getJarEntry(Ljava/lang/String;)Ljava/util/jar/JarEntry;+2
j  sun.misc.URLClassPath$JarLoader.getResource(Ljava/lang/String;Z)Lsun/misc/Resource;+42
j  sun.misc.URLClassPath.getResource(Ljava/lang/String;Z)Lsun/misc/Resource;+62
j  java.net.URLClassLoader$1.run()Ljava/lang/Class;+26
j  java.net.URLClassLoader$1.run()Ljava/lang/Object;+1
v  ~StubRoutines::call_stub
j  java.security.AccessController.doPrivileged(Ljava/security/PrivilegedExceptionAction;Ljava/security/AccessControlContext;)Ljava/lang/Object;+0
j  java.net.URLClassLoader.findClass(Ljava/lang/String;)Ljava/lang/Class;+13
j  java.lang.ClassLoader.loadClass(Ljava/lang/String;Z)Ljava/lang/Class;+70
j  sun.misc.Launcher$AppClassLoader.loadClass(Ljava/lang/String;Z)Ljava/lang/Class;+81
j  java.lang.ClassLoader.loadClass(Ljava/lang/String;)Ljava/lang/Class;+3
v  ~StubRoutines::call_stub
j  Main.main([Ljava/lang/String;)V+39
v  ~StubRoutines::call_stub

---------------  P R O C E S S  ---------------

Java Threads: ( => current thread )
  0x00007f2da0141800 JavaThread "Service Thread" daemon [_thread_blocked, id=2417061, stack(0x00007f2d90411000,0x00007f2d90511000)]
  0x00007f2da013f000 JavaThread "C1 CompilerThread1" daemon [_thread_blocked, id=2417060, stack(0x00007f2d90512000,0x00007f2d90612000)]
  0x00007f2da013c000 JavaThread "C2 CompilerThread0" daemon [_thread_blocked, id=2417059, stack(0x00007f2d90613000,0x00007f2d90713000)]
  0x00007f2da013a800 JavaThread "Signal Dispatcher" daemon [_thread_blocked, id=2417058, stack(0x00007f2d90713000,0x00007f2d90813000)]
  0x00007f2da0107800 JavaThread "Finalizer" daemon [_thread_blocked, id=2417057, stack(0x00007f2d90afc000,0x00007f2d90bfc000)]
  0x00007f2da0105000 JavaThread "Reference Handler" daemon [_thread_blocked, id=2417056, stack(0x00007f2da4000000,0x00007f2da4100000)]
=>0x00007f2da0009800 JavaThread "main" [_thread_in_native, id=2417052, stack(0x00007f2da80d7000,0x00007f2da81d7000)]

Other Threads:
  0x00007f2da00fb800 VMThread [stack: 0x00007f2d90bfd000,0x00007f2d90cfd000] [id=2417055]
  0x00007f2da0144000 WatcherThread [stack: 0x00007f2d90311000,0x00007f2d90411000] [id=2417062]

VM state:not at safepoint (normal execution)

VM Mutex/Monitor currently owned by a thread: None

heap address: 0x00000000e1400000, size: 492 MB, Compressed Oops mode: 32-bit
Narrow klass base: 0x0000000000000000, Narrow klass shift: 3
Compressed class space size: 1073741824 Address: 0x0000000100000000

Heap:
 PSYoungGen      total 9728K, used 871K [0x00000000f5c00000, 0x00000000f6680000, 0x0000000100000000)
  eden space 8704K, 10% used [0x00000000f5c00000,0x00000000f5cd9d28,0x00000000f6480000)
  from space 1024K, 0% used [0x00000000f6580000,0x00000000f6580000,0x00000000f6680000)
  to   space 1024K, 0% used [0x00000000f6480000,0x00000000f6480000,0x00000000f6580000)
 ParOldGen       total 22016K, used 0K [0x00000000e1400000, 0x00000000e2980000, 0x00000000f5c00000)
  object space 22016K, 0% used [0x00000000e1400000,0x00000000e1400000,0x00000000e2980000)
 Metaspace       used 3370K, capacity 4486K, committed 4864K, reserved 1056768K
  class space    used 382K, capacity 386K, committed 512K, reserved 1048576K

Card table byte_map: [0x00007f2da6f09000,0x00007f2da7000000] byte_map_base: 0x00007f2da67ff000

Marking Bits: (ParMarkBitMap*) 0x00007f2da7fc7d60
 Begin Bits: [0x00007f2da50e0000, 0x00007f2da5890000)
 End Bits:   [0x00007f2da5890000, 0x00007f2da6040000)

Polling page: 0x00007f2da87ea000

CodeCache: size=245760Kb used=1171Kb max_used=1171Kb free=244588Kb
 bounds [0x00007f2d91000000, 0x00007f2d91270000, 0x00007f2da0000000]
 total_blobs=298 nmethods=58 adapters=155
 compilation: enabled

Compilation events (10 events):
Event: 0.079 Thread 0x00007f2da013f000   54       3       java.util.regex.ASCII::isAscii (13 bytes)
Event: 0.079 Thread 0x00007f2da013f000 nmethod 54 0x00007f2d91123990 code [0x00007f2d91123b00, 0x00007f2d91123c90]
Event: 0.079 Thread 0x00007f2da013f000   55       3       java.util.regex.Pattern::peek (26 bytes)
Event: 0.079 Thread 0x00007f2da013f000 nmethod 55 0x00007f2d91123d10 code [0x00007f2d91123ea0, 0x00007f2d91124148]
Event: 0.080 Thread 0x00007f2da013f000   56       3       java.lang.Character::isBmpCodePoint (13 bytes)
Event: 0.080 Thread 0x00007f2da013f000 nmethod 56 0x00007f2d91124290 code [0x00007f2d91124400, 0x00007f2d91124590]
Event: 0.080 Thread 0x00007f2da013f000   57       3       java.util.regex.Pattern::next (33 bytes)
Event: 0.080 Thread 0x00007f2da013f000 nmethod 57 0x00007f2d91124610 code [0x00007f2d911247a0, 0x00007f2d91124a48]
Event: 0.080 Thread 0x00007f2da013f000   58       1       java.util.regex.Pattern::flags (5 bytes)
Event: 0.080 Thread 0x00007f2da013f000 nmethod 58 0x00007f2d91124b90 code [0x00007f2d91124ce0, 0x00007f2d91124df0]

GC Heap History (0 events):
No events

Deoptimization events (0 events):
No events

Classes redefined (0 events):
No events

Internal exceptions (6 events):
Event: 0.018 Thread 0x00007f2da0009800 Exception <a 'java/lang/NoSuchMethodError': Method sun.misc.Unsafe.defineClass(Ljava/lang/String;[BII)Ljava/lang/Class; name or signature does not match> (0x00000000f5c07cb0) thrown at [/HUDSON/workspace/8-2-build-linux-amd64/jdk8u192/11895/hotspot/src/sh
Event: 0.018 Thread 0x00007f2da0009800 Exception <a 'java/lang/NoSuchMethodError': Method sun.misc.Unsafe.prefetchRead(Ljava/lang/Object;J)V name or signature does not match> (0x00000000f5c07f98) thrown at [/HUDSON/workspace/8-2-build-linux-amd64/jdk8u192/11895/hotspot/src/share/vm/prims/jni.c
Event: 0.066 Thread 0x00007f2da0009800 Exception <a 'java/security/PrivilegedActionException'> (0x00000000f5cb2278) thrown at [/HUDSON/workspace/8-2-build-linux-amd64/jdk8u192/11895/hotspot/src/share/vm/prims/jvm.cpp, line 1435]
Event: 0.066 Thread 0x00007f2da0009800 Exception <a 'java/security/PrivilegedActionException'> (0x00000000f5cb2670) thrown at [/HUDSON/workspace/8-2-build-linux-amd64/jdk8u192/11895/hotspot/src/share/vm/prims/jvm.cpp, line 1435]
Event: 0.067 Thread 0x00007f2da0009800 Exception <a 'java/security/PrivilegedActionException'> (0x00000000f5cb4b30) thrown at [/HUDSON/workspace/8-2-build-linux-amd64/jdk8u192/11895/hotspot/src/share/vm/prims/jvm.cpp, line 1435]
Event: 0.067 Thread 0x00007f2da0009800 Exception <a 'java/security/PrivilegedActionException'> (0x00000000f5cb4f28) thrown at [/HUDSON/workspace/8-2-build-linux-amd64/jdk8u192/11895/hotspot/src/share/vm/prims/jvm.cpp, line 1435]

Events (10 events):
Event: 0.081 loading class java/util/regex/Pattern$5
Event: 0.081 loading class java/util/regex/Pattern$5 done
Event: 0.081 loading class java/util/regex/Pattern$Dollar
Event: 0.081 loading class java/util/regex/Pattern$Dollar done
Event: 0.081 loading class java/util/regex/Pattern$BnM
Event: 0.081 loading class java/util/regex/Pattern$BnM done
Event: 0.081 loading class java/util/regex/Pattern$SliceS
Event: 0.081 loading class java/util/regex/Pattern$SliceS done
Event: 0.081 loading class parse/Lexer
Event: 0.081 loading class parse/Lexer done


Dynamic libraries:
00400000-00401000 r-xp 00000000 fc:02 659439                             /home/cxc/jdk1.8.0_192/bin/java
00600000-00601000 r--p 00000000 fc:02 659439                             /home/cxc/jdk1.8.0_192/bin/java
00601000-00602000 rw-p 00001000 fc:02 659439                             /home/cxc/jdk1.8.0_192/bin/java
02375000-02396000 rw-p 00000000 00:00 0                                  [heap]
e1400000-e2980000 rw-p 00000000 00:00 0 
e2980000-f5c00000 ---p 00000000 00:00 0 
f5c00000-f6680000 rw-p 00000000 00:00 0 
f6680000-100000000 ---p 00000000 00:00 0 
100000000-100080000 rw-p 00000000 00:00 0 
100080000-140000000 ---p 00000000 00:00 0 
7f2d64000000-7f2d64021000 rw-p 00000000 00:00 0 
7f2d64021000-7f2d68000000 ---p 00000000 00:00 0 
7f2d6c000000-7f2d6c068000 rw-p 00000000 00:00 0 
7f2d6c068000-7f2d70000000 ---p 00000000 00:00 0 
7f2d70000000-7f2d70021000 rw-p 00000000 00:00 0 
7f2d70021000-7f2d74000000 ---p 00000000 00:00 0 
7f2d74000000-7f2d74021000 rw-p 00000000 00:00 0 
7f2d74021000-7f2d78000000 ---p 00000000 00:00 0 
7f2d78000000-7f2d7804f000 rw-p 00000000 00:00 0 
7f2d7804f000-7f2d7c000000 ---p 00000000 00:00 0 
7f2d7c000000-7f2d7c021000 rw-p 00000000 00:00 0 
7f2d7c021000-7f2d80000000 ---p 00000000 00:00 0 
7f2d80000000-7f2d80021000 rw-p 00000000 00:00 0 
7f2d80021000-7f2d84000000 ---p 00000000 00:00 0 
7f2d84000000-7f2d84021000 rw-p 00000000 00:00 0 
7f2d84021000-7f2d88000000 ---p 00000000 00:00 0 
7f2d88000000-7f2d88021000 rw-p 00000000 00:00 0 
7f2d88021000-7f2d8c000000 ---p 00000000 00:00 0 
7f2d8c000000-7f2d8c021000 rw-p 00000000 00:00 0 
7f2d8c021000-7f2d90000000 ---p 00000000 00:00 0 
7f2d9007b000-7f2d90310000 rw-p 00000000 00:00 0 
7f2d90310000-7f2d90311000 ---p 00000000 00:00 0 
7f2d90311000-7f2d90411000 rw-p 00000000 00:00 0 
7f2d90411000-7f2d90414000 ---p 00000000 00:00 0 
7f2d90414000-7f2d90511000 rw-p 00000000 00:00 0 
7f2d90511000-7f2d90512000 ---p 00000000 00:00 0 
7f2d90512000-7f2d90515000 ---p 00000000 00:00 0 
7f2d90515000-7f2d90612000 rw-p 00000000 00:00 0 
7f2d90612000-7f2d90613000 ---p 00000000 00:00 0 
7f2d90613000-7f2d90616000 ---p 00000000 00:00 0 
7f2d90616000-7f2d90713000 rw-p 00000000 00:00 0 
7f2d90713000-7f2d90716000 ---p 00000000 00:00 0 
7f2d90716000-7f2d90813000 rw-p 00000000 00:00 0 
7f2d90813000-7f2d90afc000 r--p 00000000 fc:02 374                        /usr/lib/locale/locale-archive
7f2d90afc000-7f2d90aff000 ---p 00000000 00:00 0 
7f2d90aff000-7f2d90bfc000 rw-p 00000000 00:00 0 
7f2d90bfc000-7f2d90bfd000 ---p 00000000 00:00 0 
7f2d90bfd000-7f2d91000000 rw-p 00000000 00:00 0 
7f2d91000000-7f2d91270000 rwxp 00000000 00:00 0 
7f2d91270000-7f2da0000000 ---p 00000000 00:00 0 
7f2da0000000-7f2da01ae000 rw-p 00000000 00:00 0 
7f2da01ae000-7f2da4000000 ---p 00000000 00:00 0 
7f2da4000000-7f2da4003000 ---p 00000000 00:00 0 
7f2da4003000-7f2da4706000 rw-p 00000000 00:00 0 
7f2da4706000-7f2da48e0000 r--s 03d6e000 fc:02 660967                     /home/cxc/jdk1.8.0_192/jre/lib/rt.jar
7f2da48e0000-7f2da4d20000 rw-p 00000000 00:00 0 
7f2da4d20000-7f2da50e0000 ---p 00000000 00:00 0 
7f2da50e0000-7f2da604a000 rw-p 00000000 00:00 0 
7f2da604a000-7f2da6400000 ---p 00000000 00:00 0 
7f2da6400000-7f2da641a000 r-xp 00000000 fc:02 661180                     /home/cxc/jdk1.8.0_192/jre/lib/amd64/libzip.so
7f2da641a000-7f2da661a000 ---p 0001a000 fc:02 661180                     /home/cxc/jdk1.8.0_192/jre/lib/amd64/libzip.so
7f2da661a000-7f2da661b000 r--p 0001a000 fc:02 661180                     /home/cxc/jdk1.8.0_192/jre/lib/amd64/libzip.so
7f2da661b000-7f2da661c000 rw-p 0001b000 fc:02 661180                     /home/cxc/jdk1.8.0_192/jre/lib/amd64/libzip.so
7f2da66ff000-7f2da6700000 ---p 00000000 00:00 0 
7f2da6700000-7f2da6800000 rw-p 00000000 00:00 0 
7f2da6800000-7f2da682d000 r-xp 00000000 fc:02 661174                     /home/cxc/jdk1.8.0_192/jre/lib/amd64/libjava.so
7f2da682d000-7f2da6a2c000 ---p 0002d000 fc:02 661174                     /home/cxc/jdk1.8.0_192/jre/lib/amd64/libjava.so
7f2da6a2c000-7f2da6a2d000 r--p 0002c000 fc:02 661174                     /home/cxc/jdk1.8.0_192/jre/lib/amd64/libjava.so
7f2da6a2d000-7f2da6a2f000 rw-p 0002d000 fc:02 661174                     /home/cxc/jdk1.8.0_192/jre/lib/amd64/libjava.so
7f2da6a3a000-7f2da6aff000 rw-p 00000000 00:00 0 
7f2da6aff000-7f2da6b00000 ---p 00000000 00:00 0 
7f2da6b00000-7f2da6c00000 rw-p 00000000 00:00 0 
7f2da6c00000-7f2da6c0d000 r-xp 00000000 fc:02 661179                     /home/cxc/jdk1.8.0_192/jre/lib/amd64/libverify.so
7f2da6c0d000-7f2da6e0c000 ---p 0000d000 fc:02 661179                     /home/cxc/jdk1.8.0_192/jre/lib/amd64/libverify.so
7f2da6e0c000-7f2da6e0e000 r--p 0000c000 fc:02 661179                     /home/cxc/jdk1.8.0_192/jre/lib/amd64/libverify.so
7f2da6e0e000-7f2da6e0f000 rw-p 0000e000 fc:02 661179                     /home/cxc/jdk1.8.0_192/jre/lib/amd64/libverify.so
7f2da6e13000-7f2da6f14000 rw-p 00000000 00:00 0 
7f2da6f14000-7f2da6fad000 ---p 00000000 00:00 0 
7f2da6fad000-7f2da6fb3000 rw-p 00000000 00:00 0 
7f2da6fb3000-7f2da6fff000 ---p 00000000 00:00 0 
7f2da6fff000-7f2da7000000 rw-p 00000000 00:00 0 
7f2da7000000-7f2da7ce4000 r-xp 00000000 fc:02 661156                     /home/cxc/jdk1.8.0_192/jre/lib/amd64/server/libjvm.so
7f2da7ce4000-7f2da7ee3000 ---p 00ce4000 fc:02 661156                     /home/cxc/jdk1.8.0_192/jre/lib/amd64/server/libjvm.so
7f2da7ee3000-7f2da7f79000 r--p 00ce3000 fc:02 661156                     /home/cxc/jdk1.8.0_192/jre/lib/amd64/server/libjvm.so
7f2da7f79000-7f2da7faa000 rw-p 00d79000 fc:02 661156                     /home/cxc/jdk1.8.0_192/jre/lib/amd64/server/libjvm.so
7f2da7faa000-7f2da7fe5000 rw-p 00000000 00:00 0 
7f2da8032000-7f2da803d000 rw-p 00000000 00:00 0 
7f2da803d000-7f2da80d6000 ---p 00000000 00:00 0 
7f2da80d6000-7f2da80d7000 ---p 00000000 00:00 0 
7f2da80d7000-7f2da80da000 ---p 00000000 00:00 0 
7f2da80da000-7f2da81d7000 rw-p 00000000 00:00 0 
7f2da81d7000-7f2da81ff000 r--p 00000000 fc:02 1464                       /usr/lib/x86_64-linux-gnu/libc.so.6
7f2da81ff000-7f2da8394000 r-xp 00028000 fc:02 1464                       /usr/lib/x86_64-linux-gnu/libc.so.6
7f2da8394000-7f2da83ec000 r--p 001bd000 fc:02 1464                       /usr/lib/x86_64-linux-gnu/libc.so.6
7f2da83ec000-7f2da83ed000 ---p 00215000 fc:02 1464                       /usr/lib/x86_64-linux-gnu/libc.so.6
7f2da83ed000-7f2da83f1000 r--p 00215000 fc:02 1464                       /usr/lib/x86_64-linux-gnu/libc.so.6
7f2da83f1000-7f2da83f3000 rw-p 00219000 fc:02 1464                       /usr/lib/x86_64-linux-gnu/libc.so.6
7f2da83f3000-7f2da8400000 rw-p 00000000 00:00 0 
7f2da8400000-7f2da8417000 r-xp 00000000 fc:02 660829                     /home/cxc/jdk1.8.0_192/lib/amd64/jli/libjli.so
7f2da8417000-7f2da8616000 ---p 00017000 fc:02 660829                     /home/cxc/jdk1.8.0_192/lib/amd64/jli/libjli.so
7f2da8616000-7f2da8617000 r--p 00016000 fc:02 660829                     /home/cxc/jdk1.8.0_192/lib/amd64/jli/libjli.so
7f2da8617000-7f2da8618000 rw-p 00017000 fc:02 660829                     /home/cxc/jdk1.8.0_192/lib/amd64/jli/libjli.so
7f2da8646000-7f2da86ab000 rw-p 00000000 00:00 0 
7f2da86ab000-7f2da86b3000 rw-s 00000000 fc:02 396016                     /tmp/hsperfdata_cxc/2417051
7f2da86b3000-7f2da86b4000 r--p 00000000 fc:02 1534                       /usr/lib/x86_64-linux-gnu/librt.so.1
7f2da86b4000-7f2da86b5000 r-xp 00001000 fc:02 1534                       /usr/lib/x86_64-linux-gnu/librt.so.1
7f2da86b5000-7f2da86b6000 r--p 00002000 fc:02 1534                       /usr/lib/x86_64-linux-gnu/librt.so.1
7f2da86b6000-7f2da86b7000 r--p 00002000 fc:02 1534                       /usr/lib/x86_64-linux-gnu/librt.so.1
7f2da86b7000-7f2da86b8000 rw-p 00003000 fc:02 1534                       /usr/lib/x86_64-linux-gnu/librt.so.1
7f2da86b8000-7f2da86c6000 r--p 00000000 fc:02 1467                       /usr/lib/x86_64-linux-gnu/libm.so.6
7f2da86c6000-7f2da8742000 r-xp 0000e000 fc:02 1467                       /usr/lib/x86_64-linux-gnu/libm.so.6
7f2da8742000-7f2da879d000 r--p 0008a000 fc:02 1467                       /usr/lib/x86_64-linux-gnu/libm.so.6
7f2da879d000-7f2da879e000 r--p 000e4000 fc:02 1467                       /usr/lib/x86_64-linux-gnu/libm.so.6
7f2da879e000-7f2da879f000 rw-p 000e5000 fc:02 1467                       /usr/lib/x86_64-linux-gnu/libm.so.6
7f2da879f000-7f2da87a1000 rw-p 00000000 00:00 0 
7f2da87a1000-7f2da87a2000 r--p 00000000 fc:02 1466                       /usr/lib/x86_64-linux-gnu/libdl.so.2
7f2da87a2000-7f2da87a3000 r-xp 00001000 fc:02 1466                       /usr/lib/x86_64-linux-gnu/libdl.so.2
7f2da87a3000-7f2da87a4000 r--p 00002000 fc:02 1466                       /usr/lib/x86_64-linux-gnu/libdl.so.2
7f2da87a4000-7f2da87a5000 r--p 00002000 fc:02 1466                       /usr/lib/x86_64-linux-gnu/libdl.so.2
7f2da87a5000-7f2da87a6000 rw-p 00003000 fc:02 1466                       /usr/lib/x86_64-linux-gnu/libdl.so.2
7f2da87a6000-7f2da87a7000 r--p 00000000 fc:02 1532                       /usr/lib/x86_64-linux-gnu/libpthread.so.0
7f2da87a7000-7f2da87a8000 r-xp 00001000 fc:02 1532                       /usr/lib/x86_64-linux-gnu/libpthread.so.0
7f2da87a8000-7f2da87a9000 r--p 00002000 fc:02 1532                       /usr/lib/x86_64-linux-gnu/libpthread.so.0
7f2da87a9000-7f2da87aa000 r--p 00002000 fc:02 1532                       /usr/lib/x86_64-linux-gnu/libpthread.so.0
7f2da87aa000-7f2da87ab000 rw-p 00003000 fc:02 1532                       /usr/lib/x86_64-linux-gnu/libpthread.so.0
7f2da87ae000-7f2da87b0000 r--s 00003000 fc:02 669558                     /home/cxc/dpooj/static/workplace/users/iujjjjjjh/code.jar
7f2da87b0000-7f2da87b3000 rw-p 00000000 00:00 0 
7f2da87b3000-7f2da87b5000 r--p 00000000 fc:02 176                        /usr/lib/x86_64-linux-gnu/ld-linux-x86-64.so.2
7f2da87b5000-7f2da87df000 r-xp 00002000 fc:02 176                        /usr/lib/x86_64-linux-gnu/ld-linux-x86-64.so.2
7f2da87df000-7f2da87ea000 r--p 0002c000 fc:02 176                        /usr/lib/x86_64-linux-gnu/ld-linux-x86-64.so.2
7f2da87ea000-7f2da87eb000 r--p 00000000 00:00 0 
7f2da87eb000-7f2da87ed000 r--p 00037000 fc:02 176                        /usr/lib/x86_64-linux-gnu/ld-linux-x86-64.so.2
7f2da87ed000-7f2da87ef000 rw-p 00039000 fc:02 176                        /usr/lib/x86_64-linux-gnu/ld-linux-x86-64.so.2
7ffc2f4f2000-7ffc2f513000 rw-p 00000000 00:00 0                          [stack]
7ffc2f5c9000-7ffc2f5cd000 r--p 00000000 00:00 0                          [vvar]
7ffc2f5cd000-7ffc2f5cf000 r-xp 00000000 00:00 0                          [vdso]
ffffffffff600000-ffffffffff601000 --xp 00000000 00:00 0                  [vsyscall]

VM Arguments:
java_command: ../static/workplace/users/iujjjjjjh/code.jar
java_class_path (initial): ../static/workplace/users/iujjjjjjh/code.jar
Launcher Type: SUN_STANDARD

Environment Variables:
PATH=/home/cxc/.local/bin:/home/cxc/.local/bin:/usr/local/sbin:/usr/local/bin:/usr/sbin:/usr/bin:/sbin:/bin:/usr/games:/usr/local/games:/snap/bin
SHELL=/bin/bash

Signal Handlers:
SIGSEGV: [libjvm.so+0xacfc80], sa_mask[0]=11111111011111111101111111111110, sa_flags=SA_RESTART|SA_SIGINFO
SIGBUS: [libjvm.so+0xacfc80], sa_mask[0]=11111111011111111101111111111110, sa_flags=SA_RESTART|SA_SIGINFO
SIGFPE: [libjvm.so+0x9088c0], sa_mask[0]=11111111011111111101111111111110, sa_flags=SA_RESTART|SA_SIGINFO
SIGPIPE: [libjvm.so+0x9088c0], sa_mask[0]=11111111011111111101111111111110, sa_flags=SA_RESTART|SA_SIGINFO
SIGXFSZ: [libjvm.so+0x9088c0], sa_mask[0]=11111111011111111101111111111110, sa_flags=SA_RESTART|SA_SIGINFO
SIGILL: [libjvm.so+0x9088c0], sa_mask[0]=11111111011111111101111111111110, sa_flags=SA_RESTART|SA_SIGINFO
SIGUSR1: SIG_DFL, sa_mask[0]=00000000000000000000000000000000, sa_flags=none
SIGUSR2: [libjvm.so+0x908790], sa_mask[0]=00000000000000000000000000000000, sa_flags=SA_RESTART|SA_SIGINFO
SIGHUP: [libjvm.so+0x908db0], sa_mask[0]=11111111011111111101111111111110, sa_flags=SA_RESTART|SA_SIGINFO
SIGINT: [libjvm.so+0x908db0], sa_mask[0]=11111111011111111101111111111110, sa_flags=SA_RESTART|SA_SIGINFO
SIGTERM: [libjvm.so+0x908db0], sa_mask[0]=11111111011111111101111111111110, sa_flags=SA_RESTART|SA_SIGINFO
SIGQUIT: [libjvm.so+0x908db0], sa_mask[0]=11111111011111111101111111111110, sa_flags=SA_RESTART|SA_SIGINFO


---------------  S Y S T E M  ---------------

OS:DISTRIB_ID=Ubuntu
DISTRIB_RELEASE=22.04
DISTRIB_CODENAME=jammy
DISTRIB_DESCRIPTION="Ubuntu 22.04 LTS"

uname:Linux 5.15.0-91-generic #101-Ubuntu SMP Tue Nov 14 13:30:08 UTC 2023 x86_64
libc:glibc 2.35 NPTL 2.35 
rlimit: STACK 8192k, CORE 0k, NPROC 7401, NOFILE 1048576, AS infinity
load average:1.60 2.38 3.25

/proc/meminfo:
MemTotal:        2010912 kB
MemFree:         1296028 kB
MemAvailable:    1402192 kB
Buffers:           36364 kB
Cached:           186168 kB
SwapCached:            0 kB
Active:           106328 kB
Inactive:         420908 kB
Active(anon):       1104 kB
Inactive(anon):   315348 kB
Active(file):     105224 kB
Inactive(file):   105560 kB
Unevictable:       29152 kB
Mlocked:           27616 kB
SwapTotal:             0 kB
SwapFree:              0 kB
Dirty:              1100 kB
Writeback:             0 kB
AnonPages:        333936 kB
Mapped:            94204 kB
Shmem:              2600 kB
KReclaimable:      53208 kB
Slab:              97184 kB
SReclaimable:      53208 kB
SUnreclaim:        43976 kB
KernelStack:        3344 kB
PageTables:         4888 kB
NFS_Unstable:          0 kB
Bounce:                0 kB
WritebackTmp:          0 kB
CommitLimit:     1005456 kB
Committed_AS:    1306680 kB
VmallocTotal:   34359738367 kB
VmallocUsed:       15428 kB
VmallocChunk:          0 kB
Percpu:             1328 kB
HardwareCorrupted:     0 kB
AnonHugePages:         0 kB
ShmemHugePages:        0 kB
ShmemPmdMapped:        0 kB
FileHugePages:         0 kB
FilePmdMapped:         0 kB
HugePages_Total:       0
HugePages_Free:        0
HugePages_Rsvd:        0
HugePages_Surp:        0
Hugepagesize:       2048 kB
Hugetlb:               0 kB
DirectMap4k:      542584 kB
DirectMap2M:     1554432 kB
DirectMap1G:           0 kB


CPU:total 2 (initial active 2) (2 cores per cpu, 1 threads per core) family 6 model 94 stepping 3, cmov, cx8, fxsr, mmx, sse, sse2, sse3, ssse3, sse4.1, sse4.2, popcnt, avx, avx2, aes, clmul, erms, rtm, 3dnowpref, lzcnt, tsc, bmi1, bmi2, adx

/proc/cpuinfo:
processor	: 0
vendor_id	: GenuineIntel
cpu family	: 6
model		: 94
model name	: Intel(R) Xeon(R) Gold 6148 CPU @ 2.40GHz
stepping	: 3
microcode	: 0x1
cpu MHz		: 2400.000
cache size	: 28160 KB
physical id	: 0
siblings	: 2
core id		: 0
cpu cores	: 2
apicid		: 0
initial apicid	: 0
fpu		: yes
fpu_exception	: yes
cpuid level	: 13
wp		: yes
flags		: fpu vme de pse tsc msr pae mce cx8 apic sep mtrr pge mca cmov pat pse36 clflush mmx fxsr sse sse2 ss ht syscall nx pdpe1gb rdtscp lm constant_tsc rep_good nopl cpuid tsc_known_freq pni pclmulqdq ssse3 fma cx16 pcid sse4_1 sse4_2 x2apic movbe popcnt tsc_deadline_timer aes xsave avx f16c rdrand hypervisor lahf_lm abm 3dnowprefetch invpcid_single pti fsgsbase bmi1 hle avx2 smep bmi2 erms invpcid rtm mpx avx512f avx512dq rdseed adx smap clflushopt avx512cd avx512bw avx512vl xsaveopt xsavec xgetbv1 arat
bugs		: cpu_meltdown spectre_v1 spectre_v2 spec_store_bypass l1tf mds swapgs taa itlb_multihit srbds mmio_stale_data retbleed
bogomips	: 4800.00
clflush size	: 64
cache_alignment	: 64
address sizes	: 46 bits physical, 48 bits virtual
power management:

processor	: 1
vendor_id	: GenuineIntel
cpu family	: 6
model		: 94
model name	: Intel(R) Xeon(R) Gold 6148 CPU @ 2.40GHz
stepping	: 3
microcode	: 0x1
cpu MHz		: 2400.000
cache size	: 28160 KB
physical id	: 0
siblings	: 2
core id		: 1
cpu cores	: 2
apicid		: 1
initial apicid	: 1
fpu		: yes
fpu_exception	: yes
cpuid level	: 13
wp		: yes
flags		: fpu vme de pse tsc msr pae mce cx8 apic sep mtrr pge mca cmov pat pse36 clflush mmx fxsr sse sse2 ss ht syscall nx pdpe1gb rdtscp lm constant_tsc rep_good nopl cpuid tsc_known_freq pni pclmulqdq ssse3 fma cx16 pcid sse4_1 sse4_2 x2apic movbe popcnt tsc_deadline_timer aes xsave avx f16c rdrand hypervisor lahf_lm abm 3dnowprefetch invpcid_single pti fsgsbase bmi1 hle avx2 smep bmi2 erms invpcid rtm mpx avx512f avx512dq rdseed adx smap clflushopt avx512cd avx512bw avx512vl xsaveopt xsavec xgetbv1 arat
bugs		: cpu_meltdown spectre_v1 spectre_v2 spec_store_bypass l1tf mds swapgs taa itlb_multihit srbds mmio_stale_data retbleed
bogomips	: 4800.00
clflush size	: 64
cache_alignment	: 64
address sizes	: 46 bits physical, 48 bits virtual
power management:



Memory: 4k page, physical 2010912k(1296028k free), swap 0k(0k free)

vm_info: Java HotSpot(TM) 64-Bit Server VM (25.192-b12) for linux-amd64 JRE (1.8.0_192-b12), built on Oct  6 2018 06:46:09 by "java_re" with gcc 7.3.0

time: Sun Mar 10 12:13:15 2024
timezone: CST
elapsed time: 0 seconds (0d 0h 0m 0s)

