0
0
pinf-1, 2-1
pinf-2, 0-1
ginf-1, 3-1
pinf-3, 2-2
0
pinf-4, 1-1
pinf-5, 0-2
pinf-6, 1-2
Ok
pinf-7, 1-3
pinf-8, 1-4
pinf-9, 3-1
0
pinf-10, 1-5
ginf-2, 1-1
pinf-11, 2-3
pinf-12, 0-3
ginf-3, 2-1
Ok
pinf-13, 1-6
1
Ok
ginf-4, 1-2
ginf-5, 2-2
pinf-14, 1-7
Ok
0
ginf-6, 0-1
0
pinf-15, 1-8
minf-1, 2-1
0
Ok
pinf-16, 0-4
pinf-17, 0-5
0
0
pinf-18, 0-6
pinf-19, 0-7
pinf-20, 1-9
0
pinf-21, 0-8
pinf-22, 0-9
2
pinf-23, 0-10
anf-1, 3-1
0
0
Group does not exist
0
pinf-24, 0-11
2
Ok
pinf-25, 0-12
pinf-26, 1-10
pinf-27, 0-13
pinf-28, 0-14
None
2
2
pinf-29, 1-11
The person with this number does not exist
pinf-30, 0-15
epi-1, 2-1
egi-1, 3-1
epi-2, 2-2
pinf-31, 1-12
pinf-32, 0-16
ginf-7, 0-2
pinf-33, 1-13
Ok
2
0
egi-2, 1-1
Ok
pinf-34, 0-17
pinf-35, 1-14
0
1
pinf-36, 0-18
minf-2, 0-1
pinf-37, 0-19
pinf-38, 1-15
Ok
0
minf-3, 2-2
2
egi-3, 0-1
0
emi-1, 3-1
pinf-39, 0-20
pinf-40, 0-21
0
egi-4, 3-2
Ok
0
er-1, 1-1, 2-1
Ok
egi-5, 3-3
epi-3, 3-1
1
None
er-2, 2-2, 3-1
minf-4, 2-3
epi-4, 3-2
None
pinf-41, 0-22
0
epi-5, 1-1
epi-6, 3-3
None
epi-7, 3-4
1
0
1
0
pinf-42, 0-23
pinf-43, 0-24
epi-8, 2-3
epi-9, 3-5
0
0
0
minf-5, 1-1
1
0
0
1
0
pinf-44, 0-25
0
true
pinf-45, 0-26
1
Ok
er-3, 2-3, 3-2
minf-6, 1-2
1
pinf-46, 0-27
pinf-47, 0-28
Ok
er-4, 2-4, 3-3
pinf-48, 0-29
pinf-49, 0-30
0
true
0
Ok
pinf-50, 0-31
rnf-1, 1-1, 3-1
-711
87
0
minf-7, 3-1
0
Ok
egi-6, 0-2
0
pinf-51, 0-32
epi-10, 2-4
0
Ok
1
pinf-52, 0-33
egi-7, 0-3
The person with this number does not exist
38
1
1
1
0
pinf-53, 0-34
egi-8, 2-1
1
Ordinary message: 3
1
pinf-54, 0-35
None
epi-11, 3-6
1
pinf-55, 0-36
1
pinf-56, 0-37
1
1
0
er-5, 3-4, 3-4
epi-12, 3-7
pinf-57, 0-38
Ordinary message: 3
1
er-6, 2-5, 3-5
1
-711
0
epi-13, 1-2
1
epi-14, 3-8
egi-9, 3-4
egi-10, 0-4
true
pinf-58, 0-39
pinf-59, 0-40
1
1
Ok
er-7, 3-6, 3-6
Ok
1
Ok
2
epi-15, 2-5
egi-11, 1-2
Ok
0
pinf-60, 0-41
Ok
minf-8, 0-2
pinf-61, 0-42
Ok
true
pinf-62, 0-43
pinf-63, 0-44
egi-12, 1-3
Ok
1
Ok
0
er-8, 1-2, 2-6
Ordinary message: 3
None
Ok
1
egi-13, 1-4
pinf-64, 0-45
0
0
true
0
0
pinf-65, 0-46
2
epi-16, 1-3
1
pinf-66, 0-47
er-9, 2-7, 2-7
1
1
epi-17, 3-9
epi-18, 3-10
epi-19, 1-4
None
0
egi-14, 2-2
1
Ordinary message: 3
emi-2, 2-1
0
1
-711
1
1
epi-20, 1-5
pinf-67, 0-48
Ok
0
pinf-68, 0-49
true
1
None
er-10, 3-7, 3-7
egi-15, 0-5
pinf-69, 0-50
pinf-70, 0-51
0
pinf-71, 0-52
1
0
egi-16, 0-6
1
pinf-72, 1-16
1
pinf-73, 0-53
pinf-74, 0-54
1
Ordinary message: 3
1
epi-21, 1-6
egi-17, 3-5
1
0
egi-18, 1-5
None
1
epi-22, 1-7
egi-19, 1-6
1
0
pinf-75, 0-55
true
true
pinf-76, 0-56
pinf-77, 3-2
0
pinf-78, 2-4
26
2
0
egi-20, 2-3
pinf-79, 0-57
Ordinary message: 3
egi-21, 1-7
1
pinf-80, 0-58
epi-23, 1-8
Ok
Ok
egi-22, 2-4
epi-24, 1-9
Ok
2
pinf-81, 0-59
2
pinf-82, 1-17
epi-25, 3-11
pinf-83, 0-60
true
egi-23, 3-6
0
epi-26, 1-10
emi-3, 2-2
pinf-84, 1-18
er-11, 2-8, 2-8
pinf-85, 0-61
1
egi-24, 0-7
Ok
pinf-86, 1-19
epi-27, 1-11
2
pinf-87, 0-62
true
1
pinf-88, 0-63
egi-25, 1-8
0
pinf-89, 0-64
epi-28, 2-6
1
1
pinf-90, 0-65
-711
0
pinf-91, 1-20
0
pinf-92, 0-66
None
1
2
1
epi-29, 1-12
pinf-93, 0-67
2
76
pinf-94, 0-68
pinf-95, 0-69
1
epi-30, 3-12
pinf-96, 2-5
1
egi-26, 3-7
pinf-97, 0-70
38
epi-31, 3-13
pinf-98, 3-3
-711
The person with this number does not exist
None
Ok
epi-32, 3-14
0
pinf-99, 0-71
pinf-100, 0-72
Ok
0
egi-27, 2-5
0
pinf-101, 0-73
pinf-102, 0-74
0
1
Ok
emi-4, 3-2
None
er-12, 1-3, 1-3
1
er-13, 2-9, 3-8
pinf-103, 1-21
0
1
188
true
1
0
pinf-104, 2-6
epi-33, 1-13
87
1
egi-28, 1-9
1
0
None
pinf-105, 0-75
3
Ok
0
Ok
epi-34, 3-15
-711
pinf-106, 0-76
Ok
er-14, 1-4, 3-9
pinf-107, 3-4
344
pinf-108, 0-77
er-15, 1-5, 2-10
1
0
1
true
pinf-109, 0-78
pinf-110, 0-79
1
1
epi-35, 2-7
pinf-111, 1-22
344
epi-36, 2-8
pinf-112, 0-80
344
pinf-113, 0-81
Ok
pinf-114, 0-82
Ordinary message: 3
0
344
pinf-115, 0-83
pinf-116, 0-84
emi-5, 2-3
0
egi-29, 2-6
0
pinf-117, 0-85
95
epi-37, 2-9
pinf-118, 0-86
1
epi-38, 3-16
42
er-16, 1-6, 3-10
0
0
1
None
Ok
egi-30, 1-10
epi-39, 2-10
pinf-119, 1-23
Ordinary message: 3
Ok
er-17, 1-7, 3-11
1
egi-31, 1-11
Ok
Ok
pinf-120, 0-87
1
pinf-121, 0-88
epi-40, 2-11
minf-9, 3-2
Ordinary message: 3
None
Ok
3
-711
pinf-122, 0-89
692
Ok
None
The person with this number does not exist
3
None
epi-41, 1-14
egi-32, 3-8
0
826
826
1
The person with this number does not exist
emi-6, 0-1
pinf-123, 0-90
1
298
epi-42, 2-12
Ok
pinf-124, 0-91
epi-43, 3-17
pinf-125, 2-7
pinf-126, 0-92
Ok
epi-44, 2-13
442
emi-7, 1-1
pinf-127, 0-93
pinf-128, 0-94
1
pinf-129, 0-95
1
true
pinf-130, 0-96
0
0
epi-45, 1-15
Ok
Ok
epi-46, 0-1
emi-8, 1-2
epi-47, 3-18
0
1
0
1
1
Ok
Ok
None
epi-48, 0-2
2
Ok
2
0
0
1
0
emi-9, 3-3
2
0
0
epi-49, 0-3
er-18, 1-8, 1-8
Ok
Ok
-2255
true
epi-50, 3-19
Ok
Ok
pinf-131, 2-8
1
None
epi-51, 0-4
Ok
155
Ok
155
Ordinary message: 3
egi-33, 3-9
emi-10, 1-3
0
pinf-132, 2-9
1
1
1
1
1
1
emi-11, 2-4
egi-34, 0-8
0
0
0
2
er-19, 0-1, 3-12
epi-52, 2-14
minf-10, 3-3
Ok
epi-53, 3-20
rnf-2, 0-1, 1-2
1
emi-12, 0-2
true
0
Ok
epi-54, 3-21
1
0
1
0
2
epi-55, 2-15
None
epi-56, 1-16
3
pinf-133, 1-24
Ok
rnf-3, 0-2, 1-3
pinf-134, 1-25
3
egi-35, 1-12
true
emi-13, 0-3
pinf-135, 1-26
egi-36, 3-10
egi-37, 3-11
Ordinary message: 3
epi-57, 1-17
egi-38, 3-12
1
None
0
true
Ok
pinf-136, 1-27
1
0
emi-14, 3-4
1
emi-15, 1-4
epi-58, 2-16
1
rnf-4, 0-3, 1-4
Ok
rnf-5, 0-4, 2-1
emi-16, 1-5
1
Ordinary message: 3
epi-59, 1-18
0
epi-60, 3-22
3
1
1
0
true
2
epi-61, 2-17
Ok
Ok
1
442
Ok
egi-39, 1-13
1
rnf-6, 0-5, 2-2
Ok
0
2
1
2
er-20, 1-9, 2-11
2
1
Ok
pinf-137, 1-28
0
27
egi-40, 1-14
epi-62, 2-18
Ok
epi-63, 0-5
er-21, 0-2, 3-13
0
2
epi-64, 1-19
1
Ordinary message: 3
Ok
minf-11, 3-4
epi-65, 0-6
Ok
epi-66, 3-23
1
er-22, 2-12, 3-14
epi-67, 0-7
4
epi-68, 3-24
epi-69, 2-19
0
er-23, 1-10, 2-13
1
Ok
2
minf-12, 3-5
er-24, 1-11, 2-14
0
true
epi-70, 2-20
epi-71, 0-8
epi-72, 3-25
-752
54
pinf-138, 1-29
Ok
er-25, 1-12, 2-15
Ok
-2995
0
pinf-139, 1-30
4
epi-73, 1-20
82
2
4
er-26, 0-3, 3-15
2
er-27, 0-4, 1-13
epi-74, 1-21
34
0
82
pinf-140, 1-31
-503
epi-75, 2-21
er-28, 3-16, 3-16
-1587
egi-41, 3-13
0
0
epi-76, 0-9
3
egi-42, 1-15
egi-43, 2-7
egi-44, 1-16
0
true
3
epi-77, 2-22
emi-17, 0-4
minf-13, 3-6
Ok
Ordinary message: 3
79
0
egi-45, 1-17
1
epi-78, 0-10
-2995
0
egi-46, 2-8
Ordinary message: 3
1
None
1
egi-47, 1-18
None
Ok
3
minf-14, 1-3
2
er-29, 2-16, 3-17
egi-48, 2-9
pinf-141, 1-32
Ok
epi-79, 2-23
Ok
Ok
0
0
-2995
er-30, 1-14, 1-14
1
16
3
1
Ok
Ordinary message: 3
4
4
Ordinary message: 3
emi-18, 2-5
Ok
2
Ordinary message: 3
Ordinary message: 3
er-31, 0-5, 1-15
Ok
Ok
Ok
3
true
Ok
None
4
minf-15, 3-7
1
3
er-32, 1-16, 2-17
-2086
true
er-33, 3-18, 3-18
0
emi-19, 2-6
Ok
egi-49, 3-14
Ok
1
None
Ok
minf-16, 3-8
minf-17, 3-9
0
2
Ok
er-34, 0-6, 2-18
true
0
epi-80, 3-26
emi-20, 0-5
-2995
1
epi-81, 1-22
epi-82, 0-11
epi-83, 1-23
4
0
0
-503
2
Ok
4
Ok
0
Ok
54
egi-50, 3-15
egi-51, 2-10
4
None
1
3
Ok
Ok
true
None
epi-84, 3-27
epi-85, 2-24
true
0
388
minf-18, 1-4
epi-86, 1-24
true
Ok
0
Ordinary message: 3
2
Ok
epi-87, 2-25
4
epi-88, 1-25
Ok
er-35, 1-17, 3-19
3
2
pinf-142, 1-33
2
epi-89, 1-26
Ok
None
egi-52, 1-19
Ok
Ordinary message: 3
pinf-143, 1-34
0
epi-90, 1-27
2
Ok
Ok
1
1
epi-91, 3-28
Ok
2
egi-53, 0-9
2
Ok
0
er-36, 1-18, 1-18
0
egi-54, 1-20
epi-92, 1-28
194
Ok
3
3
emi-21, 0-6
pinf-144, 3-5
0
Ok
Ok
er-37, 2-19, 3-20
pinf-145, 1-35
true
-1170
Ok
egi-55, 0-10
egi-56, 1-21
epi-93, 0-12
None
3
90
2
Ok
emi-22, 1-6
er-38, 0-7, 0-7
true
egi-57, 0-11
None
er-39, 0-8, 3-21
3
emi-23, 3-5
None
Ok
epi-94, 1-29
Ordinary message: 3
er-40, 1-19, 1-19
0
Ok
er-41, 0-9, 3-22
pinf-146, 1-36
Ok
0
2
None
0
0
0
er-42, 0-10, 1-20
egi-58, 0-12
egi-59, 2-11
0
epi-95, 0-13
pinf-147, 1-37
epi-96, 2-26
Ok
emi-24, 2-7
true
Ok
0
Ok
epi-97, 3-29
er-43, 1-21, 3-23
Ok
pinf-148, 3-6
Ok
0
4
egi-60, 0-13
-2259
emi-25, 2-8
emi-26, 2-9
71
Ok
290
0
Ordinary message: 3
rnf-7, 0-6, 2-3
1266
4
epi-98, 3-30
None
Ok
0
1
egi-61, 3-16
rnf-8, 0-7, 2-4
4
3
3
0
1
-1840
-1840
Ok
-2259
0
2
71
4
Ok
0
true
rnf-9, 0-8, 2-5
emi-27, 3-6
None
71
Ok
4
