0
pinf-1, 4-1
0
Ok
pinf-2, 7-1
ginf-1, 3-1
ginf-2, 8-1
pinf-3, 2-1
pinf-4, 5-1
ginf-3, 2-1
pinf-5, 9-1
Ok
pinf-6, 4-2
ginf-4, 2-2
ginf-5, 4-1
0
0
Group does not exist
ginf-6, 10-1
pinf-7, 9-2
pinf-8, 3-1
The person with this number does not exist
minf-1, 2-1
0
ginf-7, 10-2
pinf-9, 2-2
pinf-10, 3-2
pinf-11, 5-2
ginf-8, 8-2
The person with this number does not exist
pinf-12, 6-1
epi-1, 8-1
The person with this number does not exist
Ok
pinf-13, 1-1
ginf-9, 8-3
pinf-14, 7-2
ginf-10, 2-3
ginf-11, 7-1
ginf-12, 6-1
pinf-15, 2-3
pinf-16, 4-3
1
ginf-13, 1-1
ginf-14, 1-2
pinf-17, 3-3
pinf-18, 0-1
ginf-15, 9-1
Ok
ginf-16, 1-3
pinf-19, 5-3
0
ginf-17, 10-3
pinf-20, 6-2
Group does not exist
ginf-18, 8-4
pinf-21, 10-1
pinf-22, 0-2
Group does not exist
minf-2, 0-1
0
pinf-23, 1-2
2
pinf-24, 0-3
pinf-25, 5-4
pinf-26, 2-4
2
ginf-19, 10-4
pinf-27, 0-4
Ok
pinf-28, 4-4
ginf-20, 4-2
minf-3, 8-1
0
The person with this number does not exist
pinf-29, 6-3
pinf-30, 6-4
pinf-31, 2-5
pinf-32, 2-6
pinf-33, 0-5
0
0
The person with this number does not exist
Ok
pinf-34, 5-5
minf-4, 2-2
egi-1, 1-1
0
pinf-35, 2-7
pinf-36, 0-6
pinf-37, 1-3
Ok
Ok
pinf-38, 9-3
0
pinf-39, 9-4
egi-2, 3-1
2
0
ginf-21, 9-2
minf-5, 5-1
pinf-40, 10-2
2
2
minf-6, 5-2
minf-7, 0-2
pinf-41, 6-5
pinf-42, 7-3
pinf-43, 8-1
Ok
ginf-22, 0-1
Ok
0
pinf-44, 5-6
pinf-45, 6-6
pinf-46, 6-7
epi-2, 3-1
ginf-23, 0-2
2
pinf-47, 9-5
pinf-48, 10-3
The person with this number does not exist
minf-8, 3-1
Ok
Ok
pinf-49, 5-7
0
pinf-50, 1-4
0
minf-9, 8-2
pinf-51, 7-4
pinf-52, 10-4
pinf-53, 1-5
ginf-24, 6-2
egi-3, 7-1
0
minf-10, 0-3
Ok
anf-1, 8-1
egi-4, 2-1
Ok
0
pinf-54, 7-5
0
3
pinf-55, 1-6
epi-3, 0-1
0
pinf-56, 1-7
0
pinf-57, 9-6
minf-11, 9-1
0
minf-12, 3-2
egi-5, 9-1
pinf-58, 2-8
ginf-25, 0-3
pinf-59, 7-6
pinf-60, 2-9
pinf-61, 4-5
pinf-62, 9-7
ginf-26, 0-4
pinf-63, 6-8
0
pinf-64, 4-6
3
3
ginf-27, 6-3
0
egi-6, 1-2
epi-4, 3-2
pinf-65, 5-8
pinf-66, 9-8
epi-5, 8-2
0
pinf-67, 7-7
egi-7, 5-1
pinf-68, 7-8
pinf-69, 6-9
minf-13, 1-1
3
Ok
pinf-70, 5-9
4
The person with this number does not exist
Ok
pinf-71, 9-9
0
pinf-72, 5-10
0
pinf-73, 9-10
pinf-74, 6-10
0
Ok
rnf-1, 3-1, 10-1
0
0
0
minf-14, 6-1
pinf-75, 6-11
pinf-76, 7-9
pinf-77, 5-11
pinf-78, 1-8
0
0
true
Ok
anf-2, 3-1
pinf-79, 1-9
anf-3, 8-2
5
pinf-80, 1-10
Ok
0
epi-6, 8-3
epi-7, 10-1
pinf-81, 1-11
pinf-82, 5-12
4
pinf-83, 5-13
1
1
pinf-84, 6-12
0
pinf-85, 4-7
pinf-86, 5-14
epi-8, 3-3
4
pinf-87, 4-8
Ok
Ok
1
ginf-28, 0-5
egi-8, 1-3
pinf-88, 6-13
0
pinf-89, 7-10
pinf-90, 5-15
epi-9, 3-4
4
pinf-91, 4-9
epi-10, 0-2
pinf-92, 6-14
The person with this number does not exist
Ok
Ok
Ok
epi-11, 4-1
pinf-93, 7-11
0
pinf-94, 5-16
pinf-95, 6-15
pinf-96, 2-10
0
rnf-2, 8-1, 10-2
5
pinf-97, 5-17
pinf-98, 2-11
5
0
epi-12, 3-5
pinf-99, 1-12
false
None
Ok
false
epi-13, 9-1
pinf-100, 7-12
pinf-101, 1-13
None
pinf-102, 4-10
None
pinf-103, 1-14
pinf-104, 5-18
rnf-3, 4-1, 8-2
29
pinf-105, 1-15
5
0
0
egi-9, 2-2
epi-14, 3-6
The person with this number does not exist
0
Ok
0
None
1
pinf-106, 7-13
Ok
0
pinf-107, 2-12
epi-15, 3-7
pinf-108, 2-13
4
pinf-109, 2-14
epi-16, 10-2
Ok
pinf-110, 2-15
pinf-111, 7-14
0
rnf-4, 3-2, 8-3
4
pinf-112, 7-15
pinf-113, 7-16
true
0
anf-4, 0-1
pinf-114, 9-11
pinf-115, 2-16
The person with this number does not exist
emi-1, 3-1
pinf-116, 1-16
epi-17, 9-2
epi-18, 3-8
pinf-117, 7-17
epi-19, 8-4
pinf-118, 7-18
ginf-29, 0-6
0
pinf-119, 1-17
4
epi-20, 3-9
pinf-120, 5-19
None
Ok
1
4
epi-21, 8-5
1
1
pinf-121, 4-11
pinf-122, 5-20
pinf-123, 7-19
0
epi-22, 8-6
minf-15, 8-3
The person with this number does not exist
egi-10, 3-2
pinf-124, 6-16
rnf-5, 8-4, 10-3
pinf-125, 5-21
4
rnf-6, 0-1, 3-3
4
pinf-126, 2-17
Ok
pinf-127, 4-12
pinf-128, 6-17
1
rnf-7, 8-5, 10-4
0
anf-5, 9-1
1
0
rnf-8, 0-2, 8-6
0
pinf-129, 2-18
Group does not exist
None
rnf-9, 8-7, 10-5
None
1
3
0
pinf-130, 6-18
pinf-131, 7-20
0
0
ginf-30, 0-7
pinf-132, 1-18
pinf-133, 6-19
ginf-31, 0-8
0
rnf-10, 8-8, 10-6
pinf-134, 2-19
pinf-135, 6-20
egi-11, 3-3
egi-12, 7-2
0
Ok
pinf-136, 2-20
egi-13, 3-4
epi-23, 9-3
0
epi-24, 3-10
pinf-137, 2-21
4
ginf-32, 0-9
pinf-138, 5-22
4
None
ginf-33, 0-10
pinf-139, 4-13
pinf-140, 7-21
pinf-141, 1-19
epi-25, 8-7
epi-26, 3-11
ginf-34, 0-11
rnf-11, 0-3, 8-9
pinf-142, 1-20
0
emi-2, 5-1
pinf-143, 9-12
Ok
0
pinf-144, 7-22
epi-27, 10-3
1
0
false
Ok
ginf-35, 0-12
pinf-145, 5-23
pinf-146, 5-24
ginf-36, 0-13
epi-28, 6-1
egi-14, 6-1
pinf-147, 5-25
Ok
1
Ok
pinf-148, 2-22
rnf-12, 6-1, 9-1
pinf-149, 2-23
minf-16, 10-1
1
0
egi-15, 7-3
epi-29, 6-2
er-1, 3-1, 4-1
0
er-2, 4-2, 10-1
ginf-37, 0-14
0
ginf-38, 0-15
pinf-150, 5-26
1
The person with this number does not exist
anf-6, 8-3
None
pinf-151, 8-2
epi-30, 3-12
pinf-152, 2-24
false
6
pinf-153, 2-25
0
None
1
1
pinf-154, 5-27
epi-31, 10-4
pinf-155, 2-26
pinf-156, 2-27
false
pinf-157, 2-28
true
1
Ok
0
1
The person with this number does not exist
Ok
Ok
pinf-158, 5-28
ginf-39, 0-16
epi-32, 4-2
6
1
pinf-159, 10-5
epi-33, 10-5
1
pinf-160, 7-23
pinf-161, 5-29
0
anf-7, 1-1
None
0
pinf-162, 7-24
pinf-163, 7-25
pinf-164, 8-3
1
rnf-13, 0-4, 1-1
0
emi-3, 7-1
emi-4, 0-1
0
1
pinf-165, 5-30
1
0
0
ginf-40, 0-17
pinf-166, 7-26
egi-16, 9-2
None
epi-34, 8-8
minf-17, 9-2
pinf-167, 7-27
None
6
pinf-168, 7-28
1
The person with this number does not exist
pinf-169, 5-31
egi-17, 4-1
1
6
Ok
egi-18, 6-2
0
0
0
pinf-170, 9-13
minf-18, 8-4
Ok
rnf-14, 4-2, 8-10
epi-35, 2-1
0
pinf-171, 5-32
58
epi-36, 3-13
3
0
epi-37, 9-4
epi-38, 8-9
97
Ok
epi-39, 6-3
0
pinf-172, 9-14
pinf-173, 5-33
pinf-174, 9-15
egi-19, 10-1
None
Ok
1
anf-8, 0-2
rnf-15, 1-2, 9-2
1
emi-5, 10-1
Ok
1
pinf-175, 0-7
None
emi-6, 10-2
rnf-16, 8-11, 9-3
0
epi-40, 8-10
pinf-176, 9-16
3
2
egi-20, 2-3
minf-19, 8-5
epi-41, 8-11
ginf-41, 0-18
Ok
6
6
1
rnf-17, 4-3, 9-4
pinf-177, 4-14
6
0
2
Ok
emi-7, 7-2
ginf-42, 0-19
emi-8, 6-1
0
anf-9, 0-3
true
Ok
rnf-18, 8-12, 10-7
emi-9, 1-1
pinf-178, 7-29
Ok
0
84
6
pinf-179, 5-34
epi-42, 10-6
None
3
0
0
egi-21, 5-2
pinf-180, 5-35
egi-22, 3-5
0
pinf-181, 5-36
6
0
pinf-182, 7-30
Ok
epi-43, 6-4
None
0
0
pinf-183, 5-37
egi-23, 0-1
None
er-3, 6-1, 10-2
2
epi-44, 3-14
0
6
anf-10, 0-4
emi-10, 4-1
0
2
pinf-184, 7-31
None
pinf-185, 5-38
2
0
epi-45, 9-5
egi-24, 5-3
epi-46, 9-6
None
6
epi-47, 2-2
6
rnf-19, 0-5, 8-13
pinf-186, 7-32
epi-48, 2-3
epi-49, 6-5
The person with this number does not exist
6
epi-50, 4-3
egi-25, 10-2
None
Ok
epi-51, 10-7
5
pinf-187, 5-39
5
true
Ok
6
Ok
false
3
0
3
egi-26, 1-4
5
epi-52, 6-6
epi-53, 8-12
pinf-188, 5-40
5
rnf-20, 2-1, 7-1
0
0
epi-54, 2-4
pinf-189, 5-41
0
epi-55, 0-3
0
emi-11, 3-2
0
0
egi-27, 7-4
3
egi-28, 7-5
pinf-190, 5-42
None
6
None
0
0
emi-12, 7-3
None
pinf-191, 4-15
0
Ok
rnf-21, 2-2, 8-14
6
0
epi-56, 4-4
Ok
Ok
None
rnf-22, 7-2, 9-5
pinf-192, 5-43
0
3
0
anf-11, 8-4
pinf-193, 5-44
pinf-194, 5-45
Ok
pinf-195, 5-46
rnf-23, 2-3, 7-3
pinf-196, 5-47
0
rnf-24, 0-6, 7-4
Ok
rnf-25, 2-4, 6-2
pinf-197, 5-48
Ok
0
None
Ok
rnf-26, 2-5, 3-4
egi-29, 9-3
Ok
pinf-198, 8-4
None
pinf-199, 6-21
epi-57, 2-5
None
3
Ok
0
egi-30, 7-6
rnf-27, 1-3, 5-1
0
Ok
epi-58, 0-4
3
anf-12, 8-5
None
epi-59, 10-8
0
0
1
3
Ok
er-4, 2-1, 7-1
rnf-28, 1-4, 8-15
None
0
3
rnf-29, 2-6, 5-2
2
0
pinf-200, 10-6
2
2
0
pinf-201, 0-8
epi-60, 5-1
Ok
3
rnf-30, 2-7, 8-16
Ok
0
6
3
4
epi-61, 9-7
3
Ok
0
0
3
true
rnf-31, 6-3, 9-6
pinf-202, 4-16
epi-62, 7-1
epi-63, 3-15
2
2
Ok
10
0
Ok
false
0
epi-64, 6-7
epi-65, 0-5
Ok
2
epi-66, 4-5
3
92
true
egi-31, 3-6
true
2
epi-67, 2-6
er-5, 7-2, 10-3
true
epi-68, 10-9
None
2
Ok
pinf-203, 9-17
emi-13, 7-4
0
4
0
true
true
emi-14, 4-2
rnf-32, 4-4, 5-3
epi-69, 1-1
rnf-33, 1-5, 6-4
2
2
2
4
emi-15, 5-2
0
0
2
rnf-34, 2-8, 8-17
epi-70, 10-10
emi-16, 3-3
2
4
97
rnf-35, 0-7, 8-18
rnf-36, 1-6, 8-19
egi-32, 4-2
2
0
0
Ok
rnf-37, 5-4, 6-5
2
epi-71, 10-11
6
2
Ok
None
0
None
er-6, 2-2, 2-2
rnf-38, 3-5, 9-7
0
emi-17, 7-5
pinf-204, 10-7
egi-33, 2-4
0
2
rnf-39, 0-8, 1-7
2
6
epi-72, 4-6
emi-18, 2-1
0
0
2
egi-34, 1-5
0
None
emi-19, 4-3
0
pinf-205, 8-5
0
Ok
0
0
6
6
2
egi-35, 0-2
true
epi-73, 10-12
0
epi-74, 2-7
true
true
rnf-40, 2-9, 6-6
0
epi-75, 3-16
2
true
minf-20, 8-6
6
true
epi-76, 3-17
6
0
Ok
rnf-41, 6-7, 9-8
6
egi-36, 4-3
2
epi-77, 7-2
rnf-42, 0-9, 5-5
rnf-43, 4-5, 6-8
epi-78, 4-7
6
rnf-44, 1-8, 3-6
0
rnf-45, 3-7, 8-20
0
rnf-46, 0-10, 8-21
Ok
0
3
None
0
rnf-47, 8-22, 10-8
anf-13, 8-6
Ok
egi-37, 9-4
0
Ok
epi-79, 0-6
rnf-48, 8-23, 9-9
6
Ok
3
5
rnf-49, 1-9, 4-6
emi-20, 0-2
epi-80, 10-13
None
Ok
3
rnf-50, 5-6, 9-10
3
Ok
true
emi-21, 0-3
2
2
rnf-51, 0-11, 1-10
None
epi-81, 3-18
0
emi-22, 4-4
None
2
rnf-52, 6-9, 8-24
pinf-206, 0-9
emi-23, 4-5
emi-24, 5-3
true
epi-82, 8-13
emi-25, 4-6
egi-38, 10-3
0
3
rnf-53, 1-11, 10-9
0
Ok
epi-83, 8-14
0
0
rnf-54, 0-12, 10-10
5
0
true
0
0
egi-39, 10-4
1
2
None
2
6
None
pinf-207, 0-10
5
None
5
true
None
2
emi-26, 1-2
99
rnf-55, 8-25, 10-11
egi-40, 2-5
true
emi-27, 3-4
er-7, 2-3, 8-1
2
2
66
5
rnf-56, 9-11, 10-12
emi-28, 6-2
5
Ok
true
29
6
2
Ok
0
true
egi-41, 6-3
emi-29, 9-1
rnf-57, 4-7, 5-7
epi-84, 4-8
2
epi-85, 1-2
6
4
4
6
Ok
6
0
