pinf-1, 4-1
ginf-1, 9-1
pinf-2, 4-2
ginf-2, 1-1
0
pinf-3, 8-1
pinf-4, 2-1
ginf-3, 1-2
Ok
pinf-5, 0-1
0
ginf-4, 0-1
epi-1, 1-1
Ok
Ok
pinf-6, 0-2
Group does not exist
The person with this number does not exist
Ok
pinf-7, 2-2
Ok
ginf-5, 2-1
0
ginf-6, 4-1
pinf-8, 8-2
5
Group does not exist
Group does not exist
pinf-9, 0-3
pinf-10, 5-1
pinf-11, 0-4
epi-2, 4-1
5
5
ginf-7, 8-1
ginf-8, 5-1
The person with this number does not exist
None
ginf-9, 3-1
minf-1, 2-1
Ok
ginf-10, 2-2
epi-3, 2-1
5
anf-1, 4-1
ginf-11, 1-3
ginf-12, 7-1
0
pinf-12, 3-1
epi-4, 4-2
pinf-13, 8-3
anf-2, 1-1
0
Ok
None
ginf-13, 0-2
Ok
ginf-14, 8-2
pinf-14, 6-1
Ok
0
6
epi-5, 7-1
0
Ok
Ok
0
0
The person with this number does not exist
6
pinf-15, 3-2
epi-6, 1-2
0
6
pinf-16, 5-2
anf-3, 1-2
ginf-15, 2-3
minf-2, 5-1
ginf-16, 3-2
pinf-17, 5-3
0
egi-1, 7-1
ginf-17, 2-4
0
ginf-18, 1-4
0
pinf-18, 3-3
0
pinf-19, 6-2
0
0
pinf-20, 5-4
0
None
minf-3, 2-2
6
pinf-21, 6-3
epi-7, 7-2
minf-4, 6-1
6
minf-5, 2-3
None
ginf-19, 4-2
0
Ok
1
ginf-20, 9-2
1
0
pinf-22, 6-4
5
0
rnf-1, 1-1, 9-1
0
ginf-21, 1-5
0
pinf-23, 3-4
rnf-2, 0-1, 2-1
1
0
Ok
Ok
Group does not exist
0
ginf-22, 8-3
Ok
Ok
Ok
anf-4, 1-3
0
epi-8, 1-3
ginf-23, 3-3
pinf-24, 6-5
Ok
pinf-25, 5-5
ginf-24, 8-4
epi-9, 2-2
Ok
anf-5, 6-1
0
ginf-25, 8-5
pinf-26, 8-4
Ok
ginf-26, 3-4
0
5
None
0
minf-6, 3-1
0
pinf-27, 5-6
pinf-28, 8-5
1
pinf-29, 8-6
5
rnf-3, 1-2, 2-2
ginf-27, 8-6
0
0
0
false
pinf-30, 5-7
5
epi-10, 6-1
emi-1, 6-1
0
anf-6, 7-1
pinf-31, 5-8
Ok
pinf-32, 3-5
pinf-33, 8-7
minf-7, 9-1
5
2
2
0
Ok
0
Ok
0
ginf-28, 3-5
pinf-34, 5-9
pinf-35, 8-8
1
epi-11, 6-2
Ok
epi-12, 6-3
anf-7, 0-1
0
None
0
None
pinf-36, 5-10
ginf-29, 3-6
Ok
0
0
pinf-37, 8-9
Ok
er-1, 0-1, 0-1
The person with this number does not exist
0
Ok
pinf-38, 8-10
false
true
0
Ok
None
Ok
pinf-39, 8-11
None
epi-13, 0-1
epi-14, 1-4
minf-8, 4-1
Group does not exist
Ok
ginf-30, 9-3
rnf-4, 3-1, 7-1
rnf-5, 0-2, 4-1
ginf-31, 8-7
pinf-40, 8-12
false
9
emi-2, 6-2
ginf-32, 9-4
pinf-41, 5-11
None
None
ginf-33, 3-7
egi-2, 0-1
pinf-42, 8-13
9
9
pinf-43, 5-12
epi-15, 4-3
emi-3, 8-1
None
rnf-6, 1-3, 2-3
40
Ok
minf-9, 3-2
Ok
er-2, 0-2, 9-1
The person with this number does not exist
ginf-34, 8-8
egi-3, 6-1
epi-16, 0-2
0
0
The person with this number does not exist
pinf-44, 8-14
Ok
0
2
None
anf-8, 3-1
2
2
Ok
pinf-45, 8-15
The person with this number does not exist
Ok
pinf-46, 5-13
Ok
1
2
rnf-7, 1-4, 9-2
rnf-8, 0-3, 6-1
None
Ok
pinf-47, 5-14
epi-17, 0-3
pinf-48, 5-15
rnf-9, 6-2, 9-3
egi-4, 8-1
2
pinf-49, 5-16
Ok
er-3, 2-1, 9-2
None
0
egi-5, 0-2
50
2
2
0
2
minf-10, 4-2
2
Ok
Ok
egi-6, 8-2
None
epi-18, 2-3
epi-19, 9-1
epi-20, 0-4
2
pinf-50, 5-17
Ok
3
pinf-51, 5-18
egi-7, 6-2
er-4, 6-1, 6-1
pinf-52, 5-19
egi-8, 5-1
0
4
2
The person with this number does not exist
1
pinf-53, 5-20
0
0
Ok
Ok
pinf-54, 8-16
2
0
epi-21, 1-5
pinf-55, 8-17
pinf-56, 1-1
egi-9, 9-1
epi-22, 6-4
epi-23, 7-3
pinf-57, 5-21
epi-24, 1-6
1
pinf-58, 5-22
emi-4, 6-3
Ok
1
0
Ok
epi-25, 4-4
pinf-59, 8-18
3
Ok
pinf-60, 1-2
epi-26, 1-7
5
true
pinf-61, 8-19
pinf-62, 8-20
5
epi-27, 2-4
egi-10, 9-2
0
pinf-63, 5-23
2
0
Ok
pinf-64, 5-24
epi-28, 6-5
Ok
er-5, 0-3, 1-1
0
Ok
0
1
0
6
0
6
1
Ok
40
None
er-6, 1-2, 6-2
None
2
epi-29, 3-1
Ok
None
Ok
2
pinf-65, 5-25
epi-30, 6-6
0
7
50
emi-5, 0-1
epi-31, 2-5
7
2
0
None
0
2
7
0
emi-6, 6-4
true
2
epi-32, 6-7
egi-11, 6-3
2
epi-33, 1-8
2
2
0
2
pinf-66, 5-26
6
None
pinf-67, 5-27
0
362
pinf-68, 5-28
0
minf-11, 1-1
0
egi-12, 2-1
epi-34, 0-5
epi-35, 6-8
None
2
40
minf-12, 7-1
0
7
pinf-69, 8-21
pinf-70, 8-22
The person with this number does not exist
7
0
epi-36, 9-2
pinf-71, 5-29
Ok
20
834
epi-37, 9-3
7
Ok
The person with this number does not exist
2
egi-13, 1-1
true
pinf-72, 5-30
pinf-73, 8-23
1
egi-14, 9-3
0
2
er-7, 6-3, 6-3
rnf-10, 1-5, 9-4
pinf-74, 8-24
rnf-11, 0-4, 3-2
None
0
minf-13, 5-2
7
true
0
9
Ok
Ok
0
2
minf-14, 9-2
0
epi-38, 3-2
epi-39, 3-3
er-8, 2-2, 7-1
egi-15, 7-2
minf-15, 6-2
-2
emi-7, 8-2
pinf-75, 1-3
0
egi-16, 0-3
pinf-76, 8-25
pinf-77, 8-26
Ok
pinf-78, 8-27
6
Ok
pinf-79, 8-28
None
rnf-12, 7-2, 9-5
0
0
None
7
3
rnf-13, 0-5, 3-3
pinf-80, 8-29
egi-17, 7-3
1
egi-18, 7-4
pinf-81, 8-30
epi-40, 1-9
9
epi-41, 6-9
0
true
pinf-82, 8-31
0
None
epi-42, 2-6
epi-43, 6-10
egi-19, 1-2
er-9, 0-4, 1-3
rnf-14, 1-6, 9-6
The person with this number does not exist
20
36
egi-20, 6-4
Ok
epi-44, 1-10
4
0
epi-45, 6-11
0
egi-21, 5-2
72
Ok
rnf-15, 0-6, 3-4
0
0
None
rnf-16, 1-7, 5-1
Ok
rnf-17, 0-7, 5-2
egi-22, 7-5
Ok
834
Ok
Ok
194
4
false
4
0
Ok
emi-8, 6-5
er-10, 2-3, 6-4
false
emi-9, 8-3
false
9
rnf-18, 0-8, 4-2
epi-46, 3-4
epi-47, 5-1
Ok
0
rnf-19, 0-9, 8-1
None
1
false
None
40
0
4
1
Ok
egi-23, 2-2
Ok
pinf-83, 2-3
8
4
epi-48, 6-12
-2
0
4
0
Ok
8
1
emi-10, 3-1
6
true
0
Ok
emi-11, 4-1
40
1
12
anf-9, 8-1
2
emi-12, 9-1
672
1
4
Ok
Ok
egi-24, 6-5
pinf-84, 1-4
0
epi-49, 1-11
None
50
0
rnf-20, 2-4, 8-2
rnf-21, 0-10, 5-3
Ok
0
Ok
2
epi-50, 1-12
834
false
Ok
0
rnf-22, 5-4, 8-3
None
None
Ok
4
0
epi-51, 1-13
Ok
Ok
epi-52, 4-5
4
epi-53, 7-4
3
epi-54, 3-5
epi-55, 7-5
epi-56, 8-1
epi-57, 1-14
epi-58, 8-2
2
0
0
epi-59, 4-6
4
rnf-23, 3-5, 9-7
Ok
Ok
14
2
epi-60, 5-2
false
epi-61, 3-6
4
0
None
4
None
egi-25, 0-4
false
er-11, 2-4, 4-1
9
4
None
minf-16, 7-2
None
14
Ok
emi-13, 0-2
epi-62, 5-3
egi-26, 0-5
epi-63, 2-7
0
rnf-24, 3-6, 5-5
81
2
4
None
Ok
None
epi-64, 4-7
2
emi-14, 8-4
er-12, 4-2, 6-5
Ok
0
emi-15, 3-2
None
rnf-25, 2-5, 5-6
0
0
rnf-26, 0-11, 8-4
false
epi-65, 6-13
egi-27, 5-3
Ok
egi-28, 6-6
egi-29, 9-4
17
0
2
4
4
3
4
0
true
rnf-27, 5-7, 8-5
rnf-28, 2-6, 8-6
12
0
9
Ok
rnf-29, 3-7, 5-8
0
rnf-30, 1-8, 9-8
emi-16, 0-3
0
Ok
Ok
17
emi-17, 7-1
Ok
3
Ok
0
epi-66, 6-14
17
2
-2
2
Ok
Ok
0
None
true
Ok
Ok
0
Ok
Ok
Ok
0
1
rnf-31, 7-3, 8-7
Ok
epi-67, 4-8
pinf-85, 1-5
rnf-32, 3-8, 8-8
Ok
0
4
None
388
egi-30, 7-6
None
0
emi-18, 0-4
-72
true
1
true
Ok
6
0
72
epi-68, 8-3
Ok
egi-31, 8-3
0
None
214
true
epi-69, 0-6
true
17
17
1
0
112
0
0
0
Ok
epi-70, 6-15
288
epi-71, 9-4
4
egi-32, 0-6
er-13, 9-3, 9-3
emi-19, 8-5
0
Ok
rnf-33, 7-4, 9-9
egi-33, 7-7
17
epi-72, 9-5
true
epi-73, 0-7
true
0
112
238
true
rnf-34, 1-9, 7-5
834
Ok
true
0
Ok
epi-74, 0-8
minf-17, 7-3
4
17
1
17
Ok
epi-75, 7-6
112
emi-20, 4-2
epi-76, 6-16
rnf-35, 3-9, 5-9
rnf-36, 0-12, 8-9
epi-77, 6-17
4
17
emi-21, 5-1
4
1
4
egi-34, 6-7
emi-22, 1-1
epi-78, 1-15
rnf-37, 5-10, 7-6
1
17
er-14, 1-4, 3-1
17
er-15, 3-2, 3-2
er-16, 0-5, 6-6
1
0
pinf-86, 2-4
-922
1
true
-86
24
17
emi-23, 6-6
Ok
None
17
Ok
Ok
1
0
Ok
Ok
rnf-38, 0-13, 8-10
epi-79, 8-4
rnf-39, 7-7, 9-10
Ordinary message: 1
true
epi-80, 4-9
1
rnf-40, 1-10, 9-11
4
0
388
true
Ok
Ok
0
Ok
epi-81, 5-4
6
egi-35, 7-8
9
25
Ok
19
pinf-87, 2-5
egi-36, 1-3
false
-992
rnf-41, 6-3, 7-8
0
19
1
2
egi-37, 0-7
None
6
19
1
0
epi-82, 5-5
0
19
rnf-42, 1-11, 9-12
6
1
epi-83, 6-18
Ok
epi-84, 4-10
0
egi-38, 4-1
Ok
1
6
1
Ok
21
-920
0
4
3
24
-2
egi-39, 1-4
-992
-86
epi-85, 4-11
rnf-43, 3-10, 7-9
rnf-44, 4-3, 9-13
rnf-45, 2-7, 5-11
21
6
epi-86, 1-16
rnf-46, 1-12, 7-10
epi-87, 2-8
er-17, 2-5, 6-7
0
epi-88, 0-9
0
Ok
epi-89, 0-10
epi-90, 7-7
0
None
Ok
epi-91, 4-12
210
194
true
egi-40, 3-1
epi-92, 2-9
Ok
210
9
9
epi-93, 3-7
rnf-47, 3-11, 9-14
rnf-48, 4-4, 8-11
epi-94, 5-6
1
pinf-88, 7-1
true
0
Ok
rnf-49, 0-14, 1-13
epi-95, 3-8
0
Ok
Ok
0
1
3
pinf-89, 1-6
Ok
epi-96, 3-9
24
2
egi-41, 7-9
0
Ok
Ok
Ok
24
6
egi-42, 8-4
6
epi-97, 5-7
24
true
true
9
emi-24, 1-2
0
0
24
emi-25, 8-6
epi-98, 2-10
Ok
egi-43, 8-5
224
224
Ok
egi-44, 0-8
true
epi-99, 3-10
pinf-90, 7-2
0
47
2
0
true
er-18, 2-6, 3-3
epi-100, 0-11
2
0
2
6
24
emi-26, 9-2
rnf-50, 5-12, 6-4
None
