pinf-1, 4-1
pinf-2, 5-1
Ok
pinf-3, 6-1
pinf-4, 2-1
0
The person with this number does not exist
0
Ok
1
pinf-5, 4-2
minf-1, 5-1
0
0
Group does not exist
Ok
pinf-6, 3-1
pinf-7, 1-1
pinf-8, 9-1
The person with this number does not exist
None
Ok
minf-2, 7-1
0
pinf-9, 3-2
ginf-1, 4-1
None
pinf-10, 9-2
1
Ok
ginf-2, 7-1
ginf-3, 8-1
ginf-4, 9-1
ginf-5, 1-1
0
pinf-11, 1-2
pinf-12, 1-3
ginf-6, 5-1
0
0
pinf-13, 3-3
pinf-14, 0-1
0
pinf-15, 2-2
pinf-16, 3-4
egi-1, 0-1
Ok
pinf-17, 1-4
pinf-18, 0-2
pinf-19, 3-5
pinf-20, 8-1
pinf-21, 4-3
anf-1, 7-1
ginf-7, 8-2
0
2
0
Group does not exist
ginf-8, 8-3
0
0
pinf-22, 6-2
ginf-9, 9-2
pinf-23, 4-4
pinf-24, 1-5
pinf-25, 6-3
pinf-26, 1-6
0
Ok
pinf-27, 2-3
0
ginf-10, 7-2
3
Ok
The person with this number does not exist
Ok
None
pinf-28, 2-4
pinf-29, 8-2
Ok
0
ginf-11, 7-3
pinf-30, 1-7
ginf-12, 8-4
4
ginf-13, 9-3
ginf-14, 7-4
anf-2, 7-2
minf-3, 3-1
egi-2, 3-1
ginf-15, 5-2
Ok
Ok
Group does not exist
ginf-16, 7-5
pinf-31, 5-2
minf-4, 1-1
pinf-32, 1-8
minf-5, 4-1
1
ginf-17, 7-6
Group does not exist
pinf-33, 2-5
4
pinf-34, 1-9
egi-3, 6-1
1
4
epi-1, 9-1
pinf-35, 7-1
Ok
ginf-18, 5-3
ginf-19, 1-2
9
0
er-1, 4-1, 9-1
pinf-36, 8-3
Ok
minf-6, 4-2
1
pinf-37, 2-6
pinf-38, 8-4
pinf-39, 0-3
pinf-40, 5-3
pinf-41, 2-7
0
Ok
Ok
true
pinf-42, 5-4
0
pinf-43, 1-10
pinf-44, 2-8
minf-7, 7-2
0
epi-2, 6-1
ginf-20, 5-4
pinf-45, 1-11
pinf-46, 0-4
pinf-47, 2-9
Ok
0
4
Ok
0
epi-3, 9-2
0
None
4
pinf-48, 5-5
2
rnf-1, 4-1, 6-1
0
pinf-49, 5-6
pinf-50, 5-7
pinf-51, 1-12
2
epi-4, 4-1
pinf-52, 2-10
epi-5, 6-2
2
epi-6, 3-1
pinf-53, 2-11
Ok
3
Ok
pinf-54, 7-2
rnf-2, 6-2, 8-1
ginf-21, 1-3
er-2, 9-2, 9-2
egi-4, 8-1
0
Ok
pinf-55, 2-12
pinf-56, 2-13
0
pinf-57, 1-13
0
0
3
rnf-3, 3-1, 4-2
0
pinf-58, 2-14
egi-5, 3-2
pinf-59, 2-15
minf-8, 2-1
1
7
egi-6, 9-1
pinf-60, 2-16
false
0
pinf-61, 0-5
The person with this number does not exist
1
3
false
None
0
0
0
1
1
The person with this number does not exist
1
pinf-62, 2-17
pinf-63, 0-6
ginf-22, 1-4
0
1
1
6
3
pinf-64, 1-14
Ok
epi-7, 8-1
1
epi-8, 4-2
The person with this number does not exist
Group does not exist
None
rnf-4, 4-3, 8-2
Ok
3
pinf-65, 5-8
egi-7, 6-2
Ok
7
3
pinf-66, 2-18
pinf-67, 2-19
0
3
pinf-68, 5-9
3
emi-1, 0-1
Ok
emi-2, 5-1
epi-9, 7-1
pinf-69, 5-10
emi-3, 0-2
0
Ok
egi-8, 9-2
er-3, 4-2, 4-2
pinf-70, 2-20
0
0
0
ginf-23, 7-7
1
0
emi-4, 0-3
ginf-24, 1-5
pinf-71, 5-11
Ok
0
epi-10, 7-2
4
pinf-72, 0-7
4
pinf-73, 0-8
1
9
0
0
0
epi-11, 9-3
egi-9, 0-2
pinf-74, 2-21
pinf-75, 5-12
pinf-76, 2-22
1
Ok
Ok
pinf-77, 0-9
pinf-78, 5-13
epi-12, 1-1
0
1
4
pinf-79, 5-14
1
None
pinf-80, 5-15
6
0
pinf-81, 5-16
pinf-82, 2-23
1
rnf-5, 7-1, 9-1
1
minf-9, 6-1
ginf-25, 7-8
pinf-83, 0-10
epi-13, 3-2
rnf-6, 3-2, 7-2
pinf-84, 5-17
rnf-7, 3-3, 8-3
egi-10, 2-1
epi-14, 1-2
Ok
0
egi-11, 3-3
0
4
pinf-85, 2-24
pinf-86, 2-25
pinf-87, 2-26
0
false
pinf-88, 5-18
The person with this number does not exist
0
pinf-89, 2-27
epi-15, 6-3
epi-16, 6-4
1
Ok
5
1
0
rnf-8, 6-3, 8-4
egi-12, 5-1
Ok
egi-13, 8-2
None
anf-3, 8-1
1
pinf-90, 5-19
Ok
emi-5, 1-1
0
0
true
47
pinf-91, 5-20
1
egi-14, 0-3
6
ginf-26, 1-6
rnf-9, 3-4, 4-4
emi-6, 4-1
None
pinf-92, 2-28
5
5
rnf-10, 3-5, 4-5
0
5
rnf-11, 0-1, 3-6
ginf-27, 1-7
0
5
epi-17, 6-5
5
minf-10, 8-1
pinf-93, 5-21
Ok
egi-15, 9-3
0
epi-18, 9-4
0
epi-19, 9-5
0
pinf-94, 5-22
0
5
pinf-95, 6-4
egi-16, 4-1
0
Group does not exist
pinf-96, 2-29
pinf-97, 2-30
Ok
false
0
true
false
anf-4, 1-1
anf-5, 3-1
0
epi-20, 1-3
Ok
Ok
pinf-98, 5-23
rnf-12, 0-2, 9-2
rnf-13, 1-1, 4-6
0
epi-21, 0-1
5
rnf-14, 7-3, 9-3
pinf-99, 5-24
emi-7, 1-2
egi-17, 8-3
0
rnf-15, 6-4, 8-5
Ok
rnf-16, 4-7, 5-1
egi-18, 3-4
epi-22, 5-1
1
pinf-100, 2-31
epi-23, 6-6
pinf-101, 2-32
Ok
ginf-28, 7-9
None
Ok
0
pinf-102, 6-5
Ok
epi-24, 3-3
Ok
0
0
pinf-103, 2-33
pinf-104, 2-34
Ok
anf-6, 0-1
0
epi-25, 4-3
Ok
0
epi-26, 7-3
1
0
0
1
0
ginf-29, 7-10
minf-11, 2-2
er-4, 4-3, 4-3
Ok
ginf-30, 7-11
pinf-105, 2-35
Ok
6
2
None
rnf-17, 5-2, 9-4
ginf-31, 7-12
egi-19, 8-4
6
epi-27, 9-6
rnf-18, 3-7, 4-8
None
Ordinary message: 4
false
Ok
0
emi-8, 5-2
egi-20, 0-4
None
6
false
Ok
5
5
0
0
5
None
false
Ok
Ok
3
true
epi-28, 1-4
0
epi-29, 0-2
true
18
Ok
egi-21, 0-5
ginf-32, 7-13
Ok
emi-9, 9-1
5
3
Ok
None
0
0
0
rnf-19, 0-3, 8-6
3
3
0
rnf-20, 7-4, 8-7
rnf-21, 3-8, 4-9
6
false
rnf-22, 4-10, 5-3
0
epi-30, 8-2
Ok
Ok
3
3
0
rnf-23, 1-2, 4-11
3
ginf-33, 1-8
0
epi-31, 3-4
epi-32, 2-1
0
Ok
5
Ok
true
rnf-24, 4-12, 5-4
pinf-106, 9-3
5
egi-22, 6-3
Ok
rnf-25, 7-5, 9-5
false
anf-7, 4-1
4
Ok
epi-33, 8-3
egi-23, 0-6
ginf-34, 7-14
0
0
4
0
rnf-26, 5-5, 8-8
4
0
4
ginf-35, 7-15
1
0
0
anf-8, 4-2
rnf-27, 4-13, 5-6
4
ginf-36, 1-9
-57
0
0
Ok
false
4
0
pinf-107, 9-4
emi-10, 1-3
None
Ok
egi-24, 0-7
rnf-28, 4-14, 7-6
0
Ok
0
Ok
epi-34, 9-7
er-5, 1-1, 3-1
rnf-29, 2-1, 9-6
rnf-30, 0-4, 5-7
-57
0
epi-35, 1-5
rnf-31, 2-2, 6-5
true
rnf-32, 0-5, 5-8
3
egi-25, 9-4
ginf-37, 7-16
epi-36, 6-7
rnf-33, 4-15, 7-7
false
0
epi-37, 8-4
epi-38, 8-5
0
7
rnf-34, 0-6, 1-3
94
epi-39, 7-4
epi-40, 0-3
Ok
6
0
false
emi-11, 8-1
0
0
0
0
Ok
epi-41, 6-8
ginf-38, 7-17
3
egi-26, 3-5
5
ginf-39, 1-10
Ok
None
None
rnf-35, 3-9, 9-7
rnf-36, 6-6, 8-9
pinf-108, 7-3
3
0
0
emi-12, 4-2
2
Ok
true
pinf-109, 7-4
ginf-40, 1-11
9
None
Ok
epi-42, 5-2
0
0
ginf-41, 7-18
0
None
egi-27, 9-5
epi-43, 1-6
false
rnf-37, 3-10, 5-9
None
true
ginf-42, 1-12
rnf-38, 1-4, 5-10
Ok
0
emi-13, 2-1
1
epi-44, 9-8
epi-45, 0-4
true
rnf-39, 2-3, 9-8
5
epi-46, 9-9
1
ginf-43, 1-13
pinf-110, 6-6
0
true
true
3
0
-57
0
0
egi-28, 3-6
0
epi-47, 8-6
3
132
-57
emi-14, 1-4
epi-48, 5-3
1
7
Ok
96
3
0
true
0
0
0
7
0
3
Ok
0
-57
Ok
-57
0
Ok
egi-29, 5-2
egi-30, 4-2
true
7
1
0
egi-31, 4-3
rnf-40, 2-4, 4-16
emi-15, 0-4
0
egi-32, 2-2
pinf-111, 9-5
0
epi-49, 2-2
0
epi-50, 9-10
epi-51, 8-7
emi-16, 5-3
3
0
0
5
egi-33, 5-3
0
0
0
1
rnf-41, 0-7, 2-5
3
true
0
0
emi-17, 3-1
pinf-112, 7-5
3
0
Ok
0
0
0
3
Ok
rnf-42, 2-6, 9-9
rnf-43, 3-11, 4-17
rnf-44, 4-18, 7-8
Ok
Ok
1
3
true
epi-52, 8-8
Ok
0
true
None
epi-53, 9-11
egi-34, 1-1
emi-18, 8-2
55
0
egi-35, 1-2
epi-54, 4-4
epi-55, 4-5
1
Ok
3
epi-56, 5-4
pinf-113, 7-6
epi-57, 4-6
emi-19, 3-2
false
0
rnf-45, 1-5, 9-10
Ok
1
494
0
1
false
0
emi-20, 5-4
true
true
pinf-114, 6-7
3
Ok
Ok
Ordinary message: 4
0
55
None
pinf-115, 3-6
0
emi-21, 6-1
3
epi-58, 7-5
9
1
3
Ordinary message: 4
2
egi-36, 2-3
0
0
epi-59, 9-12
0
3
0
pinf-116, 7-7
emi-22, 9-2
pinf-117, 7-8
true
rnf-46, 2-7, 5-11
epi-60, 4-7
0
rnf-47, 0-8, 1-6
rnf-48, 1-7, 9-11
2
egi-37, 3-7
egi-38, 1-3
2
None
2
Ok
rnf-49, 3-12, 9-12
epi-61, 6-9
emi-23, 3-3
Ok
3
None
2
true
2
7
egi-39, 6-4
0
rnf-50, 3-13, 4-19
rnf-51, 3-14, 4-20
Ok
0
epi-62, 4-8
Ok
pinf-118, 6-8
er-6, 2-1, 2-1
egi-40, 9-6
true
55
true
pinf-119, 3-7
2
0
0
er-7, 2-2, 9-3
None
rnf-52, 2-8, 3-15
0
rnf-53, 0-9, 6-7
0
rnf-54, 0-10, 1-8
0
0
er-8, 1-2, 3-2
egi-41, 6-5
Ok
2
er-9, 4-4, 5-1
14
0
epi-63, 3-5
2
2
Ok
0
emi-24, 6-2
2
0
2
None
epi-64, 7-6
rnf-55, 4-21, 7-9
None
2
2
2
rnf-56, 4-22, 7-10
2
Ok
true
0
rnf-57, 0-11, 4-23
Ok
0
0
0
epi-65, 1-7
0
2
7
er-10, 6-1, 7-1
-57
egi-42, 6-6
0
3
egi-43, 4-4
5
0
egi-44, 0-8
None
epi-66, 1-8
0
0
0
egi-45, 3-8
0
er-11, 5-2, 7-2
2
rnf-58, 4-24, 9-13
epi-67, 1-9
epi-68, 5-5
epi-69, 1-10
2
0
emi-25, 3-4
Ok
epi-70, 2-3
true
2
2
rnf-59, 3-16, 4-25
epi-71, 9-13
Ok
emi-26, 4-3
2
er-12, 6-2, 6-2
34
0
0
epi-72, 0-5
emi-27, 8-3
egi-46, 5-4
0
3
rnf-60, 1-9, 6-8
egi-47, 3-9
0
epi-73, 4-9
true
0
epi-74, 6-10
838
0
3
None
Ok
rnf-61, 6-9, 8-10
rnf-62, 2-9, 8-11
epi-75, 3-6
egi-48, 9-7
pinf-120, 9-6
pinf-121, 7-9
epi-76, 4-10
true
rnf-63, 1-10, 8-12
true
6
None
0
rnf-64, 1-11, 7-11
7
None
0
0
true
egi-49, 7-1
rnf-65, 0-12, 6-10
2
0
rnf-66, 3-17, 6-11
0
true
None
er-13, 9-4, 9-4
Ok
0
None
1
0
2
emi-28, 3-5
3
Ok
0
0
rnf-67, 1-12, 9-14
rnf-68, 4-26, 8-13
egi-50, 8-5
emi-29, 8-4
emi-30, 2-2
er-14, 4-5, 4-5
0
838
0
pinf-122, 7-10
rnf-69, 1-13, 2-10
2
None
rnf-70, 2-11, 7-12
rnf-71, 1-14, 5-12
epi-77, 0-6
3
3
Ok
pinf-123, 6-9
emi-31, 1-5
epi-78, 0-7
0
rnf-72, 0-13, 4-27
89
2
6
