The person with this number does not exist
Ok
pinf-1, 0-1
1
ginf-1, 2-1
0
Ok
Group does not exist
pinf-2, 4-1
pinf-3, 3-1
minf-1, 2-1
minf-2, 3-1
0
Ok
Ok
3
Ok
pinf-4, 0-2
pinf-5, 2-1
pinf-6, 2-2
rnf-1, 3-1, 4-1
0
0
pinf-7, 0-3
0
ginf-2, 4-1
pinf-8, 0-4
Ok
minf-3, 1-1
egi-1, 0-1
2
ginf-3, 2-2
pinf-9, 2-3
0
2
pinf-10, 2-4
4
1
None
Ok
Ok
pinf-11, 0-5
ginf-4, 4-2
pinf-12, 0-6
2
0
epi-1, 3-1
pinf-13, 0-7
ginf-5, 4-3
pinf-14, 2-5
pinf-15, 2-6
epi-2, 3-2
pinf-16, 0-8
Ok
1
1
epi-3, 4-1
pinf-17, 2-7
0
pinf-18, 4-2
false
Ok
er-1, 1-1, 4-1
0
3
ginf-6, 4-4
0
0
0
pinf-19, 2-8
egi-2, 0-2
None
epi-4, 3-3
0
Ok
1
0
None
0
3
Ok
3
false
pinf-20, 2-9
ginf-7, 2-3
anf-1, 3-1
None
0
ginf-8, 2-4
pinf-21, 2-10
Ok
egi-3, 4-1
egi-4, 0-3
0
ginf-9, 2-5
3
Ok
0
epi-5, 4-2
None
0
Ok
None
pinf-22, 2-11
0
pinf-23, 2-12
minf-4, 1-2
pinf-24, 2-13
rnf-2, 0-1, 4-2
pinf-25, 2-14
0
rnf-3, 0-2, 1-1
0
0
The person with this number does not exist
Ok
Ok
epi-6, 0-1
pinf-26, 2-15
er-2, 1-2, 4-2
3
1
Ok
epi-7, 0-2
0
epi-8, 1-1
pinf-27, 2-16
egi-5, 2-1
2
None
epi-9, 1-2
er-3, 1-3, 3-1
1
Ok
emi-1, 0-1
0
pinf-28, 1-1
2
rnf-4, 0-3, 4-3
0
rnf-5, 0-4, 3-2
true
None
1
rnf-6, 0-5, 3-3
0
0
pinf-29, 2-17
0
1
0
2
epi-10, 1-3
Ok
0
0
0
er-4, 1-4, 4-3
rnf-7, 0-6, 3-4
minf-5, 2-2
rnf-8, 0-7, 4-4
pinf-30, 1-2
er-5, 1-5, 4-4
Ok
egi-6, 1-1
0
0
0
The person with this number does not exist
Ok
epi-11, 1-4
pinf-31, 2-18
0
Ok
pinf-32, 2-19
0
epi-12, 4-3
81
rnf-9, 3-5, 4-5
egi-7, 3-1
0
minf-6, 1-3
1
The person with this number does not exist
epi-13, 3-4
1
8
0
0
pinf-33, 2-20
Ok
1
1
pinf-34, 2-21
egi-8, 3-2
0
1
0
1
pinf-35, 2-22
er-6, 1-6, 1-6
true
pinf-36, 2-23
0
pinf-37, 4-3
epi-14, 3-5
pinf-38, 2-24
0
1
pinf-39, 2-25
epi-15, 4-4
Ok
Ok
1
The person with this number does not exist
1
pinf-40, 2-26
epi-16, 1-5
1
pinf-41, 2-27
egi-9, 3-3
None
epi-17, 3-6
Ok
The person with this number does not exist
Ok
None
Ok
Ok
minf-7, 1-4
0
1
pinf-42, 2-28
None
pinf-43, 2-29
2
epi-18, 1-6
1
0
epi-19, 1-7
1
pinf-44, 2-30
pinf-45, 2-31
0
None
2
emi-2, 3-1
Ok
epi-20, 3-7
180
None
egi-10, 4-2
3
true
er-7, 0-1, 4-5
2
2
1
Ok
pinf-46, 2-32
0
Ok
1
pinf-47, 1-3
2
1
true
pinf-48, 4-4
epi-21, 0-3
3
pinf-49, 2-33
66
pinf-50, 2-34
emi-3, 0-2
pinf-51, 4-5
true
epi-22, 1-8
epi-23, 0-4
true
0
Ok
3
1
pinf-52, 2-35
pinf-53, 2-36
2
None
pinf-54, 4-6
true
epi-24, 4-5
pinf-55, 2-37
pinf-56, 2-38
0
1
0
egi-11, 3-4
0
pinf-57, 2-39
egi-12, 2-2
egi-13, 2-3
Ok
None
1
3
Ok
2
pinf-58, 2-40
epi-25, 4-6
None
epi-26, 1-9
epi-27, 4-7
2
epi-28, 3-8
rnf-10, 0-8, 3-6
Ok
egi-14, 2-4
None
Ok
0
epi-29, 4-8
Ok
2
emi-4, 1-1
1
0
pinf-59, 2-41
epi-30, 3-9
er-8, 0-2, 4-6
Ok
pinf-60, 2-42
0
pinf-61, 2-43
Ok
egi-15, 3-5
Ok
0
2
egi-16, 1-2
epi-31, 3-10
Ok
egi-17, 1-3
true
-728
Ok
3
162
minf-8, 1-5
The person with this number does not exist
minf-9, 1-6
2
pinf-62, 2-44
0
-728
er-9, 3-2, 4-7
0
epi-32, 4-9
294
0
9
2
Ok
pinf-63, 2-45
pinf-64, 2-46
Ok
egi-18, 0-4
pinf-65, 2-47
0
false
Ok
1
pinf-66, 2-48
58
1
-1568
epi-33, 3-11
Ok
None
-396
pinf-67, 2-49
0
-768
-396
pinf-68, 2-50
Ok
epi-34, 4-10
0
pinf-69, 2-51
0
epi-35, 4-11
1
minf-10, 0-1
pinf-70, 2-52
egi-19, 0-5
epi-36, 4-12
pinf-71, 2-53
0
Ok
1
pinf-72, 2-54
300
Ok
pinf-73, 4-7
0
0
300
1
-988
egi-20, 2-5
Ok
3
epi-37, 1-10
epi-38, 1-11
None
Ordinary message: 3
pinf-74, 2-55
epi-39, 1-12
pinf-75, 2-56
Ok
false
pinf-76, 2-57
1
Ordinary message: 3
epi-40, 0-5
The person with this number does not exist
162
epi-41, 0-6
None
epi-42, 4-13
The person with this number does not exist
0
true
93
-1568
Ok
egi-21, 1-4
Ok
epi-43, 1-13
epi-44, 3-12
er-10, 3-3, 4-8
epi-45, 1-14
pinf-77, 2-58
1
6
1
pinf-78, 2-59
pinf-79, 2-60
egi-22, 4-3
pinf-80, 2-61
pinf-81, 0-9
1
162
pinf-82, 2-62
pinf-83, 2-63
Ok
The person with this number does not exist
pinf-84, 2-64
pinf-85, 2-65
0
4
epi-46, 1-15
Ok
-1568
None
2
93
er-11, 3-4, 4-9
440
epi-47, 1-16
true
-988
None
egi-23, 1-5
0
er-12, 3-5, 3-5
None
1
pinf-86, 2-66
Ok
1
0
Ok
minf-11, 4-1
Ok
true
rnf-11, 1-2, 3-7
1
epi-48, 0-7
epi-49, 3-13
minf-12, 1-7
4
rnf-12, 1-3, 3-8
emi-5, 3-2
70
None
epi-50, 4-14
3
70
Ok
false
-1108
egi-24, 4-4
0
0
1
egi-25, 1-6
er-13, 3-6, 3-6
epi-51, 2-1
false
egi-26, 0-6
epi-52, 3-14
-1568
4
epi-53, 4-15
epi-54, 4-16
Ok
er-14, 4-10, 4-10
Ok
-1261
1
Ok
None
epi-55, 2-2
er-15, 3-7, 4-11
er-16, 0-3, 3-8
anf-2, 2-1
6
140
1
1
Ok
4
epi-56, 2-3
Ok
egi-27, 4-5
6
1
epi-57, 3-15
0
1
4
Ok
rnf-13, 0-9, 2-1
4
-947
-947
false
0
epi-58, 3-16
Ok
egi-28, 4-6
4
0
0
false
rnf-14, 1-4, 2-2
1
rnf-15, 1-5, 3-9
340
6
epi-59, 2-4
0
None
Ok
egi-29, 3-6
rnf-16, 0-10, 2-3
epi-60, 1-17
0
6
rnf-17, 2-4, 3-10
rnf-18, 1-6, 3-11
Ok
emi-6, 0-3
er-17, 4-12, 4-12
6
Ok
None
None
Ok
Ok
0
minf-13, 1-8
3
8
66
pinf-87, 0-10
Ok
340
340
epi-61, 2-5
Ordinary message: 4; Ordinary message: 4; Ordinary message: 3
8
egi-30, 4-7
Ok
egi-31, 1-7
pinf-88, 0-11
Ok
epi-62, 2-6
rnf-19, 0-11, 4-6
1
None
2
626
0
Ok
Ok
epi-63, 1-18
emi-7, 4-1
false
rnf-20, 0-12, 2-5
6
0
1
egi-32, 0-7
None
epi-64, 4-17
false
1
6
epi-65, 2-7
3
Ok
1
None
6
None
emi-8, 3-3
6
epi-66, 2-8
false
false
emi-9, 2-1
emi-10, 4-2
18
egi-33, 2-6
true
6
1
epi-67, 3-17
rnf-21, 0-13, 4-7
1
er-18, 4-13, 4-13
4
false
epi-68, 4-18
0
Ok
Ok
Ok
-1261
738
egi-34, 4-8
rnf-22, 0-14, 4-8
egi-35, 2-7
6
1
0
3
0
epi-69, 3-18
Ok
3
epi-70, 1-19
epi-71, 4-19
rnf-23, 1-7, 2-6
1
678
6
3
rnf-24, 0-15, 4-9
6
pinf-89, 0-12
1
3
emi-11, 2-2
1
3
false
738
er-19, 0-4, 0-4
0
Ok
true
4
1
Ok
1
Ok
Ok
-1061
-1061
false
Ok
epi-72, 4-20
None
3
None
0
Ok
None
-118
-118
emi-12, 3-4
false
6
epi-73, 2-9
3
946
3
false
minf-14, 1-9
Ok
552
rnf-25, 1-8, 2-7
None
true
emi-13, 0-4
1
Ok
7
4
1
-1245
1
1
er-20, 3-9, 4-14
23
None
0
93
1
552
minf-15, 4-2
1
er-21, 0-5, 1-7
Ok
1
er-22, 1-8, 4-15
7
Ok
Ordinary message: 4
1
Ok
2
None
true
emi-14, 0-5
epi-74, 3-19
rnf-26, 0-16, 2-8
minf-16, 2-3
Ok
-1701
-1701
1
-298
rnf-27, 0-17, 3-12
rnf-28, 1-9, 2-9
Ok
-1701
false
634
1
epi-75, 1-20
552
minf-17, 2-4
552
914
914
1
Ok
-1701
-1559
-1701
1
3
egi-36, 2-8
3
1
0
true
Ok
0
epi-76, 3-20
316
7
false
false
3
rnf-29, 0-18, 2-10
0
Ok
Ok
7
epi-77, 2-10
23
0
epi-78, 3-21
1
714
3
1
er-23, 4-16, 4-16
7
Ok
Ordinary message: 0; Ordinary message: 4; Ordinary message: 4; Ordinary message: 3
minf-18, 2-5
-298
1
18
1
3
Ok
epi-79, 0-8
1
Ok
egi-37, 3-7
rnf-30, 1-10, 2-11
false
1
Ok
1150
7
rnf-31, 2-12, 3-13
epi-80, 1-21
Ok
epi-81, 1-22
-2477
-1212
egi-38, 2-9
epi-82, 2-11
epi-83, 3-22
false
0
false
632
3
Ok
rnf-32, 0-19, 2-13
egi-39, 3-8
true
3
minf-19, 0-2
3
Ok
er-24, 3-10, 4-17
pinf-90, 0-13
69
4
epi-84, 4-21
egi-40, 4-9
-1628
Ok
egi-41, 0-8
Ok
7
epi-85, 4-22
0
1208
3
1
1
Ok
1208
4
0
-2477
7
epi-86, 1-23
epi-87, 4-23
er-25, 1-9, 2-1
egi-42, 0-9
true
1
minf-20, 2-6
1
1208
3
7
180
rnf-33, 2-14, 3-14
epi-88, 1-24
Ok
false
emi-15, 3-5
rnf-34, 0-20, 3-15
Ok
Ordinary message: 0; Ordinary message: 4; Ordinary message: 4; Ordinary message: 3
epi-89, 1-25
er-26, 3-11, 3-11
Ordinary message: 0; Ordinary message: 4; Ordinary message: 4; Ordinary message: 3
epi-90, 3-23
632
epi-91, 2-12
3
Ok
632
emi-16, 3-6
minf-21, 1-10
egi-43, 0-10
false
er-27, 1-10, 3-12
88
Ok
1
1
Ordinary message: 0; Ordinary message: 4; Ordinary message: 4; Ordinary message: 3
89
-225
egi-44, 2-10
Ok
egi-45, 1-8
-807
epi-92, 4-24
89
pinf-91, 0-14
180
0
Ok
epi-93, 1-26
Ok
None
-1628
9
Ok
1
pinf-92, 2-67
true
epi-94, 1-27
-225
-225
9
1
true
false
2
er-28, 0-6, 3-13
2
epi-95, 4-25
Ok
10
egi-46, 1-9
epi-96, 2-13
0
er-29, 1-11, 1-11
104
Ok
epi-97, 4-26
Ok
minf-22, 4-3
3
632
632
None
0
-807
88
Ordinary message: 0; Ordinary message: 4
Ordinary message: 0; Ordinary message: 4; Ordinary message: 4; Ordinary message: 3
10
true
true
632
er-30, 3-14, 3-14
emi-17, 3-7
2
159
None
2
rnf-35, 2-15, 3-16
2
egi-47, 0-11
0
egi-48, 3-9
minf-23, 4-4
1126
2
egi-49, 0-12
0
er-31, 1-12, 1-12
pinf-93, 0-15
10
10
true
Ok
emi-18, 3-8
10
Ok
egi-50, 4-10
Ordinary message: 0; Ordinary message: 4; Ordinary message: 4; Ordinary message: 3
3
pinf-94, 2-68
None
epi-98, 4-27
minf-24, 0-3
0
Ok
epi-99, 0-9
None
0
emi-19, 1-2
minf-25, 2-7
