0
Group does not exist
pinf-1, 2-1
0
0
ginf-1, 3-1
ginf-2, 0-1
0
ginf-3, 0-2
pinf-2, 0-1
pinf-3, 0-2
0
Ok
0
pinf-4, 3-1
pinf-5, 1-1
0
ginf-4, 3-2
ginf-5, 3-3
pinf-6, 1-2
pinf-7, 1-3
pinf-8, 3-2
Ok
pinf-9, 3-3
0
0
minf-1, 1-1
minf-2, 1-2
pinf-10, 1-4
0
pinf-11, 1-5
pinf-12, 0-3
pinf-13, 3-4
ginf-6, 1-1
0
Group does not exist
pinf-14, 3-5
None
Ok
Ok
Ok
3
None
0
epi-1, 0-1
anf-1, 0-1
minf-3, 3-1
ginf-7, 2-1
0
0
epi-2, 3-1
egi-1, 3-1
Ok
Ok
0
rnf-1, 1-1, 3-1
false
Ok
0
Group does not exist
ginf-8, 2-2
rnf-2, 2-1, 3-2
0
0
epi-3, 1-1
0
0
epi-4, 0-2
0
epi-5, 0-3
epi-6, 0-4
anf-2, 3-1
ginf-9, 2-3
epi-7, 1-2
0
0
egi-2, 1-1
None
0
true
pinf-15, 2-2
epi-8, 1-3
epi-9, 2-1
rnf-3, 0-1, 2-2
0
4
epi-10, 3-2
0
None
egi-3, 0-1
egi-4, 1-2
0
epi-11, 0-5
Ok
Ok
3
1
0
rnf-4, 0-2, 3-3
0
0
epi-12, 2-2
egi-5, 0-2
Ok
emi-1, 1-1
None
3
epi-13, 3-3
rnf-5, 0-3, 1-2
rnf-6, 2-3, 3-4
egi-6, 3-2
0
2
false
true
Group does not exist
emi-2, 1-2
1
Ok
epi-14, 3-4
0
None
None
Ok
ginf-10, 2-4
None
0
epi-15, 1-4
0
epi-16, 1-5
rnf-7, 0-4, 3-5
2
minf-4, 0-1
2
true
None
2
ginf-11, 2-5
0
None
2
0
true
0
2
Ok
epi-17, 3-5
rnf-8, 0-5, 1-3
epi-18, 2-3
ginf-12, 2-6
0
pinf-16, 2-3
Group does not exist
0
Ok
minf-5, 3-2
None
65
er-1, 3-1, 3-1
0
0
Ok
egi-7, 2-1
epi-19, 0-6
0
false
2
Ok
94
2
Ok
2
epi-20, 1-6
rnf-9, 0-6, 1-4
rnf-10, 0-7, 1-5
94
0
0
egi-8, 3-3
0
Ok
1
true
None
1
0
1
Ok
Ok
2
0
1
egi-9, 1-3
2
epi-21, 3-6
emi-3, 3-1
egi-10, 0-3
epi-22, 3-7
er-2, 1-1, 1-1
0
0
0
None
epi-23, 0-7
minf-6, 2-1
None
emi-4, 3-2
2
egi-11, 2-2
0
1
false
epi-24, 2-4
0
rnf-11, 0-8, 1-6
Ok
false
Ok
0
None
true
188
minf-7, 2-2
minf-8, 2-3
0
2
0
3
1
3
None
rnf-12, 2-4, 3-6
2
egi-12, 3-4
emi-5, 0-1
2
2
epi-25, 0-8
minf-9, 2-4
2
0
3
2
3
Ok
epi-26, 2-5
epi-27, 3-8
0
epi-28, 2-6
pinf-17, 2-4
0
3
epi-29, 0-9
egi-13, 2-3
1
0
epi-30, 1-7
1
true
94
0
epi-31, 2-7
true
Ok
0
Ok
0
epi-32, 1-8
epi-33, 3-9
emi-6, 0-2
0
0
epi-34, 2-8
0
epi-35, 1-9
0
rnf-13, 0-9, 1-7
er-3, 0-1, 0-1
0
epi-36, 3-10
0
emi-7, 0-3
1
0
0
1
0
Ok
false
94
0
Ok
epi-37, 1-10
0
92
minf-10, 2-5
0
0
emi-8, 1-3
Ok
0
None
None
0
rnf-14, 1-8, 3-7
epi-38, 2-9
0
0
3
0
Ok
Ok
1
rnf-15, 0-10, 1-9
0
0
emi-9, 1-4
epi-39, 0-10
epi-40, 1-11
3
epi-41, 1-12
emi-10, 1-5
3
92
false
minf-11, 2-6
epi-42, 1-13
Ok
0
Ok
epi-43, 0-11
None
3
0
398
398
emi-11, 3-3
epi-44, 2-10
Ok
epi-45, 0-12
Ok
0
1
0
None
epi-46, 1-14
3
emi-12, 0-4
Ok
pinf-18, 2-5
er-4, 0-2, 2-1
pinf-19, 2-6
epi-47, 2-11
pinf-20, 2-7
2
0
0
epi-48, 1-15
rnf-16, 0-11, 1-10
Ok
912
epi-49, 2-12
epi-50, 2-13
None
1
0
0
epi-51, 2-14
rnf-17, 1-11, 3-8
rnf-18, 1-12, 3-9
er-5, 2-2, 2-2
0
Ok
1
199
epi-52, 0-13
pinf-21, 2-8
true
Ok
Ok
0
188
false
1
epi-53, 1-16
0
2
2
egi-14, 2-4
0
2
2
false
2
2
1
epi-54, 1-17
3
958
false
0
None
Ok
958
Ok
23
Ok
true
0
er-6, 2-3, 2-3
3
epi-55, 3-11
199
1
Ok
1
rnf-19, 2-5, 3-10
0
epi-56, 0-14
0
egi-15, 2-5
2
true
epi-57, 2-15
1
0
pinf-22, 2-9
0
0
2
Ok
585
true
epi-58, 2-16
1
Ok
23
minf-12, 3-3
1
true
2
false
1134
egi-16, 2-6
0
Ok
-182
0
egi-17, 2-7
er-7, 1-2, 2-4
epi-59, 3-12
epi-60, 2-17
1134
0
1
Ok
0
3
None
1
2
epi-61, 3-13
epi-62, 0-15
502
1
epi-63, 1-18
egi-18, 3-5
0
er-8, 0-3, 2-5
epi-64, 3-14
403
1
2
1
2
Ok
710
false
2
emi-13, 1-6
86
0
2
true
er-9, 1-3, 2-6
emi-14, 0-5
2
1
2
0
3
false
0
egi-19, 3-6
Ok
Ok
None
2
-499
egi-20, 0-4
egi-21, 1-4
2
er-10, 0-4, 2-7
2
710
egi-22, 0-5
epi-65, 3-15
1
emi-15, 0-6
2
epi-66, 2-18
Ok
egi-23, 1-5
None
egi-24, 0-6
2
epi-67, 1-19
251
3
1
false
-499
0
epi-68, 0-16
emi-16, 3-4
0
egi-25, 3-7
epi-69, 0-17
2
epi-70, 0-18
86
Ok
251
0
Ok
Ok
true
Ok
Ok
true
Ok
epi-71, 0-19
epi-72, 0-20
epi-73, 0-21
epi-74, 0-22
epi-75, 3-16
false
2
2
2
-889
0
emi-17, 0-7
epi-76, 0-23
Ok
2
502
2
251
Ok
0
1
true
epi-77, 0-24
epi-78, 2-19
epi-79, 0-25
epi-80, 1-20
Ok
None
251
2
false
pinf-23, 3-6
None
emi-18, 1-7
94
Ordinary message: 2
egi-26, 3-8
3
epi-81, 3-17
188
epi-82, 1-21
3
epi-83, 0-26
1
false
emi-19, 2-1
epi-84, 3-18
rnf-20, 1-13, 3-11
2
emi-20, 2-2
2
188
2
er-11, 2-8, 2-8
1166
pinf-24, 3-7
1
false
Ok
epi-85, 0-27
0
pinf-25, 2-10
1166
-1888
238
emi-21, 1-8
Ok
Ok
Ordinary message: 3; Ordinary message: 0
er-12, 2-9, 2-9
epi-86, 1-22
1
Ok
Ok
egi-27, 0-7
188
2
Ok
egi-28, 3-9
3
false
rnf-21, 2-6, 3-12
pinf-26, 0-4
3
502
egi-29, 1-6
epi-87, 3-19
0
502
2
None
epi-88, 3-20
188
egi-30, 1-7
-1040
0
egi-31, 2-8
3
true
188
1
true
epi-89, 0-28
pinf-27, 3-8
Ok
3
egi-32, 0-8
true
true
egi-33, 3-10
292
Ok
epi-90, 0-29
1
epi-91, 0-30
egi-34, 3-11
pinf-28, 0-5
Ok
Ordinary message: 3; Ordinary message: 0
true
epi-92, 2-20
pinf-29, 2-11
pinf-30, 2-12
12
94
1
er-13, 2-10, 2-10
3
egi-35, 1-8
rnf-22, 1-14, 3-13
1
0
egi-36, 3-12
None
3
3
0
pinf-31, 3-9
226
2
emi-22, 3-5
0
Ok
er-14, 0-5, 2-11
0
-889
-1040
true
0
2
226
pinf-32, 2-13
2
egi-37, 2-9
er-15, 1-4, 2-12
-41
er-16, 0-6, 1-5
Ok
egi-38, 1-9
epi-93, 1-23
er-17, 0-7, 2-13
-1040
2
2
2
2
emi-23, 2-3
None
2
Ok
0
2
Ok
Ok
emi-24, 2-4
-889
emi-25, 1-9
None
epi-94, 2-21
epi-95, 3-21
Ok
emi-26, 3-6
Ok
Ordinary message: 0; Ordinary message: 2
true
epi-96, 2-22
3
131
epi-97, 2-23
Ok
Ok
Ok
0
-1888
er-18, 1-6, 2-14
0
12
Ordinary message: 3; Ordinary message: 0
er-19, 2-15, 2-15
emi-27, 1-10
-41
2
Ordinary message: 0; Ordinary message: 2
0
2
epi-98, 1-24
Ok
0
egi-39, 3-13
Ok
pinf-33, 2-14
Ok
-1888
12
epi-99, 1-25
epi-100, 2-24
egi-40, 1-10
2
er-20, 2-16, 2-16
18
2
Ok
Ok
er-21, 0-8, 1-7
-1888
er-22, 0-9, 0-9
Ok
egi-41, 2-10
epi-101, 0-31
None
true
epi-102, 0-32
true
4
emi-28, 3-7
2
2
Ok
epi-103, 1-26
Ok
569
0
-2577
er-23, 0-10, 2-17
egi-42, 3-14
2
epi-104, 1-27
pinf-34, 3-10
Ok
Ok
173
1508
true
er-24, 0-11, 2-18
-2577
18
true
None
12
epi-105, 3-22
2
4
pinf-35, 2-15
Ok
2
egi-43, 3-15
-1578
0
2
4
2
epi-106, 0-33
er-25, 1-8, 2-19
0
Ok
er-26, 1-9, 2-20
er-27, 1-10, 3-2
Ok
None
pinf-36, 3-11
Ok
Ordinary message: 3; Ordinary message: 0
epi-107, 0-34
None
2
0
-1578
-1578
Ok
Ok
Ordinary message: 3; Ordinary message: 0
None
egi-44, 2-11
4
Ok
pinf-37, 2-16
true
None
2
Ok
egi-45, 0-9
epi-108, 2-25
true
er-28, 0-12, 3-3
true
emi-29, 0-8
-1578
epi-109, 1-28
4
epi-110, 0-35
epi-111, 2-26
Ordinary message: 0; Ordinary message: 2
Ok
emi-30, 2-5
true
epi-112, 3-23
epi-113, 2-27
-1040
pinf-38, 2-17
12
0
epi-114, 0-36
4
2
0
0
pinf-39, 3-12
true
None
1
true
4
true
Ok
epi-115, 3-24
Ok
1
emi-31, 3-8
-1578
1
4
Ok
egi-46, 1-11
24
egi-47, 2-12
egi-48, 3-16
24
1
er-29, 0-13, 1-11
emi-32, 0-9
1
0
er-30, 0-14, 0-14
0
epi-116, 2-28
egi-49, 0-10
Ok
2
egi-50, 0-11
egi-51, 0-12
epi-117, 2-29
2
4
0
epi-118, 0-37
1
pinf-40, 2-18
emi-33, 1-11
0
0
Ok
emi-34, 3-9
None
2
0
573
1
0
Ok
epi-119, 2-30
Ordinary message: 0; Ordinary message: 3; Ordinary message: 0
epi-120, 3-25
Ok
-2761
Ordinary message: 0; Ordinary message: 3; Ordinary message: 0
0
epi-121, 1-29
Ok
2
true
Ok
4
epi-122, 1-30
pinf-41, 2-19
561
0
None
egi-52, 1-12
12
1
2
epi-123, 0-38
0
334
2
egi-53, 0-13
Ordinary message: 0; Ordinary message: 3; Ordinary message: 0
-1762
144
0
Ok
2
epi-124, 1-31
-1040
true
true
1
2
0
epi-125, 1-32
None
282
er-31, 1-12, 2-21
epi-126, 0-39
Ok
-1762
epi-127, 2-31
pinf-42, 2-20
-41
Ok
egi-54, 0-14
Ok
2
epi-128, 1-33
true
2
None
minf-13, 0-2
2
0
2
true
2
4
265
true
Ok
pinf-43, 3-13
minf-14, 0-3
er-32, 0-15, 3-4
emi-35, 3-10
Ok
4
epi-129, 1-34
0
Ok
1
4
egi-55, 2-13
