pinf-1, 1-1
0
0
0
Ok
pinf-2, 5-1
pinf-3, 1-2
pinf-4, 3-1
minf-1, 4-1
pinf-5, 4-1
ginf-1, 3-1
pinf-6, 5-2
pinf-7, 8-1
pinf-8, 4-2
pinf-9, 3-2
0
ginf-2, 5-1
pinf-10, 2-1
pinf-11, 8-2
ginf-3, 4-1
Ok
pinf-12, 3-3
minf-2, 1-1
pinf-13, 1-3
0
pinf-14, 4-3
Ok
0
ginf-4, 6-1
ginf-5, 2-1
pinf-15, 4-4
The person with this number does not exist
pinf-16, 3-4
ginf-6, 1-1
ginf-7, 6-2
pinf-17, 6-1
pinf-18, 8-3
ginf-8, 2-2
pinf-19, 0-1
The person with this number does not exist
pinf-20, 0-2
pinf-21, 7-1
pinf-22, 8-4
anf-1, 1-1
ginf-9, 3-2
ginf-10, 8-1
pinf-23, 4-5
pinf-24, 8-5
pinf-25, 6-2
ginf-11, 0-1
Ok
pinf-26, 4-6
ginf-12, 8-2
ginf-13, 4-2
pinf-27, 4-7
pinf-28, 7-2
Group does not exist
pinf-29, 2-2
Ok
ginf-14, 3-3
ginf-15, 6-3
pinf-30, 4-8
ginf-16, 2-3
ginf-17, 2-4
Ok
epi-1, 9-1
The person with this number does not exist
0
Ok
Group does not exist
pinf-31, 4-9
0
Ok
ginf-18, 4-3
pinf-32, 2-3
minf-3, 9-1
pinf-33, 8-6
ginf-19, 4-4
minf-4, 7-1
pinf-34, 4-10
ginf-20, 2-5
Ok
anf-2, 5-1
0
egi-1, 9-1
pinf-35, 2-4
pinf-36, 6-3
Ok
pinf-37, 2-5
pinf-38, 7-3
pinf-39, 4-11
None
pinf-40, 6-4
0
0
ginf-21, 5-2
pinf-41, 4-12
epi-2, 5-1
pinf-42, 7-4
pinf-43, 8-7
ginf-22, 8-3
0
0
pinf-44, 2-6
ginf-23, 2-6
Group does not exist
0
anf-3, 3-1
ginf-24, 6-4
ginf-25, 6-5
pinf-45, 7-5
0
pinf-46, 6-5
Ok
minf-5, 9-2
pinf-47, 2-7
pinf-48, 4-13
ginf-26, 8-4
0
0
Ok
pinf-49, 6-6
pinf-50, 6-7
epi-3, 3-1
pinf-51, 8-8
Ok
egi-2, 9-2
ginf-27, 2-7
pinf-52, 8-9
pinf-53, 7-6
pinf-54, 8-10
pinf-55, 0-3
1
Ok
pinf-56, 2-8
minf-6, 4-2
epi-4, 1-1
2
1
The person with this number does not exist
minf-7, 1-2
1
Ok
Ok
0
pinf-57, 8-11
pinf-58, 2-9
minf-8, 9-3
pinf-59, 0-4
Ok
pinf-60, 2-10
pinf-61, 6-8
0
Ok
Group does not exist
1
pinf-62, 2-11
1
pinf-63, 0-5
minf-9, 0-1
1
0
pinf-64, 6-9
epi-5, 9-2
pinf-65, 7-7
ginf-28, 6-6
false
pinf-66, 4-14
minf-10, 2-1
ginf-29, 0-2
pinf-67, 4-15
0
pinf-68, 6-10
pinf-69, 8-12
pinf-70, 2-12
pinf-71, 8-13
ginf-30, 0-3
1
1
pinf-72, 2-13
0
2
pinf-73, 8-14
Ok
pinf-74, 0-6
pinf-75, 4-16
1
Ok
minf-11, 8-1
pinf-76, 7-8
pinf-77, 2-14
2
pinf-78, 7-9
pinf-79, 4-17
1
pinf-80, 8-15
1
0
2
2
epi-6, 1-2
pinf-81, 7-10
rnf-1, 3-1, 5-1
pinf-82, 0-7
0
false
egi-3, 5-1
minf-12, 6-1
pinf-83, 6-11
1
pinf-84, 2-15
Ok
1
pinf-85, 8-16
minf-13, 8-2
egi-4, 3-1
0
pinf-86, 4-18
pinf-87, 8-17
pinf-88, 8-18
The person with this number does not exist
0
Ok
0
0
ginf-31, 6-7
0
0
Group does not exist
The person with this number does not exist
0
minf-14, 2-2
epi-7, 3-2
5
1
None
epi-8, 5-2
0
pinf-89, 6-12
Ok
pinf-90, 7-11
0
minf-15, 8-3
1
None
The person with this number does not exist
pinf-91, 2-16
pinf-92, 0-8
0
0
ginf-32, 6-8
pinf-93, 0-9
0
minf-16, 5-1
None
0
pinf-94, 6-13
pinf-95, 8-19
5
minf-17, 1-3
0
pinf-96, 0-10
pinf-97, 8-20
The person with this number does not exist
pinf-98, 0-11
None
None
egi-5, 2-1
1
Ok
50
true
Ok
pinf-99, 2-17
pinf-100, 0-12
pinf-101, 2-18
minf-18, 1-4
1
pinf-102, 0-13
Ok
er-1, 1-1, 9-1
pinf-103, 0-14
egi-6, 7-1
pinf-104, 7-12
4
pinf-105, 2-19
93
minf-19, 0-2
The person with this number does not exist
pinf-106, 0-15
None
None
Ok
pinf-107, 0-16
1
The person with this number does not exist
pinf-108, 0-17
None
Ok
pinf-109, 2-20
egi-7, 2-2
None
1
rnf-2, 1-1, 4-1
Ok
5
minf-20, 9-4
epi-9, 9-3
epi-10, 1-3
egi-8, 5-2
pinf-110, 6-14
minf-21, 4-3
0
minf-22, 3-1
5
egi-9, 4-1
anf-4, 3-2
None
ginf-33, 6-9
minf-23, 5-2
egi-10, 5-3
false
0
pinf-111, 2-21
epi-11, 3-3
minf-24, 7-2
0
egi-11, 3-2
1
1
minf-25, 2-3
5
pinf-112, 2-22
1
5
pinf-113, 0-18
pinf-114, 0-19
egi-12, 4-2
0
None
epi-12, 1-4
pinf-115, 0-20
egi-13, 2-3
Ok
2
ginf-34, 6-10
pinf-116, 0-21
1
0
minf-26, 0-3
Ok
minf-27, 0-4
0
Ok
rnf-3, 3-2, 8-1
8
Ok
186
5
0
rnf-4, 4-2, 9-1
2
Ok
rnf-5, 5-2, 7-1
None
5
None
Ok
0
1
pinf-117, 0-22
Ok
0
epi-13, 8-1
0
anf-5, 3-3
pinf-118, 0-23
pinf-119, 4-19
egi-14, 3-3
egi-15, 3-4
rnf-6, 3-3, 4-3
1
pinf-120, 0-24
4
0
rnf-7, 3-4, 8-2
0
epi-14, 2-1
epi-15, 3-4
1
Ok
pinf-121, 0-25
pinf-122, 6-15
pinf-123, 7-13
3
3
3
minf-28, 6-2
rnf-8, 3-5, 8-3
4
None
pinf-124, 6-16
egi-16, 5-4
None
false
pinf-125, 6-17
epi-16, 2-2
Ok
minf-29, 0-5
minf-30, 7-3
0
4
minf-31, 7-4
true
Ok
ginf-35, 6-11
egi-17, 3-5
emi-1, 2-1
egi-18, 0-1
3
0
ginf-36, 6-12
5
8
Ok
Ok
emi-2, 9-1
epi-17, 7-1
false
0
rnf-9, 5-3, 6-1
Ok
Ok
minf-32, 1-5
egi-19, 4-3
epi-18, 3-5
0
epi-19, 7-2
Ok
0
emi-3, 2-2
rnf-10, 3-6, 6-2
epi-20, 9-4
egi-20, 9-3
epi-21, 1-5
Ok
4
er-2, 1-2, 5-1
0
None
4
minf-33, 1-6
0
186
1
anf-6, 3-4
Ok
9
3
0
3
rnf-11, 3-7, 4-4
0
1
Ok
3
3
Ok
emi-4, 9-2
epi-22, 8-2
4
rnf-12, 2-1, 8-4
0
50
Ok
epi-23, 0-1
Ok
false
rnf-13, 3-8, 7-2
None
3
rnf-14, 0-1, 4-5
186
3
epi-24, 5-3
true
Ok
pinf-126, 4-20
0
0
false
4
1
None
0
rnf-15, 8-5, 9-2
186
0
Ok
0
0
0
Ok
emi-5, 5-1
egi-21, 2-4
rnf-16, 0-2, 9-3
epi-25, 8-3
false
0
minf-34, 3-2
3
rnf-17, 7-3, 9-4
0
0
None
rnf-18, 2-2, 6-3
4
0
epi-26, 7-3
None
3
Ok
er-3, 1-3, 6-1
epi-27, 2-3
4
emi-6, 9-3
egi-22, 1-1
emi-7, 6-1
rnf-19, 6-4, 7-4
None
0
epi-28, 3-6
egi-23, 3-6
Ok
0
rnf-20, 0-3, 4-6
epi-29, 9-5
Ok
1
0
0
false
epi-30, 9-6
7
4
0
Ok
2
egi-24, 7-2
Ok
Ok
Ok
rnf-21, 4-7, 5-4
0
epi-31, 7-4
epi-32, 2-4
0
Ok
emi-8, 8-1
9
rnf-22, 1-2, 2-3
true
rnf-23, 0-4, 6-5
Ok
16
3
2
8
0
None
Ok
epi-33, 4-1
Ok
Ok
0
2
epi-34, 7-5
egi-25, 8-1
Ok
epi-35, 6-1
0
4
rnf-24, 5-5, 7-5
-203
0
0
Ok
rnf-25, 3-9, 5-6
0
0
9
0
3
0
er-4, 3-1, 3-1
true
anf-7, 2-1
2
0
0
4
egi-26, 9-4
4
true
rnf-26, 0-5, 8-6
0
0
rnf-27, 0-6, 8-7
302
rnf-28, 2-4, 7-6
0
epi-36, 2-5
rnf-29, 3-10, 5-7
egi-27, 1-2
4
302
anf-8, 0-1
None
egi-28, 1-3
epi-37, 7-6
egi-29, 2-5
4
true
rnf-30, 6-6, 8-8
epi-38, 0-2
3
None
Ok
egi-30, 4-4
true
Ok
Ok
4
Ok
Ok
6
Ok
epi-39, 5-4
None
rnf-31, 0-7, 9-5
Ok
None
2
egi-31, 7-3
Ok
emi-9, 9-4
-203
egi-32, 2-6
21
egi-33, 6-1
3
2
emi-10, 4-1
epi-40, 1-6
0
2
2
rnf-32, 2-5, 6-7
epi-41, 4-2
0
0
0
1
6
0
0
2
Ok
epi-42, 9-7
emi-11, 2-3
0
Ok
Ordinary message: 6
3
Ok
true
1
Ok
egi-34, 7-4
epi-43, 4-3
0
None
true
0
0
6
minf-35, 7-5
1
Ok
er-5, 0-1, 7-1
5
Ok
epi-44, 1-7
6
7
1
epi-45, 1-8
3
epi-46, 4-4
epi-47, 8-4
6
pinf-127, 6-18
Ok
Ok
6
epi-48, 4-5
true
1
Ok
1
7
0
egi-35, 0-2
epi-49, 1-9
true
minf-36, 6-3
rnf-33, 0-8, 9-6
rnf-34, 2-6, 8-9
6
emi-12, 3-1
0
1
0
epi-50, 1-10
Ok
true
0
egi-36, 4-5
None
3
1
minf-37, 7-6
0
6
minf-38, 7-7
294
epi-51, 0-3
None
0
epi-52, 9-8
None
epi-53, 6-2
0
minf-39, 7-8
epi-54, 3-7
0
epi-55, 4-6
3
Ok
rnf-35, 0-9, 8-10
egi-37, 8-2
epi-56, 4-7
3
0
pinf-128, 4-21
0
3
true
3
rnf-36, 0-10, 9-7
0
pinf-129, 4-22
emi-13, 8-2
1
egi-38, 6-2
1
rnf-37, 0-11, 8-11
89
Ok
1
Ok
Ok
0
Ok
6
true
egi-39, 7-5
0
42
Ok
0
0
-203
Ok
rnf-38, 0-12, 6-8
er-6, 5-2, 8-1
0
egi-40, 2-7
Ok
Ok
egi-41, 9-5
rnf-39, 1-3, 3-11
-203
0
egi-42, 3-7
Ok
3
96
7
rnf-40, 6-9, 9-8
rnf-41, 1-4, 2-7
0
Ok
0
0
0
3
1
Ok
Ok
Ok
3
rnf-42, 6-10, 7-7
rnf-43, 6-11, 9-9
Ok
emi-14, 2-4
egi-43, 1-4
7
epi-57, 0-4
Ok
Ok
7
emi-15, 2-5
3
true
0
Ok
true
epi-58, 5-5
8
8
epi-59, 1-11
true
0
0
epi-60, 6-3
3
epi-61, 8-5
egi-44, 8-3
epi-62, 8-6
true
0
8
8
244
3
None
3
None
er-7, 3-2, 9-2
Ok
minf-40, 9-5
Ok
0
egi-45, 2-8
Ok
Ok
21
epi-63, 4-8
epi-64, 8-7
pinf-130, 6-19
Ok
pinf-131, 3-5
pinf-132, 3-6
Ok
0
None
3
epi-65, 7-7
3
2
0
Ok
0
10
egi-46, 8-4
2
0
None
None
rnf-44, 4-8, 8-12
emi-16, 8-3
10
rnf-45, 0-13, 9-10
epi-66, 5-6
Ok
2
0
Ok
2
None
epi-67, 4-9
67
epi-68, 6-4
10
2
emi-17, 4-2
None
-203
2
0
Ok
2
epi-69, 4-10
2
0
5
None
pinf-133, 6-20
true
2
egi-47, 1-5
0
Ok
11
minf-41, 7-9
122
Ok
Ok
None
None
1
0
None
true
14
Ok
er-8, 0-2, 1-4
epi-70, 0-5
0
rnf-46, 4-9, 6-12
rnf-47, 1-5, 2-8
0
-203
epi-71, 5-7
egi-48, 8-5
emi-18, 4-3
true
11
rnf-48, 1-6, 8-13
0
Ok
egi-49, 0-3
Ok
epi-72, 4-11
minf-42, 1-7
Ok
egi-50, 4-6
None
5
emi-19, 9-5
epi-73, 0-6
er-9, 3-3, 6-2
epi-74, 8-8
pinf-134, 6-21
epi-75, 9-9
true
epi-76, 6-5
717
epi-77, 0-7
minf-43, 1-8
Ok
rnf-49, 0-14, 9-11
0
2
epi-78, 9-10
11
emi-20, 0-1
1054
2
true
egi-51, 2-9
rnf-50, 0-15, 2-9
3
epi-79, 0-8
er-10, 1-5, 4-1
1
1054
0
1
Ok
egi-52, 0-4
194
0
11
0
3
-277
11
1
Ok
Ok
Ok
0
Ok
194
2
true
122
emi-21, 5-2
