ginf-1, 7-1
ginf-2, 1-1
The person with this number does not exist
ginf-3, 10-1
0
ginf-4, 7-2
pinf-1, 2-1
pinf-2, 5-1
Ok
0
0
Ok
pinf-3, 1-1
The person with this number does not exist
pinf-4, 7-1
ginf-5, 7-3
minf-1, 9-1
pinf-5, 9-1
Ok
pinf-6, 9-2
Group does not exist
pinf-7, 2-2
ginf-6, 8-1
ginf-7, 10-2
0
ginf-8, 2-1
0
pinf-8, 0-1
pinf-9, 9-3
minf-2, 8-1
pinf-10, 0-2
minf-3, 3-1
0
pinf-11, 8-1
Ok
pinf-12, 4-1
3
ginf-9, 3-1
Ok
pinf-13, 8-2
Ok
0
epi-1, 9-1
ginf-10, 1-2
ginf-11, 5-1
ginf-12, 2-2
Ok
pinf-14, 8-3
pinf-15, 2-3
None
ginf-13, 6-1
Ok
5
The person with this number does not exist
0
epi-2, 10-1
0
pinf-16, 5-2
Ok
minf-4, 8-2
0
pinf-17, 1-2
Group does not exist
false
pinf-18, 6-1
pinf-19, 8-4
Ok
Ok
pinf-20, 1-3
Group does not exist
rnf-1, 9-1, 10-1
pinf-21, 4-2
0
ginf-14, 3-2
0
ginf-15, 7-4
Group does not exist
6
pinf-22, 8-5
None
rnf-2, 5-1, 10-2
0
Group does not exist
anf-1, 10-1
epi-3, 9-2
6
anf-2, 9-1
minf-5, 2-1
ginf-16, 7-5
rnf-3, 7-1, 9-2
pinf-23, 1-4
Ok
Ok
0
The person with this number does not exist
pinf-24, 4-3
minf-6, 6-1
rnf-4, 5-2, 7-2
epi-4, 5-1
egi-1, 4-1
0
epi-5, 7-1
0
epi-6, 1-1
The person with this number does not exist
pinf-25, 4-4
anf-3, 0-1
ginf-17, 6-2
Ok
Ok
egi-2, 9-1
pinf-26, 8-6
rnf-5, 0-1, 3-1
false
pinf-27, 2-4
0
egi-3, 8-1
epi-7, 10-2
pinf-28, 2-5
minf-7, 3-2
Group does not exist
pinf-29, 4-5
egi-4, 9-2
Ok
anf-4, 5-1
Ok
pinf-30, 2-6
er-1, 9-1, 9-1
Ok
epi-8, 9-3
rnf-6, 0-2, 10-3
epi-9, 5-2
epi-10, 1-2
egi-5, 5-1
0
pinf-31, 4-6
7
0
epi-11, 10-3
pinf-32, 2-7
false
pinf-33, 4-7
pinf-34, 4-8
7
epi-12, 9-4
egi-6, 9-3
minf-8, 3-3
Ok
0
0
rnf-7, 3-2, 7-3
0
egi-7, 4-2
0
Ok
Ok
Ok
Ok
Ok
Ok
pinf-35, 4-9
0
epi-13, 9-5
ginf-18, 6-3
pinf-36, 2-8
pinf-37, 6-2
minf-9, 3-4
pinf-38, 2-9
5
0
0
Ok
pinf-39, 4-10
5
pinf-40, 2-10
minf-10, 0-1
pinf-41, 2-11
0
pinf-42, 4-11
pinf-43, 6-3
epi-14, 0-1
rnf-8, 8-1, 10-4
epi-15, 5-3
rnf-9, 7-4, 10-5
minf-11, 10-1
0
epi-16, 5-4
Ok
Ok
rnf-10, 2-1, 5-3
Ok
0
0
Ok
None
epi-17, 2-1
None
pinf-44, 4-12
ginf-19, 6-4
4
pinf-45, 6-4
0
None
epi-18, 5-5
egi-8, 2-1
pinf-46, 6-5
None
rnf-11, 2-2, 3-3
egi-9, 1-1
epi-19, 0-2
0
rnf-12, 1-1, 2-3
3
3
minf-12, 4-1
rnf-13, 1-2, 10-6
0
epi-20, 7-2
Ok
1
pinf-47, 4-13
3
Ok
rnf-14, 5-4, 7-5
7
0
3
pinf-48, 4-14
Ok
0
emi-1, 10-1
pinf-49, 4-15
anf-5, 2-1
3
0
3
0
pinf-50, 4-16
0
ginf-20, 6-5
epi-21, 5-6
4
minf-13, 9-2
4
Ok
rnf-15, 1-3, 8-2
epi-22, 8-1
rnf-16, 5-5, 8-3
epi-23, 3-1
None
Ok
3
ginf-21, 6-6
emi-2, 2-1
Ok
epi-24, 6-1
ginf-22, 6-7
Ok
Ok
0
emi-3, 10-2
0
0
pinf-51, 4-17
0
egi-10, 10-1
Ok
None
8
0
0
epi-25, 2-2
0
0
None
0
emi-4, 2-2
egi-11, 1-2
ginf-23, 6-8
emi-5, 5-1
Ok
4
0
3
epi-26, 1-3
pinf-52, 4-18
pinf-53, 4-19
0
pinf-54, 4-20
4
Ok
false
0
egi-12, 3-1
0
true
Ok
0
rnf-17, 0-3, 9-3
rnf-18, 3-4, 10-7
pinf-55, 4-21
epi-27, 10-4
pinf-56, 4-22
3
0
emi-6, 1-1
0
Ordinary message: 10
None
Ok
false
rnf-19, 2-4, 5-6
pinf-57, 4-23
Ok
epi-28, 3-2
0
0
rnf-20, 0-4, 2-5
4
epi-29, 0-3
0
Ok
3
rnf-21, 7-6, 8-4
None
Ok
Ordinary message: 10
0
3
rnf-22, 3-5, 10-8
0
minf-14, 7-1
Ok
rnf-23, 1-4, 7-7
The person with this number does not exist
minf-15, 7-2
None
None
egi-13, 9-4
3
rnf-24, 2-6, 3-6
epi-30, 6-2
epi-31, 0-4
4
0
ginf-24, 6-9
egi-14, 8-2
epi-32, 3-3
epi-33, 2-3
0
Ordinary message: 10
7
3
0
emi-7, 5-2
0
0
emi-8, 1-2
epi-34, 8-2
0
0
Ok
er-2, 1-1, 5-1
None
Ok
3
Ok
The person with this number does not exist
true
None
epi-35, 1-4
0
Ok
342
2
false
true
2
2
198
rnf-25, 5-7, 6-1
rnf-26, 2-7, 5-8
Ok
112
Ok
Ordinary message: 10
egi-15, 4-3
Ok
pinf-58, 4-24
Ok
0
Ok
0
0
minf-16, 4-2
0
egi-16, 5-2
Ok
342
ginf-25, 6-10
ginf-26, 6-11
true
8
ginf-27, 6-12
pinf-59, 4-25
None
egi-17, 3-2
1
minf-17, 3-5
0
epi-36, 0-5
0
Ok
None
0
epi-37, 1-5
4
Ok
0
Ok
epi-38, 9-6
epi-39, 7-3
Ok
0
0
10
None
rnf-27, 6-2, 10-9
Group does not exist
Ordinary message: 10
1
true
0
pinf-60, 4-26
10
true
1
8
Ok
Ok
Group does not exist
pinf-61, 4-27
er-3, 6-1, 6-1
None
rnf-28, 5-9, 9-4
minf-18, 3-6
epi-40, 0-6
39
pinf-62, 7-2
minf-19, 0-2
1
Ordinary message: 5
None
rnf-29, 0-5, 10-10
epi-41, 10-5
0
pinf-63, 4-28
1
1
pinf-64, 7-3
0
0
pinf-65, 4-29
1
ginf-28, 6-13
epi-42, 8-3
pinf-66, 7-4
rnf-30, 5-10, 7-8
10
egi-18, 1-3
epi-43, 9-7
None
Ok
minf-20, 4-3
minf-21, 8-3
emi-9, 1-3
rnf-31, 3-7, 6-3
None
ginf-29, 6-14
minf-22, 7-3
0
56
epi-44, 0-7
4
rnf-32, 1-5, 8-5
minf-23, 7-4
1
1
Ok
true
7
epi-45, 6-3
epi-46, 0-8
3
egi-19, 9-5
1
1
3
egi-20, 5-3
rnf-33, 6-4, 10-11
Ok
rnf-34, 3-8, 6-5
egi-21, 10-2
3
3
pinf-67, 4-30
true
epi-47, 9-8
Ok
1
emi-10, 6-1
1
None
er-4, 10-1, 10-1
epi-48, 0-9
3
0
0
egi-22, 9-6
1
Ok
true
198
true
pinf-68, 4-31
ginf-30, 6-15
true
0
0
Ok
0
4
egi-23, 7-1
true
The person with this number does not exist
0
pinf-69, 4-32
2
8
0
egi-24, 5-4
0
0
0
pinf-70, 4-33
Ok
0
3
rnf-35, 2-8, 5-11
0
0
2
pinf-71, 4-34
None
epi-49, 7-4
rnf-36, 3-9, 5-12
0
7
emi-11, 7-1
Ok
Ok
rnf-37, 1-6, 7-9
-917
0
rnf-38, 2-9, 8-6
epi-50, 3-4
epi-51, 5-7
6
rnf-39, 6-6, 10-12
4
0
1
epi-52, 10-6
7
minf-24, 9-3
ginf-31, 6-16
The person with this number does not exist
pinf-72, 4-35
minf-25, 4-4
rnf-40, 7-10, 10-13
minf-26, 4-5
1
112
1
egi-25, 8-3
true
0
epi-53, 1-6
pinf-73, 6-6
0
6
1
Ok
8
minf-27, 4-6
None
Group does not exist
7
7
4
pinf-74, 4-36
epi-54, 6-4
Ok
true
egi-26, 10-3
4
true
rnf-41, 1-7, 7-11
Ok
112
Ok
None
Ok
6
None
2
er-5, 7-1, 9-2
epi-55, 1-7
4
epi-56, 1-8
0
emi-12, 7-2
0
1
epi-57, 2-4
emi-13, 7-3
1
0
true
emi-14, 7-4
10
Ok
1
Ok
emi-15, 6-2
0
rnf-42, 1-8, 7-12
epi-58, 1-9
2
rnf-43, 7-13, 8-7
0
1
0
4
1
rnf-44, 0-6, 9-5
true
0
epi-59, 1-10
emi-16, 7-5
2
None
4
epi-60, 3-5
egi-27, 9-7
epi-61, 8-4
1
0
rnf-45, 1-9, 7-14
Ordinary message: 10
8
egi-28, 4-4
egi-29, 3-3
0
true
0
er-6, 7-2, 9-3
99
Ok
Ok
epi-62, 2-5
Ok
None
0
None
0
rnf-46, 3-10, 5-13
epi-63, 0-10
minf-28, 3-7
7
1
0
rnf-47, 0-7, 4-1
1
epi-64, 9-9
-917
4
er-7, 7-3, 9-4
true
true
0
epi-65, 2-6
0
emi-17, 1-4
Ok
0
Ok
pinf-75, 7-5
Ok
true
Ordinary message: 10
4
Ordinary message: 5
5
epi-66, 10-7
anf-6, 4-1
false
4
1
epi-67, 4-1
rnf-48, 2-10, 6-7
3
rnf-49, 1-10, 7-15
4
0
0
er-8, 8-1, 10-2
3
-575
epi-68, 2-7
true
Ok
Ok
emi-18, 10-3
rnf-50, 3-11, 5-14
Ok
312
4
rnf-51, 4-2, 5-15
rnf-52, 1-11, 3-12
Ordinary message: 5
None
0
254
3
egi-30, 3-4
-917
0
None
epi-69, 0-11
true
254
Ok
0
er-9, 8-2, 8-2
epi-70, 4-2
112
epi-71, 9-10
3
3
Ok
emi-19, 2-3
2
emi-20, 1-5
-575
rnf-53, 5-16, 7-16
4
4
emi-21, 6-3
312
pinf-76, 9-4
8
0
emi-22, 6-4
-917
epi-72, 7-5
er-10, 1-2, 1-2
0
emi-23, 10-4
3
Ok
pinf-77, 7-6
Ok
rnf-54, 1-12, 10-14
254
4
er-11, 5-2, 6-2
0
epi-73, 4-3
4
Ok
epi-74, 0-12
None
epi-75, 10-8
emi-24, 1-6
4
2
rnf-55, 2-11, 6-8
4
Ok
None
Ok
epi-76, 0-13
egi-31, 7-2
emi-25, 10-5
minf-29, 4-7
Ordinary message: 10
254
0
egi-32, 2-2
0
3
Ok
rnf-56, 1-13, 10-15
0
egi-33, 6-1
4
emi-26, 0-1
0
egi-34, 8-4
0
None
-575
0
pinf-78, 9-5
epi-77, 3-6
egi-35, 4-5
31
3
false
8
3
Ok
egi-36, 6-2
5
3
4
minf-30, 4-8
None
rnf-57, 3-13, 5-17
4
3
3
0
true
29
8
epi-78, 3-7
egi-37, 3-5
0
Ok
epi-79, 2-8
7
Ok
1
0
epi-80, 4-4
rnf-58, 4-3, 6-9
0
0
epi-81, 4-5
0
Ok
rnf-59, 1-14, 9-6
Ordinary message: 10
0
egi-38, 2-3
0
Ok
er-12, 3-1, 10-3
Ok
0
Ok
epi-82, 3-8
Ok
Ok
Ok
959
Ok
epi-83, 4-6
epi-84, 2-9
None
1301
448
None
rnf-60, 4-4, 6-10
egi-39, 4-6
0
egi-40, 5-5
3
pinf-79, 7-7
egi-41, 5-6
Ok
pinf-80, 6-7
egi-42, 10-4
rnf-61, 3-14, 5-18
epi-85, 8-5
rnf-62, 1-15, 3-15
112
0
0
0
3
emi-27, 0-2
egi-43, 3-6
None
None
0
Ok
emi-28, 9-1
epi-86, 7-6
Ordinary message: 10
2
er-13, 0-1, 6-3
3
epi-87, 1-11
8
egi-44, 4-7
0
None
None
rnf-63, 3-16, 5-19
2
epi-88, 8-6
Ok
rnf-64, 0-8, 3-17
0
pinf-81, 7-8
0
0
epi-89, 9-11
0
egi-45, 10-5
880
egi-46, 1-4
2
egi-47, 1-5
3
Ok
0
8
0
true
Ordinary message: 5
rnf-65, 3-18, 5-20
rnf-66, 3-19, 8-8
0
pinf-82, 6-8
112
epi-90, 6-5
0
-575
epi-91, 3-9
3
Ok
epi-92, 5-8
0
2
3
3
epi-93, 6-6
emi-29, 7-6
Ordinary message: 5
554
Ok
2
true
None
emi-30, 8-1
3
32
emi-31, 2-4
959
554
29
epi-94, 7-7
0
3
rnf-67, 5-21, 7-17
3
emi-32, 4-1
2
None
10
er-14, 8-3, 10-4
rnf-68, 5-22, 7-18
Ok
112
Ok
Ok
rnf-69, 2-12, 8-9
3
true
0
None
3
3
epi-95, 0-14
3
Ordinary message: 5
Ok
0
3
emi-33, 8-2
160
Ok
rnf-70, 1-16, 7-19
emi-34, 0-3
emi-35, 3-1
epi-96, 2-10
