pinf-1, 7-1
pinf-2, 1-1
The person with this number does not exist
ginf-1, 4-1
0
pinf-3, 3-1
pinf-4, 6-1
ginf-2, 4-2
pinf-5, 1-2
0
Ok
0
Ok
2
pinf-6, 5-1
0
None
0
ginf-3, 5-1
ginf-4, 3-1
ginf-5, 6-1
ginf-6, 2-1
pinf-7, 9-1
None
pinf-8, 8-1
Ok
ginf-7, 0-1
0
Ok
pinf-9, 9-2
pinf-10, 8-2
ginf-8, 8-1
ginf-9, 0-2
ginf-10, 8-2
pinf-11, 9-3
pinf-12, 0-1
Ok
epi-1, 4-1
Ok
pinf-13, 2-1
ginf-11, 7-1
minf-1, 6-1
3
pinf-14, 9-4
pinf-15, 0-2
Ok
None
ginf-12, 6-2
The person with this number does not exist
1
pinf-16, 5-2
Ok
0
ginf-13, 5-2
pinf-17, 0-3
minf-2, 8-1
pinf-18, 7-2
pinf-19, 0-4
0
ginf-14, 0-3
pinf-20, 7-3
pinf-21, 9-5
anf-1, 10-1
0
1
pinf-22, 8-3
rnf-1, 3-1, 6-1
ginf-15, 3-2
pinf-23, 5-3
Ok
pinf-24, 0-5
minf-3, 1-1
epi-2, 10-1
ginf-16, 1-1
ginf-17, 0-4
Ok
5
pinf-25, 9-6
pinf-26, 9-7
pinf-27, 5-4
minf-4, 10-1
pinf-28, 9-8
ginf-18, 9-1
ginf-19, 0-5
ginf-20, 7-2
ginf-21, 0-6
Ok
None
pinf-29, 7-4
None
ginf-22, 1-2
4
0
rnf-2, 1-1, 10-1
0
None
The person with this number does not exist
Ok
rnf-3, 1-2, 6-2
rnf-4, 4-1, 8-1
pinf-30, 5-5
ginf-23, 3-3
ginf-24, 1-3
pinf-31, 2-2
minf-5, 4-1
0
pinf-32, 7-5
pinf-33, 7-6
pinf-34, 9-9
Ok
pinf-35, 5-6
Ok
rnf-5, 1-3, 10-2
ginf-25, 7-3
None
pinf-36, 7-7
4
1
pinf-37, 0-6
ginf-26, 9-2
minf-6, 6-2
pinf-38, 7-8
4
ginf-27, 5-3
0
The person with this number does not exist
ginf-28, 9-3
pinf-39, 7-9
The person with this number does not exist
0
ginf-29, 8-3
rnf-6, 3-2, 9-1
0
1
Ok
minf-7, 0-1
pinf-40, 2-3
Ok
er-1, 3-1, 8-1
0
Ok
Ok
emi-1, 6-1
false
epi-3, 5-1
rnf-7, 9-2, 10-3
1
egi-1, 2-1
0
false
ginf-30, 9-4
pinf-41, 2-4
rnf-8, 5-1, 9-3
egi-2, 4-1
Ok
4
pinf-42, 7-10
1
1
pinf-43, 7-11
pinf-44, 7-12
anf-2, 9-1
pinf-45, 7-13
false
anf-3, 9-2
Ok
pinf-46, 4-1
The person with this number does not exist
5
The person with this number does not exist
epi-4, 6-1
ginf-31, 8-4
epi-5, 3-1
epi-6, 6-2
ginf-32, 9-5
ginf-33, 8-5
pinf-47, 0-7
Ok
1
0
1
0
0
Ok
epi-7, 3-2
1
pinf-48, 7-14
Ok
0
epi-8, 1-1
0
ginf-34, 7-4
1
5
ginf-35, 0-7
epi-9, 3-3
Ok
0
rnf-9, 5-2, 10-4
emi-2, 2-1
epi-10, 3-4
0
Group does not exist
Ok
anf-4, 1-1
Ok
pinf-49, 0-8
0
epi-11, 10-2
false
ginf-36, 8-6
epi-12, 4-2
0
0
anf-5, 6-1
epi-13, 7-1
0
emi-3, 6-2
emi-4, 7-1
3
rnf-10, 5-3, 7-1
5
0
2
pinf-50, 1-3
egi-3, 10-1
epi-14, 4-3
2
0
pinf-51, 2-5
Ok
5
anf-6, 1-2
pinf-52, 2-6
pinf-53, 2-7
ginf-37, 8-7
Ok
false
anf-7, 6-2
Ok
emi-5, 6-3
ginf-38, 7-5
Ok
Ok
pinf-54, 0-9
pinf-55, 0-10
rnf-11, 3-3, 9-4
0
None
epi-15, 1-2
rnf-12, 3-4, 7-2
2
Ok
5
epi-16, 8-1
0
true
0
6
6
rnf-13, 8-2, 9-5
None
2
pinf-56, 10-1
epi-17, 6-3
epi-18, 4-4
anf-8, 1-3
Ok
pinf-57, 2-8
pinf-58, 2-9
egi-4, 8-1
er-2, 5-1, 9-1
rnf-14, 0-1, 7-3
2
None
0
Ok
true
0
ginf-39, 7-6
Ok
false
Ok
1
rnf-15, 0-2, 1-4
0
emi-6, 2-2
The person with this number does not exist
Ok
false
0
minf-8, 4-2
3
ginf-40, 7-7
Ok
pinf-59, 2-10
rnf-16, 3-5, 6-3
epi-19, 3-5
2
emi-7, 8-1
Ok
1
2
pinf-60, 2-11
pinf-61, 2-12
pinf-62, 2-13
epi-20, 6-4
rnf-17, 5-4, 8-3
0
rnf-18, 0-3, 7-4
None
Ok
2
2
4
epi-21, 8-2
None
Ok
2
2
rnf-19, 0-4, 1-5
0
Ok
egi-5, 8-2
egi-6, 7-1
rnf-20, 1-6, 4-2
Ok
Ok
0
5
2
pinf-63, 2-14
rnf-21, 1-7, 10-5
4
true
4
pinf-64, 4-2
epi-22, 6-5
rnf-22, 7-5, 9-6
rnf-23, 1-8, 4-3
2
Ok
rnf-24, 0-5, 4-4
0
None
rnf-25, 7-6, 10-6
2
None
epi-23, 9-1
0
true
2
3
4
pinf-65, 1-4
0
0
egi-7, 9-1
2
4
0
Ok
None
4
ginf-41, 0-8
3
5
Ok
None
1
epi-24, 1-3
0
3
3
egi-8, 4-2
emi-8, 6-4
0
None
rnf-26, 0-6, 5-5
Ok
er-3, 7-1, 7-1
4
Ok
5
Ok
0
emi-9, 8-2
0
0
true
0
epi-25, 5-2
rnf-27, 7-7, 8-4
0
2
3
0
2
3
epi-26, 8-3
0
Ok
0
minf-9, 9-1
0
pinf-66, 2-15
0
3
epi-27, 4-5
2
None
epi-28, 6-6
0
2
None
minf-10, 4-3
Ok
8
3
3
epi-29, 1-4
epi-30, 8-4
minf-11, 9-2
3
Ok
2
pinf-67, 4-3
3
epi-31, 4-6
true
Ok
minf-12, 4-4
epi-32, 3-6
pinf-68, 1-5
0
egi-9, 1-1
0
egi-10, 4-3
emi-10, 2-3
2
ginf-42, 0-9
None
pinf-69, 2-16
4
0
0
Ok
0
egi-11, 3-1
0
ginf-43, 0-10
Ok
2
epi-33, 5-3
0
Ok
epi-34, 1-5
2
0
2
-428
pinf-70, 2-17
Ok
true
ginf-44, 0-11
Ok
epi-35, 4-7
epi-36, 1-6
2
8
egi-12, 6-1
-428
0
emi-11, 0-1
2
-428
rnf-28, 9-7, 10-7
None
0
0
None
0
true
er-4, 0-1, 8-2
None
2
pinf-71, 2-18
2
2
3
160
2
Ok
epi-37, 9-2
true
pinf-72, 9-10
pinf-73, 2-19
epi-38, 9-3
true
0
ginf-45, 0-12
Ok
Ok
Ok
Ok
emi-12, 6-5
0
Ok
Ok
emi-13, 6-6
egi-13, 10-2
12
er-5, 4-1, 8-3
pinf-74, 2-20
true
0
egi-14, 2-2
pinf-75, 9-11
0
pinf-76, 2-21
2
rnf-29, 0-7, 10-8
pinf-77, 2-22
true
2
emi-14, 7-2
egi-15, 10-3
epi-39, 9-4
pinf-78, 2-23
0
epi-40, 5-4
The person with this number does not exist
2
epi-41, 6-7
5
true
Ok
epi-42, 1-7
true
Ok
2
true
Ok
ginf-46, 0-13
pinf-79, 2-24
epi-43, 3-7
Ok
3
ginf-47, 0-14
2
0
epi-44, 3-8
egi-16, 4-4
true
epi-45, 4-8
epi-46, 10-3
Ok
pinf-80, 2-25
pinf-81, 2-26
0
Ok
None
2
2
egi-17, 7-2
epi-47, 5-5
None
pinf-82, 7-15
4
234
112
2
true
0
2
0
Ordinary message: 1
-428
pinf-83, 2-27
pinf-84, 2-28
-428
Ok
0
Ok
true
rnf-30, 4-5, 7-8
3
true
egi-18, 2-3
Ok
ginf-48, 0-15
None
8
7
rnf-31, 8-5, 10-9
5
0
2
rnf-32, 7-9, 9-8
rnf-33, 5-6, 6-4
4
rnf-34, 5-7, 10-10
true
Ok
epi-48, 0-1
epi-49, 10-4
egi-19, 7-3
epi-50, 5-6
Ok
Ok
Ok
Ok
2
2
0
Ok
epi-51, 7-2
Ok
0
2
true
None
pinf-85, 10-2
378
emi-15, 7-3
4
7
2
epi-52, 9-5
rnf-35, 5-8, 8-6
epi-53, 1-8
epi-54, 5-7
rnf-36, 5-9, 6-5
pinf-86, 2-29
pinf-87, 2-30
pinf-88, 2-31
None
5
emi-16, 6-7
ginf-49, 0-16
None
epi-55, 10-5
rnf-37, 0-8, 7-10
0
Ok
egi-20, 5-1
0
rnf-38, 7-11, 10-11
egi-21, 6-2
true
emi-17, 4-1
true
pinf-89, 4-4
pinf-90, 10-3
Ok
None
2
2
epi-56, 0-2
None
-428
0
true
epi-57, 9-6
2
pinf-91, 2-32
epi-58, 7-3
rnf-39, 1-9, 9-9
0
4
egi-22, 7-4
2
epi-59, 0-3
pinf-92, 2-33
5
0
minf-13, 8-2
4
4
epi-60, 5-8
Ok
egi-23, 4-5
0
epi-61, 4-9
Ok
egi-24, 3-2
Ok
5
0
egi-25, 3-3
0
None
pinf-93, 9-12
Ok
epi-62, 4-10
epi-63, 7-4
Ok
Ok
true
rnf-40, 2-1, 4-6
0
rnf-41, 4-7, 6-6
8
rnf-42, 1-10, 4-8
rnf-43, 2-2, 6-7
egi-26, 7-5
pinf-94, 9-13
rnf-44, 2-3, 7-12
rnf-45, 2-4, 6-8
0
5
2
6
2
true
er-6, 9-2, 9-2
7
Ok
7
8
None
rnf-46, 0-9, 2-5
2
2
epi-64, 10-6
epi-65, 4-11
epi-66, 5-9
672
egi-27, 10-4
3
Ok
egi-28, 1-2
emi-18, 2-4
Ok
0
None
8
2
71
Ok
8
er-7, 5-2, 9-3
2
0
None
Ok
804
0
5
7
Ok
emi-19, 5-1
430
emi-20, 6-8
7
-428
0
rnf-47, 1-11, 4-9
true
7
rnf-48, 2-6, 10-12
8
ginf-50, 0-17
egi-29, 8-3
0
2
0
2
2
672
Ok
rnf-49, 1-12, 9-10
0
None
None
egi-30, 2-4
2
2
egi-31, 4-6
er-8, 5-3, 7-2
ginf-51, 0-18
None
epi-67, 8-5
7
ginf-52, 0-19
rnf-50, 8-7, 10-13
7
0
0
Ok
epi-68, 10-7
Ordinary message: 9
egi-32, 2-5
rnf-51, 8-8, 10-14
None
0
epi-69, 7-5
emi-21, 0-2
pinf-95, 9-14
epi-70, 4-12
248
ginf-53, 0-20
2
7
7
rnf-52, 1-13, 9-11
0
ginf-54, 0-21
true
0
epi-71, 9-7
8
None
142
emi-22, 4-2
7
true
rnf-53, 5-10, 6-9
true
1670
rnf-54, 2-7, 10-15
2
Ok
0
2
804
emi-23, 7-4
7
emi-24, 6-9
true
true
0
2
2
ginf-55, 0-22
pinf-96, 6-2
7
2
Ordinary message: 1
None
Ok
egi-33, 9-2
Ok
Ok
epi-72, 2-1
0
rnf-55, 5-11, 6-10
epi-73, 5-10
emi-25, 2-5
None
epi-74, 8-6
8
egi-34, 8-4
0
7
epi-75, 5-11
2
Ok
emi-26, 0-3
emi-27, 4-3
248
0
2
er-9, 0-2, 4-2
0
er-10, 4-3, 10-1
2
ginf-56, 0-23
minf-14, 1-2
ginf-57, 0-24
rnf-56, 0-10, 1-14
rnf-57, 2-8, 8-9
None
7
epi-76, 5-12
8
epi-77, 3-9
Ok
emi-28, 10-1
0
epi-78, 7-6
epi-79, 5-13
8
epi-80, 6-8
true
4
emi-29, 10-2
emi-30, 4-4
egi-35, 4-7
emi-31, 3-1
None
true
true
pinf-97, 10-4
epi-81, 0-4
emi-32, 10-3
rnf-58, 1-15, 10-16
epi-82, 9-8
2
emi-33, 7-5
Ok
2
1729
2
-428
766
epi-83, 6-9
2595
emi-34, 3-2
7
2
248
epi-84, 7-7
Ok
Group does not exist
Ordinary message: 1
2
8
0
true
rnf-59, 1-16, 10-17
8
epi-85, 2-2
emi-35, 10-4
Ok
4
0
epi-86, 9-9
emi-36, 8-3
3
8
epi-87, 10-8
rnf-60, 0-11, 5-12
0
Ok
3
248
Ok
egi-36, 9-3
Ok
8
egi-37, 9-4
2
809
egi-38, 2-6
6
epi-88, 8-7
3
2
Ok
rnf-61, 3-6, 6-11
epi-89, 3-10
Ok
93
egi-39, 7-6
0
emi-37, 10-5
None
epi-90, 3-11
-428
true
3
egi-40, 1-3
rnf-62, 3-7, 9-12
epi-91, 10-9
3
3
8
pinf-98, 10-5
248
egi-41, 7-7
rnf-63, 4-10, 9-13
epi-92, 2-3
0
Ok
3
epi-93, 2-4
emi-38, 6-10
0
true
672
0
8
None
3
366
None
rnf-64, 4-11, 9-14
egi-42, 1-4
ginf-58, 0-25
0
Ok
epi-94, 1-9
672
None
Ok
3
3
3
3
