ginf-1, 0-1
pinf-1, 0-1
Ok
egi-1, 1-1
pinf-2, 0-2
pinf-3, 0-3
pinf-4, 0-4
egi-2, 1-2
pinf-5, 1-1
pinf-6, 2-1
ginf-2, 0-2
pinf-7, 0-5
pinf-8, 1-2
ginf-3, 0-3
ginf-4, 2-1
egi-3, 1-3
0
minf-1, 2-1
0
minf-2, 1-1
egi-4, 1-4
minf-3, 2-2
pinf-9, 1-3
0
ginf-5, 0-4
pinf-10, 1-4
pinf-11, 2-2
pinf-12, 1-5
Ok
ginf-6, 2-2
pinf-13, 0-6
Ok
pinf-14, 0-7
0
pinf-15, 2-3
0
pinf-16, 0-8
None
0
pinf-17, 0-9
The person with this number does not exist
Ok
pinf-18, 0-10
pinf-19, 0-11
None
0
pinf-20, 0-12
0
pinf-21, 0-13
pinf-22, 2-4
Ok
pinf-23, 0-14
epi-1, 2-1
pinf-24, 0-15
epi-2, 1-1
The person with this number does not exist
pinf-25, 0-16
0
pinf-26, 0-17
pinf-27, 0-18
anf-1, 2-1
2
pinf-28, 0-19
ginf-7, 0-5
0
0
pinf-29, 0-20
2
0
ginf-8, 0-6
0
0
None
pinf-30, 0-21
0
pinf-31, 0-22
egi-5, 2-1
pinf-32, 0-23
pinf-33, 0-24
minf-4, 1-2
ginf-9, 0-7
pinf-34, 0-25
Ok
egi-6, 2-2
0
pinf-35, 0-26
Ok
93
Ok
pinf-36, 0-27
1
1
ginf-10, 0-8
er-1, 1-1, 1-1
Ok
1
1
epi-3, 1-2
minf-5, 1-3
0
epi-4, 2-2
Ok
egi-7, 2-3
0
1
ginf-11, 0-9
Ok
0
ginf-12, 0-10
epi-5, 1-3
0
pinf-37, 0-28
pinf-38, 0-29
pinf-39, 0-30
Ok
pinf-40, 0-31
pinf-41, 0-32
1
ginf-13, 0-11
minf-6, 1-4
epi-6, 2-3
pinf-42, 0-33
1
minf-7, 2-3
Ok
1
1
epi-7, 1-4
187
0
pinf-43, 0-34
0
Ok
2
anf-2, 0-1
0
Ok
0
rnf-1, 0-1, 2-1
er-2, 0-1, 0-1
0
2
epi-8, 0-1
er-3, 1-2, 1-2
epi-9, 1-5
epi-10, 2-4
true
0
0
None
epi-11, 0-2
epi-12, 0-3
-14
None
rnf-2, 0-2, 1-1
true
Ok
minf-8, 0-1
0
2
er-4, 1-3, 2-1
epi-13, 2-5
er-5, 1-4, 1-4
false
pinf-44, 0-35
0
Ok
0
0
Ordinary message: 2
true
2
er-6, 1-5, 2-2
anf-3, 0-2
2
0
0
0
Ok
pinf-45, 0-36
-14
epi-14, 0-4
Ok
epi-15, 2-6
2
0
Ok
1
Ok
epi-16, 2-7
true
pinf-46, 1-6
0
true
0
Ok
emi-1, 0-1
0
0
true
epi-17, 2-8
1
Ok
true
0
rnf-3, 0-3, 1-2
0
er-7, 1-6, 1-6
egi-8, 2-4
true
egi-9, 2-5
egi-10, 0-1
None
emi-2, 1-1
Ok
egi-11, 2-6
None
0
1
2
80
232
rnf-4, 0-4, 1-3
Ok
true
Ok
0
1
-14
1
emi-3, 0-2
0
emi-4, 0-3
-14
Ok
-14
0
epi-18, 1-6
Ok
0
egi-12, 2-7
emi-5, 2-1
0
true
Ok
true
Ok
0
None
er-8, 1-7, 2-3
None
Ok
1
1
egi-13, 2-8
Ok
2
Ok
None
er-9, 1-8, 2-4
epi-19, 0-5
552
0
er-10, 1-9, 2-5
1
1
566
1
1
epi-20, 2-9
1
epi-21, 1-7
36
1
emi-6, 0-4
72
true
566
epi-22, 0-6
1
1
true
None
true
egi-14, 1-5
1
71
epi-23, 0-7
1
-14
116
epi-24, 1-8
epi-25, 1-9
1
pinf-47, 1-7
1
epi-26, 1-10
36
1
1
Ok
1
0
epi-27, 2-10
1
0
1
egi-15, 0-2
0
epi-28, 2-11
0
1
1
0
1
Ordinary message: 2
egi-16, 0-3
Ok
1
er-11, 0-2, 2-6
pinf-48, 1-8
epi-29, 2-12
Ok
169
egi-17, 1-6
emi-7, 0-5
epi-30, 1-11
552
epi-31, 2-13
true
emi-8, 0-6
Ordinary message: 0
egi-18, 1-7
true
116
epi-32, 0-8
egi-19, 2-9
epi-33, 0-9
0
Ordinary message: 0
epi-34, 1-12
1
72
Ordinary message: 0
0
1
1
0
1
epi-35, 1-13
566
er-12, 0-3, 1-10
1
1
pinf-49, 0-37
epi-36, 0-10
0
true
0
1
0
0
epi-37, 2-14
None
1
0
epi-38, 2-15
1
er-13, 0-4, 2-7
Ordinary message: 2
-14
Ordinary message: 2
Ok
169
0
emi-9, 2-2
1
1
egi-20, 0-4
Ok
epi-39, 0-11
Ok
Ok
-14
epi-40, 0-12
566
epi-41, 0-13
epi-42, 2-16
er-14, 1-11, 2-8
emi-10, 2-3
0
epi-43, 0-14
0
1
true
0
566
1
true
true
-14
Ok
Ok
1
egi-21, 2-10
true
0
1
pinf-50, 1-9
emi-11, 0-7
1
epi-44, 0-15
1
552
epi-45, 0-16
72
0
egi-22, 2-11
1
er-15, 2-9, 2-9
Ordinary message: 2
0
true
1
epi-46, 0-17
epi-47, 2-17
epi-48, 2-18
true
552
1
None
Ordinary message: 0
true
1
0
1
61
emi-12, 2-4
0
1
0
-14
1
er-16, 0-5, 1-12
pinf-51, 1-10
epi-49, 2-19
Ordinary message: 0
1
1
-14
1
1
0
epi-50, 0-18
er-17, 0-6, 0-6
epi-51, 0-19
61
emi-13, 0-8
er-18, 0-7, 2-10
1
Ordinary message: 2
252
epi-52, 1-14
epi-53, 0-20
Ordinary message: 0
1
0
0
emi-14, 1-2
1
1
egi-23, 2-12
1
emi-15, 1-3
Ordinary message: 2
pinf-52, 1-11
1
1
None
epi-54, 2-20
epi-55, 0-21
1
pinf-53, 1-12
None
Ok
1
pinf-54, 1-13
0
er-19, 1-13, 1-13
emi-16, 1-4
1
0
er-20, 0-8, 2-11
252
1
0
epi-56, 0-22
1
Ok
1
1
1
1
egi-24, 1-8
epi-57, 2-21
Ok
1
emi-17, 0-9
0
None
None
egi-25, 1-9
1
er-21, 0-9, 1-14
minf-9, 1-5
56
1
None
-14
1
egi-26, 1-10
None
pinf-55, 1-14
112
Ok
1
1
1
1
61
emi-18, 0-10
1
Ordinary message: 0
epi-58, 2-22
0
1
Ordinary message: 0
epi-59, 0-23
epi-60, 0-24
true
0
egi-27, 0-5
Ok
1
1
0
epi-61, 2-23
er-22, 0-10, 2-12
Ok
1
0
1
1
252
egi-28, 0-6
0
0
1
epi-62, 2-24
epi-63, 0-25
0
true
epi-64, 2-25
0
true
Ok
0
61
true
1
1
61
1
61
epi-65, 1-15
112
1
er-23, 1-15, 2-13
0
1
er-24, 0-11, 2-14
epi-66, 1-16
1
112
epi-67, 0-26
1
egi-29, 0-7
1
0
0
1
112
Ok
epi-68, 2-26
epi-69, 0-27
0
1
56
Ok
epi-70, 0-28
0
egi-30, 2-13
Ok
0
1
Ok
epi-71, 2-27
true
1
0
0
1
emi-19, 1-5
26
1
101
-645
egi-31, 2-14
0
None
1
1
true
0
1
true
minf-10, 0-2
epi-72, 2-28
26
0
0
0
Ok
epi-73, 1-17
0
Ok
epi-74, 1-18
-645
Ok
er-25, 1-16, 1-16
epi-75, 2-29
Ok
1
0
Ok
er-26, 0-12, 1-17
Ok
epi-76, 0-29
epi-77, 0-30
egi-32, 0-8
minf-11, 1-6
minf-12, 1-7
1
1
epi-78, 1-19
474
1
1
Ok
emi-20, 0-11
egi-33, 1-11
0
Ok
egi-34, 1-12
minf-13, 1-8
egi-35, 0-9
1
rnf-5, 0-5, 2-2
2
er-27, 2-15, 2-15
emi-21, 2-5
1
epi-79, 2-30
Ok
epi-80, 1-20
Ordinary message: 1
0
Ordinary message: 1
Ok
0
0
epi-81, 1-21
rnf-6, 0-6, 2-3
0
1
false
Ordinary message: 1
Ok
epi-82, 0-31
1
26
2
0
er-28, 0-13, 1-18
er-29, 1-19, 2-16
true
0
0
2
1
Ok
egi-36, 1-13
Ok
Ordinary message: 0
0
0
1
0
true
Ordinary message: 0; Ordinary message: 2
minf-14, 2-4
true
0
Ordinary message: 1
2
0
er-30, 1-20, 2-17
0
epi-83, 1-22
1
1
false
egi-37, 1-14
Ordinary message: 0
0
er-31, 2-18, 2-18
egi-38, 2-15
egi-39, 2-16
epi-84, 1-23
egi-40, 1-15
1
727
0
0
true
1
Ordinary message: 0; Ordinary message: 2
egi-41, 2-17
Ok
true
1
er-32, 0-14, 1-21
minf-15, 2-5
1
Ordinary message: 1
rnf-7, 0-7, 2-4
0
1
Ok
er-33, 2-19, 2-19
egi-42, 1-16
Ok
Ordinary message: 0; Ordinary message: 2
epi-85, 1-24
Ordinary message: 0; Ordinary message: 2
true
epi-86, 1-25
minf-16, 1-9
egi-43, 2-18
minf-17, 1-10
2
727
-341
1
1
727
2
minf-18, 0-3
epi-87, 1-26
minf-19, 1-11
epi-88, 0-32
false
false
Ok
true
epi-89, 0-33
er-34, 0-15, 1-22
epi-90, 0-34
360
1
rnf-8, 0-8, 2-5
epi-91, 0-35
Ok
720
1
Ok
Ordinary message: 0
2
rnf-9, 0-9, 2-6
1
epi-92, 0-36
true
1
Ordinary message: 0; Ordinary message: 2
1
egi-44, 2-19
true
epi-93, 2-31
Ok
Ok
727
2
Ok
1
er-35, 0-16, 0-16
Ok
1
epi-94, 0-37
51
0
Ordinary message: 0; Ordinary message: 2
Ordinary message: 0; Ordinary message: 2
0
minf-20, 1-12
Ok
er-36, 1-23, 2-20
Ok
true
2
Ok
0
epi-95, 2-32
epi-96, 2-33
Ordinary message: 0
true
epi-97, 0-38
true
Ordinary message: 1
epi-98, 1-27
Ordinary message: 0
Ordinary message: 0
egi-45, 0-10
er-37, 0-17, 2-21
-341
1
2
1
1
epi-99, 1-28
egi-46, 2-20
2
424
1
Ok
er-38, 0-18, 1-24
24
1
egi-47, 1-17
0
er-39, 1-25, 1-25
1
emi-22, 1-6
egi-48, 2-21
1
Ok
Ordinary message: 0; Ordinary message: 2
er-40, 0-19, 1-26
2
true
true
egi-49, 1-18
epi-100, 2-34
727
minf-21, 2-6
Ok
1
Ok
Ordinary message: 1
Ordinary message: 1
epi-101, 2-35
0
0
1
0
er-41, 2-22, 2-22
Ok
1
Ok
2
egi-50, 1-19
478
0
0
-341
0
Ordinary message: 0; Ordinary message: 0; Ordinary message: 2
0
Ordinary message: 1
epi-102, 1-29
0
1
52
egi-51, 0-11
er-42, 1-27, 2-23
1
epi-103, 1-30
1
epi-104, 1-31
true
0
Ordinary message: 0
2
epi-105, 1-32
epi-106, 1-33
0
2
egi-52, 1-20
er-43, 0-20, 0-20
epi-107, 1-34
egi-53, 0-12
true
0
Ok
Ordinary message: 0; Ordinary message: 0; Ordinary message: 2
1
1
epi-108, 0-39
er-44, 0-21, 0-21
1
0
egi-54, 1-21
Ok
Ok
egi-55, 0-13
Ordinary message: 0
true
1
1
epi-109, 0-40
true
2
egi-56, 1-22
478
emi-23, 0-12
minf-22, 2-7
emi-24, 0-13
minf-23, 2-8
emi-25, 0-14
epi-110, 2-36
emi-26, 1-7
322
epi-111, 2-37
emi-27, 0-15
egi-57, 1-23
322
Ok
1
Ok
1
52
Ok
52
Ordinary message: 1
0
1
478
er-45, 0-22, 2-24
epi-112, 0-41
Ok
Ok
er-46, 1-28, 2-25
Ok
Ordinary message: 0
epi-113, 0-42
minf-24, 0-4
1
egi-58, 0-14
2
true
1
0
epi-114, 1-35
Ok
1
er-47, 0-23, 1-29
2
epi-115, 2-38
egi-59, 2-22
true
Ok
epi-116, 1-36
0
rnf-10, 0-10, 2-7
1
Ok
Ok
-1138
795
pinf-56, 2-5
Ordinary message: 1
0
1
37
emi-28, 0-16
epi-117, 2-39
1
Ordinary message: 0
Ok
egi-60, 0-15
emi-29, 2-6
