ginf-1, 3-1
pinf-1, 1-1
ginf-2, 0-1
pinf-2, 2-1
pinf-3, 1-2
Ok
minf-1, 6-1
pinf-4, 2-2
epi-1, 3-1
pinf-5, 2-3
0
1
ginf-3, 1-1
ginf-4, 4-1
ginf-5, 2-1
Ok
Group does not exist
ginf-6, 0-2
0
2
0
ginf-7, 5-1
0
pinf-6, 1-3
0
The person with this number does not exist
ginf-8, 2-2
ginf-9, 3-2
pinf-7, 5-1
anf-1, 2-1
pinf-8, 1-4
0
pinf-9, 6-1
Group does not exist
ginf-10, 3-3
ginf-11, 6-1
0
Ok
anf-2, 3-1
3
0
0
Ok
Ok
None
pinf-10, 1-5
ginf-12, 6-2
2
minf-2, 0-1
pinf-11, 1-6
0
None
epi-2, 6-1
ginf-13, 3-4
None
1
0
Ok
Ok
3
ginf-14, 0-3
ginf-15, 6-3
ginf-16, 0-4
pinf-12, 1-7
ginf-17, 4-2
false
ginf-18, 6-4
ginf-19, 3-5
pinf-13, 4-1
pinf-14, 4-2
Group does not exist
rnf-1, 3-1, 6-1
epi-3, 0-1
false
4
Group does not exist
None
minf-3, 1-1
2
3
false
pinf-15, 1-8
Ok
0
Ok
ginf-20, 1-2
The person with this number does not exist
2
0
minf-4, 3-1
epi-4, 3-2
pinf-16, 4-3
ginf-21, 2-3
5
5
minf-5, 6-2
pinf-17, 1-9
ginf-22, 3-6
ginf-23, 4-3
0
The person with this number does not exist
Ok
egi-1, 0-1
pinf-18, 4-4
ginf-24, 1-3
0
pinf-19, 4-5
pinf-20, 4-6
1
pinf-21, 1-10
pinf-22, 4-7
pinf-23, 4-8
ginf-25, 4-4
egi-2, 0-2
pinf-24, 1-11
ginf-26, 6-5
minf-6, 1-2
pinf-25, 1-12
0
The person with this number does not exist
2
minf-7, 4-1
Ok
2
epi-5, 5-1
1
Ok
1
rnf-2, 0-1, 5-1
pinf-26, 1-13
0
None
1
None
ginf-27, 4-5
ginf-28, 6-6
1
minf-8, 6-3
minf-9, 5-1
0
minf-10, 2-1
0
minf-11, 1-3
Ok
Ok
1
Ok
0
ginf-29, 2-4
ginf-30, 3-7
minf-12, 6-4
1
0
pinf-27, 4-9
Ok
0
1
epi-6, 0-2
0
egi-3, 0-3
pinf-28, 1-14
ginf-31, 2-5
rnf-3, 0-2, 3-2
pinf-29, 4-10
epi-7, 5-2
The person with this number does not exist
1
ginf-32, 3-8
1
None
0
pinf-30, 1-15
0
pinf-31, 1-16
1
true
0
true
pinf-32, 1-17
emi-1, 3-1
rnf-4, 0-3, 5-2
Ok
Ok
Ok
ginf-33, 6-7
None
epi-8, 6-2
1
0
2
Ok
false
Ok
2
pinf-33, 1-18
ginf-34, 3-9
1
epi-9, 3-3
5
epi-10, 6-3
rnf-5, 0-4, 5-3
None
Ok
0
Ok
rnf-6, 0-5, 6-2
0
rnf-7, 0-6, 3-3
egi-4, 1-1
-656
epi-11, 4-1
2
0
0
1
minf-13, 3-2
0
emi-2, 1-1
ginf-35, 6-8
0
0
Ok
0
epi-12, 0-3
pinf-34, 1-19
emi-3, 4-1
ginf-36, 3-10
egi-5, 6-1
er-1, 4-1, 4-1
pinf-35, 1-20
0
epi-13, 3-4
0
pinf-36, 1-21
epi-14, 2-1
0
0
minf-14, 2-2
anf-3, 4-1
Ok
1
ginf-37, 3-11
ginf-38, 4-6
rnf-8, 0-7, 3-4
pinf-37, 1-22
pinf-38, 1-23
Ok
epi-15, 6-4
pinf-39, 1-24
Ok
epi-16, 4-2
0
emi-4, 5-1
pinf-40, 1-25
pinf-41, 4-11
rnf-9, 0-8, 4-1
345
Ok
rnf-10, 0-9, 3-5
egi-6, 1-2
ginf-39, 3-12
rnf-11, 0-10, 6-3
0
pinf-42, 1-26
0
0
pinf-43, 1-27
pinf-44, 1-28
2
0
pinf-45, 4-12
None
epi-17, 5-3
0
2
pinf-46, 1-29
1
emi-5, 2-1
0
2
Ok
Ok
0
rnf-12, 0-11, 6-4
0
minf-15, 4-2
0
Ok
Ok
Ok
Ok
1
0
true
rnf-13, 1-1, 4-2
rnf-14, 1-2, 5-4
0
epi-18, 1-1
rnf-15, 0-12, 3-6
2
rnf-16, 1-3, 6-5
rnf-17, 5-5, 6-6
rnf-18, 2-1, 4-3
true
None
epi-19, 0-4
Ok
8
epi-20, 1-2
egi-7, 0-4
rnf-19, 0-13, 3-7
0
Ok
epi-21, 5-4
epi-22, 2-2
egi-8, 6-2
345
2
egi-9, 5-1
egi-10, 2-1
5
true
0
egi-11, 6-3
49
rnf-20, 0-14, 3-8
Ok
emi-6, 5-2
Ordinary message: 4
pinf-47, 0-1
epi-23, 2-3
er-2, 2-1, 5-1
0
0
epi-24, 5-5
8
rnf-21, 4-4, 5-6
2
minf-16, 0-2
0
Ordinary message: 4
epi-25, 3-5
rnf-22, 1-4, 6-7
0
epi-26, 4-3
2
true
pinf-48, 0-2
egi-12, 3-1
Ok
0
2
0
4
true
0
0
er-3, 0-1, 4-2
0
rnf-23, 4-5, 5-7
0
rnf-24, 4-6, 6-8
epi-27, 5-6
1
emi-7, 5-3
Ok
0
0
0
emi-8, 4-2
pinf-49, 1-30
0
Ok
0
None
epi-28, 6-5
Ok
rnf-25, 2-2, 4-7
0
0
2
2
0
rnf-26, 5-8, 6-9
epi-29, 1-3
None
Ok
pinf-50, 0-3
Ok
None
1
egi-13, 3-2
1
rnf-27, 4-8, 5-9
rnf-28, 3-9, 6-10
Ok
2
epi-30, 5-7
epi-31, 2-4
None
egi-14, 1-3
rnf-29, 5-10, 6-11
0
1
rnf-30, 3-10, 6-12
er-4, 2-2, 5-2
0
2
pinf-51, 0-4
er-5, 3-1, 3-1
0
0
true
2
epi-32, 1-4
Ok
Ordinary message: 4
true
emi-9, 4-3
0
egi-15, 1-4
true
None
1
true
epi-33, 1-5
2
Ok
rnf-31, 1-5, 5-11
0
er-6, 2-3, 5-3
Ok
pinf-52, 4-13
er-7, 2-4, 2-4
er-8, 4-3, 4-3
Ok
0
2
0
epi-34, 0-5
3
0
2
rnf-32, 0-15, 5-12
Ok
rnf-33, 0-16, 5-13
true
epi-35, 1-6
0
3
Ok
pinf-53, 0-5
0
6
2
0
rnf-34, 0-17, 4-9
Ok
Ok
epi-36, 2-5
egi-16, 1-5
None
91
epi-37, 1-7
epi-38, 2-6
None
egi-17, 3-3
0
Ok
0
3
egi-18, 2-2
epi-39, 5-8
Ok
Ok
true
0
0
epi-40, 1-8
pinf-54, 0-6
8
Ok
0
pinf-55, 0-7
2
Ok
Ok
epi-41, 6-6
478
epi-42, 0-6
2
rnf-35, 1-6, 3-11
rnf-36, 4-10, 6-13
rnf-37, 4-11, 5-14
rnf-38, 1-7, 4-12
emi-10, 6-1
Ok
epi-43, 1-9
Ordinary message: 4
Ok
egi-19, 2-3
3
pinf-56, 1-31
None
140
3
pinf-57, 4-14
0
epi-44, 1-10
3
epi-45, 6-7
0
rnf-39, 0-18, 3-12
rnf-40, 0-19, 5-15
3
emi-11, 1-2
epi-46, 1-11
true
Ok
rnf-41, 0-20, 3-13
epi-47, 5-9
Ok
rnf-42, 4-13, 5-16
0
rnf-43, 0-21, 5-17
egi-20, 3-4
0
0
Ok
epi-48, 3-6
2
Ok
Ok
2
egi-21, 4-1
2
0
Ok
emi-12, 2-2
er-9, 5-4, 6-1
rnf-44, 0-22, 5-18
emi-13, 4-4
rnf-45, 0-23, 4-14
emi-14, 3-2
epi-49, 5-10
egi-22, 4-2
egi-23, 1-6
egi-24, 5-2
true
emi-15, 2-3
true
epi-50, 6-8
egi-25, 5-3
er-10, 2-5, 2-5
Ok
2
emi-16, 6-2
epi-51, 6-9
Ok
0
0
6
egi-26, 2-4
3
er-11, 0-2, 2-6
true
0
36
Ok
emi-17, 6-3
0
3
9
epi-52, 2-7
478
Ok
0
2
pinf-58, 0-8
2
emi-18, 2-4
true
pinf-59, 0-9
2
Ok
0
2
Ordinary message: 6
epi-53, 5-11
Ordinary message: 6
er-12, 3-2, 4-4
true
0
epi-54, 1-12
0
10
Ok
345
0
140
2
rnf-46, 4-15, 6-14
None
pinf-60, 1-32
true
egi-27, 5-4
91
pinf-61, 0-10
0
epi-55, 2-8
98
epi-56, 5-12
epi-57, 4-4
79
10
epi-58, 1-13
0
20
minf-17, 6-5
epi-59, 0-7
0
epi-60, 0-8
2
egi-28, 3-5
er-13, 2-7, 6-2
10
0
1
Ok
epi-61, 5-13
345
None
2
er-14, 5-5, 6-3
0
10
91
631
epi-62, 6-10
631
2
0
Ok
true
egi-29, 1-7
0
478
None
epi-63, 3-7
Ok
epi-64, 5-14
0
10
Ok
0
0
true
true
Ok
Ok
epi-65, 1-14
epi-66, 5-15
Ok
478
Ok
0
Ok
0
None
rnf-47, 0-24, 6-15
epi-67, 5-16
epi-68, 0-9
Ok
egi-30, 0-5
pinf-62, 1-33
epi-69, 6-11
3
egi-31, 4-3
Ok
epi-70, 6-12
Ok
Ok
None
Ok
2
2
epi-71, 4-5
2
egi-32, 5-5
epi-72, 5-17
0
epi-73, 1-15
epi-74, 0-10
true
100
epi-75, 6-13
Ok
3
Ok
3
0
0
12
egi-33, 6-4
0
12
true
Ok
2
0
Ok
Ok
Ok
Ok
er-15, 0-3, 2-8
epi-76, 0-11
Ok
Ordinary message: 4
Ok
2
2
2
2
2
2
Ok
0
2
478
egi-34, 0-6
0
2
2
345
egi-35, 0-7
epi-77, 4-6
Ok
87
Ok
100
true
21
3
3
0
pinf-63, 1-34
egi-36, 5-6
er-16, 3-3, 5-6
2
3
Ok
egi-37, 3-6
Ok
25
212
true
emi-19, 3-3
2
None
2
None
epi-78, 5-18
emi-20, 2-5
pinf-64, 1-35
egi-38, 5-7
pinf-65, 0-11
2
emi-21, 1-3
emi-22, 3-4
minf-18, 5-2
0
er-17, 2-9, 2-9
emi-23, 1-4
266
epi-79, 2-9
2
2
2
2
Ok
25
epi-80, 1-16
0
er-18, 1-1, 2-10
345
3
0
Ok
epi-81, 3-8
0
pinf-66, 0-12
2
Ok
Ok
Ok
Ok
0
25
0
1
2
true
emi-24, 6-4
epi-82, 6-14
pinf-67, 1-36
Ok
Ok
true
epi-83, 3-9
857
642
Ok
0
1
Ok
1018
478
epi-84, 5-19
Ok
Ok
epi-85, 6-15
0
emi-25, 4-5
478
egi-39, 4-4
true
3
1018
32
rnf-48, 4-16, 5-19
0
emi-26, 0-1
0
25
emi-27, 4-6
minf-19, 5-3
true
3
3
Ok
23
Ok
Ok
egi-40, 6-5
rnf-49, 4-17, 5-20
emi-28, 4-7
epi-86, 2-10
rnf-50, 2-3, 5-21
642
Ordinary message: 4
egi-41, 4-5
211
Ok
epi-87, 6-16
Ok
138
emi-29, 6-5
23
Ok
0
Ok
0
Ok
Ok
764
478
25
emi-30, 4-8
Ok
epi-88, 4-7
Ok
310
3
4
2
Ok
0
pinf-68, 3-1
Ok
Ok
epi-89, 6-17
23
0
5
478
emi-31, 4-9
6
er-19, 0-4, 0-4
true
6
Ok
pinf-69, 3-2
emi-32, 0-2
23
egi-42, 1-8
310
epi-90, 0-12
Ok
100
Ok
2
Ok
epi-91, 0-13
Ok
4
epi-92, 3-10
345
0
0
2
4
4
None
41
0
345
Ok
None
epi-93, 6-18
Ok
Ok
0
556
minf-20, 5-4
556
86
emi-33, 1-5
emi-34, 0-3
Ordinary message: 4
Ok
25
epi-94, 1-17
2
4
er-20, 2-11, 2-11
epi-95, 4-8
true
2
25
epi-96, 4-9
25
10
Ok
3
4
pinf-70, 3-3
6
8
0
epi-97, 2-11
0
1
345
epi-98, 0-14
Ok
true
25
None
rnf-51, 1-8, 3-14
egi-43, 2-5
None
er-21, 2-12, 3-4
true
rnf-52, 2-4, 5-22
epi-99, 5-20
Ok
Ok
epi-100, 0-15
Ok
epi-101, 5-21
epi-102, 1-18
minf-21, 2-3
0
Ok
6
None
epi-103, 5-22
6
857
Ordinary message: 5; Ordinary message: 6
6
86
epi-104, 2-12
pinf-71, 1-37
er-22, 1-2, 6-4
Ordinary message: 4
minf-22, 5-5
6
Ok
153
34
792
minf-23, 5-6
1
epi-105, 5-23
true
epi-106, 5-24
egi-44, 4-6
1017
Ok
