pinf-1, 3-1
0
pinf-2, 1-1
pinf-3, 4-1
minf-1, 2-1
pinf-4, 0-1
0
Ok
The person with this number does not exist
pinf-5, 4-2
0
ginf-1, 1-1
ginf-2, 1-2
pinf-6, 0-2
ginf-3, 4-1
pinf-7, 1-2
pinf-8, 6-1
Ok
1
minf-2, 6-1
pinf-9, 0-3
0
pinf-10, 1-3
Ok
ginf-4, 6-1
er-1, 5-1, 5-1
ginf-5, 3-1
pinf-11, 1-4
pinf-12, 2-1
Ok
pinf-13, 2-2
minf-3, 4-1
pinf-14, 4-3
pinf-15, 4-4
ginf-6, 5-1
minf-4, 2-2
pinf-16, 3-2
Ok
ginf-7, 1-3
pinf-17, 2-3
pinf-18, 2-4
1
pinf-19, 1-5
1
0
6
Group does not exist
pinf-20, 3-3
1
The person with this number does not exist
egi-1, 2-1
1
pinf-21, 4-5
ginf-8, 1-4
1
ginf-9, 3-2
pinf-22, 4-6
pinf-23, 3-4
Ok
Ok
pinf-24, 3-5
minf-5, 5-1
The person with this number does not exist
pinf-25, 2-5
The person with this number does not exist
pinf-26, 2-6
pinf-27, 0-4
minf-6, 0-1
minf-7, 6-2
pinf-28, 2-7
ginf-10, 1-5
pinf-29, 3-6
Ok
minf-8, 5-2
pinf-30, 3-7
1
pinf-31, 4-7
pinf-32, 4-8
Ok
pinf-33, 0-5
pinf-34, 0-6
5
The person with this number does not exist
Ok
The person with this number does not exist
None
pinf-35, 3-8
pinf-36, 4-9
5
0
epi-1, 6-1
The person with this number does not exist
pinf-37, 3-9
pinf-38, 4-10
0
The person with this number does not exist
Ok
0
pinf-39, 2-8
pinf-40, 2-9
ginf-11, 3-3
pinf-41, 3-10
0
pinf-42, 4-11
pinf-43, 3-11
2
0
0
pinf-44, 2-10
Ok
pinf-45, 4-12
Ok
None
Ok
minf-9, 3-1
0
0
epi-2, 1-1
epi-3, 5-1
Ok
anf-1, 1-1
0
pinf-46, 1-6
epi-4, 1-2
pinf-47, 4-13
minf-10, 5-3
Ok
4
epi-5, 2-1
None
egi-2, 6-1
er-2, 6-1, 6-1
Ok
pinf-48, 0-7
0
0
epi-6, 1-3
pinf-49, 0-8
The person with this number does not exist
pinf-50, 0-9
false
Ok
1
egi-3, 4-1
minf-11, 0-2
minf-12, 0-3
egi-4, 1-1
0
pinf-51, 4-14
0
egi-5, 4-2
epi-7, 6-2
egi-6, 2-2
Ok
Ok
Ok
1
4
0
0
4
0
0
epi-8, 2-2
Ok
rnf-1, 3-1, 6-1
Ok
1
pinf-52, 0-10
0
Ok
0
pinf-53, 0-11
anf-2, 1-2
Ok
pinf-54, 4-15
None
false
Ok
4
None
5
0
minf-13, 3-2
Ok
Ok
er-3, 2-1, 2-1
Ok
0
0
pinf-55, 4-16
epi-9, 1-4
4
true
er-4, 6-2, 6-2
0
epi-10, 3-1
0
emi-1, 0-1
er-5, 2-2, 2-2
6
0
minf-14, 4-2
epi-11, 5-2
0
-607
pinf-56, 4-17
0
4
4
0
0
rnf-2, 1-1, 6-2
0
4
-607
egi-7, 1-2
epi-12, 0-1
Ordinary message: 2
pinf-57, 4-18
rnf-3, 0-1, 3-2
Ok
5
0
rnf-4, 0-2, 5-1
epi-13, 1-5
Ok
6
egi-8, 2-3
Ok
4
0
egi-9, 6-2
emi-2, 3-1
epi-14, 3-2
Ok
false
1
Ok
egi-10, 6-3
0
false
emi-3, 6-1
epi-15, 5-3
3
1
Ok
egi-11, 5-1
rnf-5, 0-3, 1-2
rnf-6, 1-3, 4-1
Ok
true
3
rnf-7, 1-4, 4-2
rnf-8, 0-4, 5-2
3
epi-16, 4-1
Ok
Ok
-607
0
egi-12, 2-4
egi-13, 3-1
3
emi-4, 0-2
89
true
3
epi-17, 1-6
0
Ok
Ok
5
0
Ok
anf-3, 1-3
168
3
egi-14, 6-4
anf-4, 1-4
6
0
rnf-9, 2-1, 5-3
Ok
Ok
0
3
0
egi-15, 4-3
Ok
Ok
epi-18, 4-2
1
rnf-10, 0-5, 2-2
176
Ok
false
2
false
Ok
Ordinary message: 2
4
Ok
0
rnf-11, 2-3, 5-4
4
true
rnf-12, 1-5, 6-3
Ok
0
0
epi-19, 1-7
er-6, 0-1, 4-1
Ok
1
emi-5, 6-2
Ok
rnf-13, 1-6, 2-4
emi-6, 0-3
Ok
2
Ok
2
0
epi-20, 4-3
Ok
5
2
Ok
Ordinary message: 2
true
Ordinary message: 2
Ok
0
1
-607
2
None
39
epi-21, 3-3
Ok
Ok
3
Ok
0
egi-16, 3-2
Ok
0
epi-22, 2-3
epi-23, 4-4
epi-24, 4-5
0
Ok
1
2
0
Ok
Ordinary message: 2
84
0
egi-17, 5-2
Ok
5
epi-25, 0-2
epi-26, 5-4
5
egi-18, 3-3
5
8
3
rnf-14, 1-7, 3-3
rnf-15, 1-8, 4-3
None
1
None
true
0
5
minf-15, 4-3
3
8
Ok
3
Ok
egi-19, 2-5
rnf-16, 2-5, 4-4
3
1
rnf-17, 1-9, 6-4
0
egi-20, 0-1
5
5
false
minf-16, 3-3
true
egi-21, 3-4
rnf-18, 1-10, 6-5
Ok
4
Ok
Ok
4
6
egi-22, 2-6
Ok
-888
Ordinary message: 2
epi-27, 4-6
4
-648
0
egi-23, 1-3
-1194
er-7, 4-2, 4-2
epi-28, 2-4
0
epi-29, 6-3
4
-607
minf-17, 2-3
rnf-19, 1-11, 6-6
epi-30, 3-4
epi-31, 3-5
0
epi-32, 1-8
8
epi-33, 1-9
epi-34, 0-3
true
Ok
epi-35, 0-4
rnf-20, 0-6, 5-5
Ok
epi-36, 0-5
Ok
Ok
4
4
None
emi-7, 4-1
minf-18, 1-1
752
4
true
true
752
rnf-21, 1-12, 6-7
Ok
epi-37, 4-7
er-8, 2-3, 6-3
Ok
er-9, 4-3, 4-3
er-10, 3-1, 5-2
2
2
-607
rnf-22, 1-13, 6-8
Ordinary message: 2
Ok
Ok
0
0
egi-24, 2-7
8
0
true
8
emi-8, 4-2
2
3
0
5
rnf-23, 2-6, 5-6
-648
8
8
0
er-11, 1-1, 2-4
Ok
0
rnf-24, 2-7, 5-7
3
8
epi-38, 1-10
8
8
0
Ok
er-12, 0-2, 2-5
epi-39, 6-4
true
epi-40, 3-6
egi-25, 4-4
0
-1392
true
rnf-25, 2-8, 4-5
true
8
2
67
Ok
3
Ok
emi-9, 3-2
er-13, 1-2, 2-6
8
rnf-26, 1-14, 6-9
3
er-14, 3-2, 5-3
minf-19, 2-4
0
6
Ok
rnf-27, 0-7, 5-8
Ordinary message: 4
4
0
emi-10, 6-3
Ok
Ok
-888
minf-20, 1-2
epi-41, 5-5
epi-42, 5-6
12
epi-43, 0-6
er-15, 3-3, 5-4
rnf-28, 1-15, 6-10
Ok
Ok
0
epi-44, 5-7
Ok
0
emi-11, 5-1
minf-21, 1-3
Ok
0
-1165
emi-12, 6-4
10
624
0
3
None
2
true
true
Ok
2
rnf-29, 1-16, 6-11
89
true
Ok
Ok
3
320
er-16, 6-4, 6-4
er-17, 3-4, 4-4
0
rnf-30, 1-17, 4-6
er-18, 2-7, 6-5
true
epi-45, 1-11
er-19, 0-3, 4-5
5
None
0
3
Ordinary message: 4
Ok
0
epi-46, 1-12
emi-13, 5-2
Ok
rnf-31, 1-18, 4-7
true
8
Ok
rnf-32, 3-4, 6-12
epi-47, 6-5
0
minf-22, 2-5
er-20, 3-5, 5-5
emi-14, 0-4
33
epi-48, 5-8
epi-49, 5-9
0
rnf-33, 3-5, 6-13
epi-50, 0-7
epi-51, 6-6
10
epi-52, 4-8
rnf-34, 2-9, 4-8
emi-15, 3-3
epi-53, 4-9
rnf-35, 3-6, 6-14
None
er-21, 2-8, 3-6
0
Ok
2
egi-26, 4-5
10
minf-23, 2-6
0
6
Ok
0
0
3
-1165
10
3
3
None
Ok
epi-54, 4-10
rnf-36, 2-10, 4-9
3
true
epi-55, 2-5
3
epi-56, 1-13
0
Ok
10
rnf-37, 3-7, 6-15
10
4
true
None
None
None
None
3
3
Ok
0
true
None
true
rnf-38, 1-19, 6-16
epi-57, 5-10
Ok
430
10
-482
10
430
0
rnf-39, 3-8, 6-17
-482
0
2
10
Ok
epi-58, 2-6
emi-16, 0-5
Ok
true
None
egi-27, 0-2
epi-59, 4-11
6
egi-28, 6-5
88
144
0
3
egi-29, 3-5
rnf-40, 2-11, 4-10
-1850
2
er-22, 0-4, 3-7
0
10
6
rnf-41, 0-8, 1-20
10
0
6
rnf-42, 3-9, 6-18
10
3
epi-60, 5-11
Ok
epi-61, 6-7
true
Ok
rnf-43, 1-21, 5-9
true
144
3
Ok
10
true
-482
minf-24, 1-4
epi-62, 0-8
10
egi-30, 1-4
Ok
epi-63, 0-9
rnf-44, 0-9, 1-22
rnf-45, 1-23, 6-19
3
3
None
epi-64, 3-7
3
er-23, 2-9, 3-8
56
0
true
144
rnf-46, 0-10, 1-24
er-24, 4-6, 6-6
egi-31, 6-6
epi-65, 6-8
rnf-47, 2-12, 5-10
10
None
true
epi-66, 4-12
rnf-48, 1-25, 6-20
true
2
Ok
3
egi-32, 3-6
er-25, 1-3, 2-10
3
emi-17, 3-4
epi-67, 0-10
290
3
Ok
3
106
epi-68, 5-12
minf-25, 1-5
Ordinary message: 2
10
-1392
126
rnf-49, 1-26, 4-11
10
epi-69, 5-13
emi-18, 4-3
emi-19, 4-4
-1850
0
rnf-50, 3-10, 6-21
0
Ok
Ok
0
Ok
epi-70, 3-8
2
430
Ok
epi-71, 1-14
12
56
3
emi-20, 6-5
438
emi-21, 2-1
0
emi-22, 5-3
-607
3
Ok
Ok
0
emi-23, 0-6
3
true
true
430
rnf-51, 1-27, 6-22
3
0
4
Ordinary message: 2
Ordinary message: 5
-482
12
144
Ok
3
epi-72, 3-9
12
-482
4
rnf-52, 1-28, 6-23
true
72
egi-33, 0-3
epi-73, 3-10
0
0
12
12
3
pinf-58, 2-11
egi-34, 2-8
Ok
true
3
Ok
true
1336
Ok
-482
3
Ok
epi-74, 5-14
0
788
epi-75, 6-9
egi-35, 5-3
epi-76, 2-7
epi-77, 1-15
epi-78, 3-11
true
Ok
3
15
0
-1609
-1609
144
pinf-59, 2-12
rnf-53, 0-11, 5-11
3
None
4
true
902
0
-1165
Ok
epi-79, 5-15
39
egi-36, 0-4
emi-24, 1-1
egi-37, 0-5
Ok
15
4
15
Ok
epi-80, 1-16
egi-38, 2-9
Ok
true
er-26, 2-11, 5-6
Ok
0
788
true
168
None
15
15
egi-39, 6-7
15
epi-81, 0-11
rnf-54, 1-29, 6-24
rnf-55, 1-30, 4-12
epi-82, 6-10
egi-40, 1-5
12
788
None
-1352
4
epi-83, 4-13
Ok
Ordinary message: 2
emi-25, 2-2
rnf-56, 1-31, 4-13
-482
418
Ordinary message: 5
epi-84, 2-8
3
89
Ok
emi-26, 1-2
4
-1352
3
0
Ok
4
18
true
None
rnf-57, 3-11, 6-25
3
18
350
emi-27, 3-5
4
Ok
0
3
0
er-27, 2-12, 2-12
0
3
Ok
-1352
Ok
Ok
Ok
pinf-60, 0-12
3
rnf-58, 1-32, 5-12
epi-85, 1-17
5
epi-86, 4-14
rnf-59, 1-33, 5-13
Ok
emi-28, 5-4
56
Ok
Ok
5
rnf-60, 0-12, 1-34
Ordinary message: 2
5
8
3
-537
Ok
epi-87, 5-16
5
epi-88, 0-12
3
epi-89, 5-17
5
8
3
true
2
emi-29, 2-3
epi-90, 3-12
true
Ok
18
rnf-61, 1-35, 4-14
true
Ok
3
epi-91, 4-15
5
Ordinary message: 2
10
er-28, 2-13, 3-9
true
0
0
770
er-29, 2-14, 2-14
epi-92, 4-16
Ok
rnf-62, 5-14, 6-26
39
3
-506
3
3
rnf-63, 1-36, 4-15
482
None
Ok
true
0
er-30, 1-4, 1-4
2
rnf-64, 1-37, 6-27
0
Ok
epi-93, 3-13
true
6
rnf-65, 1-38, 6-28
3
epi-94, 0-13
0
126
Ok
