pinf-1, 2-1
pinf-2, 0-1
Ok
ginf-1, 1-1
ginf-2, 6-1
pinf-3, 4-1
0
pinf-4, 0-2
0
ginf-3, 1-2
0
egi-1, 7-1
pinf-5, 0-3
ginf-4, 2-1
minf-1, 3-1
pinf-6, 2-2
0
0
pinf-7, 5-1
pinf-8, 1-1
ginf-5, 3-1
ginf-6, 2-2
pinf-9, 5-2
ginf-7, 5-1
pinf-10, 4-2
0
ginf-8, 2-3
pinf-11, 3-1
minf-2, 4-1
pinf-12, 5-3
Ok
pinf-13, 6-1
egi-2, 0-1
pinf-14, 4-3
pinf-15, 0-4
pinf-16, 0-5
ginf-9, 4-1
pinf-17, 3-2
ginf-10, 3-2
0
0
ginf-11, 2-4
ginf-12, 5-2
pinf-18, 0-6
pinf-19, 5-4
pinf-20, 6-2
The person with this number does not exist
ginf-13, 5-3
pinf-21, 1-2
Ok
ginf-14, 4-2
pinf-22, 2-3
Ok
pinf-23, 6-3
0
0
Ok
minf-3, 3-2
pinf-24, 6-4
pinf-25, 2-4
0
pinf-26, 0-7
1
pinf-27, 4-4
minf-4, 5-1
Group does not exist
The person with this number does not exist
Ok
Ok
Ok
pinf-28, 0-8
0
pinf-29, 5-5
pinf-30, 1-3
None
0
ginf-15, 4-3
2
pinf-31, 2-5
0
pinf-32, 6-5
egi-3, 3-1
epi-1, 4-1
ginf-16, 4-4
pinf-33, 1-4
0
pinf-34, 6-6
pinf-35, 5-6
Ok
epi-2, 4-2
0
0
pinf-36, 5-7
anf-1, 4-1
None
0
egi-4, 6-1
ginf-17, 4-5
pinf-37, 1-5
pinf-38, 0-9
minf-5, 0-1
0
pinf-39, 2-6
ginf-18, 1-3
0
pinf-40, 2-7
0
rnf-1, 3-1, 4-1
pinf-41, 7-1
pinf-42, 6-7
pinf-43, 6-8
pinf-44, 5-8
pinf-45, 5-9
minf-6, 7-1
pinf-46, 0-10
0
pinf-47, 2-8
0
Group does not exist
pinf-48, 6-9
ginf-19, 4-6
ginf-20, 4-7
pinf-49, 7-2
0
0
pinf-50, 1-6
2
pinf-51, 5-10
Ok
pinf-52, 1-7
0
pinf-53, 5-11
ginf-21, 4-8
anf-2, 3-1
0
Ok
0
pinf-54, 2-9
None
ginf-22, 4-9
epi-3, 4-3
None
2
pinf-55, 2-10
The person with this number does not exist
epi-4, 3-1
0
2
2
Ok
Ok
0
pinf-56, 5-12
0
pinf-57, 7-3
0
1
1
0
0
4
The person with this number does not exist
None
er-1, 0-1, 4-1
pinf-58, 1-8
4
0
Ok
Ok
epi-5, 7-1
er-2, 3-1, 3-1
anf-3, 1-1
0
Ok
pinf-59, 5-13
epi-6, 6-1
epi-7, 3-2
rnf-2, 1-1, 6-1
0
None
0
minf-7, 5-2
1
0
0
Ok
egi-5, 0-2
Ok
er-3, 2-1, 2-1
0
ginf-23, 4-10
Ok
0
5
egi-6, 0-3
emi-1, 3-1
emi-2, 3-2
pinf-60, 5-14
Ok
anf-4, 1-2
epi-8, 7-2
false
epi-9, 4-4
Ok
anf-5, 1-3
egi-7, 7-2
0
Ok
Ok
0
0
4
rnf-3, 4-2, 7-1
0
egi-8, 0-4
0
1
0
epi-10, 1-1
Ok
epi-11, 4-5
2
3
Ok
2
0
pinf-61, 5-15
The person with this number does not exist
false
Ok
egi-9, 0-5
Ok
0
minf-8, 5-3
epi-12, 3-3
0
None
pinf-62, 5-16
true
epi-13, 1-2
false
3
None
pinf-63, 5-17
minf-9, 7-2
Ok
2
egi-10, 7-3
rnf-4, 1-2, 4-3
false
None
0
true
rnf-5, 1-3, 4-4
Ok
ginf-24, 4-11
minf-10, 5-4
0
false
emi-3, 6-1
0
false
Ok
0
egi-11, 1-1
Ok
rnf-6, 1-4, 3-2
0
The person with this number does not exist
pinf-64, 5-18
pinf-65, 5-19
2
emi-4, 5-1
The person with this number does not exist
0
None
The person with this number does not exist
None
egi-12, 0-6
rnf-7, 1-5, 3-3
0
rnf-8, 1-6, 6-2
rnf-9, 4-5, 6-3
0
epi-14, 4-6
3
None
0
pinf-66, 3-3
epi-15, 3-4
ginf-25, 4-12
minf-11, 7-3
0
anf-6, 1-4
pinf-67, 5-20
epi-16, 3-5
0
ginf-26, 4-13
Ok
0
0
minf-12, 2-1
0
egi-13, 1-2
minf-13, 1-1
3
emi-5, 4-1
egi-14, 6-2
0
Ok
0
0
Ok
Ok
rnf-10, 3-4, 7-2
epi-17, 3-6
0
epi-18, 7-3
None
Ok
minf-14, 1-2
0
rnf-11, 4-6, 5-1
er-4, 5-1, 5-1
2
Ok
1
4
4
0
rnf-12, 0-1, 7-3
Ok
2
0
pinf-68, 2-11
0
true
0
0
egi-15, 6-3
Ok
Ok
None
1
0
Ok
epi-19, 3-7
anf-7, 7-1
pinf-69, 0-11
0
epi-20, 7-4
0
rnf-13, 1-7, 3-5
emi-6, 4-2
0
0
0
epi-21, 7-5
0
0
epi-22, 3-8
1
epi-23, 4-7
0
emi-7, 5-2
egi-16, 5-1
0
0
0
0
epi-24, 2-1
Ok
Ok
epi-25, 3-9
36
3
0
epi-26, 1-3
1
0
Ok
egi-17, 0-7
33
0
1
emi-8, 0-1
egi-18, 2-1
0
0
Ok
pinf-70, 1-9
pinf-71, 1-10
0
1
emi-9, 2-1
0
0
0
epi-27, 3-10
epi-28, 1-4
rnf-14, 1-8, 2-1
rnf-15, 1-9, 6-4
emi-10, 7-1
Ok
egi-19, 2-2
0
4
Ok
Ok
None
true
0
0
epi-29, 0-1
pinf-72, 3-4
3
4
3
None
None
rnf-16, 5-2, 7-4
0
epi-30, 5-1
Ok
egi-20, 0-8
epi-31, 1-5
Ok
epi-32, 7-6
true
72
Ok
1
egi-21, 2-3
0
pinf-73, 3-5
0
true
epi-33, 2-2
epi-34, 4-8
None
0
0
4
true
Ok
5
epi-35, 4-9
0
Ok
Ok
epi-36, 4-10
1
0
true
23
1
epi-37, 4-11
23
0
None
Ok
4
Ok
egi-22, 2-4
None
rnf-17, 3-6, 7-5
1
egi-23, 7-4
Ok
0
0
true
epi-38, 5-2
7
rnf-18, 1-10, 6-5
egi-24, 4-1
rnf-19, 4-7, 5-3
pinf-74, 3-6
0
er-5, 7-1, 7-1
1
epi-39, 6-2
0
emi-11, 3-3
epi-40, 5-3
Ok
4
rnf-20, 3-7, 5-4
rnf-21, 1-11, 2-2
0
pinf-75, 0-12
er-6, 1-1, 5-2
7
epi-41, 0-2
egi-25, 1-3
1
true
7
epi-42, 4-12
rnf-22, 1-12, 4-8
rnf-23, 3-8, 5-5
Ok
0
1
0
0
Ok
epi-43, 5-4
epi-44, 1-6
er-7, 4-2, 7-2
23
true
1
10
emi-12, 5-3
er-8, 3-2, 6-1
0
pinf-76, 0-13
10
None
0
Ok
4
0
Ok
er-9, 1-2, 5-3
4
1
emi-13, 1-1
epi-45, 3-11
Ok
Ok
epi-46, 2-3
0
Ok
Ok
1
None
true
pinf-77, 0-14
33
egi-26, 4-2
1
2
emi-14, 2-2
er-10, 4-3, 6-2
1
emi-15, 3-4
None
emi-16, 5-4
0
pinf-78, 4-5
2
0
None
er-11, 2-2, 3-3
0
1
2
4
1
Ok
Ok
epi-47, 2-4
egi-27, 7-5
emi-17, 5-5
epi-48, 7-7
0
Ok
egi-28, 0-9
None
rnf-24, 1-13, 3-9
10
0
0
0
epi-49, 6-3
er-12, 2-3, 6-3
2
2
2
16
Ok
Ok
0
egi-29, 6-4
pinf-79, 6-10
anf-8, 5-1
epi-50, 0-3
79
0
None
epi-51, 6-4
0
epi-52, 2-5
pinf-80, 2-12
emi-18, 4-3
3
rnf-25, 1-14, 7-6
epi-53, 3-12
3
0
Ok
emi-19, 1-2
0
pinf-81, 0-15
er-13, 5-4, 5-4
0
Ok
3
108
108
Ok
1
0
Ok
er-14, 0-2, 2-4
er-15, 2-5, 6-4
true
rnf-26, 1-15, 7-7
true
None
1
108
Ok
398
epi-54, 5-5
true
2
0
1
epi-55, 5-6
576
rnf-27, 0-2, 3-10
4
egi-30, 0-10
pinf-82, 0-16
398
epi-56, 7-8
true
Ok
Ok
1
emi-20, 2-3
er-16, 1-3, 1-3
158
egi-31, 7-6
er-17, 4-4, 6-5
emi-21, 5-6
Ok
true
true
epi-57, 2-6
er-18, 0-3, 7-3
7
0
Ok
Ok
egi-32, 7-7
None
0
emi-22, 7-2
7
0
0
emi-23, 4-4
0
epi-58, 0-4
epi-59, 4-13
4
minf-15, 6-1
None
1
0
7
0
Ok
None
pinf-83, 0-17
2
576
rnf-28, 4-9, 5-6
Ok
2
Ok
epi-60, 1-7
436
0
0
0
734
epi-61, 4-14
Ok
true
108
true
pinf-84, 6-11
0
1348
0
192
7
436
rnf-29, 4-10, 7-8
398
egi-33, 7-8
7
epi-62, 0-5
734
epi-63, 5-7
true
egi-34, 0-11
er-19, 5-5, 5-5
0
5
0
Ok
4
0
epi-64, 6-5
Ok
0
egi-35, 2-5
egi-36, 6-5
egi-37, 6-6
7
epi-65, 6-6
0
epi-66, 7-9
None
0
4
Ok
epi-67, 5-8
5
Ok
emi-24, 6-2
rnf-30, 3-11, 5-7
minf-16, 1-3
199
2
minf-17, 1-4
Ok
epi-68, 4-15
6
7
55
None
er-20, 3-4, 6-6
0
0
Ok
Ok
epi-69, 3-13
2
epi-70, 0-6
108
er-21, 2-6, 6-7
95
emi-25, 2-4
55
0
0
true
Ok
Ok
2
6
1470
Ok
6
epi-71, 6-7
None
epi-72, 3-14
rnf-31, 1-16, 7-9
514
0
4
Ok
epi-73, 0-7
Ok
0
0
1348
Ok
egi-38, 0-12
Ok
epi-74, 2-7
10
0
er-22, 7-4, 7-4
0
2
0
6
700
Ok
0
egi-39, 2-6
4
0
0
4
Ok
Ok
7
None
1470
11
rnf-32, 3-12, 5-8
epi-75, 3-15
Ok
2
2
0
11
true
true
0
Ok
0
11
epi-76, 5-9
2
true
2
egi-40, 0-13
emi-26, 7-3
0
6
63
rnf-33, 0-3, 2-3
0
0
6
egi-41, 5-2
epi-77, 3-16
0
emi-27, 3-5
rnf-34, 4-11, 5-9
0
Ok
11
2
4
epi-78, 5-10
emi-28, 0-2
11
epi-79, 2-8
Ok
egi-42, 5-3
Ok
true
rnf-35, 0-4, 2-4
rnf-36, 4-12, 5-10
2
6
11
6
6
epi-80, 7-10
epi-81, 5-11
2
6
epi-82, 2-9
true
rnf-37, 1-17, 3-13
er-23, 2-7, 2-7
6
pinf-85, 0-18
true
Ok
690
rnf-38, 0-5, 5-11
Ok
epi-83, 7-11
epi-84, 1-8
Ok
Ok
6
rnf-39, 5-12, 6-6
314
egi-43, 2-7
11
156
11
egi-44, 0-14
pinf-86, 0-19
Ok
201
egi-45, 6-7
1391
emi-29, 7-4
0
2
rnf-40, 3-14, 6-7
514
epi-85, 0-8
Ok
None
true
Ordinary message: 2
4
rnf-41, 6-8, 7-10
epi-86, 0-9
Ok
None
0
0
6
emi-30, 3-6
Ok
0
11
None
2
0
rnf-42, 5-13, 6-9
epi-87, 5-12
Ok
pinf-87, 0-20
Ok
Ok
0
Ok
Ok
0
true
rnf-43, 0-6, 5-14
epi-88, 0-10
1
0
0
None
emi-31, 2-5
true
0
6
None
4
6
er-24, 5-6, 5-6
None
rnf-44, 0-7, 5-15
pinf-88, 0-21
true
Ok
0
524
true
None
78
epi-89, 3-17
Ok
Ok
6
epi-90, 0-11
emi-32, 5-7
Ok
rnf-45, 1-18, 4-13
1
er-25, 2-8, 5-7
Ok
emi-33, 0-3
11
1
Ok
Ok
-764
egi-46, 2-8
None
Ok
None
39
-764
Ok
100
rnf-46, 0-8, 5-16
true
0
0
epi-91, 3-18
epi-92, 4-16
0
None
epi-93, 4-17
Ok
11
6
epi-94, 0-12
emi-34, 0-4
epi-95, 5-13
Ok
0
11
11
egi-47, 2-9
1
78
emi-35, 5-8
