pinf-1, 0-1
ginf-1, 4-1
ginf-2, 0-1
ginf-3, 3-1
ginf-4, 3-2
Ok
ginf-5, 4-2
pinf-2, 3-1
The person with this number does not exist
pinf-3, 0-2
pinf-4, 1-1
minf-1, 0-1
The person with this number does not exist
Ok
ginf-6, 3-3
0
minf-2, 1-1
pinf-5, 4-1
minf-3, 2-1
egi-1, 2-1
ginf-7, 0-2
0
ginf-8, 1-1
Ok
The person with this number does not exist
The person with this number does not exist
pinf-6, 3-2
0
Ok
Ok
pinf-7, 3-3
minf-4, 2-2
pinf-8, 4-2
pinf-9, 2-1
minf-5, 4-1
minf-6, 3-1
pinf-10, 1-2
pinf-11, 2-2
The person with this number does not exist
pinf-12, 0-3
pinf-13, 0-4
egi-2, 1-1
0
pinf-14, 2-3
egi-3, 1-2
pinf-15, 0-5
The person with this number does not exist
0
0
0
pinf-16, 4-3
pinf-17, 2-4
minf-7, 3-2
pinf-18, 0-6
pinf-19, 3-4
0
pinf-20, 2-5
pinf-21, 0-7
0
egi-4, 4-1
pinf-22, 2-6
minf-8, 0-2
Ok
pinf-23, 1-3
pinf-24, 2-7
Ok
0
Ok
1
0
minf-9, 2-3
pinf-25, 2-8
1
0
0
epi-1, 3-1
er-1, 0-1, 3-1
The person with this number does not exist
egi-5, 1-3
pinf-26, 2-9
pinf-27, 1-4
0
pinf-28, 4-4
pinf-29, 2-10
Ok
pinf-30, 2-11
Ok
egi-6, 3-1
0
pinf-31, 1-5
2
pinf-32, 2-12
0
3
0
egi-7, 3-2
epi-2, 4-1
Ok
0
pinf-33, 1-6
None
3
None
3
Ok
0
0
0
egi-8, 1-4
egi-9, 0-1
minf-10, 2-4
The person with this number does not exist
epi-3, 0-1
epi-4, 4-2
1
0
1
epi-5, 3-2
egi-10, 4-2
pinf-34, 1-7
egi-11, 1-5
Ok
minf-11, 4-2
Ok
1
egi-12, 4-3
1
Ok
None
None
epi-6, 3-3
egi-13, 2-2
epi-7, 4-3
Ok
Ok
0
None
Ok
Ok
false
Ok
0
0
3
er-2, 0-2, 2-1
epi-8, 3-4
emi-1, 4-1
1
er-3, 3-2, 3-2
3
0
0
epi-9, 0-2
egi-14, 0-2
er-4, 0-3, 2-2
None
0
pinf-35, 2-13
true
rnf-1, 0-1, 1-1
epi-10, 2-1
true
egi-15, 0-3
pinf-36, 2-14
epi-11, 1-1
None
0
0
1
0
epi-12, 0-3
epi-13, 0-4
epi-14, 2-2
0
0
778
egi-16, 0-4
0
rnf-2, 1-2, 4-1
0
epi-15, 2-3
egi-17, 1-6
true
1
anf-1, 4-1
egi-18, 4-4
0
egi-19, 3-3
0
0
minf-12, 2-5
None
None
epi-16, 4-4
0
0
true
Ok
rnf-3, 1-3, 3-1
0
egi-20, 0-5
None
0
false
Ok
778
1
0
0
Ok
epi-17, 4-5
1
rnf-4, 0-2, 1-4
0
rnf-5, 1-5, 4-2
0
0
0
3
epi-18, 1-2
egi-21, 2-3
Ok
2
None
0
pinf-37, 2-15
None
None
rnf-6, 2-1, 3-2
epi-19, 2-4
pinf-38, 2-16
0
epi-20, 1-3
egi-22, 4-5
epi-21, 3-5
er-5, 3-3, 4-1
0
58
0
anf-2, 1-1
0
false
true
Ok
2
true
1
None
egi-23, 2-4
778
epi-22, 2-5
anf-3, 1-2
epi-23, 0-5
0
true
epi-24, 1-4
epi-25, 3-6
2
Ok
Ok
egi-24, 2-5
1
er-6, 2-3, 2-3
1
er-7, 1-1, 1-1
None
1
Ok
1
true
rnf-7, 0-3, 4-3
rnf-8, 1-6, 4-4
Ok
minf-13, 0-3
Ok
rnf-9, 0-4, 4-5
er-8, 0-4, 3-4
emi-2, 2-1
778
true
0
Ok
epi-26, 2-6
0
epi-27, 2-7
epi-28, 2-8
0
egi-25, 4-6
egi-26, 2-6
Ok
None
4
0
emi-3, 2-2
1
1
778
1
0
49
0
4
0
rnf-10, 0-5, 4-6
epi-29, 1-5
None
epi-30, 4-6
egi-27, 0-6
1
0
Ok
epi-31, 1-6
emi-4, 2-3
er-9, 2-4, 2-4
1
0
egi-28, 1-7
emi-5, 3-1
Ok
0
Ok
emi-6, 1-1
0
1
0
0
0
pinf-39, 2-17
2
1
0
Ok
0
emi-7, 2-4
minf-14, 4-3
0
0
er-10, 1-2, 2-5
1
1
Ok
None
0
0
1
0
0
1
epi-32, 2-9
epi-33, 4-7
0
176
4
er-11, 3-5, 4-2
true
er-12, 1-3, 3-6
egi-29, 0-7
0
None
8
2
805
epi-34, 1-7
epi-35, 3-7
None
0
er-13, 1-4, 3-7
emi-8, 3-2
true
er-14, 3-8, 3-8
15
8
epi-36, 4-8
true
8
er-15, 2-6, 2-6
15
0
epi-37, 2-10
0
egi-30, 4-7
pinf-40, 2-18
0
true
0
None
None
emi-9, 3-3
egi-31, 3-4
1
epi-38, 1-8
0
epi-39, 1-9
true
1
8
2
53
1
0
epi-40, 2-11
emi-10, 2-5
rnf-11, 0-6, 4-7
8
31
emi-11, 2-6
2
epi-41, 1-10
4
epi-42, 4-9
true
epi-43, 0-6
er-16, 1-5, 2-7
0
0
1
0
epi-44, 0-7
0
egi-32, 0-8
1
epi-45, 4-10
egi-33, 1-8
1
pinf-41, 3-5
0
0
epi-46, 1-11
egi-34, 0-9
minf-15, 0-4
Ok
rnf-12, 0-7, 4-8
2
None
epi-47, 0-8
Ok
er-17, 0-5, 3-9
30
7
epi-48, 0-9
4
Ok
emi-12, 1-2
None
true
epi-49, 1-12
epi-50, 2-12
2
0
0
false
2
0
0
Ok
egi-35, 1-9
epi-51, 4-11
Ok
2
2
true
0
2
epi-52, 2-13
2
Ok
Ok
egi-36, 1-10
Ok
1
0
epi-53, 4-12
epi-54, 2-14
805
epi-55, 1-13
805
0
emi-13, 2-7
false
er-18, 2-8, 2-8
2
emi-14, 3-4
epi-56, 3-8
Ok
Ok
2
7
er-19, 1-6, 1-6
Ok
49
er-20, 2-9, 2-9
0
2
382
0
27
Ok
epi-57, 4-13
1
er-21, 3-10, 3-10
egi-37, 4-8
Ok
7
None
epi-58, 0-10
2
egi-38, 1-11
1
pinf-42, 3-6
350
Ok
889
Ok
minf-16, 3-3
minf-17, 3-4
0
Ok
epi-59, 4-14
Ok
epi-60, 4-15
er-22, 0-6, 1-7
true
0
Ok
Ok
epi-61, 2-15
1694
minf-18, 0-5
2
epi-62, 0-11
0
6
Ok
2
pinf-43, 3-7
2
9
1
9
epi-63, 2-16
0
true
er-23, 0-7, 3-11
rnf-13, 1-7, 3-3
egi-39, 2-7
None
egi-40, 3-5
0
true
0
0
er-24, 2-10, 4-3
er-25, 3-12, 4-4
442
1
1
1
Ok
true
46
Ok
er-26, 3-13, 4-5
9
er-27, 1-8, 4-6
442
314
false
-233
0
442
rnf-14, 2-2, 3-4
egi-41, 2-8
epi-64, 2-17
true
1
pinf-44, 3-8
false
0
Ok
1
None
0
2
minf-19, 0-6
Ok
epi-65, 2-18
false
minf-20, 0-7
170
minf-21, 0-8
er-28, 3-14, 4-7
true
None
1
236
1
egi-42, 0-10
minf-22, 0-9
epi-66, 3-9
true
0
0
9
Ok
0
epi-67, 2-19
2
er-29, 0-8, 3-15
2
true
2
er-30, 0-9, 4-8
Ok
128
0
0
0
true
9
9
4
-233
590
epi-68, 0-12
4
-233
943
236
30
Ok
true
egi-43, 1-12
1
314
Ok
Ok
minf-23, 0-10
14
1
true
11
Ok
true
egi-44, 1-13
0
epi-69, 2-20
30
0
egi-45, 4-9
0
11
pinf-45, 3-9
epi-70, 0-13
4
18
er-31, 2-11, 3-16
epi-71, 4-16
542
epi-72, 2-21
minf-24, 1-2
egi-46, 3-6
100
1
14
epi-73, 1-14
9
0
true
Ordinary message: 4
epi-74, 1-15
Ordinary message: 4
emi-15, 2-8
minf-25, 0-11
epi-75, 1-16
11
1
epi-76, 4-17
None
308
egi-47, 0-11
1
Ok
egi-48, 2-9
14
Ok
0
epi-77, 4-18
0
epi-78, 0-14
epi-79, 4-19
68
epi-80, 1-17
0
er-32, 1-9, 2-12
er-33, 0-10, 1-10
true
36
None
None
rnf-15, 1-8, 3-5
2
11
er-34, 0-11, 3-17
Ok
2
22
true
er-35, 0-12, 0-12
2
Ok
Ok
epi-81, 0-15
egi-49, 0-12
epi-82, 3-10
minf-26, 4-4
Ok
emi-16, 1-3
Ok
true
0
943
18
epi-83, 0-16
pinf-46, 3-10
epi-84, 3-11
pinf-47, 0-8
2
14
Ordinary message: 3
1
epi-85, 2-22
Ok
9
true
990
None
14
pinf-48, 1-8
Ok
2
pinf-49, 0-9
Ok
er-36, 3-18, 4-9
3
epi-86, 4-20
12
pinf-50, 3-11
1
epi-87, 2-23
12
None
er-37, 0-13, 0-13
-960
egi-50, 0-13
Ok
Ok
68
egi-51, 0-14
Ok
314
2
pinf-51, 0-10
12
4
emi-17, 2-9
egi-52, 2-10
3
egi-53, 2-11
967
12
Ordinary message: 3
136
epi-88, 3-12
2
epi-89, 3-13
3
None
er-38, 3-19, 4-10
12
egi-54, 3-7
314
Ordinary message: 3
1
12
2
22
er-39, 3-20, 4-11
0
Ok
12
Ok
12
12
2
12
Ordinary message: 3
true
358
pinf-52, 1-9
true
None
epi-90, 0-17
12
Ok
1
358
4
1
0
0
emi-18, 0-1
true
967
Ok
4
emi-19, 0-2
4
2
3
egi-55, 0-15
0
50
Ok
943
4
pinf-53, 1-10
314
pinf-54, 0-11
1232
egi-56, 3-8
50
Ok
1188
er-40, 0-14, 1-11
Ok
epi-91, 3-14
true
emi-20, 3-5
true
egi-57, 2-12
0
rnf-16, 2-3, 3-6
178
None
true
2
5
emi-21, 4-2
5
Ok
rnf-17, 2-4, 3-7
5
5
epi-92, 1-18
1
er-41, 4-12, 4-12
true
967
epi-93, 4-21
true
314
5
Ok
Ok
er-42, 3-21, 4-13
5
0
Ok
30
0
Ok
2
5
Ok
2
rnf-18, 0-8, 4-9
epi-94, 1-19
emi-22, 3-6
pinf-55, 0-12
Ok
-960
0
er-43, 2-13, 4-14
Ok
Ok
epi-95, 0-18
None
1
0
epi-96, 2-24
2
er-44, 1-12, 2-14
0
egi-58, 0-16
pinf-56, 1-11
76
epi-97, 0-19
1
epi-98, 1-20
epi-99, 3-15
egi-59, 4-10
pinf-57, 0-13
emi-23, 3-7
0
4
4
805
0
943
emi-24, 1-4
518
160
egi-60, 0-17
798
49
5
Ordinary message: 4
80
197
2
epi-100, 4-22
943
Ok
epi-101, 3-16
epi-102, 2-25
4
1
epi-103, 1-21
er-45, 1-13, 2-15
egi-61, 1-14
epi-104, 1-22
5
314
943
11
805
51
pinf-58, 3-12
4
1
518
5
emi-25, 4-3
0
egi-62, 1-15
0
emi-26, 3-8
epi-105, 2-26
805
5
epi-106, 2-27
5
er-46, 4-15, 4-15
Ok
0
Ordinary message: 3
11
Ok
None
11
197
Ok
epi-107, 3-17
10
None
6
1
0
None
Ok
10
225
er-47, 1-14, 2-16
1
314
10
6
Ok
967
emi-27, 3-9
276
Ok
Ok
160
Ok
er-48, 4-16, 4-16
Ordinary message: 3
967
Ok
0
emi-28, 1-5
Ok
1
er-49, 0-15, 3-22
0
943
0
Ok
epi-108, 0-20
epi-109, 3-18
