ginf-1, 2-1
minf-1, 2-1
pinf-1, 1-1
pinf-2, 3-1
ginf-2, 1-1
ginf-3, 0-1
Group does not exist
minf-2, 2-2
pinf-3, 0-1
ginf-4, 0-2
ginf-5, 1-2
ginf-6, 0-3
0
ginf-7, 0-4
pinf-4, 2-1
0
Ok
Ok
pinf-5, 1-2
ginf-8, 1-3
pinf-6, 0-2
0
ginf-9, 1-4
pinf-7, 0-3
1
Ok
The person with this number does not exist
minf-3, 0-1
epi-1, 3-1
0
pinf-8, 1-3
ginf-10, 0-5
ginf-11, 3-1
0
pinf-9, 1-4
minf-4, 0-2
1
pinf-10, 0-4
pinf-11, 0-5
Ok
minf-5, 0-3
pinf-12, 1-5
None
2
0
0
pinf-13, 2-2
Ok
0
minf-6, 1-1
pinf-14, 2-3
0
pinf-15, 2-4
pinf-16, 2-5
None
ginf-12, 0-6
minf-7, 2-3
anf-1, 0-1
2
ginf-13, 0-7
0
egi-1, 3-1
0
0
minf-8, 3-1
ginf-14, 0-8
egi-2, 1-1
minf-9, 0-4
pinf-17, 2-6
0
pinf-18, 1-6
epi-2, 3-2
pinf-19, 2-7
0
minf-10, 2-4
pinf-20, 1-7
pinf-21, 2-8
pinf-22, 1-8
minf-11, 0-5
false
2
epi-3, 3-3
None
true
egi-3, 3-2
0
pinf-23, 1-9
pinf-24, 2-9
None
0
ginf-15, 0-9
None
0
ginf-16, 0-10
pinf-25, 1-10
minf-12, 0-6
pinf-26, 2-10
minf-13, 2-5
pinf-27, 2-11
pinf-28, 2-12
0
pinf-29, 2-13
pinf-30, 2-14
egi-4, 1-2
0
0
The person with this number does not exist
0
0
pinf-31, 1-11
0
pinf-32, 2-15
pinf-33, 2-16
0
pinf-34, 2-17
pinf-35, 2-18
Ok
epi-4, 3-4
3
Ok
Ok
Ok
false
0
0
epi-5, 3-5
minf-14, 2-6
1
minf-15, 2-7
0
0
minf-16, 2-8
false
minf-17, 1-2
None
epi-6, 0-1
true
epi-7, 1-1
egi-5, 1-3
minf-18, 3-2
epi-8, 2-1
0
minf-19, 2-9
anf-2, 1-1
rnf-1, 0-1, 2-1
0
0
epi-9, 1-2
None
minf-20, 1-3
rnf-2, 2-2, 3-1
3
Ok
Ok
Ok
None
rnf-3, 1-1, 2-3
None
0
Ok
epi-10, 1-3
emi-1, 0-1
epi-11, 1-4
epi-12, 1-5
0
epi-13, 3-6
Ok
epi-14, 3-7
epi-15, 1-6
pinf-36, 3-2
rnf-4, 1-2, 2-4
0
1
egi-6, 1-4
0
true
emi-2, 0-2
3
3
rnf-5, 1-3, 2-5
emi-3, 3-1
0
0
egi-7, 0-1
0
Ok
0
false
pinf-37, 3-3
egi-8, 3-3
0
2
1
egi-9, 0-2
egi-10, 2-1
2
egi-11, 1-5
epi-16, 0-2
0
emi-4, 2-1
0
0
pinf-38, 2-19
0
0
emi-5, 1-1
1
rnf-6, 1-4, 2-6
er-1, 0-1, 3-1
Ok
1
rnf-7, 0-2, 1-5
Ok
epi-17, 2-2
rnf-8, 1-6, 2-7
None
0
er-2, 0-2, 2-1
true
0
pinf-39, 3-4
epi-18, 2-3
pinf-40, 2-20
egi-12, 2-2
emi-6, 1-2
0
pinf-41, 2-21
rnf-9, 1-7, 3-2
2
anf-3, 1-2
0
Ok
1
emi-7, 1-3
Ok
egi-13, 1-6
0
0
pinf-42, 2-22
epi-19, 0-3
0
egi-14, 1-7
pinf-43, 2-23
epi-20, 0-4
None
epi-21, 1-7
rnf-10, 0-3, 1-8
egi-15, 3-4
emi-8, 0-3
Ok
0
epi-22, 0-5
Ok
None
Ok
emi-9, 3-2
0
emi-10, 2-2
epi-23, 1-8
er-3, 2-2, 2-2
emi-11, 2-3
epi-24, 3-8
egi-16, 3-5
2
epi-25, 3-9
Ok
132
1
82
2
epi-26, 1-9
2
2
egi-17, 2-3
er-4, 0-3, 3-2
true
None
66
er-5, 1-1, 2-3
0
3
emi-12, 1-4
132
24
Ok
0
emi-13, 0-4
2
0
er-6, 2-4, 2-4
None
Ok
true
true
true
true
true
None
epi-27, 2-4
pinf-44, 3-5
true
Ok
true
egi-18, 1-8
2
2
2
Ok
er-7, 0-4, 2-5
None
1
0
pinf-45, 2-24
epi-28, 1-10
true
None
egi-19, 1-9
2
epi-29, 1-11
None
er-8, 3-3, 3-3
2
2
emi-14, 2-4
2
0
132
epi-30, 2-5
0
er-9, 0-5, 2-6
egi-20, 0-3
egi-21, 3-6
0
Ordinary message: 0
Ok
er-10, 1-2, 2-7
0
true
Ok
1
epi-31, 1-12
emi-15, 1-5
epi-32, 3-10
epi-33, 2-6
132
epi-34, 0-6
2
epi-35, 2-7
Ok
epi-36, 3-11
1
epi-37, 2-8
2
egi-22, 1-10
142
2
0
31
None
0
2
Ok
Ok
1
0
1
1
3
true
egi-23, 3-7
epi-38, 0-7
emi-16, 3-3
true
er-11, 1-3, 1-3
true
epi-39, 0-8
Ok
1
31
epi-40, 0-9
emi-17, 0-5
Ok
1
800
epi-41, 3-12
egi-24, 1-11
true
Ok
800
1
4
0
minf-21, 2-10
1
epi-42, 0-10
132
er-12, 1-4, 3-4
Ok
epi-43, 3-13
Ok
minf-22, 2-11
1
3
true
egi-25, 2-4
pinf-46, 2-25
22
epi-44, 2-9
Ok
132
0
epi-45, 0-11
1
1
1
epi-46, 2-10
epi-47, 2-11
1
epi-48, 3-14
2
Ok
-707
0
1
er-13, 3-5, 3-5
Ordinary message: 0
0
er-14, 1-5, 3-6
290
0
false
emi-18, 1-6
Ok
epi-49, 3-15
-707
minf-23, 0-7
2
0
epi-50, 3-16
epi-51, 0-12
800
true
0
71
Ok
true
3
Ok
2
egi-26, 1-12
0
0
3
emi-19, 3-4
egi-27, 1-13
0
1
2
Ok
Ordinary message: 0
242
0
egi-28, 1-14
2
minf-24, 2-12
800
Ok
epi-52, 2-12
epi-53, 0-13
egi-29, 1-15
3
800
emi-20, 0-6
-707
epi-54, 2-13
Ok
None
Ok
0
3
1
er-15, 2-8, 3-7
0
3
epi-55, 1-13
0
-707
er-16, 0-6, 2-9
true
1
2
emi-21, 1-7
egi-30, 1-16
2
false
egi-31, 0-4
3
emi-22, 1-8
egi-32, 3-8
1
emi-23, 1-9
Ok
3
epi-56, 0-14
Ok
epi-57, 3-17
None
egi-33, 3-9
3
0
0
pinf-47, 2-26
Ok
epi-58, 2-14
0
3
3
true
0
epi-59, 1-14
-707
1
Ordinary message: 0
3
rnf-11, 0-4, 3-3
rnf-12, 0-5, 1-9
epi-60, 3-18
rnf-13, 0-6, 3-4
0
false
3
epi-61, 0-15
epi-62, 1-15
3
518
3
1
Ok
0
3
epi-63, 0-16
emi-24, 0-7
Ok
Ordinary message: 0
false
egi-34, 3-10
0
Ok
epi-64, 2-15
1
0
3
3
Ok
Ok
3
0
0
epi-65, 0-17
3
epi-66, 1-16
epi-67, 2-16
egi-35, 0-5
Ok
0
0
er-17, 0-7, 2-10
true
1
epi-68, 3-19
epi-69, 1-17
-490
-490
0
Ok
true
Ok
Ok
3
44
0
Ok
er-18, 0-8, 2-11
true
0
0
2
egi-36, 2-5
None
er-19, 0-9, 2-12
1
3
epi-70, 0-18
-490
egi-37, 0-6
false
-490
3
egi-38, 0-7
epi-71, 0-19
3
emi-25, 1-10
epi-72, 0-20
-1997
156
epi-73, 3-20
epi-74, 3-21
3
0
3
1
1
Ok
false
0
Ordinary message: 0
pinf-48, 2-27
epi-75, 1-18
Ok
3
epi-76, 2-17
er-20, 1-6, 2-13
Ok
0
egi-39, 0-8
1
Ok
er-21, 1-7, 1-7
1
emi-26, 1-11
4
egi-40, 3-11
2
4
emi-27, 1-12
epi-77, 1-19
emi-28, 2-5
2
er-22, 0-10, 2-14
Ok
4
rnf-14, 0-7, 3-5
-1221
rnf-15, 0-8, 3-6
er-23, 1-8, 3-8
epi-78, 1-20
-1221
egi-41, 0-9
0
Ok
Ok
4
-2209
-490
0
epi-79, 3-22
0
4
2
Ok
1
0
4
0
4
Ok
epi-80, 0-21
1
emi-29, 1-13
0
6
6
Ok
-1766
0
78
1
Ordinary message: 0
0
pinf-49, 2-28
156
pinf-50, 0-6
0
0
true
epi-81, 3-23
egi-42, 3-12
Ok
1
Ordinary message: 0
6
egi-43, 3-13
6
2
Ok
Ok
0
102
-1766
epi-82, 0-22
Ok
148
Ordinary message: 0
emi-30, 1-14
epi-83, 3-24
pinf-51, 0-7
120
2
-490
true
2
true
epi-84, 1-21
Ok
2
102
2
0
2
Ok
pinf-52, 0-8
2
0
Ordinary message: 3; Ordinary message: 2; Ordinary message: 0
true
er-24, 0-11, 2-15
emi-31, 1-15
0
33
148
Ordinary message: 0
Ok
2
egi-44, 3-14
emi-32, 1-16
2
emi-33, 1-17
2
Ok
epi-85, 3-25
emi-34, 0-8
epi-86, 3-26
Ok
0
None
-1766
Ok
2
epi-87, 0-23
-2209
-490
epi-88, 2-18
6
egi-45, 3-15
0
epi-89, 3-27
0
true
er-25, 0-12, 0-12
6
egi-46, 1-17
egi-47, 1-18
-490
Ok
2
epi-90, 2-19
Ok
emi-35, 2-6
Ok
emi-36, 2-7
0
5
egi-48, 0-10
egi-49, 0-11
-490
epi-91, 1-22
3
5
epi-92, 0-24
emi-37, 3-5
0
Ok
egi-50, 1-19
0
0
0
2
7
3
0
true
true
Ok
2
epi-93, 0-25
Ok
3
4
epi-94, 1-23
emi-38, 3-6
2
epi-95, 0-26
epi-96, 2-20
3
1
3
epi-97, 3-28
epi-98, 3-29
egi-51, 1-20
emi-39, 1-18
true
Ordinary message: 3; Ordinary message: 2; Ordinary message: 0
Ok
pinf-53, 0-9
0
0
2
emi-40, 3-7
-2209
33
0
0
epi-99, 0-27
2
egi-52, 2-6
3
Ok
2
7
true
Ordinary message: 3; Ordinary message: 2; Ordinary message: 0
-490
Ordinary message: 0
epi-100, 1-24
emi-41, 2-8
0
emi-42, 0-9
0
Ok
egi-53, 1-21
Ok
emi-43, 2-9
epi-101, 1-25
Ok
er-26, 2-16, 2-16
Ok
epi-102, 0-28
3
emi-44, 1-19
7
epi-103, 2-21
103
epi-104, 2-22
3
Ok
0
Ok
true
Ordinary message: 0
Ok
2
124
7
Ok
egi-54, 0-12
emi-45, 1-20
0
epi-105, 3-30
Ok
0
7
er-27, 1-9, 3-9
206
2
Ordinary message: 3; Ordinary message: 2; Ordinary message: 0
76
2
Ok
egi-55, 0-13
-1766
Ok
1
7
3
272
129
true
Ordinary message: 0
epi-106, 2-23
Ok
Ok
Ok
Ok
emi-46, 0-10
epi-107, 2-24
epi-108, 3-31
0
1
0
2
egi-56, 2-7
Ok
egi-57, 2-8
minf-25, 3-3
Ok
0
2
Ok
Ordinary message: 0
38
er-28, 0-13, 3-10
3
Ok
epi-109, 2-25
Ok
epi-110, 2-26
minf-26, 2-13
-2746
egi-58, 1-22
Ok
Ok
1
er-29, 0-14, 0-14
0
3
290
2
true
3
0
-2261
Ok
Ok
epi-111, 3-32
egi-59, 2-9
None
7
0
7
emi-47, 3-8
282
epi-112, 0-29
Ok
-1703
Ok
Ok
3
epi-113, 2-27
Ok
258
-1703
er-30, 1-10, 3-11
epi-114, 0-30
3
198
1
Ok
0
3
0
emi-48, 3-9
3
3
Ok
Ok
er-31, 1-11, 2-17
egi-60, 0-14
er-32, 2-18, 2-18
1022
Ok
3
true
258
true
1
minf-27, 2-14
0
er-33, 0-15, 1-12
0
epi-115, 0-31
Ok
minf-28, 2-15
0
7
egi-61, 0-15
epi-116, 0-32
true
0
0
epi-117, 2-28
38
epi-118, 2-29
0
emi-49, 1-21
Ordinary message: 0
emi-50, 0-11
3
epi-119, 0-33
7
2
