pinf-1, 0-1
The person with this number does not exist
ginf-1, 3-1
pinf-2, 5-1
0
pinf-3, 5-2
pinf-4, 2-1
pinf-5, 3-1
0
pinf-6, 3-2
pinf-7, 2-2
pinf-8, 0-2
pinf-9, 4-1
ginf-2, 3-2
Ok
ginf-3, 4-1
0
pinf-10, 3-3
Ok
1
ginf-4, 0-1
pinf-11, 2-3
Group does not exist
1
Ok
pinf-12, 0-3
pinf-13, 2-4
pinf-14, 0-4
pinf-15, 3-4
pinf-16, 2-5
epi-1, 4-1
Ok
pinf-17, 5-3
0
0
2
epi-2, 4-2
minf-1, 0-1
Ok
pinf-18, 2-6
Ok
pinf-19, 3-5
The person with this number does not exist
pinf-20, 2-7
pinf-21, 2-8
pinf-22, 2-9
ginf-5, 0-2
pinf-23, 2-10
egi-1, 2-1
pinf-24, 2-11
ginf-6, 0-3
Ok
Ok
2
pinf-25, 0-5
0
0
1
Ok
pinf-26, 0-6
epi-3, 1-1
0
pinf-27, 0-7
ginf-7, 4-2
pinf-28, 0-8
ginf-8, 3-3
0
pinf-29, 0-9
epi-4, 4-3
epi-5, 4-4
0
ginf-9, 4-3
rnf-1, 1-1, 4-1
pinf-30, 0-10
Ok
0
Group does not exist
pinf-31, 0-11
egi-2, 5-1
epi-6, 5-1
None
pinf-32, 3-6
ginf-10, 4-4
1
pinf-33, 2-12
pinf-34, 3-7
The person with this number does not exist
None
pinf-35, 0-12
ginf-11, 3-4
1
5
Ok
0
er-1, 1-1, 1-1
er-2, 5-1, 5-1
1
Ok
Ok
pinf-36, 3-8
The person with this number does not exist
0
pinf-37, 3-9
pinf-38, 2-13
ginf-12, 0-4
pinf-39, 3-10
pinf-40, 2-14
pinf-41, 2-15
egi-3, 1-1
pinf-42, 3-11
1
pinf-43, 3-12
1
0
1
0
0
1
rnf-2, 1-2, 4-2
1
None
ginf-13, 0-5
0
1
pinf-44, 2-16
pinf-45, 3-13
pinf-46, 2-17
0
Ok
egi-4, 2-2
Ok
pinf-47, 2-18
0
0
0
0
ginf-14, 3-5
pinf-48, 3-14
pinf-49, 2-19
pinf-50, 3-15
0
0
egi-5, 4-1
0
2
pinf-51, 3-16
pinf-52, 3-17
ginf-15, 3-6
ginf-16, 3-7
pinf-53, 3-18
egi-6, 1-2
0
pinf-54, 3-19
0
Ok
pinf-55, 3-20
1
0
0
0
5
0
egi-7, 0-1
Ok
pinf-56, 3-21
0
3
epi-7, 5-2
3
pinf-57, 3-22
epi-8, 2-1
0
Ok
epi-9, 4-5
epi-10, 4-6
epi-11, 2-2
epi-12, 4-7
3
anf-1, 0-1
minf-2, 2-1
epi-13, 1-2
epi-14, 2-3
rnf-3, 1-3, 2-1
0
Ok
None
0
pinf-58, 3-23
0
0
rnf-4, 2-2, 4-3
er-3, 1-2, 1-2
0
None
pinf-59, 3-24
pinf-60, 3-25
pinf-61, 3-26
egi-8, 5-2
egi-9, 3-1
epi-15, 1-3
None
epi-16, 0-1
Ok
None
0
pinf-62, 3-27
er-4, 0-1, 0-1
pinf-63, 3-28
rnf-5, 2-3, 4-4
Ok
0
None
2
rnf-6, 1-4, 4-5
None
Ok
epi-17, 0-2
1
0
epi-18, 1-4
0
0
pinf-64, 3-29
0
Ok
0
None
0
0
0
The person with this number does not exist
None
Ok
0
epi-19, 1-5
epi-20, 0-3
0
egi-10, 2-3
er-5, 0-2, 5-2
0
1
5
emi-1, 5-1
0
pinf-65, 3-30
1
true
0
rnf-7, 2-4, 4-6
0
true
None
0
pinf-66, 3-31
pinf-67, 3-32
pinf-68, 3-33
0
emi-2, 1-1
0
emi-3, 5-2
0
0
epi-21, 2-4
pinf-69, 3-34
epi-22, 1-6
egi-11, 4-2
None
1
Ok
rnf-8, 0-1, 1-5
The person with this number does not exist
0
pinf-70, 3-35
pinf-71, 3-36
pinf-72, 3-37
0
The person with this number does not exist
Ok
1
0
0
0
false
epi-23, 0-4
0
rnf-9, 0-2, 2-5
pinf-73, 3-38
pinf-74, 3-39
Ok
0
epi-24, 2-5
pinf-75, 3-40
2
rnf-10, 1-6, 4-7
rnf-11, 2-6, 4-8
rnf-12, 0-3, 1-7
Ok
Ok
None
pinf-76, 3-41
None
1
252
epi-25, 5-3
5
2
914
pinf-77, 3-42
pinf-78, 3-43
2
emi-4, 0-1
anf-2, 2-1
Ok
epi-26, 2-6
2
epi-27, 0-5
2
0
egi-12, 3-2
1
rnf-13, 0-4, 4-9
minf-3, 2-2
0
0
0
true
rnf-14, 2-7, 5-1
1
1
egi-13, 1-3
pinf-79, 3-44
0
egi-14, 1-4
None
None
rnf-15, 1-8, 2-8
0
minf-4, 2-3
0
epi-28, 1-7
rnf-16, 0-5, 2-9
2
epi-29, 4-8
pinf-80, 3-45
80
0
0
0
epi-30, 1-8
minf-5, 4-1
pinf-81, 3-46
rnf-17, 1-9, 4-10
pinf-82, 3-47
2
The person with this number does not exist
pinf-83, 3-48
Ok
egi-15, 5-3
true
0
emi-5, 0-2
None
egi-16, 5-4
pinf-84, 3-49
252
Ok
Ok
None
0
0
1
Ok
emi-6, 1-2
epi-31, 1-9
epi-32, 0-6
0
5
0
pinf-85, 3-50
1
true
pinf-86, 2-20
pinf-87, 3-51
pinf-88, 3-52
pinf-89, 2-21
rnf-18, 1-10, 4-11
emi-7, 1-3
true
None
pinf-90, 3-53
pinf-91, 3-54
Ok
minf-6, 5-1
rnf-19, 0-6, 1-11
1
Ok
1
0
0
Ok
pinf-92, 3-55
None
true
5
pinf-93, 2-22
None
minf-7, 5-2
epi-33, 1-10
914
epi-34, 0-7
true
1
0
epi-35, 2-7
epi-36, 0-8
epi-37, 5-4
epi-38, 4-9
80
None
epi-39, 0-9
1
1
None
1
pinf-94, 3-56
1
emi-8, 3-1
1
Ok
rnf-20, 0-7, 2-10
epi-40, 2-8
epi-41, 0-10
Ok
914
0
minf-8, 5-3
1
5
None
1
1
egi-17, 3-3
epi-42, 0-11
rnf-21, 2-11, 3-1
914
rnf-22, 0-8, 1-12
emi-9, 3-2
epi-43, 3-1
79
914
Ok
0
None
epi-44, 5-5
epi-45, 0-12
Ok
Ok
1
er-6, 2-1, 5-3
1
None
0
egi-18, 3-4
Ok
0
emi-10, 1-4
egi-19, 2-4
1
epi-46, 0-13
Ok
5
0
None
1
er-7, 3-1, 3-1
1
2
Ok
1
rnf-23, 0-9, 2-12
1
Ok
None
1
rnf-24, 1-13, 2-13
138
Ok
true
Ok
5
1
0
pinf-95, 2-23
true
Ok
None
emi-11, 4-1
epi-47, 2-9
0
egi-20, 1-5
160
46
true
rnf-25, 1-14, 2-14
egi-21, 2-5
epi-48, 5-6
None
5
0
None
Ok
epi-49, 3-2
rnf-26, 0-10, 1-15
epi-50, 3-3
minf-9, 5-4
epi-51, 2-10
None
pinf-96, 2-24
Ok
Ok
pinf-97, 2-25
0
Ok
2
None
rnf-27, 3-2, 5-2
2
2
Ok
1
2
true
pinf-98, 2-26
rnf-28, 1-16, 3-3
Ok
2
160
epi-52, 4-10
egi-22, 1-6
true
true
egi-23, 4-3
epi-53, 0-14
464
Ordinary message: 5
2
2
rnf-29, 2-15, 4-12
epi-54, 2-11
51
0
egi-24, 5-5
0
egi-25, 5-6
952
egi-26, 0-2
None
pinf-99, 2-27
22
Ok
egi-27, 2-6
rnf-30, 3-4, 5-3
true
true
5
212
Ordinary message: 0
1
er-8, 5-4, 5-4
51
epi-55, 0-15
emi-12, 5-3
924
2
2
egi-28, 2-7
294
epi-56, 4-11
rnf-31, 0-11, 2-16
654
0
1
epi-57, 0-16
Ok
er-9, 1-3, 4-1
egi-29, 1-7
924
314
1
1
epi-58, 3-4
epi-59, 2-12
epi-60, 2-13
None
2
0
0
924
Ok
46
egi-30, 5-7
egi-31, 2-8
1
51
Ok
Ok
3
er-10, 5-5, 5-5
212
rnf-32, 0-12, 1-17
Ok
emi-13, 1-5
Ordinary message: 5
rnf-33, 0-13, 1-18
Ok
1
epi-61, 3-5
160
epi-62, 1-11
1
1
212
Ok
emi-14, 2-1
1
1
true
2
None
epi-63, 3-6
epi-64, 1-12
-98
pinf-100, 2-28
true
1
epi-65, 2-14
epi-66, 4-12
32
4
Ok
0
0
2
None
rnf-34, 3-5, 5-4
rnf-35, 0-14, 1-19
1
556
epi-67, 0-17
er-11, 5-6, 5-6
556
1
pinf-101, 2-29
epi-68, 1-13
Ok
2
egi-32, 5-8
egi-33, 4-4
epi-69, 1-14
er-12, 1-4, 4-2
egi-34, 3-5
924
92
emi-15, 1-6
Ok
true
-98
None
Ok
rnf-36, 1-20, 3-6
epi-70, 1-15
rnf-37, 0-15, 1-21
Ok
emi-16, 1-7
800
Ok
5
0
0
epi-71, 3-7
None
epi-72, 1-16
emi-17, 2-2
rnf-38, 1-22, 3-7
epi-73, 4-13
emi-18, 3-3
true
egi-35, 0-3
egi-36, 5-9
Ok
true
Ordinary message: 5
22
er-13, 2-2, 3-2
106
true
0
Ordinary message: 5
0
1
epi-74, 2-15
7
epi-75, 1-17
1
0
epi-76, 4-14
epi-77, 1-18
egi-37, 5-10
7
minf-10, 0-2
92
Ok
true
epi-78, 0-18
1
rnf-39, 0-16, 1-23
1
1
rnf-40, 0-17, 1-24
92
0
rnf-41, 0-18, 1-25
epi-79, 1-19
Ok
epi-80, 2-16
epi-81, 1-20
212
4
true
egi-38, 3-6
egi-39, 3-7
er-14, 1-5, 1-5
epi-82, 0-19
true
epi-83, 5-7
1
7
1
390
epi-84, 4-15
1
728
epi-85, 2-17
7
Ok
epi-86, 4-16
7
er-15, 3-3, 4-3
true
epi-87, 5-8
0
Ok
epi-88, 4-17
3
2
0
epi-89, 5-9
epi-90, 5-10
46
epi-91, 0-20
4
true
728
Ok
er-16, 3-4, 4-4
egi-40, 1-8
0
7
4
Ok
pinf-102, 2-30
er-17, 0-3, 4-5
168
3
39
4
true
2
Ordinary message: 5
2
emi-19, 3-4
minf-11, 0-3
emi-20, 1-8
1
152
0
7
egi-41, 4-5
epi-92, 4-18
Ordinary message: 0; Ordinary message: 5
epi-93, 5-11
true
epi-94, 5-12
-98
epi-95, 1-21
1
38
390
898
emi-21, 4-2
1
epi-96, 3-8
0
2
egi-42, 5-11
0
Ok
3
egi-43, 3-8
0
2
0
0
Ok
51
epi-97, 1-22
None
800
rnf-42, 1-26, 3-8
minf-12, 5-5
Ok
rnf-43, 0-19, 2-17
0
er-18, 1-6, 4-6
true
egi-44, 5-12
898
er-19, 2-3, 4-7
800
None
emi-22, 1-9
1061
1
Ok
epi-98, 2-18
79
er-20, 0-4, 5-7
emi-23, 1-10
0
er-21, 4-8, 4-8
0
egi-45, 4-6
318
er-22, 2-4, 3-5
emi-24, 4-3
9
3
Ordinary message: 5
0
Ok
3
2
emi-25, 3-5
emi-26, 3-6
0
minf-13, 5-6
egi-46, 0-4
1
0
3
160
rnf-44, 2-18, 5-5
0
0
2
None
true
Ok
epi-99, 2-19
Ordinary message: 0; Ordinary message: 5
1
8
None
288
er-23, 3-6, 4-9
800
Ok
160
288
epi-100, 5-13
1
epi-101, 2-20
epi-102, 5-14
160
Ok
1
emi-27, 5-4
epi-103, 3-9
3
Ok
Ok
3
er-24, 5-8, 5-8
3
rnf-45, 1-27, 2-19
3
epi-104, 5-15
true
er-25, 2-5, 4-10
80
Ok
epi-105, 0-21
None
0
288
Ok
rnf-46, 3-9, 5-6
1
0
emi-28, 3-7
3
3
epi-106, 0-22
0
emi-29, 0-3
1
epi-107, 1-23
Ordinary message: 0
rnf-47, 0-20, 2-20
er-26, 0-5, 5-9
1
3
rnf-48, 0-21, 2-21
epi-108, 1-24
800
epi-109, 0-23
true
er-27, 4-11, 4-11
3
true
epi-110, 2-21
1
0
80
epi-111, 2-22
3
3
160
Ok
106
rnf-49, 0-22, 2-22
rnf-50, 2-23, 5-7
emi-30, 3-8
3
0
212
None
3
egi-47, 4-7
true
epi-112, 2-23
Ok
rnf-51, 0-23, 1-28
true
None
8
true
rnf-52, 2-24, 5-8
0
epi-113, 4-19
Ok
0
3
1
1
epi-114, 4-20
3
-46
8
Ok
egi-48, 3-9
Ok
800
egi-49, 3-10
Ok
Ok
pinf-103, 2-31
None
egi-50, 1-9
rnf-53, 2-25, 4-13
epi-115, 4-21
epi-116, 5-16
5
Ok
4
Ok
Ordinary message: 0
pinf-104, 1-1
4
0
true
None
1925
3
egi-51, 0-5
epi-117, 5-17
epi-118, 5-18
egi-52, 4-8
Ok
1
