ginf-1, 4-1
ginf-2, 7-1
0
ginf-3, 0-1
pinf-1, 10-1
pinf-2, 8-1
ginf-4, 3-1
pinf-3, 10-2
ginf-5, 2-1
pinf-4, 7-1
pinf-5, 10-3
pinf-6, 2-1
ginf-6, 6-1
pinf-7, 5-1
ginf-7, 7-2
ginf-8, 4-2
minf-1, 1-1
pinf-8, 1-1
pinf-9, 6-1
minf-2, 6-1
pinf-10, 5-2
ginf-9, 5-1
pinf-11, 4-1
0
ginf-10, 8-1
Ok
pinf-12, 3-1
pinf-13, 5-3
ginf-11, 0-2
ginf-12, 0-3
ginf-13, 8-2
The person with this number does not exist
0
0
0
ginf-14, 8-3
pinf-14, 7-2
0
pinf-15, 1-2
pinf-16, 7-3
0
ginf-15, 4-3
The person with this number does not exist
Group does not exist
ginf-16, 10-1
Ok
ginf-17, 2-2
pinf-17, 2-2
pinf-18, 8-2
ginf-18, 9-1
ginf-19, 9-2
Ok
Ok
pinf-19, 6-2
0
minf-3, 3-1
pinf-20, 0-1
pinf-21, 8-3
ginf-20, 4-4
0
pinf-22, 8-4
pinf-23, 10-4
pinf-24, 4-2
0
0
0
minf-4, 8-1
0
Ok
0
ginf-21, 3-2
0
pinf-25, 2-3
pinf-26, 1-3
pinf-27, 4-3
0
minf-5, 5-1
3
pinf-28, 8-5
ginf-22, 5-2
0
ginf-23, 2-3
ginf-24, 8-4
minf-6, 10-1
pinf-29, 4-4
The person with this number does not exist
pinf-30, 2-4
pinf-31, 1-4
ginf-25, 2-4
pinf-32, 1-5
pinf-33, 5-4
pinf-34, 5-5
ginf-26, 5-3
The person with this number does not exist
pinf-35, 0-2
epi-1, 6-1
pinf-36, 1-6
Ok
pinf-37, 3-2
None
anf-1, 9-1
4
4
0
pinf-38, 1-7
ginf-27, 0-4
pinf-39, 3-3
4
pinf-40, 1-8
pinf-41, 4-5
pinf-42, 10-5
4
pinf-43, 5-6
pinf-44, 1-9
Ok
Ok
Ok
pinf-45, 4-6
ginf-28, 0-5
pinf-46, 3-4
0
pinf-47, 2-5
Ok
Ok
pinf-48, 10-6
pinf-49, 3-5
ginf-29, 0-6
Ok
0
1
0
minf-7, 2-1
1
1
epi-2, 0-1
pinf-50, 4-7
0
Ok
0
1
1
minf-8, 4-1
pinf-51, 4-8
4
The person with this number does not exist
anf-2, 7-1
anf-3, 0-1
Ok
epi-3, 6-2
ginf-30, 9-3
1
ginf-31, 10-2
minf-9, 5-2
None
anf-4, 0-2
4
ginf-32, 4-5
Ok
minf-10, 2-2
pinf-52, 8-6
pinf-53, 4-9
Ok
egi-1, 7-1
pinf-54, 8-7
ginf-33, 10-3
0
pinf-55, 5-7
Ok
epi-4, 3-1
pinf-56, 5-8
1
Ok
None
0
Ok
ginf-34, 8-5
pinf-57, 1-10
0
Ok
epi-5, 2-1
pinf-58, 10-7
5
rnf-1, 3-1, 7-1
epi-6, 8-1
pinf-59, 4-10
pinf-60, 1-11
2
ginf-35, 4-6
0
minf-11, 8-2
ginf-36, 6-2
pinf-61, 1-12
pinf-62, 1-13
Ok
Ok
rnf-2, 0-1, 7-2
pinf-63, 4-11
pinf-64, 4-12
Group does not exist
pinf-65, 10-8
0
er-1, 3-1, 3-1
pinf-66, 5-9
pinf-67, 5-10
pinf-68, 4-13
egi-2, 8-1
pinf-69, 10-9
pinf-70, 0-3
Ok
minf-12, 10-2
Ok
false
pinf-71, 1-14
Ok
0
pinf-72, 5-11
epi-7, 4-1
false
pinf-73, 1-15
2
Group does not exist
egi-3, 2-1
rnf-3, 3-2, 8-1
Ok
epi-8, 7-1
false
false
minf-13, 6-2
0
epi-9, 10-1
pinf-74, 1-16
0
Ok
2
epi-10, 6-3
epi-11, 3-2
0
ginf-37, 4-7
egi-4, 8-2
9
ginf-38, 3-3
rnf-4, 7-3, 10-1
er-2, 0-1, 0-1
None
epi-12, 3-3
0
Ok
rnf-5, 2-1, 4-1
egi-5, 1-1
None
rnf-6, 9-1, 10-2
egi-6, 9-1
0
false
true
pinf-75, 1-17
rnf-7, 4-2, 5-1
rnf-8, 5-2, 7-4
pinf-76, 0-4
0
anf-5, 8-1
ginf-39, 10-4
None
rnf-9, 5-3, 7-5
Ok
6
Ok
Ok
2
egi-7, 1-2
0
ginf-40, 6-3
rnf-10, 2-2, 6-1
ginf-41, 6-4
pinf-77, 0-5
0
0
pinf-78, 1-18
Ok
Ok
2
3
epi-13, 5-1
egi-8, 4-1
Ok
3
3
3
Ok
Ok
3
Ok
Ok
2
1
er-3, 4-1, 7-1
3
3
3
pinf-79, 1-19
ginf-42, 3-4
2
0
egi-9, 0-1
Ok
3
3
rnf-11, 2-3, 9-2
2
rnf-12, 5-4, 9-3
pinf-80, 1-20
3
0
egi-10, 1-3
The person with this number does not exist
Ok
1
ginf-43, 10-5
Group does not exist
0
3
rnf-13, 0-2, 7-6
2
0
pinf-81, 1-21
156
emi-1, 1-1
None
2
The person with this number does not exist
egi-11, 7-2
2
1
rnf-14, 6-2, 8-2
ginf-44, 10-6
Ok
None
Ok
Group does not exist
ginf-45, 3-5
egi-12, 1-4
minf-14, 2-3
minf-15, 2-4
Ok
emi-2, 4-1
emi-3, 3-1
rnf-15, 0-3, 7-7
Ok
3
6
ginf-46, 6-5
false
2
7
0
2
rnf-16, 5-5, 8-3
ginf-47, 10-7
2
rnf-17, 3-3, 5-6
true
2
true
rnf-18, 5-7, 8-4
Ok
ginf-48, 6-6
egi-13, 5-1
Ok
epi-14, 9-1
rnf-19, 0-4, 10-3
epi-15, 5-2
0
6
rnf-20, 8-5, 9-4
rnf-21, 0-5, 9-5
Ok
3
2
3
true
2
pinf-82, 1-22
Ok
2
Ok
epi-16, 0-2
Ok
None
epi-17, 5-3
2
ginf-49, 10-8
6
0
0
0
2
15
rnf-22, 0-6, 7-8
egi-14, 7-3
6
er-4, 3-2, 6-1
egi-15, 4-2
Ok
6
The person with this number does not exist
epi-18, 6-4
anf-6, 10-1
egi-16, 0-2
1
rnf-23, 0-7, 3-4
Ok
1
Ok
egi-17, 8-3
Ok
2
0
2
3
20
321
epi-19, 7-2
Ok
true
ginf-50, 3-6
emi-4, 2-1
2
100
Ok
er-5, 6-2, 7-2
ginf-51, 3-7
Ok
None
rnf-24, 7-9, 8-6
Ok
Ok
epi-20, 9-2
true
0
emi-5, 4-2
Ok
None
rnf-25, 5-8, 7-10
rnf-26, 0-8, 9-6
Ok
None
egi-18, 9-2
true
rnf-27, 7-11, 10-4
1
3
1
epi-21, 6-5
0
3
Ok
Ok
1
rnf-28, 7-12, 10-5
rnf-29, 4-3, 6-3
3
0
0
emi-6, 4-3
false
rnf-30, 2-4, 9-7
rnf-31, 0-9, 6-4
Ok
321
egi-19, 2-2
0
true
egi-20, 8-4
Ok
rnf-32, 1-1, 10-6
Ok
rnf-33, 0-10, 3-5
Ok
epi-22, 10-2
0
false
true
2
0
None
ginf-52, 3-8
false
0
Ok
rnf-34, 8-7, 10-7
emi-7, 10-1
emi-8, 8-1
None
321
rnf-35, 5-9, 10-8
rnf-36, 9-8, 10-9
0
0
epi-23, 6-6
egi-21, 1-5
0
0
Ok
None
ginf-53, 3-9
None
None
rnf-37, 2-5, 7-13
0
57
rnf-38, 7-14, 10-10
epi-24, 10-3
rnf-39, 2-6, 7-15
epi-25, 9-3
epi-26, 1-1
anf-7, 1-1
rnf-40, 0-11, 10-11
20
3
rnf-41, 0-12, 10-12
emi-9, 9-1
2
6
egi-22, 4-3
0
2
321
4
Ok
egi-23, 7-4
None
3
rnf-42, 1-2, 8-8
0
None
emi-10, 9-2
epi-27, 7-3
anf-8, 1-2
321
6
2
None
0
0
0
3
rnf-43, 0-13, 7-16
epi-28, 0-3
epi-29, 9-4
None
2
0
Ok
2
epi-30, 8-2
None
emi-11, 6-1
2
Ordinary message: 8
0
321
Ok
rnf-44, 0-14, 8-9
true
rnf-45, 5-10, 10-13
0
Ok
2
epi-31, 6-7
321
rnf-46, 0-15, 3-6
rnf-47, 9-9, 10-14
true
Ok
emi-12, 6-2
er-6, 3-3, 5-1
epi-32, 9-5
3
6
0
true
epi-33, 10-4
78
86
epi-34, 9-6
None
emi-13, 3-2
egi-24, 10-1
3
Ok
3
2
2
epi-35, 1-2
Ok
Ok
20
None
epi-36, 1-3
ginf-54, 3-10
rnf-48, 2-7, 7-17
None
false
-882
emi-14, 9-3
9
None
epi-37, 9-7
0
3
rnf-49, 5-11, 9-10
2
Group does not exist
ginf-55, 3-11
3
Ok
6
er-7, 8-1, 9-1
2
epi-38, 10-5
Ok
rnf-50, 6-5, 8-10
Ok
0
egi-25, 6-1
pinf-83, 8-8
rnf-51, 0-16, 1-3
er-8, 0-2, 2-1
4
2
326
false
Ok
epi-39, 7-4
0
0
epi-40, 10-6
2
Ok
0
326
3
3
6
0
None
epi-41, 5-4
48
epi-42, 5-5
epi-43, 3-4
true
rnf-52, 1-4, 7-18
Ok
3
3
0
Ok
Ok
Ok
3
Ok
epi-44, 10-7
Ok
pinf-84, 8-9
Ok
egi-26, 5-2
er-9, 6-3, 8-2
true
Ok
true
pinf-85, 8-10
Ok
true
epi-45, 8-3
0
321
rnf-53, 2-8, 8-11
epi-46, 3-5
None
er-10, 0-3, 2-2
0
0
6
true
epi-47, 1-4
rnf-54, 0-17, 3-7
0
true
321
0
Ok
211
true
rnf-55, 2-9, 6-6
4
Ok
3
0
epi-48, 8-4
None
emi-15, 1-2
4
egi-27, 6-2
0
211
epi-49, 7-5
None
321
rnf-56, 0-18, 5-12
Ok
epi-50, 4-2
epi-51, 1-5
epi-52, 10-8
epi-53, 4-3
3
emi-16, 5-1
2
true
epi-54, 4-4
0
epi-55, 9-8
epi-56, 2-2
3
3
Ok
epi-57, 10-9
None
None
0
epi-58, 0-4
8
None
0
true
epi-59, 4-5
epi-60, 7-6
None
Ok
Ok
6
13
epi-61, 4-6
10
true
None
true
3
Ok
-902
epi-62, 4-7
true
rnf-57, 9-11, 10-15
0
None
0
Ok
er-11, 5-2, 6-4
epi-63, 7-7
emi-17, 5-2
rnf-58, 1-5, 4-4
10
er-12, 3-4, 4-2
3
rnf-59, 0-19, 5-13
None
4
0
None
epi-64, 10-10
-902
Ok
3
321
rnf-60, 0-20, 6-7
None
rnf-61, 1-6, 9-12
emi-18, 4-4
3
Ok
None
3
686
Ok
6
0
6
4
6
4
egi-28, 3-1
Ok
emi-19, 0-1
4
4
rnf-62, 6-8, 10-16
Ok
321
172
0
0
egi-29, 1-6
rnf-63, 1-7, 7-19
8
true
er-13, 1-1, 1-1
96
None
emi-20, 4-5
6
emi-21, 3-3
rnf-64, 5-14, 9-13
0
6
Ordinary message: 8
emi-22, 6-3
0
er-14, 3-5, 6-5
epi-65, 9-9
-902
true
6
35
-882
9
egi-30, 5-3
epi-66, 3-6
emi-23, 9-4
rnf-65, 0-21, 6-9
egi-31, 9-3
-902
321
None
4
172
rnf-66, 7-20, 8-12
321
emi-24, 4-6
6
10
epi-67, 5-6
rnf-67, 6-10, 7-21
egi-32, 5-4
686
4
Ok
10
None
0
Ok
0
4
321
8
0
4
Ok
epi-68, 4-8
8
10
0
egi-33, 9-4
Ok
5
epi-69, 0-5
2
er-15, 0-4, 9-2
epi-70, 3-7
74
5
emi-25, 5-3
epi-71, 8-5
Ok
epi-72, 4-9
true
rnf-68, 0-22, 10-17
9
Ok
emi-26, 7-1
3
57
epi-73, 5-7
321
None
Ok
10
emi-27, 10-2
epi-74, 3-8
Ok
Ok
5
epi-75, 2-3
321
epi-76, 3-9
-902
rnf-69, 0-23, 5-15
0
rnf-70, 0-24, 6-11
Ok
pinf-86, 8-11
14
234
rnf-71, 0-25, 7-22
er-16, 4-3, 4-3
0
egi-34, 6-3
None
er-17, 7-3, 7-3
Ok
rnf-72, 0-26, 10-18
epi-77, 3-10
Ok
true
epi-78, 2-4
-882
3
Ok
egi-35, 7-5
6
rnf-73, 1-8, 7-23
egi-36, 1-7
5
epi-79, 7-8
3
0
321
rnf-74, 0-27, 5-16
None
0
epi-80, 0-6
None
172
epi-81, 7-9
rnf-75, 5-17, 9-14
true
epi-82, 10-11
5
er-18, 0-5, 2-3
epi-83, 8-6
minf-16, 4-2
egi-37, 4-4
rnf-76, 2-10, 3-8
Ok
er-19, 3-6, 3-6
17
10
321
emi-28, 3-4
0
0
0
true
4
true
epi-84, 8-7
0
epi-85, 1-6
egi-38, 7-6
pinf-87, 8-12
emi-29, 5-4
Ok
rnf-77, 0-28, 10-19
5
true
5
0
Ok
4
epi-86, 9-10
Ordinary message: 2
rnf-78, 3-9, 7-24
egi-39, 3-2
epi-87, 6-8
-902
0
egi-40, 4-5
None
0
4
true
rnf-79, 7-25, 8-13
1428
664
5
0
5
5
true
emi-30, 0-2
4
true
Ok
17
None
er-20, 2-4, 5-3
0
emi-31, 6-4
true
0
rnf-80, 1-9, 3-10
true
