minf-1, 7-1
pinf-1, 7-1
pinf-2, 6-1
ginf-1, 7-1
pinf-3, 1-1
pinf-4, 4-1
pinf-5, 6-2
pinf-6, 6-3
ginf-2, 2-1
pinf-7, 3-1
Ok
The person with this number does not exist
pinf-8, 2-1
pinf-9, 0-1
Ok
pinf-10, 5-1
minf-2, 0-1
minf-3, 6-1
ginf-3, 3-1
0
0
ginf-4, 1-1
1
0
pinf-11, 5-2
Ok
ginf-5, 0-1
ginf-6, 7-2
0
ginf-7, 4-1
pinf-12, 0-2
ginf-8, 1-2
ginf-9, 7-3
0
pinf-13, 4-2
pinf-14, 6-4
pinf-15, 3-2
ginf-10, 7-4
0
pinf-16, 6-5
ginf-11, 2-2
ginf-12, 3-2
pinf-17, 3-3
0
Ok
er-1, 1-1, 1-1
Ok
0
Ok
0
0
pinf-18, 5-3
0
ginf-13, 3-3
rnf-1, 0-1, 7-1
ginf-14, 0-2
Ok
egi-1, 2-1
minf-4, 6-2
ginf-15, 6-1
pinf-19, 3-4
pinf-20, 3-5
minf-5, 0-2
pinf-21, 5-4
5
false
0
ginf-16, 0-3
pinf-22, 6-6
minf-6, 1-1
pinf-23, 3-6
0
5
None
The person with this number does not exist
egi-2, 2-2
pinf-24, 5-5
0
epi-1, 4-1
Group does not exist
Ok
minf-7, 3-1
Ok
0
0
1
ginf-17, 1-3
ginf-18, 4-2
0
ginf-19, 7-5
pinf-25, 6-7
ginf-20, 4-3
1
0
Ok
4
Group does not exist
pinf-26, 5-6
4
pinf-27, 6-8
None
Ok
epi-2, 1-1
Ok
pinf-28, 5-7
ginf-21, 6-2
5
0
pinf-29, 5-8
anf-1, 7-1
pinf-30, 5-9
rnf-2, 2-1, 7-2
epi-3, 2-1
Ok
ginf-22, 4-4
ginf-23, 4-5
Ok
epi-4, 0-1
ginf-24, 6-3
ginf-25, 7-6
egi-3, 5-1
ginf-26, 4-6
false
1
1
rnf-3, 4-1, 5-1
Ok
Ok
None
None
0
false
pinf-31, 6-9
0
rnf-4, 1-1, 3-1
rnf-5, 0-2, 4-2
pinf-32, 6-10
false
None
0
pinf-33, 6-11
true
pinf-34, 6-12
false
0
0
false
false
None
epi-5, 0-2
rnf-6, 2-2, 4-3
1
0
0
false
Ok
1
64
anf-2, 4-1
er-2, 0-1, 0-1
rnf-7, 1-2, 5-2
Ok
epi-6, 5-1
er-3, 1-2, 2-1
Group does not exist
Ok
4
0
epi-7, 7-1
pinf-35, 6-13
pinf-36, 6-14
ginf-27, 1-4
Ok
1
Ok
true
0
0
emi-1, 5-1
1
Ok
ginf-28, 3-4
4
0
pinf-37, 3-7
0
ginf-29, 1-5
egi-4, 5-2
Group does not exist
None
0
0
1
epi-8, 5-2
anf-3, 0-1
epi-9, 2-2
egi-5, 4-1
ginf-30, 1-6
0
4
anf-4, 0-2
1
4
1
0
4
egi-6, 2-3
1
Group does not exist
pinf-38, 2-2
0
true
false
0
0
rnf-8, 3-2, 5-3
0
pinf-39, 6-15
None
pinf-40, 6-16
rnf-9, 0-3, 5-4
rnf-10, 2-3, 4-4
4
emi-2, 6-1
pinf-41, 6-17
true
Ok
ginf-31, 3-5
Ok
0
0
pinf-42, 6-18
0
minf-8, 1-2
0
4
epi-10, 1-2
pinf-43, 6-19
Ok
Ok
pinf-44, 6-20
0
0
Ok
Ok
pinf-45, 6-21
false
0
minf-9, 1-3
0
rnf-11, 2-4, 4-5
minf-10, 1-4
er-4, 5-1, 5-1
1
minf-11, 2-1
rnf-12, 1-3, 3-3
Ok
None
true
0
Ok
Ok
egi-7, 5-3
1
64
Ok
minf-12, 1-5
0
rnf-13, 5-5, 6-1
1
4
true
epi-11, 1-3
0
0
minf-13, 3-2
egi-8, 6-1
1
anf-5, 3-1
4
rnf-14, 4-6, 6-2
egi-9, 4-2
0
0
epi-12, 6-1
er-5, 1-3, 7-1
Ok
0
rnf-15, 3-4, 6-3
Ok
true
0
ginf-32, 3-6
Ok
2
None
false
7
epi-13, 7-2
Ok
rnf-16, 0-4, 5-6
epi-14, 4-2
epi-15, 5-3
true
false
Ok
epi-16, 2-3
emi-3, 7-1
epi-17, 2-4
egi-10, 7-1
0
epi-18, 1-4
Ok
0
0
rnf-17, 2-5, 4-7
None
rnf-18, 2-6, 4-8
Ok
egi-11, 1-1
0
epi-19, 2-5
0
epi-20, 4-3
emi-4, 4-1
Ok
None
Ok
0
0
epi-21, 0-3
0
3
rnf-19, 5-7, 6-4
emi-5, 6-2
0
Ok
epi-22, 3-1
0
rnf-20, 2-7, 6-5
Ok
0
0
Ok
Ok
epi-23, 7-3
egi-12, 3-1
0
0
Ok
emi-6, 2-1
rnf-21, 0-5, 5-8
2
0
true
epi-24, 4-4
Ok
2
None
true
Ok
epi-25, 1-5
er-6, 0-2, 0-2
0
epi-26, 1-6
0
rnf-22, 0-6, 4-9
epi-27, 3-2
0
rnf-23, 5-9, 6-6
0
rnf-24, 5-10, 6-7
0
emi-7, 3-1
epi-28, 5-4
egi-13, 6-2
pinf-46, 0-3
Ok
true
0
emi-8, 0-1
pinf-47, 5-10
rnf-25, 0-7, 1-4
emi-9, 3-2
true
egi-14, 3-2
egi-15, 5-4
rnf-26, 1-5, 5-11
epi-29, 5-5
0
pinf-48, 5-11
pinf-49, 0-4
Ok
2
pinf-50, 5-12
0
egi-16, 4-3
egi-17, 1-2
0
minf-14, 5-1
rnf-27, 0-8, 5-12
egi-18, 1-3
None
rnf-28, 0-9, 1-6
egi-19, 5-5
egi-20, 1-4
0
emi-10, 1-1
2
emi-11, 2-2
2
None
2
egi-21, 0-1
2
epi-30, 5-6
rnf-29, 2-8, 7-3
2
0
rnf-30, 5-13, 6-8
rnf-31, 1-7, 4-10
true
0
minf-15, 3-3
emi-12, 6-3
0
-68
false
true
minf-16, 5-2
0
None
2
Ok
0
Ordinary message: 3
true
0
pinf-51, 0-5
0
2
0
0
er-7, 2-2, 4-1
0
None
egi-22, 5-6
None
rnf-32, 5-14, 7-4
emi-13, 0-2
0
emi-14, 2-3
50
emi-15, 6-4
epi-31, 2-6
pinf-52, 2-3
Ok
0
1
Ok
egi-23, 6-3
true
epi-32, 5-7
7
true
Ok
2
None
anf-6, 3-2
anf-7, 3-3
0
epi-33, 6-2
0
2
false
minf-17, 3-4
2
189
anf-8, 3-4
0
162
0
egi-24, 5-7
Ok
Ok
3
epi-34, 4-5
epi-35, 2-7
881
epi-36, 1-7
0
pinf-53, 0-6
0
epi-37, 7-4
er-8, 0-3, 6-1
rnf-33, 3-5, 6-9
0
Ok
pinf-54, 6-22
epi-38, 3-3
None
epi-39, 1-8
4
true
epi-40, 5-8
rnf-34, 2-9, 7-5
true
epi-41, 6-3
4
3
3
rnf-35, 0-10, 5-15
epi-42, 6-4
2
epi-43, 6-5
None
1
4
egi-25, 4-4
Ok
0
4
0
rnf-36, 1-8, 5-16
1
egi-26, 4-5
Ok
egi-27, 3-3
4
egi-28, 3-4
emi-16, 7-2
rnf-37, 3-6, 7-6
egi-29, 5-8
epi-44, 2-8
0
emi-17, 6-5
0
4
1
epi-45, 3-4
true
epi-46, 5-9
0
4
3
-68
epi-47, 2-9
0
rnf-38, 3-7, 5-17
3
13
true
1
4
0
4
None
pinf-55, 5-13
rnf-39, 4-11, 6-10
0
4
egi-30, 2-4
0
0
Ok
Ok
Ok
3
3
rnf-40, 0-11, 5-18
rnf-41, 0-12, 4-12
Ok
epi-48, 1-9
1
rnf-42, 3-8, 7-7
Ok
rnf-43, 1-9, 5-19
epi-49, 0-4
0
true
0
None
None
1
true
epi-50, 1-10
4
3
90
egi-31, 7-2
egi-32, 1-5
epi-51, 3-5
None
3
true
epi-52, 7-5
0
0
128
epi-53, 1-11
52
Ok
2
1
rnf-44, 0-13, 5-20
0
50
Ok
0
0
None
None
81
0
1
4
epi-54, 2-10
None
0
epi-55, 4-6
emi-18, 7-3
er-9, 1-4, 2-3
1
0
0
emi-19, 5-2
egi-33, 3-5
4
21
emi-20, 3-3
epi-56, 5-10
1
er-10, 2-4, 4-2
1
emi-21, 5-3
epi-57, 0-5
true
3
1
3
rnf-45, 0-14, 5-21
813
emi-22, 3-4
Ordinary message: 3
813
4
0
1
pinf-56, 6-23
er-11, 3-1, 4-3
rnf-46, 3-9, 7-8
egi-34, 2-5
egi-35, 6-4
egi-36, 5-9
emi-23, 4-2
3
3
rnf-47, 2-10, 3-10
1
rnf-48, 0-15, 3-11
pinf-57, 2-4
0
pinf-58, 5-14
rnf-49, 2-11, 7-9
0
2
true
4
true
1
epi-58, 1-12
emi-24, 0-3
3
true
pinf-59, 0-7
epi-59, 2-11
0
true
Ok
Ordinary message: 3
er-12, 0-4, 3-2
epi-60, 4-7
epi-61, 0-6
1
None
Ok
emi-25, 3-5
6
Ok
egi-37, 5-10
epi-62, 1-13
0
emi-26, 4-3
0
egi-38, 4-6
0
0
128
pinf-60, 5-15
3
0
Ordinary message: 3
0
rnf-50, 6-11, 7-10
None
1
rnf-51, 4-13, 5-22
Ok
rnf-52, 6-12, 7-11
emi-27, 4-4
400
emi-28, 2-4
epi-63, 6-6
epi-64, 3-6
3
epi-65, 2-12
egi-39, 2-6
Ok
6
0
0
er-13, 1-5, 2-5
pinf-61, 6-24
true
2
egi-40, 2-7
0
0
2
6
Ordinary message: 3
true
0
epi-66, 1-14
Ok
3
3
2
rnf-53, 4-14, 6-13
epi-67, 4-8
epi-68, 7-6
epi-69, 7-7
0
Ok
0
Ok
0
Ok
2
None
2
Ordinary message: 3
2
pinf-62, 2-5
Ok
rnf-54, 0-16, 4-15
egi-41, 1-6
0
7
emi-29, 4-5
0
0
2
3
rnf-55, 0-17, 5-23
7
0
0
1
0
emi-30, 6-6
egi-42, 1-7
true
0
Ok
3
er-14, 0-5, 2-6
rnf-56, 0-18, 5-24
rnf-57, 2-12, 3-12
er-15, 0-6, 2-7
7
None
egi-43, 2-8
Ordinary message: 3
2
Ordinary message: 3
0
Ok
false
emi-31, 1-2
egi-44, 5-11
Ok
pinf-63, 0-8
emi-32, 0-4
3
132
69
None
Ok
epi-70, 4-9
emi-33, 5-4
0
-68
9
rnf-58, 3-13, 6-14
9
3
3
epi-71, 2-13
Ok
emi-34, 1-3
3
Ok
0
er-16, 1-6, 1-6
epi-72, 4-10
epi-73, 7-8
Ok
rnf-59, 3-14, 7-12
egi-45, 3-6
epi-74, 2-14
None
Ok
er-17, 0-7, 0-7
2
None
0
64
emi-35, 4-6
0
18
813
true
None
Ok
0
1
2
None
90
epi-75, 4-11
2
0
2
10
Ok
2
egi-46, 1-8
true
epi-76, 5-11
rnf-60, 0-19, 4-16
2
egi-47, 5-12
pinf-64, 6-25
2
10
true
er-18, 0-8, 5-2
None
Ok
epi-77, 4-12
0
41
2
2
Ok
10
10
Ok
pinf-65, 0-9
minf-18, 5-3
egi-48, 1-9
true
4
rnf-61, 4-17, 6-15
true
Ordinary message: 5
egi-49, 0-2
epi-78, 5-12
Ok
Ok
egi-50, 6-5
-812
2
10
26
Ok
282
true
emi-36, 0-5
Ok
emi-37, 6-7
0
rnf-62, 5-25, 7-13
Ok
Ok
egi-51, 3-7
2
0
26
2
egi-52, 4-7
2
emi-38, 2-5
Ordinary message: 3
None
Ok
egi-53, 2-9
50
2
Ok
282
13
13
3
egi-54, 0-3
None
82
egi-55, 4-8
4
pinf-66, 0-10
0
13
pinf-67, 6-26
pinf-68, 6-27
egi-56, 7-3
13
minf-19, 3-5
None
epi-79, 5-13
epi-80, 0-7
true
0
emi-39, 7-4
emi-40, 0-6
Ok
Ok
2
Ordinary message: 3
true
3
emi-41, 1-4
Ordinary message: 3
Ok
epi-81, 5-14
Ok
20
rnf-63, 1-10, 5-26
1
Ok
0
1801
egi-57, 0-4
413
egi-58, 5-13
epi-82, 6-7
658
2
epi-83, 2-15
Ok
20
2
pinf-69, 5-16
0
1
20
epi-84, 0-8
0
0
Ordinary message: 3
Ok
er-19, 0-9, 0-9
Ok
Ok
Ok
Ok
epi-85, 4-13
Ok
2
Ok
3
egi-59, 1-10
3
None
Ok
true
epi-86, 7-9
Ok
64
0
true
er-20, 2-8, 7-2
5
epi-87, 5-15
Ordinary message: 3
egi-60, 0-5
pinf-70, 6-28
epi-88, 1-15
3
epi-89, 7-10
