ginf-1, 3-1
Ok
Group does not exist
minf-1, 0-1
Group does not exist
ginf-2, 0-1
pinf-1, 2-1
pinf-2, 1-1
pinf-3, 1-2
egi-1, 2-1
The person with this number does not exist
0
pinf-4, 0-1
pinf-5, 0-2
pinf-6, 1-3
0
ginf-3, 3-2
pinf-7, 2-2
ginf-4, 3-3
0
ginf-5, 0-2
pinf-8, 1-4
0
pinf-9, 3-1
pinf-10, 2-3
pinf-11, 2-4
0
Ok
pinf-12, 2-5
Ok
pinf-13, 3-2
pinf-14, 3-3
None
Ok
0
ginf-6, 0-3
0
ginf-7, 0-4
pinf-15, 1-5
epi-1, 0-1
0
epi-2, 0-2
0
minf-2, 3-1
0
None
epi-3, 2-1
pinf-16, 1-6
pinf-17, 1-7
ginf-8, 0-5
epi-4, 0-3
epi-5, 0-4
Ok
anf-1, 0-1
pinf-18, 3-4
3
0
egi-2, 3-1
pinf-19, 3-5
3
None
0
epi-6, 2-2
0
0
minf-3, 0-2
0
0
0
0
0
Ok
0
ginf-9, 1-1
rnf-1, 0-1, 1-1
epi-7, 2-3
Ok
Ok
None
0
epi-8, 2-4
0
0
0
anf-2, 2-1
epi-9, 1-1
minf-4, 0-3
None
3
0
0
epi-10, 0-5
Ok
0
0
0
0
rnf-2, 1-2, 3-1
Ok
Ok
rnf-3, 0-2, 1-3
92
1
0
2
0
3
1
Ok
egi-3, 0-1
0
Ok
168
0
egi-4, 1-1
Ok
336
rnf-4, 0-3, 2-1
epi-11, 0-6
Ok
Ok
epi-12, 3-1
epi-13, 1-2
rnf-5, 0-4, 2-2
1
0
epi-14, 2-5
1
3
minf-5, 3-2
3
0
0
0
epi-15, 3-2
egi-5, 3-2
false
minf-6, 2-1
0
epi-16, 2-6
0
epi-17, 2-7
epi-18, 1-3
anf-3, 3-1
rnf-6, 1-4, 3-2
minf-7, 3-3
Ok
Ok
0
None
Ok
3
3
None
epi-19, 0-7
epi-20, 3-3
true
anf-4, 3-2
er-1, 0-1, 0-1
true
true
er-2, 1-1, 1-1
epi-21, 2-8
3
0
0
rnf-7, 2-3, 3-3
1
epi-22, 2-9
0
epi-23, 1-4
egi-6, 0-2
1
epi-24, 0-8
3
emi-1, 0-1
Ok
0
epi-25, 0-9
0
0
1
rnf-8, 1-5, 3-4
0
epi-26, 2-10
Ok
464
0
Ok
1
1
epi-27, 2-11
0
1
Ok
0
1
epi-28, 3-4
Ok
emi-2, 0-2
102
Ok
epi-29, 3-5
1
Ok
1
1
epi-30, 2-12
egi-7, 2-2
minf-8, 0-4
0
Ok
Ok
minf-9, 2-2
93
1
minf-10, 1-1
1
None
Ok
0
minf-11, 0-5
epi-31, 2-13
egi-8, 2-3
Ok
egi-9, 0-3
true
None
Ok
minf-12, 3-4
Ok
2
Ok
102
Ok
Ok
0
-243
Ok
1
1
0
minf-13, 0-6
1
Ok
er-3, 1-2, 2-1
1
1
epi-32, 0-10
Ordinary message: 0
2
egi-10, 3-3
Ok
Ok
egi-11, 3-4
epi-33, 2-14
egi-12, 0-4
1
1
Ok
186
Ok
144
1
512
None
Ok
egi-13, 0-5
Ok
2
epi-34, 1-5
true
0
0
emi-3, 3-1
rnf-9, 0-5, 1-6
epi-35, 3-6
epi-36, 3-7
1
true
er-4, 1-3, 2-2
minf-14, 0-7
epi-37, 3-8
er-5, 1-4, 3-1
Ok
None
epi-38, 1-6
Ok
0
1
None
epi-39, 3-9
2
None
0
0
0
true
true
true
512
188
0
epi-40, 0-11
-131
94
Ok
epi-41, 1-7
None
1
1
rnf-10, 0-6, 1-7
emi-4, 3-2
None
1
None
2
epi-42, 1-8
2
2
2
rnf-11, 0-7, 1-8
Ok
egi-14, 0-6
Ok
egi-15, 3-5
epi-43, 1-9
1
Ok
None
0
None
true
true
epi-44, 3-10
2
1
2
true
emi-5, 3-3
Ok
Ok
93
None
None
94
2
0
epi-45, 2-15
1
epi-46, 1-10
0
true
epi-47, 3-11
Ok
None
1
2
94
Ok
2
0
2
2
1
0
Ok
egi-16, 0-7
er-6, 2-3, 3-2
Ordinary message: 0
-643
Ok
epi-48, 2-16
2
2
278
epi-49, 1-11
Ok
Ok
epi-50, 1-12
epi-51, 0-12
egi-17, 0-8
-643
epi-52, 1-13
Ok
2
Ok
0
2
1
rnf-12, 0-8, 1-9
2
epi-53, 1-14
0
0
Ok
Ok
true
2
1
Ok
0
124
epi-54, 0-13
rnf-13, 0-9, 1-10
Ok
minf-15, 1-2
Ok
4
true
-827
0
egi-18, 1-2
-609
4
4
3
Ordinary message: 2
4
Ok
4
4
1
1
4
124
epi-55, 0-14
er-7, 1-5, 1-5
minf-16, 2-3
er-8, 1-6, 2-4
egi-19, 3-6
4
epi-56, 1-15
minf-17, 0-8
rnf-14, 2-4, 3-5
1
egi-20, 2-4
epi-57, 1-16
minf-18, 0-9
Ok
epi-58, 0-15
4
1
Ordinary message: 2
4
4
epi-59, 1-17
Ok
626
-793
Ok
epi-60, 2-17
epi-61, 2-18
true
minf-19, 1-3
er-9, 0-2, 1-7
emi-6, 3-4
Ordinary message: 0
Ok
Ok
1
egi-21, 0-9
0
1
egi-22, 0-10
emi-7, 1-1
true
egi-23, 3-7
egi-24, 3-8
1
epi-62, 0-16
3
5
egi-25, 3-9
1
None
true
emi-8, 1-2
epi-63, 1-18
3
egi-26, 2-5
-609
epi-64, 1-19
Ok
er-10, 0-3, 3-3
er-11, 2-5, 2-5
1
None
Ok
true
3
epi-65, 0-17
epi-66, 0-18
Ok
248
egi-27, 2-6
5
1
5
epi-67, 1-20
Ok
1
422
true
Ok
1
4
4
Ok
emi-9, 2-1
rnf-15, 0-10, 2-5
1
1
1
4
4
318
epi-68, 2-19
epi-69, 1-21
Ok
egi-28, 3-10
Ok
45
4
4
epi-70, 0-19
4
minf-20, 3-5
Ok
Ok
emi-10, 2-2
1
0
Ok
Ok
43
Ok
epi-71, 0-20
0
0
egi-29, 0-11
Ok
1
rnf-16, 0-11, 3-6
0
2
0
true
epi-72, 0-21
epi-73, 0-22
None
890
Ok
Ok
epi-74, 0-23
None
2
true
-827
epi-75, 0-24
er-12, 0-4, 2-6
Ok
754
0
4
Ok
egi-30, 0-12
0
minf-21, 0-10
Ok
248
45
Ok
45
0
Ok
0
248
epi-76, 3-12
1
emi-11, 1-3
0
epi-77, 1-22
er-13, 1-8, 2-7
1
epi-78, 3-13
epi-79, 1-23
Ok
er-14, 1-9, 3-4
emi-12, 1-4
epi-80, 3-14
4
-551
0
er-15, 0-5, 2-8
epi-81, 3-15
45
epi-82, 0-25
0
4
210
-551
4
4
1
424
epi-83, 3-16
0
424
3
4
minf-22, 3-6
true
epi-84, 3-17
epi-85, 3-18
minf-23, 0-11
er-16, 0-6, 2-9
0
3
Ok
4
epi-86, 1-24
None
212
321
Ok
86
1
egi-31, 3-11
egi-32, 1-3
Ordinary message: 3; Ordinary message: 0
4
true
4
Ok
4
0
86
epi-87, 1-25
Ok
epi-88, 3-19
epi-89, 1-26
4
4
-827
Ok
760
4
epi-90, 3-20
Ok
0
egi-33, 0-13
1
epi-91, 3-21
pinf-20, 2-6
4
4
0
egi-34, 2-7
0
epi-92, 2-20
29
rnf-17, 0-12, 1-11
None
Ok
true
rnf-18, 0-13, 1-12
egi-35, 3-12
egi-36, 2-8
1
0
1
Ok
rnf-19, 0-14, 1-13
rnf-20, 0-15, 1-14
4
true
0
Ok
4
er-17, 2-10, 3-5
true
321
0
1
1
Ok
86
Ok
Ok
0
epi-93, 1-27
0
true
-551
Ok
None
1
1
2
3
0
Ok
None
0
321
emi-13, 2-3
0
epi-94, 3-22
83
true
epi-95, 2-21
epi-96, 2-22
0
Ok
4
Ok
1
0
321
86
minf-24, 0-12
Ok
4
egi-37, 1-4
Ok
emi-14, 1-5
epi-97, 1-28
0
133
0
er-18, 0-7, 3-6
Ok
epi-98, 3-23
Ok
0
epi-99, 2-23
2
4
er-19, 0-8, 3-7
None
4
er-20, 1-10, 1-10
0
epi-100, 0-26
emi-15, 3-5
None
Ordinary message: 2
epi-101, 0-27
2
2
-551
Ok
2
Ok
minf-25, 0-13
Ok
83
None
er-21, 0-9, 3-8
epi-102, 0-28
emi-16, 3-6
0
egi-38, 1-5
epi-103, 0-29
2
Ok
Ok
egi-39, 1-6
emi-17, 2-4
minf-26, 0-14
0
Ok
3
224
epi-104, 1-29
3
3
rnf-21, 2-6, 3-7
false
3
3
true
199
er-22, 0-10, 0-10
104
rnf-22, 0-16, 1-15
egi-40, 2-9
0
5
1
er-23, 0-11, 0-11
Ok
1
Ok
0
epi-105, 2-24
rnf-23, 0-17, 1-16
45
rnf-24, 2-7, 3-8
Ok
epi-106, 2-25
epi-107, 0-30
0
0
2
0
Ok
0
3
minf-27, 0-15
false
43
0
epi-108, 3-24
3
5
3
-827
epi-109, 1-30
epi-110, 2-26
minf-28, 0-16
321
2
5
3
epi-111, 0-31
0
None
true
0
false
er-24, 0-12, 2-11
1
3
Ordinary message: 3; Ordinary message: 0
egi-41, 2-10
pinf-21, 2-7
1
3
3
3
321
104
398
Ok
Ok
3
true
epi-112, 0-32
3
epi-113, 3-25
3
epi-114, 0-33
0
true
egi-42, 1-7
rnf-25, 0-18, 1-17
emi-18, 2-5
Ok
5
egi-43, 1-8
rnf-26, 0-19, 1-18
0
epi-115, 1-31
minf-29, 0-17
Ordinary message: 2
Ok
er-25, 1-11, 1-11
rnf-27, 0-20, 1-19
er-26, 0-13, 2-12
-827
-551
3
3
epi-116, 3-26
2
0
Ok
rnf-28, 0-21, 1-20
Ok
epi-117, 1-32
epi-118, 0-34
Ok
Ok
1
egi-44, 0-14
3
1
None
epi-119, 1-33
er-27, 2-13, 3-9
0
rnf-29, 0-22, 1-21
0
emi-19, 1-6
er-28, 3-10, 3-10
3
Ordinary message: 2
rnf-30, 0-23, 1-22
epi-120, 3-27
4
emi-20, 0-3
Ok
-827
emi-21, 0-4
Ok
45
epi-121, 1-34
0
None
pinf-22, 2-8
1
pinf-23, 3-6
38
egi-45, 3-13
egi-46, 0-15
Ordinary message: 3; Ordinary message: 0
4
2
4
epi-122, 0-35
5
-827
Ok
egi-47, 1-9
epi-123, 2-27
5
786
321
-827
None
1
rnf-31, 0-24, 1-23
642
-827
1
egi-48, 0-16
0
0
emi-22, 1-7
Ok
-551
true
4
Ok
epi-124, 0-36
epi-125, 1-35
-827
emi-23, 1-8
rnf-32, 0-25, 1-24
2
epi-126, 2-28
er-29, 2-14, 3-11
208
epi-127, 0-37
er-30, 2-15, 3-12
pinf-24, 2-9
true
104
true
Ok
epi-128, 3-28
1
0
Ok
epi-129, 0-38
2
er-31, 0-14, 0-14
epi-130, 1-36
true
3
4
0
38
0
208
4
0
0
epi-131, 1-37
er-32, 1-12, 3-13
epi-132, 1-38
0
rnf-33, 0-26, 1-25
0
Ok
5
0
minf-30, 0-18
1
epi-133, 2-29
Ok
epi-134, 0-39
egi-49, 3-14
Ordinary message: 3; Ordinary message: 0
true
true
epi-135, 2-30
rnf-34, 0-27, 1-26
