ginf-1, 3-1
Ok
ginf-2, 0-1
ginf-3, 2-1
0
0
pinf-1, 2-1
ginf-4, 1-1
pinf-2, 3-1
0
pinf-3, 1-1
ginf-5, 1-2
0
ginf-6, 2-2
pinf-4, 3-2
pinf-5, 2-2
Ok
pinf-6, 0-1
pinf-7, 3-3
ginf-7, 0-2
pinf-8, 3-4
pinf-9, 1-2
0
pinf-10, 4-1
ginf-8, 1-3
egi-1, 3-1
0
The person with this number does not exist
pinf-11, 3-5
Group does not exist
Ok
pinf-12, 4-2
minf-1, 4-1
Ok
pinf-13, 2-3
0
minf-2, 1-1
0
pinf-14, 3-6
egi-2, 2-1
Group does not exist
pinf-15, 2-4
ginf-9, 4-1
The person with this number does not exist
pinf-16, 3-7
0
epi-1, 0-1
0
0
minf-3, 0-1
pinf-17, 4-3
pinf-18, 4-4
pinf-19, 2-5
1
pinf-20, 3-8
Ok
0
pinf-21, 4-5
0
pinf-22, 4-6
0
0
ginf-10, 1-4
Ok
epi-2, 0-2
rnf-1, 2-1, 4-1
Ok
None
pinf-23, 3-9
pinf-24, 3-10
0
rnf-2, 2-2, 4-2
0
4
true
egi-3, 2-2
0
pinf-25, 3-11
anf-1, 2-1
None
ginf-11, 4-2
0
minf-4, 0-2
epi-3, 4-1
ginf-12, 1-5
pinf-26, 3-12
Group does not exist
pinf-27, 3-13
pinf-28, 3-14
ginf-13, 4-3
rnf-3, 0-1, 1-1
The person with this number does not exist
4
0
0
0
pinf-29, 3-15
0
minf-5, 2-1
ginf-14, 4-4
0
pinf-30, 3-16
0
0
true
false
None
0
pinf-31, 3-17
0
egi-4, 2-3
epi-4, 0-3
0
4
0
epi-5, 2-1
pinf-32, 3-18
0
Ok
anf-2, 2-2
anf-3, 4-1
Ok
None
pinf-33, 3-19
1
false
None
pinf-34, 3-20
epi-6, 2-2
pinf-35, 3-21
false
Ok
pinf-36, 3-22
pinf-37, 3-23
3
0
minf-6, 0-3
0
0
Ok
0
egi-5, 2-4
minf-7, 3-1
0
1
1
egi-6, 4-1
pinf-38, 3-24
rnf-4, 2-3, 4-3
Ok
0
egi-7, 0-1
1
false
Ok
rnf-5, 0-2, 2-4
false
epi-7, 3-1
Ok
rnf-6, 3-1, 4-4
Ok
epi-8, 3-2
0
None
egi-8, 2-5
rnf-7, 1-2, 3-2
0
Ok
0
None
0
emi-1, 4-1
0
0
Ok
Ok
epi-9, 3-3
epi-10, 2-3
None
Ok
ginf-15, 1-6
0
epi-11, 1-1
emi-2, 0-1
Ok
true
Ok
None
true
None
None
0
rnf-8, 0-3, 2-5
minf-8, 2-2
epi-12, 4-2
2
ginf-16, 1-7
0
Group does not exist
epi-13, 4-3
2
0
0
Ok
epi-14, 3-4
0
Ok
rnf-9, 3-3, 4-5
40
Ok
epi-15, 4-4
epi-16, 2-4
None
2
rnf-10, 3-4, 4-6
0
0
0
minf-9, 1-2
false
2
epi-17, 2-5
2
Ok
true
minf-10, 2-3
ginf-17, 1-8
rnf-11, 0-4, 3-5
epi-18, 0-4
anf-4, 3-1
rnf-12, 2-6, 3-6
true
0
Ok
epi-19, 2-6
Ok
None
0
2
0
0
egi-9, 0-2
er-1, 0-1, 0-1
2
epi-20, 2-7
0
ginf-18, 1-9
epi-21, 2-8
0
egi-10, 0-3
0
1
0
er-2, 4-1, 4-1
Ok
0
1
epi-22, 0-5
emi-3, 0-2
emi-4, 0-3
0
0
0
anf-5, 3-2
0
1
1
rnf-13, 0-5, 3-7
minf-11, 1-3
Ok
None
epi-23, 1-2
0
er-3, 1-1, 4-2
1
minf-12, 1-4
minf-13, 1-5
2
None
1
true
0
0
rnf-14, 1-3, 3-8
2
None
er-4, 1-2, 4-3
0
0
1
epi-24, 1-3
egi-11, 4-2
egi-12, 0-4
0
egi-13, 1-1
None
epi-25, 1-4
rnf-15, 3-9, 4-7
0
192
0
0
true
0
0
epi-26, 4-5
2
0
epi-27, 4-6
4
emi-5, 4-2
rnf-16, 2-7, 3-10
emi-6, 3-1
Ok
0
96
true
Ok
None
true
epi-28, 1-5
pinf-39, 0-2
Ok
epi-29, 1-6
Ok
0
true
rnf-17, 3-11, 4-8
epi-30, 0-6
pinf-40, 0-3
Ok
0
2
3
egi-14, 1-2
Ok
epi-31, 0-7
epi-32, 4-7
0
2
246
egi-15, 2-6
true
0
epi-33, 0-8
epi-34, 1-7
egi-16, 0-5
0
0
rnf-18, 1-4, 3-12
2
minf-14, 1-6
0
Ok
4
egi-17, 0-6
Ok
epi-35, 4-8
pinf-41, 0-4
epi-36, 0-9
2
Ok
0
958
Ok
0
Ok
246
epi-37, 2-9
0
minf-15, 2-4
4
None
2
Ordinary message: 0
246
4
0
0
epi-38, 0-10
Ok
Ok
epi-39, 0-11
rnf-19, 1-5, 3-13
208
2
2
epi-40, 0-12
2
0
0
3
Ok
712
true
2
2
egi-18, 3-2
rnf-20, 3-14, 4-9
Ok
true
pinf-42, 0-5
0
egi-19, 3-3
2
2
Ok
0
Ok
epi-41, 2-10
2
rnf-21, 3-15, 4-10
egi-20, 2-7
2
egi-21, 4-3
Ok
2
egi-22, 2-8
minf-16, 3-2
958
egi-23, 2-9
pinf-43, 1-3
Ok
Ordinary message: 0
2
Ok
3
epi-42, 3-5
true
rnf-22, 3-16, 4-11
2
0
None
42
epi-43, 1-8
0
true
0
712
pinf-44, 1-4
Ok
42
0
0
egi-24, 3-4
Ok
1
3
0
0
minf-17, 1-7
true
3
0
0
er-5, 2-1, 4-4
epi-44, 4-9
0
epi-45, 4-10
Ok
None
None
emi-7, 4-3
None
3
712
rnf-23, 0-6, 4-12
epi-46, 4-11
4
true
3
egi-25, 1-3
3
3
rnf-24, 3-17, 4-13
Ok
epi-47, 2-11
minf-18, 3-3
egi-26, 1-4
true
3
3
true
er-6, 0-2, 0-2
3
egi-27, 0-7
pinf-45, 1-5
4
egi-28, 2-10
2
epi-48, 4-12
true
true
er-7, 3-1, 3-1
rnf-25, 1-6, 3-18
Ok
0
2
3
egi-29, 4-4
0
epi-49, 1-9
epi-50, 3-6
21
3
None
3
11
egi-30, 0-8
epi-51, 2-12
3
er-8, 1-3, 4-5
epi-52, 0-13
3
None
epi-53, 1-10
None
Ok
true
4
Ok
3
3
0
8
emi-8, 4-4
true
0
192
0
Ok
emi-9, 1-1
Ok
4
egi-31, 0-9
0
egi-32, 0-10
None
Ok
epi-54, 1-11
958
rnf-26, 3-19, 4-14
epi-55, 1-12
712
Ok
None
246
egi-33, 0-11
4
2
emi-10, 1-2
pinf-46, 1-6
3
Ok
rnf-27, 3-20, 4-15
228
Ok
6
2
246
712
6
rnf-28, 3-21, 4-16
Ok
er-9, 1-4, 2-2
er-10, 1-5, 4-6
Ok
5
4
rnf-29, 3-22, 4-17
epi-56, 1-13
egi-34, 2-11
5
0
epi-57, 4-13
186
true
er-11, 1-6, 2-3
true
epi-58, 0-14
0
Ok
246
5
er-12, 0-3, 4-7
712
Ok
4
958
4
70
pinf-47, 1-7
35
Ok
Ok
Ok
Ok
egi-35, 0-12
Ok
70
2
0
epi-59, 3-7
Ok
epi-60, 2-13
pinf-48, 2-6
er-13, 3-2, 3-2
0
Ok
epi-61, 2-14
0
712
egi-36, 0-13
4
4
None
epi-62, 3-8
Ordinary message: 0
pinf-49, 1-8
4
3
Ok
er-14, 0-4, 3-3
3
emi-11, 4-5
pinf-50, 2-7
712
9
4
Ok
er-15, 2-4, 4-8
12
epi-63, 1-14
pinf-51, 2-8
246
epi-64, 1-15
Ok
10
true
er-16, 4-9, 4-9
29
pinf-52, 1-9
None
Ok
emi-12, 1-3
Ok
5
epi-65, 3-9
er-17, 4-10, 4-10
5
epi-66, 2-15
epi-67, 1-16
Ok
None
epi-68, 2-16
emi-13, 1-4
None
er-18, 0-5, 1-7
3
pinf-53, 2-9
2
None
er-19, 1-8, 3-4
emi-14, 2-1
4
epi-69, 1-17
5
Ok
pinf-54, 0-6
epi-70, 3-10
Ok
754
None
364
emi-15, 4-6
0
egi-37, 2-12
754
false
epi-71, 3-11
epi-72, 1-18
Ok
rnf-30, 1-7, 2-8
243
emi-16, 2-2
10
er-20, 0-6, 0-6
3
er-21, 3-5, 4-11
epi-73, 2-17
Ok
243
epi-74, 3-12
243
14
epi-75, 2-18
0
Ok
false
0
epi-76, 0-15
284
0
emi-17, 1-5
egi-38, 2-13
955
Ok
6
6
3
9
2
false
2
true
epi-77, 0-16
2
24
489
None
24
epi-78, 1-19
2
Ok
2
epi-79, 4-14
false
pinf-55, 0-7
Ok
800
2
0
None
pinf-56, 2-10
epi-80, 1-20
epi-81, 1-21
955
er-22, 0-7, 2-5
false
pinf-57, 2-11
pinf-58, 1-10
minf-19, 3-4
9
None
epi-82, 3-13
None
None
epi-83, 4-15
4
0
epi-84, 0-17
epi-85, 2-19
9
6
pinf-59, 0-8
er-23, 2-6, 3-6
emi-18, 4-7
0
2
true
egi-39, 3-5
14
epi-86, 4-16
4
emi-19, 4-8
epi-87, 4-17
Ok
Ok
12
2
12
0
None
er-24, 2-7, 2-7
epi-88, 1-22
er-25, 0-8, 2-8
Ok
minf-20, 2-5
egi-40, 2-14
epi-89, 3-14
2
2
true
4
egi-41, 4-5
egi-42, 2-15
er-26, 1-9, 2-9
Ok
0
egi-43, 2-16
0
egi-44, 0-14
egi-45, 0-15
Ok
epi-90, 3-15
None
epi-91, 3-16
712
rnf-31, 0-7, 4-18
0
None
er-27, 0-9, 3-7
epi-92, 1-23
er-28, 2-10, 2-10
epi-93, 2-20
29
12
Ok
12
0
epi-94, 1-24
36
186
epi-95, 4-18
Ok
800
2
348
minf-21, 3-5
348
117
emi-20, 0-4
None
epi-96, 0-18
Ok
epi-97, 4-19
emi-21, 0-5
Ok
5
true
284
Ok
None
4
2
0
2
5
5
pinf-60, 1-11
Ok
epi-98, 0-19
5
2
444
epi-99, 2-21
0
86
None
true
5
epi-100, 0-20
epi-101, 4-20
None
epi-102, 0-21
15
0
epi-103, 1-25
0
er-29, 1-10, 1-10
Ok
epi-104, 4-21
Ok
epi-105, 4-22
egi-46, 2-17
minf-22, 2-6
Ok
epi-106, 4-23
489
egi-47, 2-18
egi-48, 2-19
99
2
epi-107, 2-22
egi-49, 0-16
true
15
Ok
0
true
1444
None
Ok
1690
egi-50, 2-20
er-30, 1-11, 4-12
Ok
epi-108, 4-24
egi-51, 3-6
epi-109, 4-25
1690
egi-52, 4-6
5
0
712
2
emi-22, 3-2
2
0
562
epi-110, 1-26
er-31, 0-10, 4-13
0
Ok
4
epi-111, 3-17
pinf-61, 1-12
2
true
Ok
Ok
Ok
414
0
1
Ordinary message: 2
egi-53, 1-5
1444
epi-112, 1-27
er-32, 4-14, 4-14
Ok
712
1
0
Ok
5
712
er-33, 0-11, 4-15
348
942
pinf-62, 1-13
true
Ok
5
5
0
0
true
1652
er-34, 2-11, 4-16
2
None
15
true
626
None
5
2
2
er-35, 1-12, 3-8
true
1027
true
2
er-36, 3-9, 3-9
942
epi-113, 0-22
626
emi-23, 1-6
egi-54, 3-7
egi-55, 1-6
egi-56, 3-8
29
86
er-37, 0-12, 0-12
0
epi-114, 2-23
15
86
0
None
1027
0
Ok
epi-115, 4-26
true
0
true
348
1027
159
Ok
true
0
Ok
5
1810
1690
36
4
er-38, 1-13, 2-12
Ordinary message: 0
emi-24, 4-9
15
epi-116, 3-18
2
-174
Ok
0
Ok
