0
ginf-1, 2-1
pinf-1, 4-1
pinf-2, 2-1
0
ginf-2, 1-1
0
pinf-3, 6-1
pinf-4, 3-1
pinf-5, 2-2
ginf-3, 4-1
ginf-4, 4-2
minf-1, 0-1
minf-2, 6-1
pinf-6, 0-1
0
pinf-7, 3-2
minf-3, 4-1
Ok
1
minf-4, 0-2
1
Ok
pinf-8, 0-2
0
ginf-5, 3-1
The person with this number does not exist
pinf-9, 1-1
Ok
Group does not exist
pinf-10, 3-3
pinf-11, 3-4
0
minf-5, 3-1
0
minf-6, 2-1
ginf-6, 2-2
egi-1, 1-1
ginf-7, 6-1
pinf-12, 0-3
pinf-13, 0-4
ginf-8, 6-2
pinf-14, 2-3
1
pinf-15, 2-4
The person with this number does not exist
None
ginf-9, 0-1
pinf-16, 2-5
Ok
pinf-17, 4-2
pinf-18, 0-5
0
pinf-19, 0-6
Ok
pinf-20, 3-5
minf-7, 2-2
pinf-21, 4-3
0
pinf-22, 0-7
0
0
pinf-23, 4-4
pinf-24, 1-2
pinf-25, 0-8
1
0
Ok
pinf-26, 4-5
pinf-27, 0-9
Ok
ginf-10, 0-2
0
pinf-28, 3-6
0
epi-1, 5-1
pinf-29, 2-6
0
0
None
pinf-30, 4-6
ginf-11, 0-3
Ok
Ok
pinf-31, 3-7
anf-1, 2-1
4
ginf-12, 2-3
0
minf-8, 1-1
pinf-32, 3-8
minf-9, 4-2
4
egi-2, 5-1
Ok
anf-2, 2-2
ginf-13, 0-4
pinf-33, 3-9
Ok
Ok
Ok
0
Ok
4
pinf-34, 6-2
pinf-35, 6-3
0
pinf-36, 4-7
pinf-37, 3-10
pinf-38, 6-4
pinf-39, 6-5
Ok
pinf-40, 4-8
minf-10, 1-2
pinf-41, 4-9
0
The person with this number does not exist
pinf-42, 6-6
epi-2, 0-1
pinf-43, 6-7
Ok
er-1, 3-1, 3-1
anf-3, 0-1
pinf-44, 4-10
0
0
Ok
epi-3, 0-2
Ok
minf-11, 5-1
rnf-1, 0-1, 1-1
Ok
0
Ok
pinf-45, 6-8
pinf-46, 4-11
None
pinf-47, 1-3
minf-12, 5-2
0
None
egi-3, 4-1
rnf-2, 1-2, 2-1
anf-4, 0-2
Ok
0
0
Ok
pinf-48, 6-9
0
0
pinf-49, 6-10
0
6
rnf-3, 0-2, 5-1
0
epi-4, 4-1
0
pinf-50, 6-11
None
egi-4, 4-2
pinf-51, 6-12
0
minf-13, 3-2
rnf-4, 1-3, 5-2
0
er-2, 0-1, 0-1
Ok
minf-14, 5-3
Ok
pinf-52, 6-13
0
epi-5, 5-2
Ok
0
0
0
anf-5, 4-1
None
2
4
4
Ok
rnf-5, 0-3, 5-3
0
2
3
2
rnf-6, 1-4, 5-4
0
anf-6, 4-2
None
Ok
46
rnf-7, 0-4, 5-5
0
0
pinf-53, 6-14
true
egi-5, 3-1
egi-6, 3-2
2
0
pinf-54, 6-15
rnf-8, 3-1, 4-1
0
0
0
epi-6, 5-3
false
egi-7, 6-1
0
0
Ok
egi-8, 4-3
None
epi-7, 0-3
Ok
2
pinf-55, 6-16
rnf-9, 0-5, 1-5
minf-15, 4-3
2
pinf-56, 1-4
1
3
Ok
egi-9, 2-1
epi-8, 2-1
pinf-57, 6-17
epi-9, 4-2
pinf-58, 6-18
minf-16, 5-4
rnf-10, 1-6, 5-6
Ok
None
0
true
Ok
pinf-59, 6-19
emi-1, 2-1
1
0
0
pinf-60, 6-20
0
1
epi-10, 0-4
true
0
Ok
0
1
pinf-61, 6-21
1
egi-10, 6-2
pinf-62, 6-22
rnf-11, 1-7, 5-7
Ok
The person with this number does not exist
0
1
Ok
Ok
5
1
emi-2, 0-1
0
Ok
emi-3, 3-1
emi-4, 3-2
0
1
None
egi-11, 4-4
Ok
emi-5, 0-2
pinf-63, 6-23
0
rnf-12, 0-6, 1-8
1
true
Ok
Ok
0
er-3, 1-1, 2-1
pinf-64, 6-24
Ordinary message: 2; Ordinary message: 3
true
3
egi-12, 0-1
Ok
1
0
egi-13, 6-3
epi-11, 1-1
96
None
0
epi-12, 4-3
1
pinf-65, 6-25
1
Ok
epi-13, 1-2
Ok
emi-6, 0-3
3
1
0
Ok
er-4, 2-2, 3-2
The person with this number does not exist
Ok
Ok
pinf-66, 6-26
0
egi-14, 2-2
3
2
1
Ok
pinf-67, 6-27
2
0
epi-14, 2-2
0
epi-15, 1-3
epi-16, 3-1
emi-7, 3-3
Ordinary message: 4
2
Ok
minf-17, 5-5
-602
2
1
1
0
Ok
0
epi-17, 4-4
0
epi-18, 3-2
0
Ordinary message: 6; Ordinary message: 2; Ordinary message: 3
epi-19, 3-3
0
pinf-68, 6-28
None
-500
Ok
emi-8, 3-4
3
5
Ok
The person with this number does not exist
2
Ok
0
2
epi-20, 2-3
true
1
epi-21, 3-4
5
96
pinf-69, 6-29
1
egi-15, 0-2
Ok
3
Ok
3
1
0
0
4
Ok
None
3
emi-9, 2-2
0
1
-373
egi-16, 5-2
0
5
0
false
3
epi-22, 5-4
0
None
epi-23, 0-5
-373
epi-24, 0-6
emi-10, 2-3
rnf-13, 1-9, 5-8
true
minf-18, 6-2
emi-11, 3-5
epi-25, 4-5
Ok
3
0
Ok
rnf-14, 5-9, 6-1
None
true
0
1
None
Ok
-373
4
Ok
emi-12, 1-1
rnf-15, 2-2, 3-2
rnf-16, 4-2, 5-10
epi-26, 2-4
minf-19, 4-4
None
rnf-17, 2-3, 3-3
1
epi-27, 5-5
1
4
emi-13, 0-4
Ok
1
rnf-18, 1-10, 5-11
Ok
286
96
egi-17, 5-3
0
3
0
1
minf-20, 4-5
1
1
rnf-19, 4-3, 6-2
true
epi-28, 6-1
0
epi-29, 2-5
er-5, 2-3, 5-1
epi-30, 5-6
1
-373
epi-31, 0-7
3
1
epi-32, 0-8
epi-33, 3-5
5
None
1
1
Ok
epi-34, 5-7
emi-14, 0-5
Ok
epi-35, 4-6
epi-36, 3-6
None
0
true
pinf-70, 4-12
Ok
0
1
1
epi-37, 2-6
minf-21, 5-6
epi-38, 0-9
3
3
true
rnf-20, 4-4, 5-12
1
rnf-21, 4-5, 5-13
egi-18, 0-3
emi-15, 6-1
1
0
51
None
emi-16, 1-2
egi-19, 4-5
Ok
emi-17, 1-3
5
epi-39, 4-7
pinf-71, 4-13
Ok
true
egi-20, 0-4
egi-21, 0-5
er-6, 6-1, 6-1
egi-22, 5-4
egi-23, 6-4
Ok
emi-18, 1-4
0
0
1
0
3
Ok
epi-40, 0-10
4
Ok
true
1
epi-41, 0-11
Ordinary message: 6; Ordinary message: 2; Ordinary message: 3
1
0
1
Ordinary message: 6; Ordinary message: 2; Ordinary message: 3
4
true
4
er-7, 1-2, 3-3
epi-42, 3-7
1
emi-19, 1-5
egi-24, 1-2
epi-43, 4-8
Ok
Ok
None
true
emi-20, 1-6
3
0
Ok
er-8, 4-1, 4-1
Ok
3
Ok
egi-25, 6-5
0
Ok
true
1
0
0
egi-26, 6-6
83
Ordinary message: 4
3
0
epi-44, 0-12
Ok
Ok
6
er-9, 1-3, 3-4
0
emi-21, 6-2
100
3
100
6
emi-22, 0-6
698
egi-27, 3-3
emi-23, 2-4
-602
Ok
pinf-72, 1-5
0
6
0
6
epi-45, 2-7
emi-24, 2-5
0
0
469
epi-46, 3-8
er-10, 0-2, 2-4
true
0
6
Ordinary message: 4
6
83
Ok
Ordinary message: 4
rnf-22, 0-7, 4-6
true
0
Ordinary message: 6; Ordinary message: 2; Ordinary message: 3
Ok
0
7
epi-47, 0-13
3
Ordinary message: 1; Ordinary message: 6; Ordinary message: 2; Ordinary message: 3
emi-25, 4-1
egi-28, 4-6
0
3
0
true
epi-48, 1-4
egi-29, 2-3
0
0
true
rnf-23, 1-11, 6-3
3
0
7
er-11, 0-3, 2-5
Ok
rnf-24, 1-12, 5-14
minf-22, 5-7
374
Ok
9
epi-49, 2-8
Ok
egi-30, 6-7
Ok
true
0
egi-31, 4-7
epi-50, 5-8
9
3
None
Ok
None
84
egi-32, 6-8
epi-51, 6-2
3
true
3
true
er-12, 3-5, 6-2
5
Ok
0
63
Ok
minf-23, 6-3
9
None
Ok
3
382
minf-24, 6-4
-9
0
true
pinf-73, 1-6
emi-26, 4-2
129
true
true
Ok
0
2
12
epi-52, 6-3
0
true
2
epi-53, 5-9
-373
0
None
rnf-25, 0-8, 1-13
0
egi-33, 0-6
Ordinary message: 1; Ordinary message: 6; Ordinary message: 2; Ordinary message: 3
Ok
2
4
0
5
0
0
382
minf-25, 6-5
4
2
0
4
2
0
Ok
emi-27, 0-7
epi-54, 0-14
epi-55, 0-15
er-13, 1-4, 1-4
Ok
pinf-74, 1-7
692
rnf-26, 1-14, 4-7
Ok
0
minf-26, 1-3
emi-28, 5-1
Ok
epi-56, 1-5
None
epi-57, 5-10
0
4
true
0
Ok
6
374
12
minf-27, 1-4
-373
epi-58, 0-16
er-14, 0-4, 2-6
609
87
Ok
pinf-75, 1-8
12
Ok
Ok
epi-59, 0-17
Ok
minf-28, 1-5
er-15, 3-6, 4-2
Ok
er-16, 1-5, 2-7
er-17, 1-6, 5-2
2
None
0
0
Ok
4
emi-29, 0-8
Ok
4
epi-60, 2-9
0
12
emi-30, 4-3
4
pinf-76, 1-9
4
true
rnf-27, 4-8, 6-4
Ok
er-18, 1-7, 5-3
Ok
None
4
Ok
Ok
epi-61, 0-18
129
0
epi-62, 5-11
0
Ordinary message: 2; Ordinary message: 1; Ordinary message: 6; Ordinary message: 2; Ordinary message: 3
0
rnf-28, 2-4, 4-9
Ordinary message: 2; Ordinary message: 1; Ordinary message: 6; Ordinary message: 2; Ordinary message: 3
5
Ok
rnf-29, 0-9, 1-15
4
Ok
er-19, 6-3, 6-3
3
2
true
true
egi-34, 3-4
None
1255
None
4
-373
Ok
0
17
er-20, 2-8, 5-4
Ok
0
1255
rnf-30, 4-10, 6-5
5
true
0
2
3
Ok
Ok
4
epi-63, 5-12
Ok
er-21, 1-8, 3-7
true
true
None
egi-35, 2-4
0
emi-31, 3-6
0
epi-64, 0-19
er-22, 0-5, 5-5
er-23, 4-3, 5-6
0
egi-36, 3-5
3
0
egi-37, 4-8
5
epi-65, 6-4
epi-66, 4-9
17
0
egi-38, 2-5
epi-67, 1-6
pinf-77, 1-10
None
epi-68, 4-10
2
None
0
129
0
0
epi-69, 0-20
epi-70, 5-13
256
emi-32, 2-6
4
epi-71, 0-21
pinf-78, 1-11
None
4
epi-72, 4-11
true
Ok
Ok
4
rnf-31, 4-11, 6-6
Ordinary message: 2; Ordinary message: 1; Ordinary message: 6; Ordinary message: 2; Ordinary message: 3
None
17
rnf-32, 0-10, 4-12
epi-73, 2-10
6
0
0
egi-39, 2-6
2
epi-74, 5-14
2
0
288
epi-75, 0-22
0
None
256
rnf-33, 0-11, 4-13
emi-33, 4-4
egi-40, 2-7
0
664
2
egi-41, 0-7
17
rnf-34, 0-12, 1-16
er-24, 4-4, 4-4
84
epi-76, 0-23
4
2
epi-77, 1-7
minf-29, 5-8
6
0
true
6
true
4
Ok
1370
egi-42, 1-3
egi-43, 2-8
rnf-35, 0-13, 4-14
4
Ok
0
664
0
rnf-36, 5-15, 6-7
Ok
3
Ok
0
er-25, 0-6, 6-4
rnf-37, 5-16, 6-8
5
6
egi-44, 4-9
609
2
Ok
44
0
Ok
Ok
-373
609
0
egi-45, 0-8
Ok
rnf-38, 0-14, 4-15
er-26, 1-9, 5-7
5
2
true
rnf-39, 5-17, 6-9
Ok
2
rnf-40, 4-16, 6-10
3
0
17
emi-34, 6-3
pinf-79, 1-12
epi-78, 6-5
er-27, 0-7, 6-5
-602
true
Ok
5
1255
true
egi-46, 4-10
Ok
er-28, 0-8, 0-8
840
er-29, 2-9, 3-8
rnf-41, 4-17, 6-11
2
true
5
egi-47, 1-4
5
17
Ok
epi-79, 1-8
epi-80, 3-9
17
0
17
None
epi-81, 3-10
0
epi-82, 5-15
er-30, 1-10, 5-8
2
epi-83, 3-11
Ok
er-31, 0-9, 6-6
-884
epi-84, 0-24
0
true
0
epi-85, 0-25
pinf-80, 1-13
5
1255
None
5
epi-86, 6-6
-884
epi-87, 3-12
-884
true
epi-88, 3-13
Ordinary message: 2; Ordinary message: 1; Ordinary message: 6; Ordinary message: 2; Ordinary message: 3
40
emi-35, 2-7
Ok
5
true
5
