pinf-1, 2-1
pinf-2, 1-1
The person with this number does not exist
0
0
0
Ok
Ok
ginf-1, 5-1
The person with this number does not exist
ginf-2, 1-1
pinf-3, 3-1
0
Ok
The person with this number does not exist
ginf-3, 0-1
ginf-4, 0-2
2
pinf-4, 4-1
pinf-5, 5-1
ginf-5, 0-3
ginf-6, 0-4
0
0
0
pinf-6, 2-2
pinf-7, 4-2
Ok
ginf-7, 5-2
Group does not exist
epi-1, 3-1
Ok
0
pinf-8, 1-2
0
0
pinf-9, 1-3
The person with this number does not exist
Ok
0
pinf-10, 2-3
pinf-11, 4-3
None
2
ginf-8, 2-1
pinf-12, 5-2
minf-1, 1-1
0
2
0
ginf-9, 3-1
ginf-10, 3-2
pinf-13, 5-3
egi-1, 0-1
0
ginf-11, 2-2
pinf-14, 4-4
ginf-12, 1-2
egi-2, 5-1
Ok
pinf-15, 1-4
epi-2, 0-1
pinf-16, 2-4
ginf-13, 2-3
0
pinf-17, 2-5
pinf-18, 1-5
pinf-19, 4-5
0
ginf-14, 3-3
pinf-20, 2-6
pinf-21, 4-6
Group does not exist
egi-3, 0-2
The person with this number does not exist
minf-2, 5-1
0
0
Ok
0
ginf-15, 2-4
pinf-22, 1-6
ginf-16, 2-5
minf-3, 3-1
The person with this number does not exist
minf-4, 4-1
0
rnf-1, 0-1, 3-1
minf-5, 3-2
pinf-23, 1-7
0
pinf-24, 5-4
minf-6, 3-3
pinf-25, 1-8
pinf-26, 1-9
pinf-27, 4-7
pinf-28, 5-5
ginf-17, 3-4
ginf-18, 2-6
0
Ok
pinf-29, 5-6
Ok
Group does not exist
Ok
anf-1, 2-1
0
pinf-30, 5-7
0
epi-3, 4-1
0
None
Ok
Ok
epi-4, 2-1
0
false
epi-5, 4-2
0
Group does not exist
anf-2, 2-2
false
rnf-2, 2-1, 5-1
anf-3, 3-1
0
false
minf-7, 4-2
egi-4, 5-2
Ok
epi-6, 3-2
minf-8, 4-3
rnf-3, 4-1, 5-2
0
true
anf-4, 0-1
false
rnf-4, 4-2, 5-3
false
rnf-5, 4-3, 5-4
true
None
0
rnf-6, 0-2, 5-5
0
ginf-19, 2-7
0
emi-1, 0-1
minf-9, 4-4
0
false
rnf-7, 1-1, 2-2
0
0
epi-7, 3-3
er-1, 4-1, 4-1
0
minf-10, 3-4
Ok
6
epi-8, 4-3
None
Ok
Ok
pinf-31, 0-1
None
0
0
egi-5, 0-3
rnf-8, 2-3, 3-2
er-2, 4-2, 4-2
0
egi-6, 4-1
epi-9, 2-2
6
minf-11, 5-2
0
emi-2, 1-1
epi-10, 0-2
epi-11, 3-4
egi-7, 4-2
rnf-9, 1-2, 2-4
rnf-10, 3-3, 5-6
emi-3, 4-1
0
6
Ok
anf-5, 2-3
egi-8, 0-4
rnf-11, 1-3, 2-5
0
anf-6, 2-4
Ok
er-3, 5-1, 5-1
epi-12, 5-1
Ok
egi-9, 4-3
0
None
5
5
0
Ok
1
pinf-32, 0-2
epi-13, 2-3
None
0
rnf-12, 1-4, 3-4
epi-14, 5-2
epi-15, 2-4
pinf-33, 0-3
1
0
epi-16, 2-5
false
epi-17, 4-4
false
0
anf-7, 3-2
minf-12, 3-5
ginf-20, 2-8
anf-8, 4-1
false
false
0
anf-9, 2-5
1
0
rnf-13, 1-5, 2-6
0
rnf-14, 2-7, 5-7
anf-10, 2-6
0
epi-18, 3-5
5
0
0
Ok
epi-19, 5-3
ginf-21, 2-9
minf-13, 3-6
Ok
4
Group does not exist
Ok
rnf-15, 0-3, 4-4
false
ginf-22, 2-10
pinf-34, 4-8
0
0
Ok
Ok
4
ginf-23, 2-11
minf-14, 3-7
emi-4, 4-2
2
rnf-16, 1-6, 2-8
Ok
epi-20, 0-3
2
4
1
1
Ok
None
0
2
1
anf-11, 3-3
epi-21, 5-4
emi-5, 0-2
0
rnf-17, 1-7, 4-5
epi-22, 0-4
None
Ok
rnf-18, 3-5, 4-6
epi-23, 2-6
er-4, 2-1, 4-3
0
true
None
epi-24, 0-5
1
None
3
3
rnf-19, 1-8, 4-7
0
3
Ok
None
0
3
3
egi-10, 3-1
rnf-20, 3-6, 5-8
None
0
egi-11, 1-1
epi-25, 3-6
None
epi-26, 0-6
true
2
egi-12, 0-5
1
0
Ok
rnf-21, 0-4, 4-8
0
Ok
Ok
rnf-22, 0-5, 4-9
Ok
Ok
true
0
None
0
epi-27, 0-7
emi-6, 1-2
None
rnf-23, 0-6, 2-9
egi-13, 5-3
None
None
true
egi-14, 3-2
egi-15, 3-3
3
egi-16, 2-1
0
Ok
rnf-24, 0-7, 5-9
epi-28, 0-8
emi-7, 5-1
false
0
1
rnf-25, 0-8, 5-10
epi-29, 3-7
rnf-26, 0-9, 2-10
emi-8, 3-1
epi-30, 0-9
3
epi-31, 4-5
0
0
pinf-35, 0-4
0
false
Ok
0
rnf-27, 3-7, 5-11
0
Ok
5
rnf-28, 0-10, 5-12
0
egi-17, 5-4
None
None
0
Ok
2
0
false
rnf-29, 4-10, 5-13
0
1
0
epi-32, 0-10
Ok
rnf-30, 2-11, 5-14
0
egi-18, 4-4
None
Ok
epi-33, 3-8
epi-34, 2-7
0
rnf-31, 1-9, 2-12
false
3
epi-35, 0-11
rnf-32, 0-11, 5-15
100
epi-36, 1-1
rnf-33, 1-10, 2-13
0
2
egi-19, 1-2
epi-37, 4-6
false
rnf-34, 2-14, 5-16
emi-9, 3-2
2
epi-38, 4-7
None
0
rnf-35, 1-11, 2-15
rnf-36, 0-12, 5-17
er-5, 2-2, 2-2
2
2
3
2
50
egi-20, 1-3
0
egi-21, 0-6
rnf-37, 4-11, 5-18
None
epi-39, 0-12
rnf-38, 0-13, 5-19
3
0
Ok
emi-10, 3-3
epi-40, 1-2
rnf-39, 3-8, 4-12
0
egi-22, 3-4
minf-15, 0-1
3
2
epi-41, 1-3
0
0
epi-42, 2-8
3
3
emi-11, 4-3
epi-43, 1-4
er-6, 0-1, 1-1
epi-44, 2-9
emi-12, 1-3
rnf-40, 1-12, 4-13
Ok
Ok
Ok
true
1
egi-23, 1-4
Ok
1
94
None
1
2
-573
Ok
None
0
epi-45, 5-5
rnf-41, 0-14, 4-14
0
epi-46, 3-9
1
epi-47, 4-8
rnf-42, 0-15, 5-20
er-7, 4-4, 4-4
true
epi-48, 2-10
2
Ok
2
1
None
2
1
egi-24, 4-5
0
epi-49, 2-11
Ok
rnf-43, 4-15, 5-21
1
46
Ok
2
100
epi-50, 1-5
0
true
rnf-44, 0-16, 5-22
0
None
2
62
0
Ok
0
3
egi-25, 0-7
None
Ok
epi-51, 3-10
er-8, 2-3, 4-5
emi-13, 5-2
egi-26, 0-8
epi-52, 4-9
true
Ok
true
2
1
emi-14, 1-4
None
epi-53, 1-6
epi-54, 1-7
er-9, 2-4, 2-4
epi-55, 4-10
epi-56, 4-11
-573
epi-57, 2-12
0
epi-58, 3-11
epi-59, 1-8
50
2
Ok
0
1
epi-60, 1-9
egi-27, 0-9
epi-61, 2-13
epi-62, 3-12
0
Ok
1
er-10, 3-1, 3-1
egi-28, 5-5
Ok
epi-63, 4-12
2
emi-15, 4-4
emi-16, 4-5
minf-16, 0-2
rnf-45, 1-13, 4-16
epi-64, 3-13
0
Ok
2
Ok
0
epi-65, 5-6
None
3
egi-29, 1-5
emi-17, 5-3
Ok
epi-66, 4-13
Ok
minf-17, 0-3
1
true
3
epi-67, 3-14
epi-68, 5-7
1
er-11, 0-2, 3-2
0
274
epi-69, 4-14
er-12, 0-3, 3-3
0
minf-18, 1-2
rnf-46, 0-17, 2-16
Ok
0
egi-30, 2-2
1
0
4
minf-19, 0-4
egi-31, 4-6
emi-18, 4-6
None
egi-32, 3-5
4
1
minf-20, 3-8
Ok
epi-70, 5-8
true
0
rnf-47, 2-17, 3-9
1
1
1
0
0
pinf-36, 4-9
0
1
None
2
true
1
274
epi-71, 1-10
true
0
Ok
er-13, 0-4, 0-4
epi-72, 3-15
0
0
emi-19, 4-7
true
-254
epi-73, 5-9
true
true
epi-74, 0-13
Ok
None
true
1
Ok
Ok
None
10
epi-75, 5-10
rnf-48, 0-18, 5-23
10
2
epi-76, 4-15
Ok
Ok
er-14, 1-2, 5-2
egi-33, 4-7
10
egi-34, 4-8
2
0
None
er-15, 2-5, 5-3
2
epi-77, 5-11
epi-78, 2-14
Ok
2
0
1
true
egi-35, 3-6
2
47
12
0
emi-20, 3-4
10
2
862
egi-36, 3-7
Ok
0
Ok
Ok
116
1
true
emi-21, 3-5
0
2
true
Ok
2
epi-79, 4-16
epi-80, 5-12
0
emi-22, 3-6
0
emi-23, 2-1
epi-81, 0-14
2
egi-37, 5-6
minf-21, 1-3
2
emi-24, 0-3
emi-25, 3-7
13
Ok
0
2
Ok
Ok
13
0
er-16, 1-3, 5-4
Ok
epi-82, 2-15
1
2
epi-83, 5-13
None
Ok
Ordinary message: 1; Ordinary message: 3
116
199
0
er-17, 2-6, 3-4
116
0
epi-84, 0-15
Ok
Ordinary message: 1; Ordinary message: 3
Ok
true
Ok
1
0
egi-38, 3-8
epi-85, 1-11
47
Ok
0
11
epi-86, 4-17
2
0
epi-87, 0-16
1
epi-88, 1-12
Ok
0
Ok
egi-39, 4-9
epi-89, 5-14
minf-22, 5-3
0
egi-40, 0-10
2
epi-90, 2-16
2
epi-91, 4-18
egi-41, 3-9
3
-573
3
7
2
9
2
er-18, 0-5, 3-5
0
0
0
0
egi-42, 5-7
0
Ok
Ok
2
epi-92, 4-19
true
epi-93, 3-16
0
116
epi-94, 1-13
er-19, 2-7, 4-6
118
0
epi-95, 4-20
rnf-49, 1-14, 4-17
2
egi-43, 5-8
epi-96, 0-17
Ok
None
0
egi-44, 4-10
minf-23, 1-4
true
Ok
Ok
epi-97, 1-14
epi-98, 0-18
2
116
Ok
Ok
0
Ok
epi-99, 5-15
9
None
0
-827
506
2
506
2
2
Ok
2
152
true
emi-26, 2-2
pinf-37, 4-10
pinf-38, 4-11
er-20, 0-6, 1-4
2
epi-100, 1-15
epi-101, 0-19
epi-102, 2-17
0
Ok
2
minf-24, 1-5
0
epi-103, 1-16
epi-104, 0-20
0
rnf-50, 1-15, 4-18
Ok
epi-105, 3-17
9
epi-106, 5-16
None
2
emi-27, 0-4
848
Ok
-827
None
Ok
epi-107, 0-21
epi-108, 4-21
true
2
0
Ok
Ok
false
epi-109, 2-18
epi-110, 0-22
Ok
Ok
2
434
2
622
Ok
minf-25, 1-6
None
Ok
Ok
epi-111, 3-18
0
true
0
-167
epi-112, 1-17
Ordinary message: 1; Ordinary message: 3
0
er-21, 4-7, 4-7
0
416
er-22, 0-7, 5-5
Ok
2
9
egi-45, 3-10
epi-113, 5-17
0
emi-28, 2-3
2
2
9
egi-46, 2-3
true
3
0
egi-47, 0-11
Ok
egi-48, 1-6
0
152
rnf-51, 2-18, 4-19
9
epi-114, 5-18
pinf-39, 4-12
true
Ok
emi-29, 2-4
2
9
egi-49, 1-7
Ok
2
Ok
2
3
Ok
Ordinary message: 4
epi-115, 2-19
Ok
Ok
Ok
egi-50, 5-9
160
160
794
er-23, 0-8, 1-5
Ok
egi-51, 5-10
1
11
true
3
Ok
0
Ok
2
34
egi-52, 5-11
11
rnf-52, 2-19, 3-10
None
egi-53, 3-11
0
11
-167
egi-54, 2-4
2
2
er-24, 3-6, 5-6
emi-30, 0-5
11
epi-116, 2-20
0
egi-55, 1-8
epi-117, 2-21
2
6
Ok
epi-118, 0-23
2
Ok
3
Ok
Ok
Ok
er-25, 0-9, 4-8
Ordinary message: 3; Ordinary message: 4
emi-31, 0-6
3
Ok
Ok
46
er-26, 3-7, 5-7
3
true
0
er-27, 0-10, 5-8
true
Ok
emi-32, 2-5
2
0
epi-119, 3-19
Ok
506
11
epi-120, 4-22
2
3
true
Ok
0
epi-121, 3-20
egi-56, 4-11
er-28, 2-8, 5-9
3
epi-122, 5-19
epi-123, 0-24
-452
0
11
2
egi-57, 3-12
epi-124, 3-21
-452
2
Ok
er-29, 0-11, 1-6
11
2
epi-125, 2-22
12
rnf-53, 1-16, 4-20
0
emi-33, 2-6
298
3
