pinf-1, 10-1
0
pinf-2, 10-2
Ok
pinf-3, 5-1
Ok
The person with this number does not exist
0
pinf-4, 6-1
None
Ok
Ok
pinf-5, 10-3
ginf-1, 7-1
pinf-6, 4-1
pinf-7, 6-2
0
ginf-2, 9-1
epi-1, 2-1
Ok
Group does not exist
0
pinf-8, 5-2
pinf-9, 9-1
pinf-10, 5-3
minf-1, 9-1
0
0
0
minf-2, 2-1
pinf-11, 9-2
pinf-12, 8-1
0
pinf-13, 8-2
epi-2, 1-1
The person with this number does not exist
minf-3, 0-1
ginf-3, 9-2
ginf-4, 1-1
pinf-14, 10-4
0
pinf-15, 8-3
pinf-16, 4-2
pinf-17, 4-3
pinf-18, 6-3
0
pinf-19, 9-3
ginf-5, 8-1
pinf-20, 10-5
egi-1, 5-1
None
anf-1, 7-1
ginf-6, 9-3
4
Ok
pinf-21, 8-4
0
ginf-7, 6-1
pinf-22, 6-4
pinf-23, 6-5
ginf-8, 4-1
4
pinf-24, 10-6
0
pinf-25, 4-4
pinf-26, 8-5
pinf-27, 8-6
4
minf-4, 4-1
0
pinf-28, 6-6
0
0
minf-5, 0-2
ginf-9, 4-2
pinf-29, 6-7
pinf-30, 6-8
0
pinf-31, 0-1
pinf-32, 10-7
pinf-33, 8-7
anf-2, 1-1
ginf-10, 8-2
Ok
epi-3, 3-1
0
ginf-11, 4-3
ginf-12, 10-1
epi-4, 2-2
ginf-13, 7-2
egi-2, 5-2
0
pinf-34, 6-9
Ok
0
pinf-35, 9-4
pinf-36, 4-5
pinf-37, 10-8
pinf-38, 5-4
pinf-39, 10-9
pinf-40, 4-6
Group does not exist
minf-6, 6-1
pinf-41, 8-8
Ok
epi-5, 0-1
egi-3, 4-1
0
rnf-1, 0-1, 1-1
minf-7, 3-1
0
0
Ok
rnf-2, 1-2, 7-1
epi-6, 9-1
Ok
Ok
None
pinf-42, 5-5
er-1, 0-1, 0-1
minf-8, 3-2
ginf-14, 1-2
anf-3, 2-1
ginf-15, 0-1
pinf-43, 5-6
ginf-16, 1-3
0
0
0
rnf-3, 0-2, 3-1
pinf-44, 6-10
ginf-17, 6-2
0
ginf-18, 1-4
None
ginf-19, 6-3
true
ginf-20, 6-4
false
epi-7, 2-3
Ok
ginf-21, 0-2
None
false
pinf-45, 8-9
pinf-46, 8-10
0
ginf-22, 0-3
ginf-23, 0-4
ginf-24, 0-5
Ok
pinf-47, 5-7
egi-4, 8-1
1
0
pinf-48, 10-10
Ok
0
epi-8, 7-1
pinf-49, 6-11
pinf-50, 4-7
ginf-25, 9-4
ginf-26, 1-5
pinf-51, 5-8
None
ginf-27, 0-6
pinf-52, 8-11
0
epi-9, 1-2
epi-10, 0-2
epi-11, 7-2
pinf-53, 4-8
0
minf-9, 9-2
pinf-54, 6-12
5
minf-10, 5-1
epi-12, 7-3
pinf-55, 8-12
epi-13, 2-4
0
rnf-4, 0-3, 3-2
0
0
ginf-28, 1-6
Ok
pinf-56, 8-13
pinf-57, 10-11
0
1
Ok
false
0
0
pinf-58, 8-14
minf-11, 1-1
minf-12, 0-3
pinf-59, 10-12
0
pinf-60, 4-9
anf-4, 0-1
5
pinf-61, 10-13
pinf-62, 5-9
false
epi-14, 1-3
0
pinf-63, 8-15
minf-13, 4-2
rnf-5, 3-3, 7-2
5
0
rnf-6, 2-1, 9-1
minf-14, 1-2
pinf-64, 4-10
pinf-65, 5-10
0
pinf-66, 8-16
pinf-67, 8-17
epi-15, 0-3
Ok
pinf-68, 5-11
ginf-29, 9-5
0
Ok
0
0
pinf-69, 8-18
0
pinf-70, 8-19
Ok
Ok
1
Ok
pinf-71, 8-20
pinf-72, 5-12
2
1
pinf-73, 10-14
pinf-74, 6-13
pinf-75, 10-15
Ok
pinf-76, 6-14
minf-15, 6-2
0
pinf-77, 4-11
pinf-78, 4-12
minf-16, 10-1
The person with this number does not exist
pinf-79, 5-13
pinf-80, 6-15
pinf-81, 10-16
0
minf-17, 9-3
minf-18, 4-3
pinf-82, 5-14
1
4
1
0
pinf-83, 4-13
1
None
pinf-84, 6-16
ginf-30, 1-7
pinf-85, 8-21
egi-5, 7-1
Ok
1
Ok
pinf-86, 4-14
Ok
false
epi-16, 0-4
1
6
6
52
6
epi-17, 5-1
0
Ok
Ok
0
0
minf-19, 1-3
6
emi-1, 3-1
0
minf-20, 2-2
None
Ok
egi-6, 9-1
1
0
epi-18, 0-5
0
pinf-87, 4-15
anf-5, 3-1
0
pinf-88, 4-16
Ok
pinf-89, 6-17
epi-19, 7-4
1
egi-7, 2-1
anf-6, 10-1
pinf-90, 8-22
anf-7, 1-2
Ok
minf-21, 5-2
epi-20, 4-1
0
rnf-7, 7-3, 9-2
pinf-91, 8-23
Ok
epi-21, 4-2
emi-2, 3-2
0
epi-22, 9-2
None
rnf-8, 0-4, 4-1
pinf-92, 6-18
pinf-93, 6-19
7
Ok
pinf-94, 8-24
Ok
epi-23, 0-6
epi-24, 1-4
0
None
0
epi-25, 9-3
1
1
0
pinf-95, 8-25
0
7
minf-22, 7-1
minf-23, 2-3
minf-24, 2-4
None
0
pinf-96, 8-26
7
0
Ok
Ok
7
7
rnf-9, 5-1, 7-4
pinf-97, 6-20
2
1
0
0
rnf-10, 2-2, 5-2
epi-26, 0-7
None
None
0
egi-8, 10-1
Ok
epi-27, 0-8
6
false
1
0
epi-28, 1-5
egi-9, 9-2
rnf-11, 0-5, 2-3
Ok
rnf-12, 3-4, 10-1
1
epi-29, 1-6
Ok
epi-30, 5-2
minf-25, 7-2
1
pinf-98, 8-27
0
pinf-99, 2-1
0
0
6
0
minf-26, 10-2
0
rnf-13, 2-4, 5-3
rnf-14, 4-2, 10-2
pinf-100, 8-28
true
0
4
0
6
pinf-101, 6-21
minf-27, 10-3
6
epi-31, 7-5
epi-32, 1-7
0
0
rnf-15, 0-6, 9-3
false
0
0
0
Ok
1
0
rnf-16, 0-7, 4-3
pinf-102, 6-22
2
0
rnf-17, 0-8, 1-3
The person with this number does not exist
epi-33, 0-9
rnf-18, 0-9, 3-5
pinf-103, 8-29
epi-34, 1-8
1
The person with this number does not exist
None
6
Ok
egi-10, 3-1
0
pinf-104, 2-2
pinf-105, 8-30
rnf-19, 2-5, 5-4
pinf-106, 6-23
1
0
1
None
Ok
rnf-20, 1-4, 7-5
None
emi-3, 2-1
rnf-21, 0-10, 1-5
epi-35, 2-5
0
minf-28, 10-4
rnf-22, 0-11, 1-6
rnf-23, 1-7, 7-6
rnf-24, 4-4, 5-5
5
egi-11, 4-2
false
4
0
1
0
0
pinf-107, 8-31
0
1
Ok
pinf-108, 6-24
2
4
pinf-109, 8-32
4
egi-12, 7-2
0
Ok
Ok
pinf-110, 8-33
0
2
true
Ok
pinf-111, 8-34
Ok
pinf-112, 6-25
rnf-25, 1-8, 2-6
3
The person with this number does not exist
0
19
Ok
pinf-113, 6-26
4
minf-29, 10-5
pinf-114, 6-27
Ok
The person with this number does not exist
egi-13, 6-1
pinf-115, 6-28
rnf-26, 0-12, 1-9
3
0
egi-14, 8-2
Ok
egi-15, 2-2
pinf-116, 6-29
0
pinf-117, 6-30
emi-4, 2-2
0
true
3
3
0
rnf-27, 0-13, 2-7
pinf-118, 2-3
3
63
Ok
rnf-28, 7-7, 8-1
true
Ok
epi-36, 4-3
2
Ok
Ok
rnf-29, 1-10, 7-8
5
epi-37, 0-10
2
5
0
Ok
None
0
anf-8, 3-2
None
epi-38, 7-6
2
None
0
emi-5, 6-1
rnf-30, 5-6, 7-9
1
Ok
Ok
0
0
Ok
3
3
rnf-31, 1-11, 4-5
None
Ok
rnf-32, 1-12, 8-2
0
None
epi-39, 3-2
3
0
9
None
Ok
5
2
minf-30, 8-1
egi-16, 7-3
Ok
Ok
egi-17, 7-4
rnf-33, 2-8, 10-3
None
3
egi-18, 6-2
anf-9, 6-1
Ok
8
5
3
pinf-119, 7-1
true
epi-40, 4-4
0
3
Ok
Ok
pinf-120, 3-1
epi-41, 10-1
Ok
2
3
3
rnf-34, 6-1, 8-3
rnf-35, 0-14, 5-7
0
Ok
epi-42, 5-3
er-2, 2-1, 9-1
epi-43, 10-2
0
rnf-36, 4-6, 8-4
2
epi-44, 9-4
2
2
3
rnf-37, 5-8, 6-2
0
4
epi-45, 9-5
2
epi-46, 9-6
0
Ok
egi-19, 4-3
None
3
2
3
0
epi-47, 3-3
0
0
None
None
3
1
epi-48, 4-5
Ok
epi-49, 2-6
3
0
1
24
egi-20, 5-3
None
rnf-38, 0-15, 5-9
egi-21, 3-2
0
3
70
epi-50, 7-7
emi-6, 5-1
1
emi-7, 7-1
egi-22, 3-3
epi-51, 5-4
rnf-39, 2-9, 10-4
Ok
0
2
Ok
3
4
1
2
None
0
1
emi-8, 10-1
0
1
5
rnf-40, 7-10, 10-5
1
0
Ok
rnf-41, 4-7, 8-5
149
0
0
7
0
epi-52, 0-11
0
egi-23, 3-4
true
6
epi-53, 2-7
Ok
0
epi-54, 2-8
3
None
minf-31, 8-2
0
0
emi-9, 1-1
Ok
rnf-42, 1-13, 8-6
epi-55, 7-8
5
0
0
0
48
190
rnf-43, 1-14, 5-10
egi-24, 9-3
epi-56, 2-9
epi-57, 8-1
None
19
5
pinf-121, 7-2
0
48
Ok
Ok
6
Ok
epi-58, 1-9
Ok
rnf-44, 3-6, 5-11
pinf-122, 2-4
epi-59, 1-10
egi-25, 0-1
Ok
true
rnf-45, 1-15, 5-12
rnf-46, 3-7, 4-8
2
rnf-47, 2-10, 10-6
epi-60, 6-1
Ok
Ok
None
3
epi-61, 3-4
egi-26, 4-4
rnf-48, 2-11, 8-7
2
rnf-49, 0-16, 3-8
None
emi-10, 1-2
minf-32, 3-3
6
Ok
egi-27, 1-1
6
egi-28, 3-5
0
epi-62, 6-2
emi-11, 1-3
rnf-50, 0-17, 4-9
epi-63, 7-9
epi-64, 1-11
None
emi-12, 5-2
6
emi-13, 1-4
6
0
Ok
None
204
egi-29, 0-2
rnf-51, 2-12, 3-9
2
epi-65, 9-7
0
epi-66, 10-3
Ordinary message: 3
er-3, 7-1, 7-1
7
rnf-52, 1-16, 8-8
44
egi-30, 1-2
egi-31, 6-3
rnf-53, 0-18, 1-17
2
pinf-123, 9-5
0
Ok
epi-67, 4-6
rnf-54, 5-13, 9-4
epi-68, 9-8
0
rnf-55, 2-13, 10-7
egi-32, 4-5
0
8
0
0
2
2
egi-33, 10-2
Ok
egi-34, 4-6
egi-35, 4-7
Ok
190
Ok
emi-14, 6-2
2
rnf-56, 1-18, 5-14
0
None
0
2
rnf-57, 2-14, 10-8
2
rnf-58, 2-15, 10-9
2
0
10
epi-69, 10-4
rnf-59, 4-10, 7-11
10
2
rnf-60, 0-19, 6-3
egi-36, 4-8
0
0
rnf-61, 2-16, 3-10
9
epi-70, 1-12
None
er-4, 0-2, 2-2
0
rnf-62, 7-12, 9-5
2
2
Ok
3
2
Ok
epi-71, 10-5
204
0
9
egi-37, 10-3
None
Ok
0
rnf-63, 4-11, 8-9
0
egi-38, 0-3
rnf-64, 0-20, 1-19
er-5, 1-1, 4-1
true
true
pinf-124, 7-3
7
0
0
2
Ok
emi-15, 1-5
0
None
true
er-6, 5-1, 8-1
4
emi-16, 9-1
Ok
10
0
true
Ok
egi-39, 2-3
epi-72, 4-7
epi-73, 6-3
rnf-65, 8-10, 9-6
10
None
rnf-66, 2-17, 10-10
2
er-7, 1-2, 4-2
epi-74, 2-10
true
Ok
2
rnf-67, 6-4, 9-7
true
7
emi-17, 6-3
2
0
pinf-125, 7-4
None
0
Ok
3
11
egi-40, 3-6
epi-75, 7-10
epi-76, 3-5
epi-77, 0-12
rnf-68, 0-21, 3-11
Ok
None
Ordinary message: 3
204
rnf-69, 5-15, 9-8
minf-33, 8-3
epi-78, 8-2
149
pinf-126, 3-2
true
0
rnf-70, 1-20, 10-11
Ok
pinf-127, 2-5
rnf-71, 1-21, 7-13
Ordinary message: 3
rnf-72, 5-16, 7-14
true
rnf-73, 3-12, 5-17
rnf-74, 2-18, 10-12
Ok
true
3
7
0
Ok
46
0
true
true
10
er-8, 4-3, 10-1
3
egi-41, 2-4
0
149
egi-42, 1-3
emi-18, 10-2
6
9
epi-79, 7-11
2
er-9, 4-4, 9-2
Ok
epi-80, 1-13
3
0
minf-34, 3-4
7
egi-43, 2-5
egi-44, 4-9
egi-45, 10-4
epi-81, 9-9
None
egi-46, 6-4
epi-82, 5-5
11
Ok
er-10, 2-3, 9-3
12
0
Ok
Ok
0
0
12
None
Ok
er-11, 4-5, 10-2
epi-83, 7-12
0
rnf-75, 3-13, 7-15
egi-47, 7-5
3
true
0
minf-35, 8-4
Ok
epi-84, 1-14
2
egi-48, 7-6
None
pinf-128, 2-6
rnf-76, 5-18, 9-9
0
Ok
3
egi-49, 0-4
pinf-129, 9-6
epi-85, 1-15
epi-86, 2-11
0
Ok
egi-50, 7-7
Ok
4
3
149
14
3
Ok
emi-19, 2-3
0
14
22
er-12, 7-2, 10-3
Ok
Ok
egi-51, 8-3
Ok
2
3
0
0
90
Ok
rnf-77, 6-5, 9-10
