0
Group does not exist
Ok
minf-1, 2-1
ginf-1, 4-1
pinf-1, 7-1
ginf-2, 6-1
minf-2, 6-1
pinf-2, 5-1
The person with this number does not exist
1
0
pinf-3, 4-1
0
ginf-3, 6-2
0
ginf-4, 0-1
pinf-4, 6-1
Ok
pinf-5, 4-2
Ok
pinf-6, 0-1
pinf-7, 6-2
pinf-8, 5-2
pinf-9, 5-3
pinf-10, 0-2
Group does not exist
0
pinf-11, 3-1
pinf-12, 1-1
0
pinf-13, 3-2
pinf-14, 1-2
ginf-5, 1-1
ginf-6, 0-2
pinf-15, 4-3
pinf-16, 5-4
Ok
pinf-17, 3-3
Ok
pinf-18, 6-3
pinf-19, 1-3
minf-3, 1-1
ginf-7, 3-1
0
The person with this number does not exist
0
pinf-20, 5-5
2
pinf-21, 1-4
pinf-22, 5-6
pinf-23, 1-5
pinf-24, 5-7
Ok
ginf-8, 2-1
ginf-9, 1-2
2
0
Ok
ginf-10, 3-2
Ok
pinf-25, 6-4
Ok
pinf-26, 6-5
pinf-27, 5-8
false
pinf-28, 3-4
minf-4, 2-2
anf-1, 7-1
pinf-29, 1-6
0
The person with this number does not exist
None
Ok
ginf-11, 2-2
0
ginf-12, 1-3
0
pinf-30, 5-9
The person with this number does not exist
pinf-31, 1-7
egi-1, 5-1
0
0
ginf-13, 3-3
pinf-32, 6-6
pinf-33, 0-3
0
Ok
3
ginf-14, 0-3
The person with this number does not exist
pinf-34, 6-7
minf-5, 4-1
pinf-35, 6-8
Ok
0
ginf-15, 3-4
0
The person with this number does not exist
pinf-36, 3-5
0
anf-2, 4-1
rnf-1, 2-1, 4-1
Ok
rnf-2, 3-1, 7-1
pinf-37, 1-8
Group does not exist
0
0
0
true
0
rnf-3, 5-1, 7-2
pinf-38, 1-9
pinf-39, 0-4
5
0
Ok
ginf-16, 3-5
0
1
pinf-40, 1-10
pinf-41, 0-5
The person with this number does not exist
0
pinf-42, 6-9
rnf-4, 3-2, 5-2
Ok
0
Ok
anf-3, 5-1
0
epi-1, 3-1
minf-6, 4-2
pinf-43, 6-10
Ok
Group does not exist
epi-2, 2-1
7
Group does not exist
2
0
None
The person with this number does not exist
er-1, 3-1, 3-1
pinf-44, 0-6
pinf-45, 6-11
4
0
epi-3, 2-2
0
pinf-46, 1-11
egi-2, 4-1
0
4
0
Group does not exist
0
pinf-47, 0-7
pinf-48, 6-12
Ok
0
4
pinf-49, 0-8
0
The person with this number does not exist
Ok
0
pinf-50, 0-9
epi-4, 7-1
rnf-5, 2-2, 4-2
minf-7, 0-1
Ok
None
0
Ok
0
2
pinf-51, 6-13
0
pinf-52, 0-10
minf-8, 5-1
3
rnf-6, 2-3, 4-3
2
0
Ok
pinf-53, 1-12
0
Ok
2
pinf-54, 0-11
rnf-7, 2-4, 4-4
Ok
1
true
rnf-8, 2-5, 4-5
egi-3, 0-1
pinf-55, 1-13
0
0
epi-5, 7-2
2
Ok
pinf-56, 0-12
2
pinf-57, 0-13
epi-6, 3-2
3
rnf-9, 2-6, 6-1
egi-4, 4-2
rnf-10, 2-7, 4-6
None
minf-9, 6-2
Ok
2
egi-5, 2-1
rnf-11, 5-3, 7-3
0
pinf-58, 1-14
minf-10, 2-3
None
pinf-59, 1-15
2
5
3
pinf-60, 1-16
0
pinf-61, 0-14
Ok
rnf-12, 0-1, 5-4
0
rnf-13, 0-2, 4-7
Ok
None
Ok
0
pinf-62, 1-17
Ok
pinf-63, 1-18
minf-11, 6-3
4
epi-7, 3-3
rnf-14, 3-3, 7-4
epi-8, 2-3
None
rnf-15, 2-8, 4-8
4
0
Ok
None
2
Ok
2
2
ginf-17, 3-6
false
egi-6, 0-2
0
pinf-64, 1-19
epi-9, 5-1
pinf-65, 3-6
212
2
rnf-16, 2-9, 6-2
0
0
None
None
epi-10, 7-3
0
2
pinf-66, 5-10
rnf-17, 3-4, 5-5
ginf-18, 3-7
Ok
3
3
3
3
Ok
None
Ok
rnf-18, 2-10, 4-9
anf-4, 0-1
true
egi-7, 5-2
emi-1, 4-1
0
pinf-67, 1-20
0
Ok
0
emi-2, 3-1
pinf-68, 1-21
pinf-69, 1-22
anf-5, 0-2
epi-11, 0-1
6
ginf-19, 3-8
0
rnf-19, 0-3, 7-5
Ok
None
pinf-70, 3-7
pinf-71, 1-23
0
egi-8, 7-1
pinf-72, 1-24
0
0
pinf-73, 1-25
epi-12, 3-4
Ok
0
The person with this number does not exist
rnf-20, 0-4, 2-11
None
Ok
0
epi-13, 5-2
None
2
Ok
pinf-74, 3-8
212
Ok
1
1
None
true
true
pinf-75, 3-9
true
None
212
2
None
epi-14, 3-5
true
rnf-21, 4-10, 7-6
100
rnf-22, 1-1, 3-5
true
None
egi-9, 4-3
ginf-20, 3-9
None
epi-15, 3-6
egi-10, 7-2
rnf-23, 0-5, 7-7
Ok
epi-16, 6-1
Ok
1
emi-3, 3-2
epi-17, 4-1
epi-18, 4-2
epi-19, 0-2
epi-20, 4-3
2
rnf-24, 1-2, 7-8
0
2
2
2
rnf-25, 1-3, 2-12
epi-21, 3-7
0
Ok
1
rnf-26, 3-6, 7-9
2
ginf-21, 3-10
2
4
Ok
2
0
None
egi-11, 0-3
epi-22, 0-3
true
0
2
0
rnf-27, 0-6, 7-10
0
pinf-76, 5-11
2
1
emi-4, 0-1
4
minf-12, 2-4
0
2
2
Ok
rnf-28, 4-11, 7-11
minf-13, 2-5
24
0
egi-12, 2-2
minf-14, 2-6
rnf-29, 1-4, 5-6
0
true
0
Group does not exist
emi-5, 0-2
Ok
0
74
epi-23, 4-4
2
epi-24, 5-3
2
35
35
4
2
epi-25, 2-4
rnf-30, 0-7, 5-7
emi-6, 7-1
0
epi-26, 3-8
true
er-2, 0-1, 6-1
0
None
4
0
true
Ok
epi-27, 5-4
Ok
Ok
Ok
0
ginf-22, 3-11
3
pinf-77, 3-10
1
5
egi-13, 4-4
true
emi-7, 1-1
0
egi-14, 0-4
emi-8, 0-3
emi-9, 7-2
true
0
Ok
epi-28, 0-4
Group does not exist
egi-15, 4-5
Ok
epi-29, 2-5
ginf-23, 3-12
Ok
0
ginf-24, 3-13
1
er-3, 7-1, 7-1
3
epi-30, 2-6
Ok
Ordinary message: 0; Ordinary message: 4
true
Ok
16
0
Ok
None
3
egi-16, 7-3
6
emi-10, 3-3
507
3
epi-31, 2-7
3
3
pinf-78, 5-12
0
6
3
3
true
1
1
egi-17, 6-1
epi-32, 0-5
3
3
epi-33, 3-9
35
0
epi-34, 1-1
5
emi-11, 2-1
rnf-31, 1-5, 2-13
82
74
3
epi-35, 3-10
minf-15, 6-4
3
None
None
epi-36, 4-5
egi-18, 6-2
0
rnf-32, 0-8, 7-12
rnf-33, 0-9, 3-7
0
egi-19, 4-6
1
1
82
ginf-25, 3-14
epi-37, 5-5
1
epi-38, 5-6
rnf-34, 0-10, 2-14
0
Ok
None
3
3
rnf-35, 5-8, 7-13
epi-39, 4-6
Ok
0
3
-189
3
epi-40, 4-7
pinf-79, 3-11
true
emi-12, 1-2
68
rnf-36, 6-3, 7-14
0
epi-41, 2-8
6
Ok
Ok
None
rnf-37, 0-11, 7-15
Ok
535
rnf-38, 0-12, 7-16
minf-16, 4-3
minf-17, 5-2
true
4
egi-20, 6-3
Ok
5
-175
0
egi-21, 7-4
3
5
epi-42, 4-8
Ok
0
true
3
egi-22, 2-3
6
er-4, 0-2, 4-1
None
0
5
-175
1
82
None
0
1
3
true
rnf-39, 2-15, 6-4
Ok
Ok
None
Ok
er-5, 1-1, 1-1
rnf-40, 0-13, 7-17
epi-43, 6-2
0
Ok
0
epi-44, 3-11
5
-871
Ok
egi-23, 2-4
1
epi-45, 5-7
minf-18, 2-7
emi-13, 4-2
Ok
epi-46, 0-6
Ok
0
1
6
epi-47, 6-3
emi-14, 4-3
epi-48, 0-7
3
er-6, 4-2, 6-2
emi-15, 3-4
minf-19, 0-2
Ok
epi-49, 0-8
None
Ok
None
5
3
0
5
-871
5
0
535
rnf-41, 1-6, 3-8
3
3
3
1
Ok
pinf-80, 0-15
true
218
0
4
er-7, 2-1, 7-2
egi-24, 3-1
epi-50, 4-9
rnf-42, 0-14, 7-18
5
egi-25, 1-1
pinf-81, 5-13
true
rnf-43, 0-15, 3-9
0
Ok
1
minf-20, 5-3
emi-16, 6-1
Ok
1
Ok
Ok
24
er-8, 5-1, 6-3
Ordinary message: 0; Ordinary message: 4
Ok
None
epi-51, 7-4
1
0
Ok
rnf-44, 0-16, 7-19
0
Ok
Ok
0
egi-26, 1-2
1
Ok
Ok
epi-52, 1-2
2
4
1
-119
rnf-45, 0-17, 7-20
Ordinary message: 0; Ordinary message: 4
None
Ordinary message: 5
1
Ok
epi-53, 6-4
er-9, 2-2, 5-2
Ok
0
epi-54, 7-5
rnf-46, 0-18, 7-21
minf-21, 5-4
6
egi-27, 2-5
Ok
None
rnf-47, 3-10, 5-9
egi-28, 2-6
true
Ordinary message: 5
Ok
epi-55, 7-6
Ok
122
emi-17, 2-2
true
epi-56, 3-12
None
er-10, 2-3, 3-2
er-11, 0-3, 6-4
rnf-48, 3-11, 6-5
pinf-82, 0-16
138
emi-18, 4-4
Ok
epi-57, 4-10
2
Ok
8
2
0
rnf-49, 4-12, 7-22
2
epi-58, 4-11
None
-37
epi-59, 2-9
egi-29, 7-5
Ordinary message: 5
er-12, 5-3, 6-5
epi-60, 4-12
2
epi-61, 7-7
0
epi-62, 6-5
Ordinary message: 0; Ordinary message: 4
er-13, 0-4, 4-3
2
rnf-50, 1-7, 2-16
true
0
1
emi-19, 3-5
emi-20, 7-3
epi-63, 2-10
pinf-83, 0-17
4
-733
Ok
egi-30, 3-2
Ok
true
rnf-51, 3-12, 5-10
0
egi-31, 7-6
2
244
Ok
er-14, 2-4, 5-4
122
1
Ordinary message: 5
None
pinf-84, 0-18
2
Ok
Ok
egi-32, 4-7
true
3
pinf-85, 0-19
3
pinf-86, 5-14
8
Ok
70
240
emi-21, 1-3
3
Ok
true
3
true
2
er-15, 3-3, 3-3
emi-22, 3-6
6
rnf-52, 5-11, 7-23
2
Ok
240
470
epi-64, 4-13
None
epi-65, 4-14
354
minf-22, 5-5
egi-33, 1-3
epi-66, 3-13
2
2
142
2
0
4
rnf-53, 1-8, 5-12
Ok
0
egi-34, 1-4
None
None
8
Ok
8
0
2
rnf-54, 5-13, 6-6
rnf-55, 3-13, 5-14
-189
Ok
Ok
true
Ok
3
Ok
Ok
3
-119
240
6
er-16, 0-5, 0-5
2
None
Ok
2
emi-23, 6-2
3
70
12
rnf-56, 1-9, 3-14
None
3
epi-67, 6-6
Ok
Ordinary message: 2
1105
epi-68, 6-7
1394
0
epi-69, 5-8
Ok
true
er-17, 1-2, 4-4
emi-24, 7-4
0
true
Ok
egi-35, 7-7
0
3
0
3
None
4
emi-25, 6-3
3
None
emi-26, 3-7
rnf-57, 3-15, 6-7
None
Ok
epi-70, 4-15
Ok
0
emi-27, 1-4
rnf-58, 5-15, 6-8
3
2
er-18, 1-3, 7-3
None
206
1105
1105
3
emi-28, 0-4
Ok
Ok
epi-71, 3-14
egi-36, 7-8
minf-23, 2-8
true
epi-72, 6-8
rnf-59, 4-13, 7-24
epi-73, 6-9
-119
true
epi-74, 3-15
None
21
epi-75, 6-10
epi-76, 4-16
1105
0
6
egi-37, 3-3
emi-29, 6-4
None
egi-38, 4-8
Ordinary message: 0; Ordinary message: 4
2
21
emi-30, 4-5
-733
240
598
emi-31, 0-5
er-19, 2-5, 5-5
Ok
2
Ok
2
3
21
0
60
true
er-20, 3-4, 4-5
Ok
21
0
2
emi-32, 6-5
3
Ok
0
4
emi-33, 3-8
0
epi-77, 0-9
epi-78, 1-3
Ok
pinf-87, 3-12
6
epi-79, 4-17
598
154
25
None
3
Ordinary message: 0; Ordinary message: 4
Ok
Ok
1462
emi-34, 1-5
3
25
25
epi-80, 3-16
0
Ordinary message: 2
true
er-21, 0-6, 7-4
25
er-22, 1-4, 2-6
er-23, 0-7, 1-5
true
epi-81, 1-4
true
emi-35, 1-6
rnf-60, 0-19, 3-16
Ok
epi-82, 2-11
egi-39, 6-4
egi-40, 2-7
true
0
emi-36, 4-6
2
138
egi-41, 5-3
egi-42, 4-9
epi-83, 6-11
598
epi-84, 7-8
epi-85, 7-9
pinf-88, 0-20
0
epi-86, 6-12
25
Ok
egi-43, 4-10
rnf-61, 5-16, 7-25
Ok
None
Ok
