pinf-1, 4-1
pinf-2, 0-1
pinf-3, 0-2
pinf-4, 0-3
ginf-1, 5-1
pinf-5, 4-2
ginf-2, 5-2
pinf-6, 1-1
ginf-3, 0-1
pinf-7, 4-3
pinf-8, 0-4
Ok
0
ginf-4, 2-1
pinf-9, 1-2
pinf-10, 5-1
ginf-5, 1-1
ginf-6, 4-1
pinf-11, 0-5
minf-1, 1-1
pinf-12, 3-1
pinf-13, 2-1
Group does not exist
pinf-14, 2-2
pinf-15, 5-2
pinf-16, 2-3
1
pinf-17, 2-4
None
ginf-7, 5-3
ginf-8, 2-2
pinf-18, 5-3
1
0
pinf-19, 3-2
0
ginf-9, 0-2
ginf-10, 5-4
epi-1, 4-1
pinf-20, 1-3
pinf-21, 1-4
1
minf-2, 1-2
minf-3, 3-1
pinf-22, 0-6
ginf-11, 1-2
0
pinf-23, 0-7
pinf-24, 3-3
0
pinf-25, 0-8
pinf-26, 0-9
pinf-27, 1-5
ginf-12, 5-5
pinf-28, 3-4
0
minf-4, 0-1
Ok
0
ginf-13, 0-3
Group does not exist
pinf-29, 3-5
pinf-30, 2-5
pinf-31, 2-6
false
minf-5, 3-2
pinf-32, 3-6
anf-1, 4-1
epi-2, 5-1
ginf-14, 4-2
pinf-33, 3-7
epi-3, 5-2
minf-6, 3-3
ginf-15, 2-3
ginf-16, 3-1
0
ginf-17, 0-4
Ok
ginf-18, 4-3
pinf-34, 0-10
ginf-19, 1-3
ginf-20, 3-2
pinf-35, 3-8
The person with this number does not exist
pinf-36, 2-7
0
false
2
Ok
pinf-37, 1-6
rnf-1, 4-1, 5-1
pinf-38, 0-11
epi-4, 4-2
Ok
minf-7, 4-1
pinf-39, 3-9
minf-8, 5-1
Group does not exist
epi-5, 5-3
ginf-21, 1-4
pinf-40, 2-8
2
pinf-41, 3-10
pinf-42, 3-11
pinf-43, 2-9
pinf-44, 2-10
pinf-45, 0-12
0
ginf-22, 1-5
pinf-46, 1-7
pinf-47, 0-13
pinf-48, 2-11
Ok
0
egi-1, 1-1
Ok
The person with this number does not exist
2
epi-6, 4-3
minf-9, 5-2
pinf-49, 1-8
pinf-50, 3-12
egi-2, 5-1
anf-2, 5-1
ginf-23, 3-3
pinf-51, 1-9
ginf-24, 4-4
Ok
egi-3, 5-2
pinf-52, 1-10
None
pinf-53, 2-12
pinf-54, 1-11
0
false
0
0
epi-7, 5-4
ginf-25, 3-4
ginf-26, 2-4
epi-8, 0-1
pinf-55, 2-13
minf-10, 3-4
minf-11, 3-5
pinf-56, 3-13
pinf-57, 2-14
0
0
pinf-58, 2-15
0
3
3
ginf-27, 3-5
pinf-59, 2-16
minf-12, 3-6
minf-13, 5-3
0
0
The person with this number does not exist
pinf-60, 3-14
epi-9, 5-5
Group does not exist
pinf-61, 3-15
pinf-62, 4-4
pinf-63, 2-17
pinf-64, 2-18
Ok
Ok
epi-10, 0-2
Ok
pinf-65, 4-5
Ok
pinf-66, 1-12
Ok
anf-3, 0-1
egi-4, 1-2
epi-11, 5-6
rnf-2, 3-1, 4-2
ginf-28, 3-6
minf-14, 4-2
pinf-67, 1-13
pinf-68, 2-19
None
Ok
false
pinf-69, 1-14
pinf-70, 1-15
minf-15, 0-2
None
anf-4, 3-1
0
pinf-71, 1-16
0
pinf-72, 1-17
Ok
false
None
ginf-29, 3-7
0
anf-5, 3-2
0
0
minf-16, 4-3
0
rnf-3, 0-1, 4-3
0
pinf-73, 1-18
ginf-30, 3-8
0
0
Ok
0
false
false
pinf-74, 1-19
0
minf-17, 3-7
0
5
0
0
epi-12, 3-1
pinf-75, 1-20
ginf-31, 3-9
epi-13, 5-7
0
0
Ok
0
rnf-4, 3-2, 5-2
pinf-76, 1-21
Ok
egi-5, 4-1
5
rnf-5, 2-1, 5-3
The person with this number does not exist
emi-1, 0-1
5
Ok
0
None
epi-14, 5-8
0
1
epi-15, 2-1
epi-16, 2-2
rnf-6, 4-4, 5-4
rnf-7, 0-2, 4-5
true
pinf-77, 1-22
true
egi-6, 4-2
0
anf-6, 5-2
3
pinf-78, 1-23
0
pinf-79, 5-4
rnf-8, 2-2, 4-6
rnf-9, 0-3, 5-5
1
pinf-80, 4-6
0
1
pinf-81, 1-24
true
epi-17, 4-4
rnf-10, 3-3, 5-6
0
0
Ok
minf-18, 4-4
4
None
0
anf-7, 0-2
false
0
epi-18, 5-9
false
0
0
None
rnf-11, 4-7, 5-7
Ok
rnf-12, 3-4, 5-8
0
1
0
pinf-82, 1-25
0
epi-19, 0-3
egi-7, 2-1
false
emi-2, 2-1
0
Ok
rnf-13, 3-5, 5-9
ginf-32, 3-10
rnf-14, 2-3, 4-8
0
pinf-83, 1-26
The person with this number does not exist
None
0
rnf-15, 0-4, 2-4
anf-8, 5-3
0
0
rnf-16, 0-5, 2-5
0
rnf-17, 0-6, 5-10
anf-9, 0-3
egi-8, 4-3
pinf-84, 1-27
3
Ok
egi-9, 5-3
epi-20, 0-4
0
epi-21, 0-5
Ok
epi-22, 0-6
3
egi-10, 1-3
0
false
er-1, 2-1, 3-1
minf-19, 5-4
0
0
None
Ok
anf-10, 5-4
rnf-18, 1-1, 5-11
2
egi-11, 5-4
Ok
0
ginf-33, 3-11
0
0
ginf-34, 3-12
true
0
rnf-19, 1-2, 2-6
epi-23, 5-10
egi-12, 4-4
3
1
0
0
0
None
0
2
egi-13, 2-2
0
Ok
rnf-20, 0-7, 2-7
true
0
Ok
4
0
true
0
egi-14, 2-3
Ok
2
None
None
Ok
Ok
epi-24, 5-11
0
epi-25, 4-5
None
egi-15, 0-1
2
0
ginf-35, 3-13
Ok
Ok
epi-26, 3-2
Ok
1
None
ginf-36, 3-14
Ok
pinf-85, 5-5
1
Ordinary message: 1
0
562
562
2
Ok
3
1
2
ginf-37, 3-15
rnf-21, 1-3, 5-12
-909
2
0
emi-3, 3-1
1
0
ginf-38, 3-16
rnf-22, 0-8, 3-6
egi-16, 5-5
minf-20, 5-5
None
562
None
0
2
2
0
1
egi-17, 4-5
egi-18, 1-4
pinf-86, 5-6
epi-27, 5-12
pinf-87, 5-7
minf-21, 4-5
2
1
epi-28, 0-7
1
Ok
Ok
rnf-23, 4-9, 5-13
emi-4, 2-2
0
rnf-24, 4-10, 5-14
er-2, 5-1, 5-1
2
epi-29, 3-3
Ok
0
0
2
rnf-25, 4-11, 5-15
0
minf-22, 4-6
true
rnf-26, 4-12, 5-16
rnf-27, 0-9, 2-8
0
45
egi-19, 0-2
None
Ok
minf-23, 1-3
epi-30, 0-8
epi-31, 3-4
epi-32, 0-9
er-3, 2-2, 3-2
3
0
2
epi-33, 3-5
2
0
2
None
3
emi-5, 3-2
Ok
3
3
true
0
rnf-28, 0-10, 3-7
52
3
0
rnf-29, 3-8, 5-17
3
rnf-30, 3-9, 5-18
0
pinf-88, 5-8
3
egi-20, 5-6
27
Ok
45
0
true
emi-6, 2-3
0
0
Ok
3
None
3
emi-7, 2-4
minf-24, 5-6
3
pinf-89, 5-9
rnf-31, 2-9, 5-19
Ordinary message: 1
true
52
Ok
emi-8, 2-5
2
Ok
90
Ordinary message: 1
2
epi-34, 0-10
0
epi-35, 2-3
true
None
0
-909
2
egi-21, 5-7
0
14
epi-36, 0-11
epi-37, 2-4
0
None
pinf-90, 5-10
27
None
2
Ok
epi-38, 0-12
52
0
0
0
epi-39, 2-5
epi-40, 2-6
45
2
0
emi-9, 4-1
true
Ok
0
er-4, 3-3, 3-3
epi-41, 2-7
egi-22, 3-1
emi-10, 2-6
Ok
None
52
Ok
epi-42, 4-6
true
74
3
emi-11, 4-2
2
er-5, 1-1, 1-1
3
3
2
2
pinf-91, 5-11
74
emi-12, 3-3
3
0
4
Ok
Ok
Ok
2
1
emi-13, 0-2
Ok
epi-43, 1-1
egi-23, 5-8
Ok
3
true
epi-44, 5-13
5
rnf-32, 1-4, 4-13
0
true
emi-14, 4-3
pinf-92, 2-20
None
562
pinf-93, 2-21
true
pinf-94, 2-22
3
0
3
Ok
epi-45, 1-2
epi-46, 1-3
Ok
Ok
1
true
Ok
10
0
1
11
Ok
egi-24, 5-9
epi-47, 0-13
er-6, 3-4, 4-1
true
epi-48, 2-8
1
Ok
egi-25, 4-6
2
3
27
epi-49, 0-14
egi-26, 3-2
epi-50, 0-15
true
27
Ok
egi-27, 3-3
0
82
None
13
er-7, 2-3, 5-2
Ordinary message: 1
er-8, 2-4, 4-2
egi-28, 5-10
true
epi-51, 2-9
emi-15, 0-3
egi-29, 5-11
true
er-9, 0-1, 0-1
epi-52, 4-7
2
0
3
true
0
Ok
13
1
epi-53, 4-8
3
None
0
rnf-33, 4-14, 5-20
er-10, 0-2, 2-5
epi-54, 4-9
24
1
1
epi-55, 5-14
48
2
None
1
egi-30, 3-4
82
3
None
None
epi-56, 4-10
0
Ok
epi-57, 4-11
1181
minf-25, 1-4
epi-58, 5-15
minf-26, 3-8
emi-16, 5-1
egi-31, 5-12
13
er-11, 2-6, 2-6
None
minf-27, 3-9
172
epi-59, 3-6
0
epi-60, 1-4
1
minf-28, 1-5
epi-61, 5-16
er-12, 0-3, 5-3
egi-32, 0-3
epi-62, 3-7
None
epi-63, 2-10
1
true
1181
er-13, 0-4, 5-4
86
epi-64, 5-17
13
Ok
55
0
24
0
er-14, 1-2, 5-5
400
1
3
epi-65, 3-8
0
epi-66, 4-12
0
None
None
0
true
Ok
1
1
-290
2
0
400
egi-33, 1-5
3
Ok
0
epi-67, 2-11
egi-34, 2-4
2
epi-68, 3-9
106
er-15, 0-5, 4-3
epi-69, 4-13
true
epi-70, 2-12
0
2
2
er-16, 0-6, 2-7
epi-71, 2-13
rnf-34, 4-15, 5-21
0
epi-72, 2-14
Ok
minf-29, 1-6
epi-73, 0-16
Ok
egi-35, 4-7
0
None
Ok
emi-17, 4-4
1
er-17, 0-7, 4-4
Ok
0
16
rnf-35, 3-10, 4-16
emi-18, 4-5
5
er-18, 2-8, 4-5
Ok
1
1
Ok
Ok
Ok
2
egi-36, 4-8
5
Ok
None
22
5
Ok
Ok
egi-37, 0-4
1
0
400
Ok
5
Ok
Ok
Ok
rnf-36, 1-5, 3-11
0
emi-19, 3-4
0
-469
er-19, 2-9, 4-6
epi-74, 1-5
0
Ok
17
0
rnf-37, 3-12, 4-17
0
5
16
11
1675
egi-38, 3-5
rnf-38, 1-6, 3-13
epi-75, 3-10
er-20, 3-5, 5-6
egi-39, 2-5
0
emi-20, 3-5
5
rnf-39, 4-18, 5-22
egi-40, 0-5
16
0
44
0
5
0
644
emi-21, 5-2
22
0
epi-76, 3-11
Ok
epi-77, 5-18
16
emi-22, 4-6
egi-41, 2-6
1
epi-78, 2-15
egi-42, 1-6
5
er-21, 0-8, 4-7
0
16
16
494
410
1
644
pinf-95, 5-12
er-22, 0-9, 3-6
1
emi-23, 3-6
16
Ok
1
0
Ok
5
5
emi-24, 4-7
epi-79, 0-17
16
Ok
pinf-96, 2-23
None
125
Ok
pinf-97, 5-13
644
476
19
5
epi-80, 2-16
emi-25, 2-7
562
epi-81, 5-19
19
Ok
476
56
1
76
119
pinf-98, 2-24
562
3
19
Ok
4
19
Ok
19
4
Ok
Ok
380
Ok
Ok
4
Ok
epi-82, 2-17
5
1652
1
None
4
5
Ok
emi-26, 4-8
19
epi-83, 1-6
17
true
pinf-99, 5-14
er-23, 1-3, 4-8
epi-84, 4-14
epi-85, 5-20
Ordinary message: 3
minf-30, 0-3
None
er-24, 0-10, 0-10
epi-86, 4-15
er-25, 3-7, 5-7
er-26, 0-11, 5-8
4
None
None
epi-87, 4-16
pinf-100, 2-25
19
er-27, 0-12, 4-9
1
17
-469
egi-43, 3-6
true
egi-44, 1-7
egi-45, 2-7
Ordinary message: 3
Ok
19
5
er-28, 0-13, 2-10
0
Ok
minf-31, 5-7
4
4
17
540
5
false
-314
5
true
Ok
None
egi-46, 4-9
pinf-101, 5-15
emi-27, 2-8
epi-88, 0-18
epi-89, 2-18
0
egi-47, 0-6
Ok
epi-90, 4-17
er-29, 1-4, 4-10
emi-28, 1-1
0
emi-29, 4-9
epi-91, 1-7
true
egi-48, 2-8
epi-92, 2-19
None
None
2
epi-93, 5-21
egi-49, 5-13
egi-50, 2-9
86
epi-94, 3-12
0
egi-51, 5-14
540
2
22
true
Ok
-469
minf-32, 0-4
epi-95, 4-18
Ok
Ok
epi-96, 5-22
366
1
epi-97, 4-19
epi-98, 3-13
1176
