pinf-1, 7-1
ginf-1, 4-1
minf-1, 2-1
pinf-2, 5-1
pinf-3, 4-1
pinf-4, 6-1
Ok
pinf-5, 8-1
ginf-2, 1-1
0
pinf-6, 0-1
0
pinf-7, 1-1
ginf-3, 3-1
0
Ok
Ok
pinf-8, 7-2
ginf-4, 4-2
The person with this number does not exist
pinf-9, 8-2
0
pinf-10, 3-1
pinf-11, 1-2
ginf-5, 0-1
pinf-12, 6-2
ginf-6, 4-3
0
pinf-13, 6-3
3
ginf-7, 4-4
ginf-8, 8-1
3
Ok
pinf-14, 7-3
0
epi-1, 0-1
0
pinf-15, 1-3
Ok
pinf-16, 7-4
0
ginf-9, 1-2
0
ginf-10, 7-1
minf-2, 2-2
pinf-17, 6-4
pinf-18, 6-5
pinf-19, 3-2
pinf-20, 5-2
ginf-11, 8-2
0
ginf-12, 0-2
0
ginf-13, 7-2
0
ginf-14, 3-2
ginf-15, 2-1
anf-1, 0-1
pinf-21, 7-5
pinf-22, 6-6
epi-2, 8-1
ginf-16, 2-2
0
minf-3, 7-1
ginf-17, 7-3
0
Ok
epi-3, 8-2
anf-2, 0-2
Ok
None
ginf-18, 4-5
emi-1, 2-1
Ok
Ok
3
pinf-23, 6-7
pinf-24, 3-3
pinf-25, 3-4
0
0
1
ginf-19, 2-3
1
Group does not exist
0
ginf-20, 7-4
pinf-26, 7-6
ginf-21, 0-3
pinf-27, 5-3
0
ginf-22, 0-4
Ok
ginf-23, 4-6
pinf-28, 5-4
pinf-29, 3-5
minf-4, 1-1
epi-4, 0-2
None
ginf-24, 4-7
ginf-25, 0-5
0
pinf-30, 5-5
0
pinf-31, 5-6
0
Ok
ginf-26, 6-1
None
epi-5, 6-1
None
pinf-32, 5-7
0
pinf-33, 1-4
0
Group does not exist
1
0
0
pinf-34, 7-7
0
pinf-35, 5-8
Ok
pinf-36, 3-6
false
pinf-37, 1-5
ginf-27, 1-3
ginf-28, 0-6
er-1, 5-1, 5-1
ginf-29, 1-4
ginf-30, 1-5
5
ginf-31, 0-7
pinf-38, 7-8
minf-5, 3-1
Ok
anf-3, 6-1
None
pinf-39, 7-9
pinf-40, 1-6
rnf-1, 2-1, 5-1
1
pinf-41, 3-7
pinf-42, 3-8
anf-4, 2-1
epi-6, 8-3
pinf-43, 1-7
The person with this number does not exist
None
0
pinf-44, 3-9
None
Ok
pinf-45, 7-10
pinf-46, 7-11
Ok
minf-6, 6-1
epi-7, 0-3
egi-1, 8-1
5
None
epi-8, 6-2
pinf-47, 3-10
0
minf-7, 4-1
None
pinf-48, 1-8
None
0
5
1
rnf-2, 2-2, 8-1
0
pinf-49, 1-9
ginf-32, 2-4
1
rnf-3, 0-1, 2-3
None
None
1
pinf-50, 7-12
0
1
pinf-51, 3-11
pinf-52, 1-10
Ok
0
er-2, 5-2, 5-2
Ok
None
0
1
Ok
Ok
pinf-53, 7-13
emi-2, 0-1
pinf-54, 3-12
0
3
pinf-55, 1-11
Ok
pinf-56, 1-12
0
3
0
0
Ok
3
pinf-57, 1-13
egi-2, 6-1
0
pinf-58, 1-14
pinf-59, 7-14
The person with this number does not exist
pinf-60, 3-13
epi-9, 8-4
3
1
pinf-61, 7-15
0
0
1
pinf-62, 1-15
egi-3, 5-1
pinf-63, 7-16
egi-4, 0-1
0
pinf-64, 7-17
ginf-33, 2-5
egi-5, 0-2
emi-3, 0-2
3
3
epi-10, 0-4
0
3
0
1
0
ginf-34, 2-6
1
1
1
minf-8, 8-1
epi-11, 5-1
0
pinf-65, 7-18
true
0
0
3
epi-12, 8-5
None
1
pinf-66, 3-14
pinf-67, 7-19
Ok
3
0
1
Ok
Ok
rnf-4, 4-1, 6-1
0
pinf-68, 3-15
0
3
Ok
3
egi-6, 8-2
1
pinf-69, 3-16
pinf-70, 3-17
Ok
None
pinf-71, 7-20
pinf-72, 7-21
0
er-3, 0-1, 0-1
The person with this number does not exist
epi-13, 0-5
None
0
pinf-73, 7-22
pinf-74, 3-18
emi-4, 7-1
0
0
0
1
anf-5, 2-2
0
pinf-75, 7-23
0
epi-14, 2-1
3
pinf-76, 3-19
1
pinf-77, 7-24
epi-15, 5-2
1
pinf-78, 1-16
pinf-79, 3-20
1
The person with this number does not exist
rnf-5, 2-4, 8-2
0
None
1
pinf-80, 7-25
true
ginf-35, 2-7
rnf-6, 0-2, 4-2
ginf-36, 2-8
rnf-7, 2-5, 4-3
0
0
Ok
3
pinf-81, 7-26
epi-16, 6-3
0
Ok
0
1
rnf-8, 0-3, 5-2
epi-17, 8-6
0
Ok
0
false
Ok
The person with this number does not exist
epi-18, 6-4
rnf-9, 4-4, 6-2
5
0
5
65
rnf-10, 0-4, 2-6
Ok
0
Ok
Ok
0
Ok
5
egi-7, 7-1
Ok
0
0
rnf-11, 2-7, 3-1
epi-19, 2-2
Ok
204
pinf-82, 6-8
epi-20, 2-3
Ok
rnf-12, 3-2, 5-3
0
epi-21, 3-1
0
anf-6, 3-1
0
epi-22, 8-7
None
0
epi-23, 1-1
emi-5, 5-1
3
Ok
false
3
Ok
true
0
emi-6, 0-3
egi-8, 4-1
204
Ok
epi-24, 0-6
4
Ok
egi-9, 8-3
None
rnf-13, 1-1, 4-5
6
emi-7, 4-1
epi-25, 3-2
epi-26, 6-5
4
0
0
pinf-83, 6-9
None
emi-8, 6-1
2
0
0
true
Ok
None
Ok
1
egi-10, 7-2
0
8
2
0
3
4
epi-27, 6-6
er-4, 1-1, 3-1
epi-28, 4-1
0
0
er-5, 6-1, 6-1
true
3
0
egi-11, 3-1
None
emi-9, 7-2
rnf-14, 0-5, 4-6
4
4
2
false
Ok
0
epi-29, 3-3
0
2
36
emi-10, 2-2
4
minf-9, 1-2
0
0
rnf-15, 3-3, 7-1
rnf-16, 2-8, 4-7
1
0
1
rnf-17, 7-2, 8-3
epi-30, 0-7
0
None
rnf-18, 1-2, 2-9
4
rnf-19, 6-3, 7-3
None
0
epi-31, 0-8
true
Ok
epi-32, 6-7
1
None
egi-12, 3-2
Ok
epi-33, 0-9
emi-11, 6-2
4
4
Ok
rnf-20, 1-3, 5-4
4
2
Ok
4
8
0
1
true
0
0
4
epi-34, 6-8
emi-12, 4-2
0
rnf-21, 0-6, 5-5
Ok
rnf-22, 4-8, 7-4
epi-35, 6-9
Ok
true
0
None
Ok
5
epi-36, 7-1
true
Ok
0
er-6, 4-1, 6-2
4
pinf-84, 6-10
pinf-85, 6-11
epi-37, 8-8
0
None
Ok
rnf-23, 0-7, 4-9
None
Ok
Ok
er-7, 8-1, 8-1
0
egi-13, 4-2
4
1
rnf-24, 2-10, 3-4
4
5
rnf-25, 4-10, 7-5
0
0
1
0
5
4
5
8
epi-38, 5-3
None
1
4
0
0
2
er-8, 2-1, 6-3
rnf-26, 3-5, 5-6
5
0
1
5
0
Ok
4
rnf-27, 5-7, 7-6
2
epi-39, 5-4
Ok
epi-40, 8-9
rnf-28, 1-4, 8-4
None
true
epi-41, 2-4
4
Ok
epi-42, 7-2
epi-43, 4-2
pinf-86, 8-3
emi-13, 0-4
Ok
rnf-29, 4-11, 8-5
rnf-30, 5-8, 6-4
3
epi-44, 3-4
6
None
3
pinf-87, 8-4
3
egi-14, 5-2
3
rnf-31, 3-6, 5-9
epi-45, 7-3
epi-46, 6-10
rnf-32, 2-11, 8-6
0
3
egi-15, 2-1
3
None
Ok
0
6
4
1
1
3
rnf-33, 5-10, 6-5
rnf-34, 2-12, 4-12
rnf-35, 3-7, 6-6
rnf-36, 2-13, 4-13
epi-47, 6-11
0
0
138
None
rnf-37, 4-14, 8-7
rnf-38, 4-15, 7-7
6
65
egi-16, 4-3
Ok
0
0
None
Ok
epi-48, 6-12
3
0
Ok
7
Ok
rnf-39, 0-8, 4-16
1
epi-49, 2-5
0
Ok
-998
true
rnf-40, 4-17, 7-8
epi-50, 0-10
7
0
emi-14, 0-5
7
None
Ok
epi-51, 8-10
0
0
0
egi-17, 2-2
egi-18, 4-4
emi-15, 8-1
None
egi-19, 7-3
true
138
7
7
0
emi-16, 7-3
5
epi-52, 4-3
1
epi-53, 1-2
true
epi-54, 0-11
1
pinf-88, 4-2
true
1
0
true
emi-17, 3-1
epi-55, 4-4
1
0
true
8
epi-56, 2-6
rnf-41, 5-11, 6-7
None
Ok
Ok
1
er-9, 6-4, 8-2
7
1
epi-57, 3-5
epi-58, 4-5
Ok
rnf-42, 2-14, 7-9
-191
true
1
egi-20, 7-4
pinf-89, 0-2
Ordinary message: 0
true
0
7
7
epi-59, 1-3
1
emi-18, 2-3
1
rnf-43, 0-9, 5-12
1
epi-60, 7-4
1
7
1
3
0
Ok
0
807
7
epi-61, 2-7
0
rnf-44, 0-10, 4-18
1
0
er-10, 0-2, 2-2
epi-62, 5-5
true
None
1
emi-19, 8-2
36
egi-21, 3-3
er-11, 2-3, 5-3
3
-998
10
rnf-45, 4-19, 7-10
0
er-12, 6-5, 7-1
0
rnf-46, 5-13, 6-8
0
Ok
rnf-47, 1-5, 5-14
epi-63, 0-12
epi-64, 7-5
Ok
egi-22, 7-5
rnf-48, 4-20, 7-11
None
emi-20, 2-4
0
None
egi-23, 0-3
5
rnf-49, 1-6, 8-8
10
true
7
rnf-50, 2-15, 4-21
er-13, 7-2, 7-2
241
emi-21, 6-3
3
0
0
Ok
7
epi-65, 8-11
7
epi-66, 7-6
0
epi-67, 2-8
3
Ordinary message: 2
true
rnf-51, 4-22, 7-12
50
3
807
er-14, 1-2, 1-2
138
54
er-15, 5-4, 8-3
3
0
Ok
None
7
epi-68, 1-4
emi-22, 6-4
emi-23, 3-2
3
84
0
2
2
true
pinf-90, 0-3
0
epi-69, 2-9
epi-70, 1-5
Ok
0
Ok
0
emi-24, 8-3
egi-24, 2-3
egi-25, 7-6
3
None
emi-25, 0-6
epi-71, 2-10
0
0
3
Ok
0
er-16, 0-3, 7-3
2
4
0
epi-72, 6-13
807
None
pinf-91, 1-17
Ok
7
rnf-52, 2-16, 3-8
4
Ok
rnf-53, 2-17, 7-13
pinf-92, 4-3
Ok
emi-26, 1-1
0
0
2
Ok
None
807
true
Ok
Ok
8
8
8
0
epi-73, 5-6
Ok
2
0
4
Ok
Ok
epi-74, 1-6
None
8
true
94
er-17, 0-4, 2-4
8
rnf-54, 2-18, 7-14
0
true
Ok
egi-26, 5-3
true
3
None
egi-27, 1-1
egi-28, 3-4
0
8
Ok
272
0
epi-75, 0-13
Ok
rnf-55, 2-19, 4-23
emi-27, 8-4
3
er-18, 0-5, 1-3
2
2
er-19, 4-2, 6-6
8
pinf-93, 8-5
Ordinary message: 2
8
pinf-94, 7-27
0
epi-76, 4-6
epi-77, 6-14
egi-29, 2-4
Ordinary message: 2
2
epi-78, 6-15
None
Ok
egi-30, 2-5
2
3
epi-79, 2-11
epi-80, 8-12
er-20, 0-6, 6-7
egi-31, 7-7
8
Ok
9
emi-28, 4-3
emi-29, 6-5
pinf-95, 8-6
None
rnf-56, 3-9, 7-15
egi-32, 8-4
pinf-96, 8-7
true
None
epi-81, 6-16
rnf-57, 2-20, 7-16
2
pinf-97, 4-4
rnf-58, 3-10, 6-9
epi-82, 2-12
0
9
6
3
egi-33, 7-8
Ok
9
0
4
9
0
3
272
rnf-59, 4-24, 7-17
Ordinary message: 0
epi-83, 0-14
-816
None
94
epi-84, 5-7
er-21, 5-5, 5-5
None
None
2
rnf-60, 1-7, 7-18
0
0
3
egi-34, 6-2
Ok
egi-35, 5-4
0
Ok
rnf-61, 1-8, 8-9
emi-30, 2-5
epi-85, 8-13
epi-86, 5-8
pinf-98, 7-28
3
egi-36, 7-9
9
egi-37, 4-5
rnf-62, 4-25, 7-19
emi-31, 5-2
3
19
0
egi-38, 5-5
9
epi-87, 8-14
er-22, 0-7, 2-5
er-23, 4-3, 4-3
0
3
9
rnf-63, 2-21, 7-20
Ok
0
Ok
0
26
0
3
Ok
epi-88, 3-6
Ok
Ok
true
0
Ok
pinf-99, 1-18
3
true
epi-89, 7-7
0
None
0
Ok
0
9
-757
10
epi-90, 5-9
epi-91, 0-15
epi-92, 1-7
-766
epi-93, 0-16
9
rnf-64, 4-26, 7-21
807
-766
9
epi-94, 3-7
3
epi-95, 1-8
13
Ok
2
