minf-1, 5-1
pinf-1, 7-1
ginf-1, 4-1
minf-2, 1-1
pinf-2, 5-1
0
pinf-3, 6-1
ginf-2, 6-1
Ok
pinf-4, 0-1
pinf-5, 4-1
ginf-3, 2-1
Ok
pinf-6, 7-2
pinf-7, 4-2
ginf-4, 4-2
pinf-8, 6-2
ginf-5, 5-1
ginf-6, 2-2
minf-3, 3-1
2
2
pinf-9, 6-3
epi-1, 3-1
pinf-10, 1-1
ginf-7, 1-1
2
ginf-8, 3-1
minf-4, 0-1
ginf-9, 4-3
pinf-11, 0-2
ginf-10, 0-1
ginf-11, 0-2
0
ginf-12, 7-1
pinf-12, 4-3
Ok
pinf-13, 6-4
0
ginf-13, 1-2
3
pinf-14, 0-3
epi-2, 3-2
3
3
ginf-14, 0-3
0
0
Ok
0
0
0
0
0
pinf-15, 6-5
pinf-16, 7-3
pinf-17, 0-4
None
pinf-18, 1-2
0
pinf-19, 6-6
pinf-20, 2-1
pinf-21, 0-5
pinf-22, 1-3
pinf-23, 2-2
anf-1, 5-1
ginf-15, 4-4
pinf-24, 1-4
0
pinf-25, 7-4
0
0
0
ginf-16, 6-2
3
pinf-26, 2-3
pinf-27, 0-6
pinf-28, 6-7
pinf-29, 2-4
pinf-30, 7-5
Ok
pinf-31, 1-5
pinf-32, 0-7
ginf-17, 0-4
pinf-33, 0-8
pinf-34, 6-8
pinf-35, 6-9
0
The person with this number does not exist
pinf-36, 2-5
minf-5, 0-2
ginf-18, 5-2
None
anf-2, 4-1
Ok
pinf-37, 6-10
pinf-38, 0-9
pinf-39, 0-10
pinf-40, 0-11
minf-6, 7-1
ginf-19, 5-3
ginf-20, 2-3
4
4
ginf-21, 7-2
pinf-41, 1-6
ginf-22, 2-4
pinf-42, 2-6
The person with this number does not exist
minf-7, 6-1
epi-3, 3-3
minf-8, 0-3
rnf-1, 3-1, 4-1
ginf-23, 1-3
Ok
ginf-24, 4-5
Ok
pinf-43, 0-12
ginf-25, 7-3
rnf-2, 2-1, 5-1
0
Ok
Ok
false
None
Ok
pinf-44, 1-7
minf-9, 6-2
pinf-45, 1-8
minf-10, 6-3
pinf-46, 1-9
epi-4, 0-1
6
0
Ok
3
anf-3, 5-2
er-1, 3-1, 7-1
ginf-26, 2-5
None
0
ginf-27, 2-6
rnf-3, 3-2, 4-2
0
5
epi-5, 3-4
None
epi-6, 0-2
pinf-47, 6-11
0
ginf-28, 0-5
The person with this number does not exist
ginf-29, 0-6
minf-11, 0-4
ginf-30, 0-7
epi-7, 7-1
Ok
pinf-48, 6-12
5
0
Ok
ginf-31, 2-7
egi-1, 6-1
anf-4, 4-2
rnf-4, 2-2, 4-3
1
1
egi-2, 6-2
1
1
5
None
pinf-49, 6-13
Ok
ginf-32, 1-4
pinf-50, 1-10
Ok
The person with this number does not exist
3
ginf-33, 1-5
0
Ok
false
false
The person with this number does not exist
0
0
ginf-34, 2-8
0
pinf-51, 1-11
minf-12, 4-1
0
None
0
0
0
0
epi-8, 5-1
Ok
anf-5, 0-1
0
anf-6, 2-1
ginf-35, 1-6
Ok
ginf-36, 2-9
anf-7, 2-2
epi-9, 4-1
minf-13, 4-2
0
2
epi-10, 3-5
0
2
4
4
None
None
pinf-52, 1-12
Ok
Ok
pinf-53, 1-13
0
egi-3, 3-1
113
7
Ok
2
3
2
false
epi-11, 5-2
None
ginf-37, 1-7
ginf-38, 2-10
None
0
3
minf-14, 7-2
ginf-39, 2-11
epi-12, 3-6
Ok
epi-13, 7-2
0
pinf-54, 6-14
None
0
None
egi-4, 7-1
3
rnf-5, 4-4, 7-1
0
The person with this number does not exist
0
0
Ok
Ok
egi-5, 5-1
None
0
ginf-40, 2-12
rnf-6, 2-3, 5-2
The person with this number does not exist
epi-14, 0-3
Ok
ginf-41, 1-8
minf-15, 0-5
epi-15, 3-7
pinf-55, 1-14
rnf-7, 3-3, 5-3
epi-16, 2-1
anf-8, 0-2
5
epi-17, 2-2
false
2
rnf-8, 0-1, 4-5
minf-16, 0-6
epi-18, 5-3
4
rnf-9, 0-2, 7-2
ginf-42, 2-13
pinf-56, 1-15
epi-19, 6-1
4
0
0
false
Ok
rnf-10, 4-6, 6-1
epi-20, 6-2
epi-21, 6-3
epi-22, 1-1
None
2
0
Ok
pinf-57, 3-1
epi-23, 0-4
epi-24, 0-5
Ok
2
false
false
2
Ok
None
None
Ok
ginf-43, 1-9
false
0
0
4
Ok
epi-25, 4-2
0
ginf-44, 2-14
4
4
Ok
Ok
minf-17, 7-3
None
Ok
egi-6, 7-2
Ok
0
84
rnf-11, 2-4, 6-2
None
epi-26, 7-3
0
0
egi-7, 7-3
egi-8, 6-3
5
None
true
ginf-45, 1-10
0
rnf-12, 1-1, 5-4
er-2, 0-1, 0-1
rnf-13, 0-3, 7-3
0
5
ginf-46, 1-11
ginf-47, 2-15
4
egi-9, 6-4
true
0
true
minf-18, 4-3
1
3
0
false
true
rnf-14, 0-4, 1-2
anf-9, 0-3
egi-10, 0-1
pinf-58, 3-2
3
Ok
3
0
epi-27, 1-2
Ok
minf-19, 1-2
false
rnf-15, 0-5, 7-4
Ok
Ok
0
epi-28, 3-8
5
Ok
egi-11, 7-4
ginf-48, 1-12
0
3
egi-12, 7-5
rnf-16, 2-5, 6-3
true
Ok
true
rnf-17, 0-6, 2-6
epi-29, 0-6
84
0
0
Ok
4
2
Ok
minf-20, 2-1
rnf-18, 3-4, 6-4
er-3, 7-2, 7-2
Ok
0
Ok
true
0
0
epi-30, 3-9
true
Ok
rnf-19, 0-7, 3-5
Ok
epi-31, 1-3
Ok
1
epi-32, 3-10
true
true
4
0
1
epi-33, 3-11
true
1
0
epi-34, 0-7
epi-35, 4-3
Ok
true
1
epi-36, 2-3
0
2
None
0
Ok
0
13
egi-13, 5-2
0
None
0
epi-37, 0-8
1
1
2
true
rnf-20, 3-6, 4-7
epi-38, 7-4
true
5
1
rnf-21, 4-8, 6-5
Ok
rnf-22, 0-8, 3-7
er-4, 0-2, 4-1
0
egi-14, 5-3
None
2
Ok
epi-39, 0-9
None
true
egi-15, 0-2
0
2
Ok
rnf-23, 1-3, 2-7
4
1
0
0
Ok
1
epi-40, 4-4
minf-21, 2-2
4
egi-16, 6-5
Ok
None
5
0
rnf-24, 3-8, 4-9
epi-41, 6-4
None
rnf-25, 0-9, 3-9
1
Ok
1
minf-22, 6-4
0
0
0
None
epi-42, 7-5
true
5
1
epi-43, 4-5
0
None
0
0
pinf-59, 0-13
4
epi-44, 6-5
0
egi-17, 5-4
epi-45, 1-4
6
true
0
Ok
372
Ok
168
5
0
5
epi-46, 7-6
0
-79
5
0
168
egi-18, 0-3
372
minf-23, 0-7
0
4
Ok
0
true
0
0
egi-19, 1-1
egi-20, 7-6
minf-24, 5-2
5
Ok
1
er-5, 0-3, 4-2
1
1
rnf-26, 2-8, 3-10
epi-47, 4-6
epi-48, 2-4
0
minf-25, 7-4
true
0
1
86
0
egi-21, 5-5
emi-1, 3-1
epi-49, 6-6
0
rnf-27, 0-10, 2-9
0
1
0
emi-2, 1-1
epi-50, 5-4
minf-26, 0-8
Ok
1
Ok
70
egi-22, 7-7
4
6
epi-51, 4-7
0
168
minf-27, 6-5
epi-52, 3-12
0
pinf-60, 0-14
Ok
Ok
0
6
pinf-61, 0-15
0
epi-53, 1-5
true
epi-54, 3-13
6
6
6
rnf-28, 1-4, 7-5
6
0
5
0
rnf-29, 3-11, 6-6
6
er-6, 2-1, 4-3
4
6
epi-55, 5-5
0
Ok
1
-79
6
rnf-30, 5-5, 7-6
None
egi-23, 0-4
None
emi-3, 5-1
true
0
egi-24, 2-1
rnf-31, 0-11, 1-5
Ok
None
rnf-32, 0-12, 6-7
1
1
0
0
168
rnf-33, 1-6, 7-7
Ok
Ok
Ok
true
Ok
1
1
true
egi-25, 1-2
epi-56, 6-7
rnf-34, 0-13, 5-6
Ok
0
0
5
egi-26, 1-3
emi-4, 1-2
rnf-35, 0-14, 2-10
epi-57, 0-10
4
1
epi-58, 6-8
egi-27, 7-8
emi-5, 0-1
0
emi-6, 6-1
9
epi-59, 2-5
Ok
Ok
None
1
epi-60, 6-9
1
-79
1
None
true
epi-61, 3-14
0
rnf-36, 4-10, 7-8
1
er-7, 2-2, 7-3
50
0
9
rnf-37, 0-15, 2-11
0
Ok
rnf-38, 0-16, 3-12
Ok
epi-62, 7-7
er-8, 4-4, 6-1
er-9, 2-3, 5-1
84
egi-28, 3-2
pinf-62, 2-7
1
2
egi-29, 6-6
9
0
true
Ok
176
0
epi-63, 0-11
emi-7, 1-3
2
Ok
epi-64, 3-15
1
epi-65, 2-6
epi-66, 0-12
0
2
9
pinf-63, 2-8
5
5
2
true
1
0
rnf-39, 0-17, 1-7
Ok
174
epi-67, 7-8
2
2
emi-8, 0-2
10
pinf-64, 2-9
emi-9, 2-1
168
None
epi-68, 3-16
pinf-65, 6-15
80
Ok
4
95
0
Ok
2
10
epi-69, 0-13
emi-10, 7-1
None
Ok
1
1
1
emi-11, 6-2
emi-12, 2-2
None
Ok
true
12
None
12
2
None
true
0
epi-70, 1-6
Ok
1
emi-13, 0-3
emi-14, 3-2
rnf-40, 0-18, 2-12
0
epi-71, 2-7
true
590
emi-15, 4-1
1
epi-72, 4-8
Ok
5
Ok
epi-73, 4-9
42
epi-74, 4-10
372
5
4
egi-30, 2-2
0
rnf-41, 1-8, 2-13
true
epi-75, 4-11
egi-31, 3-3
4
-79
epi-76, 0-14
true
Ok
emi-16, 0-4
true
epi-77, 1-7
emi-17, 1-4
rnf-42, 1-9, 6-8
emi-18, 0-5
0
4
372
0
Ok
5
5
pinf-66, 3-3
13
13
Ok
1
epi-78, 5-6
true
Ok
None
rnf-43, 4-11, 7-9
rnf-44, 0-19, 2-14
Ok
Ok
None
Ok
Ok
4
true
0
0
0
5
0
Ok
1
3
true
590
12
0
epi-79, 6-10
epi-80, 1-8
0
er-10, 3-2, 4-5
0
Ok
Ok
emi-19, 4-2
3
None
13
153
13
epi-81, 4-12
0
0
13
3
Ok
None
0
Ok
emi-20, 2-3
13
Ok
1
None
rnf-45, 1-10, 7-10
0
1
epi-82, 1-9
true
true
true
-813
egi-32, 1-4
13
0
Ok
0
pinf-67, 0-16
-699
0
1
1
46
5
0
13
610
true
egi-33, 2-3
Ok
3
emi-21, 5-2
0
None
3
None
3
emi-22, 0-6
0
rnf-46, 0-20, 7-11
Ordinary message: 7
emi-23, 1-5
Ok
emi-24, 3-3
epi-83, 1-10
0
None
true
1
Ok
epi-84, 7-9
Ok
13
4
epi-85, 0-15
epi-86, 5-7
Ok
emi-25, 1-6
1
rnf-47, 1-11, 6-9
epi-87, 6-11
epi-88, 3-17
1
1
4
4
emi-26, 6-3
epi-89, 0-16
rnf-48, 0-21, 2-15
Ok
None
Ok
7
true
emi-27, 6-4
Ok
1658
Ok
epi-90, 0-17
Ok
pinf-68, 3-4
epi-91, 1-11
epi-92, 3-18
er-11, 1-1, 5-2
rnf-49, 1-12, 7-12
Ok
0
epi-93, 6-12
1
egi-34, 4-1
Ok
5
true
4
0
1
epi-94, 6-13
1
1
true
egi-35, 3-4
epi-95, 4-13
Ok
39
er-12, 5-3, 7-4
pinf-69, 3-5
Ok
Ordinary message: 2
1
1
epi-96, 7-10
epi-97, 4-14
true
5
rnf-50, 4-12, 7-13
true
15
epi-98, 6-14
emi-28, 0-7
15
Ok
er-13, 0-4, 4-6
4
Ok
emi-29, 0-8
None
pinf-70, 0-17
rnf-51, 1-13, 4-13
18
39
epi-99, 2-8
true
egi-36, 1-5
epi-100, 2-9
None
Ok
epi-101, 6-15
4
0
19
0
emi-30, 0-9
4
true
pinf-71, 3-6
19
0
egi-37, 6-7
Ok
epi-102, 7-11
Ok
0
er-14, 2-4, 6-2
