ginf-1, 2-1
ginf-2, 0-1
ginf-3, 0-2
The person with this number does not exist
pinf-1, 1-1
pinf-2, 2-1
Ok
pinf-3, 0-1
0
Ok
0
pinf-4, 1-2
egi-1, 0-1
pinf-5, 0-2
ginf-4, 2-2
ginf-5, 2-3
pinf-6, 0-3
Ok
pinf-7, 1-3
pinf-8, 1-4
The person with this number does not exist
0
egi-2, 0-2
pinf-9, 1-5
0
0
pinf-10, 1-6
0
pinf-11, 1-7
Ok
0
0
ginf-6, 2-4
The person with this number does not exist
The person with this number does not exist
Ok
3
rnf-1, 1-1, 2-1
epi-1, 0-1
Ok
false
epi-2, 0-2
3
ginf-7, 2-5
rnf-2, 0-1, 2-2
rnf-3, 0-2, 1-2
false
Ok
rnf-4, 1-3, 2-3
anf-1, 1-1
rnf-5, 1-4, 2-4
None
0
anf-2, 0-1
emi-1, 1-1
0
None
0
rnf-6, 0-3, 1-5
None
ginf-8, 2-6
0
0
minf-1, 0-1
None
ginf-9, 2-7
0
0
ginf-10, 2-8
epi-3, 0-3
egi-3, 0-3
epi-4, 2-1
0
epi-5, 1-1
pinf-12, 1-8
0
minf-2, 2-1
ginf-11, 2-9
0
ginf-12, 2-10
rnf-7, 1-6, 2-5
egi-4, 1-1
epi-6, 0-4
0
None
epi-7, 1-2
emi-2, 1-2
0
0
pinf-13, 1-9
Group does not exist
egi-5, 0-4
3
0
rnf-8, 1-7, 2-6
0
anf-3, 1-2
epi-8, 2-2
rnf-9, 0-4, 1-8
rnf-10, 1-9, 2-7
0
Ok
None
rnf-11, 1-10, 2-8
egi-6, 1-2
3
epi-9, 2-3
0
None
0
0
er-1, 2-1, 2-1
epi-10, 2-4
None
epi-11, 0-5
pinf-14, 1-10
false
0
egi-7, 0-5
rnf-12, 1-11, 2-9
Group does not exist
Ok
rnf-13, 1-12, 2-10
anf-4, 1-3
false
epi-12, 2-5
emi-3, 2-1
rnf-14, 1-13, 2-11
epi-13, 1-3
rnf-15, 1-14, 2-12
3
0
epi-14, 1-4
Ok
Ok
0
minf-3, 0-2
rnf-16, 0-5, 2-13
0
Ok
epi-15, 1-5
Ok
anf-5, 1-4
rnf-17, 1-15, 2-14
0
emi-4, 1-3
epi-16, 2-6
None
rnf-18, 1-16, 2-15
epi-17, 0-6
0
rnf-19, 1-17, 2-16
rnf-20, 1-18, 2-17
false
Ok
anf-6, 0-2
anf-7, 0-3
rnf-21, 0-6, 1-19
egi-8, 2-1
rnf-22, 1-20, 2-18
rnf-23, 1-21, 2-19
0
0
true
0
epi-18, 2-7
0
0
0
anf-8, 1-5
0
0
Ok
pinf-15, 1-11
Ok
pinf-16, 1-12
0
anf-9, 1-6
Ok
egi-9, 2-2
er-2, 0-1, 0-1
0
0
Ok
anf-10, 1-7
emi-5, 1-4
Ok
egi-10, 1-3
er-3, 0-2, 2-2
0
0
0
0
1
0
None
epi-19, 0-7
rnf-24, 0-7, 1-22
emi-6, 1-5
epi-20, 0-8
pinf-17, 1-13
epi-21, 2-8
emi-7, 1-6
0
0
egi-11, 2-3
false
epi-22, 0-9
Ok
emi-8, 2-2
rnf-25, 1-23, 2-20
None
0
0
epi-23, 0-10
epi-24, 1-6
rnf-26, 0-8, 1-24
epi-25, 1-7
anf-11, 1-8
None
2
None
emi-9, 0-1
0
0
Ok
None
Ok
epi-26, 0-11
rnf-27, 1-25, 2-21
None
2
rnf-28, 1-26, 2-22
1
2
1
Ok
rnf-29, 0-9, 1-27
0
0
epi-27, 2-9
anf-12, 1-9
0
egi-12, 1-4
epi-28, 0-12
true
rnf-30, 0-10, 1-28
false
1
epi-29, 2-10
epi-30, 0-13
0
0
pinf-18, 1-14
rnf-31, 1-29, 2-23
egi-13, 2-4
0
None
0
Ok
0
2
true
egi-14, 0-6
false
0
0
egi-15, 2-5
0
epi-31, 2-11
0
Ok
92
er-4, 1-1, 2-3
emi-10, 1-7
emi-11, 1-8
0
92
0
Ok
0
1
0
1
None
Ok
emi-12, 0-2
0
0
1
pinf-19, 1-15
epi-32, 2-12
1
er-5, 0-3, 1-2
1
1
epi-33, 1-8
true
None
92
0
epi-34, 2-13
epi-35, 0-14
Ok
Ok
1
92
Ok
241
egi-16, 0-7
None
2
0
Ok
true
0
Ordinary message: 2
er-6, 1-3, 1-3
true
epi-36, 1-9
2
1
epi-37, 2-14
2
epi-38, 2-15
true
Ok
minf-4, 2-2
rnf-32, 0-11, 2-24
2
None
epi-39, 0-15
Ordinary message: 2
epi-40, 2-16
Ok
2
egi-17, 0-8
0
er-7, 0-4, 0-4
20
er-8, 0-5, 0-5
1
241
0
epi-41, 1-10
1
1
er-9, 1-4, 1-4
emi-13, 2-3
Ok
rnf-33, 0-12, 2-25
0
0
epi-42, 1-11
emi-14, 0-3
2
1
20
0
Ok
0
epi-43, 1-12
Ok
true
2
61
Ordinary message: 2
2
er-10, 1-5, 1-5
er-11, 1-6, 2-4
2
minf-5, 2-3
minf-6, 2-4
2
Ok
1
true
1
1
epi-44, 2-17
Ok
Ordinary message: 2
None
true
Ok
true
117
Ok
-327
epi-45, 2-18
pinf-20, 1-16
2
1
true
0
0
Ok
egi-18, 2-6
true
1
0
er-12, 0-6, 1-7
92
0
pinf-21, 1-17
2
1
0
1
Ordinary message: 2
184
epi-46, 2-19
1
epi-47, 0-16
Ok
egi-19, 1-5
2
2
emi-15, 1-9
true
0
true
true
241
epi-48, 0-17
Ok
epi-49, 0-18
1
0
241
pinf-22, 1-18
0
egi-20, 2-7
epi-50, 1-13
0
2
Ok
1
Ok
Ordinary message: 2
Ok
0
emi-16, 1-10
0
pinf-23, 1-19
1
egi-21, 0-9
1
241
2
1
1
epi-51, 0-19
1
1
0
emi-17, 0-4
2
1
epi-52, 2-20
emi-18, 1-11
2
Ok
Ok
Ok
Ok
minf-7, 2-5
1
1
epi-53, 1-14
0
epi-54, 2-21
epi-55, 2-22
2
1
minf-8, 2-6
Ok
epi-56, 0-20
Ok
2
emi-19, 0-5
0
emi-20, 2-4
1
Ok
2
epi-57, 2-23
egi-22, 0-10
egi-23, 0-11
0
er-13, 0-7, 2-5
2
1
2
er-14, 1-8, 2-6
0
epi-58, 2-24
Ok
emi-21, 1-12
0
0
-160
Ok
1
-160
epi-59, 0-21
true
egi-24, 0-12
Ok
2
emi-22, 2-5
1
epi-60, 0-22
er-15, 0-8, 2-7
emi-23, 2-6
epi-61, 2-25
0
0
er-16, 1-9, 1-9
-728
er-17, 0-9, 0-9
148
pinf-24, 0-4
pinf-25, 1-20
1
egi-25, 2-8
-160
-728
0
0
pinf-26, 1-21
0
Ordinary message: 2
-1295
true
1
182
Ok
2
er-18, 1-10, 1-10
1
er-19, 0-10, 1-11
emi-24, 2-7
2
Ok
er-20, 1-12, 1-12
1
emi-25, 2-8
-728
1
er-21, 1-13, 2-8
2
true
1
0
true
epi-62, 0-23
epi-63, 2-26
0
egi-26, 0-13
pinf-27, 0-5
1
egi-27, 2-9
er-22, 1-14, 1-14
Ok
1
epi-64, 0-24
egi-28, 2-10
egi-29, 2-11
0
-160
Ok
Ok
0
er-23, 1-15, 2-9
true
egi-30, 1-6
true
epi-65, 0-25
2
Ordinary message: 2
Ok
1
Ok
Ok
pinf-28, 1-22
0
0
0
Ok
182
er-24, 0-11, 0-11
pinf-29, 1-23
2
2
228
1
0
er-25, 0-12, 2-10
epi-66, 0-26
1
Ordinary message: 2
er-26, 0-13, 0-13
minf-9, 0-3
epi-67, 2-27
-728
1
0
0
0
2
1
-728
Ok
1
egi-31, 1-7
er-27, 0-14, 1-16
epi-68, 1-15
0
Ok
2
2
-728
true
pinf-30, 0-6
true
egi-32, 2-12
2
1
true
-1295
1
Ok
er-28, 0-15, 0-15
0
epi-69, 2-28
true
egi-33, 1-8
2
-1295
egi-34, 1-9
-728
pinf-31, 0-7
1
emi-26, 2-9
epi-70, 0-27
0
epi-71, 1-16
2
Ordinary message: 0
egi-35, 1-10
er-29, 0-16, 1-17
Ok
0
1
epi-72, 2-29
minf-10, 0-4
165
1
1
165
0
pinf-32, 1-24
minf-11, 0-5
1
0
1
epi-73, 2-30
Ok
2
2
Ordinary message: 2
Ok
2
Ok
0
Ok
0
Ok
1
228
pinf-33, 1-25
egi-36, 0-14
emi-27, 1-13
2
epi-74, 0-28
Ordinary message: 0
epi-75, 2-31
1230
1230
epi-76, 0-29
1
1
2
-1295
Ordinary message: 0
0
Ordinary message: 2
epi-77, 1-17
1230
2
228
Ok
2
2
er-30, 0-17, 1-18
er-31, 1-19, 2-11
1
2
0
0
emi-28, 1-14
0
epi-78, 0-30
0
pinf-34, 0-8
Ordinary message: 2
pinf-35, 1-26
Ok
1
Ordinary message: 2
pinf-36, 0-9
444
emi-29, 2-10
epi-79, 0-31
1
minf-12, 0-6
Ok
1
epi-80, 0-32
444
244
er-32, 1-20, 1-20
epi-81, 1-18
0
1
true
epi-82, 0-33
1262
0
er-33, 0-18, 0-18
epi-83, 0-34
Ok
1
pinf-37, 1-27
0
0
epi-84, 1-19
true
2
Ordinary message: 2
epi-85, 2-32
2
er-34, 0-19, 1-21
emi-30, 1-15
444
1
egi-37, 0-15
pinf-38, 1-28
244
emi-31, 1-16
egi-38, 2-13
Ok
emi-32, 2-11
true
egi-39, 2-14
222
true
er-35, 2-12, 2-12
egi-40, 2-15
Ordinary message: 2
0
1
-1295
egi-41, 0-16
Ok
er-36, 0-20, 2-13
0
er-37, 2-14, 2-14
Ordinary message: 2
epi-86, 2-33
epi-87, 1-20
Ok
2
0
0
Ordinary message: 0; Ordinary message: 0
epi-88, 2-34
1
er-38, 2-15, 2-15
1
Ok
0
0
pinf-39, 1-29
171
0
0
epi-89, 2-35
1
1
pinf-40, 1-30
true
true
0
Ok
0
Ok
Ordinary message: 2
pinf-41, 1-31
Ok
0
Ok
1
true
1
er-39, 2-16, 2-16
1
pinf-42, 2-2
epi-90, 2-36
0
true
183
epi-91, 1-21
epi-92, 2-37
0
-581
pinf-43, 2-3
0
epi-93, 2-38
1
-1295
emi-33, 0-6
1
0
0
pinf-44, 1-32
er-40, 0-21, 1-22
true
2
Ok
1
0
1
0
183
epi-94, 2-39
-2098
1
epi-95, 2-40
epi-96, 0-35
-2098
er-41, 0-22, 1-23
2
Ordinary message: 0; Ordinary message: 0
Ok
-581
1
epi-97, 1-22
epi-98, 2-41
egi-42, 1-11
egi-43, 2-16
-2098
er-42, 0-23, 1-24
2
2
1
Ordinary message: 0; Ordinary message: 0
true
2
2
epi-99, 0-36
-2098
0
Ordinary message: 0; Ordinary message: 0
Ok
2
1
epi-100, 0-37
0
egi-44, 0-17
egi-45, 1-12
emi-34, 1-17
1
1
Ok
2
epi-101, 2-42
183
pinf-45, 0-10
0
0
true
1
0
Ordinary message: 2
egi-46, 2-17
emi-35, 2-12
2
Ordinary message: 2
-1295
er-43, 2-17, 2-17
2
egi-47, 2-18
pinf-46, 0-11
Ok
Ok
Ok
0
Ok
1
0
egi-48, 0-18
epi-102, 2-43
-1295
0
egi-49, 0-19
1
true
epi-103, 1-23
2
0
-2098
er-44, 2-18, 2-18
0
0
epi-104, 2-44
Ok
epi-105, 1-24
egi-50, 2-19
0
epi-106, 2-45
0
Ordinary message: 2
egi-51, 1-13
Ok
er-45, 1-25, 1-25
Ok
-1057
1
0
epi-107, 1-25
epi-108, 0-38
2
1
egi-52, 1-14
242
1
pinf-47, 1-33
1
epi-109, 0-39
Ok
1
er-46, 0-24, 2-19
epi-110, 2-46
egi-53, 2-20
Ok
emi-36, 1-18
er-47, 1-26, 2-20
0
-1057
Ordinary message: 0; Ordinary message: 0
epi-111, 1-26
1
epi-112, 1-27
2
Ok
er-48, 1-27, 1-27
Ok
0
epi-113, 1-28
Ok
Ok
epi-114, 1-29
epi-115, 2-47
epi-116, 2-48
egi-54, 0-20
er-49, 1-28, 1-28
Ok
-1427
0
295
minf-13, 1-1
Ok
1
true
2
1
295
Ok
emi-37, 0-7
244
epi-117, 1-30
epi-118, 0-40
er-50, 0-25, 2-21
0
Ok
Ok
488
Ok
