pinf-1, 2-1
pinf-2, 1-1
pinf-3, 2-2
ginf-1, 1-1
ginf-2, 0-1
pinf-4, 3-1
Group does not exist
ginf-3, 1-2
Ok
pinf-5, 1-2
Group does not exist
ginf-4, 2-1
0
pinf-6, 1-3
0
0
ginf-5, 0-2
0
pinf-7, 0-1
0
0
pinf-8, 1-4
pinf-9, 0-2
0
pinf-10, 2-3
Ok
pinf-11, 2-4
0
pinf-12, 0-3
ginf-6, 0-3
pinf-13, 0-4
0
epi-1, 3-1
Group does not exist
Group does not exist
ginf-7, 0-4
The person with this number does not exist
pinf-14, 1-5
Ok
0
minf-1, 1-1
0
pinf-15, 0-5
pinf-16, 2-5
0
The person with this number does not exist
The person with this number does not exist
egi-1, 2-1
0
1
pinf-17, 2-6
pinf-18, 1-6
0
minf-2, 3-1
ginf-8, 0-5
0
ginf-9, 0-6
pinf-19, 0-6
pinf-20, 0-7
pinf-21, 0-8
Ok
The person with this number does not exist
pinf-22, 1-7
pinf-23, 1-8
0
pinf-24, 1-9
anf-1, 3-1
pinf-25, 1-10
0
0
0
pinf-26, 2-7
pinf-27, 0-9
pinf-28, 2-8
pinf-29, 1-11
pinf-30, 0-10
anf-2, 3-2
egi-2, 1-1
0
0
1
pinf-31, 2-9
ginf-10, 3-1
0
pinf-32, 2-10
pinf-33, 0-11
minf-3, 0-1
pinf-34, 2-11
pinf-35, 2-12
minf-4, 0-2
Ok
0
pinf-36, 1-12
pinf-37, 2-13
2
pinf-38, 1-13
pinf-39, 2-14
0
0
ginf-11, 3-2
pinf-40, 2-15
0
0
pinf-41, 2-16
minf-5, 0-3
0
ginf-12, 3-3
pinf-42, 1-14
The person with this number does not exist
egi-3, 2-2
ginf-13, 3-4
pinf-43, 2-17
None
0
minf-6, 1-2
0
pinf-44, 1-15
pinf-45, 1-16
Ok
pinf-46, 2-18
Group does not exist
ginf-14, 3-5
minf-7, 0-4
The person with this number does not exist
anf-3, 0-1
The person with this number does not exist
rnf-1, 1-1, 3-1
pinf-47, 2-19
Ok
pinf-48, 2-20
pinf-49, 2-21
pinf-50, 2-22
ginf-15, 3-6
minf-8, 0-5
epi-2, 3-2
epi-3, 0-1
epi-4, 1-1
0
0
0
The person with this number does not exist
pinf-51, 2-23
egi-4, 0-1
0
0
None
pinf-52, 2-24
Ok
Ok
0
Ok
pinf-53, 2-25
epi-5, 1-2
0
0
pinf-54, 2-26
true
0
0
ginf-16, 3-7
pinf-55, 2-27
minf-9, 3-2
3
anf-4, 0-2
3
epi-6, 0-2
rnf-2, 0-1, 1-2
false
rnf-3, 0-2, 3-2
pinf-56, 2-28
0
ginf-17, 3-8
pinf-57, 2-29
egi-5, 1-2
0
rnf-4, 0-3, 1-3
false
0
pinf-58, 2-30
epi-7, 1-3
3
0
0
0
None
er-1, 1-1, 1-1
0
None
ginf-18, 3-9
minf-10, 2-1
pinf-59, 2-31
egi-6, 1-3
0
rnf-5, 0-4, 3-3
rnf-6, 1-4, 3-4
egi-7, 1-4
Ok
false
0
0
3
Ok
pinf-60, 2-32
rnf-7, 0-5, 3-5
The person with this number does not exist
false
0
The person with this number does not exist
Ok
Ok
true
0
minf-11, 1-3
ginf-19, 3-10
epi-8, 3-3
0
epi-9, 3-4
egi-8, 1-5
epi-10, 3-5
rnf-8, 0-6, 1-5
0
0
pinf-61, 2-33
pinf-62, 2-34
pinf-63, 2-35
pinf-64, 2-36
pinf-65, 2-37
rnf-9, 0-7, 1-6
0
None
epi-11, 0-3
3
Ok
0
pinf-66, 2-38
0
0
pinf-67, 2-39
epi-12, 1-4
pinf-68, 2-40
0
ginf-20, 3-11
pinf-69, 2-41
3
pinf-70, 2-42
anf-5, 1-1
epi-13, 1-5
0
rnf-10, 1-7, 3-6
epi-14, 0-4
0
0
The person with this number does not exist
0
egi-9, 2-3
ginf-21, 3-12
pinf-71, 2-43
false
None
epi-15, 1-6
0
Ok
pinf-72, 2-44
epi-16, 0-5
anf-6, 3-3
pinf-73, 2-45
pinf-74, 2-46
pinf-75, 2-47
pinf-76, 2-48
0
Ok
rnf-11, 0-8, 3-7
0
3
epi-17, 0-6
0
0
pinf-77, 2-49
true
anf-7, 1-2
anf-8, 0-3
ginf-22, 3-13
0
pinf-78, 2-50
The person with this number does not exist
Ok
0
0
pinf-79, 2-51
2
ginf-23, 3-14
true
pinf-80, 2-52
0
7
egi-10, 2-4
None
false
0
pinf-81, 2-53
0
pinf-82, 2-54
The person with this number does not exist
Ok
egi-11, 2-5
7
er-2, 1-2, 1-2
0
rnf-12, 1-8, 3-8
pinf-83, 2-55
pinf-84, 2-56
Ok
pinf-85, 2-57
0
Ok
Ok
rnf-13, 0-9, 1-9
Ordinary message: 3
ginf-24, 3-15
minf-12, 3-3
None
true
rnf-14, 0-10, 1-10
emi-1, 1-1
true
0
0
0
The person with this number does not exist
minf-13, 3-4
rnf-15, 0-11, 1-11
0
pinf-86, 2-58
None
None
0
770
rnf-16, 1-12, 3-9
3
Ordinary message: 3
0
3
Ok
rnf-17, 0-12, 2-1
1
0
0
3
emi-2, 0-1
Ok
0
0
0
rnf-18, 2-2, 3-10
770
None
epi-18, 1-7
egi-12, 0-2
1
Ok
false
0
egi-13, 1-6
Ok
epi-19, 1-8
anf-9, 2-1
0
false
epi-20, 2-1
er-3, 1-3, 1-3
0
8
1
false
None
ginf-25, 3-16
epi-21, 0-7
Ok
1
true
2
None
0
2
Ok
egi-14, 1-7
egi-15, 3-1
Ok
Ordinary message: 0
1
Ok
Ok
0
er-4, 1-4, 1-4
1
0
1
pinf-87, 0-12
epi-22, 3-6
0
-152
1
2
egi-16, 2-6
rnf-19, 1-13, 2-3
0
None
-227
0
pinf-88, 0-13
None
er-5, 0-1, 3-1
minf-14, 0-6
Ok
epi-23, 2-2
Ok
0
anf-10, 2-2
minf-15, 3-5
egi-17, 0-3
1
pinf-89, 0-14
er-6, 1-5, 3-2
1
er-7, 3-3, 3-3
-152
Ok
rnf-20, 1-14, 2-4
er-8, 0-2, 0-2
1
1465
1
Ok
true
egi-18, 1-8
er-9, 0-3, 1-6
1
0
-227
epi-24, 2-3
1
epi-25, 0-8
Ok
true
rnf-21, 1-15, 2-5
emi-3, 1-2
epi-26, 3-7
119
12
Ok
1465
0
emi-4, 1-3
true
1
Ok
minf-16, 3-6
-779
1
Ok
0
true
true
-779
er-10, 0-4, 3-4
egi-19, 0-4
egi-20, 0-5
0
egi-21, 3-2
1
Ok
None
egi-22, 1-9
Ok
true
1465
Ok
epi-27, 1-9
Ok
epi-28, 1-10
minf-17, 3-7
1
1
Ordinary message: 3
-854
None
2
minf-18, 0-7
Ordinary message: 0
0
0
-779
0
206
er-11, 3-5, 3-5
egi-23, 3-3
minf-19, 3-8
1465
Ordinary message: 0
emi-5, 1-4
Ok
206
13
emi-6, 2-1
1
rnf-22, 1-16, 2-6
13
1
0
rnf-23, 0-13, 2-7
er-12, 2-1, 3-6
epi-29, 1-11
103
2
3
13
0
0
er-13, 0-5, 3-7
Ok
rnf-24, 1-17, 2-8
true
true
epi-30, 0-9
emi-7, 0-2
13
emi-8, 2-2
pinf-90, 0-15
2
0
pinf-91, 0-16
-779
epi-31, 3-8
epi-32, 3-9
0
minf-20, 3-9
true
emi-9, 1-5
1
0
er-14, 0-6, 3-8
0
0
1
true
Ordinary message: 3
-779
egi-24, 0-6
13
minf-21, 3-10
epi-33, 3-10
true
1465
pinf-92, 0-17
0
epi-34, 2-4
None
er-15, 1-7, 3-9
egi-25, 3-4
epi-35, 3-11
Ok
epi-36, 1-12
2
Ok
2
emi-10, 0-3
epi-37, 1-13
0
Ok
2
epi-38, 3-12
0
Ordinary message: 0
Ok
er-16, 2-2, 2-2
Ok
minf-22, 1-4
epi-39, 0-10
Ok
Ordinary message: 0
Ordinary message: 1
epi-40, 2-5
1
0
1
1
epi-41, 0-11
1
true
-316
0
0
pinf-93, 1-17
1
1
rnf-25, 0-14, 2-9
epi-42, 2-6
1
Ordinary message: 1
emi-11, 0-4
-316
1
Ok
-854
egi-26, 2-7
epi-43, 1-14
-316
epi-44, 1-15
3
pinf-94, 0-18
3
egi-27, 1-10
1
epi-45, 1-16
epi-46, 3-13
0
0
1
rnf-26, 0-15, 2-10
0
Ordinary message: 1
1465
3
0
egi-28, 3-5
epi-47, 1-17
Ok
true
epi-48, 2-7
1
Ok
1
rnf-27, 1-18, 2-11
er-17, 0-7, 3-10
true
Ok
epi-49, 1-18
3
463
epi-50, 2-8
Ok
Ok
epi-51, 2-9
0
3
epi-52, 0-12
rnf-28, 1-19, 2-12
emi-12, 0-5
463
true
Ok
0
-854
pinf-95, 0-19
Ordinary message: 1
true
rnf-29, 1-20, 2-13
3
1
epi-53, 2-10
rnf-30, 0-16, 2-14
1
1
1
Ok
minf-23, 3-11
minf-24, 1-5
rnf-31, 1-21, 2-15
pinf-96, 0-20
0
0
true
1465
13
true
3
None
1465
0
epi-54, 1-19
pinf-97, 1-18
epi-55, 0-13
Ok
Ordinary message: 3
rnf-32, 0-17, 2-16
Ok
Ok
true
Ok
0
Ok
epi-56, 2-11
1
emi-13, 2-3
0
emi-14, 2-4
2
Ok
103
pinf-98, 1-19
true
1
2
2
pinf-99, 1-20
33
1
true
egi-29, 0-7
er-18, 1-8, 3-11
0
2
3
0
-12
0
0
egi-30, 3-6
-12
emi-15, 3-1
0
true
463
1
2
true
3
Ok
er-19, 0-8, 0-8
1
1
epi-57, 3-14
1465
1
egi-31, 2-8
er-20, 0-9, 1-9
epi-58, 3-15
emi-16, 2-5
3
emi-17, 0-6
egi-32, 3-7
true
pinf-100, 1-21
Ok
0
3
0
er-21, 0-10, 2-3
1
Ok
13
Ok
egi-33, 1-11
Ok
4
Ok
0
4
Ordinary message: 0
Ok
minf-25, 1-6
Ok
3
81
Ok
true
4
206
er-22, 3-12, 3-12
epi-59, 0-14
206
1
4
0
emi-18, 3-2
egi-34, 0-8
pinf-101, 0-21
0
epi-60, 2-12
0
1
4
er-23, 1-10, 1-10
Ok
463
pinf-102, 1-22
emi-19, 0-7
1
0
81
egi-35, 1-12
egi-36, 3-8
0
Ok
true
epi-61, 0-15
0
Ok
206
epi-62, 3-16
4
4
er-24, 0-11, 3-13
96
epi-63, 1-20
0
463
3
true
158
Ok
206
3
Ordinary message: 3
egi-37, 0-9
Ok
Ok
-12
4
emi-20, 2-6
Ok
4
4
96
Ordinary message: 3
pinf-103, 0-22
true
Ordinary message: 1
epi-64, 2-13
4
4
er-25, 1-11, 2-4
4
246
246
er-26, 0-12, 1-12
true
pinf-104, 3-2
epi-65, 3-17
4
emi-21, 2-7
246
epi-66, 0-16
Ok
0
4
1
4
158
246
true
4
4
Ok
3
egi-38, 2-9
egi-39, 1-13
emi-22, 0-8
true
egi-40, 2-10
96
0
96
0
4
true
81
epi-67, 2-14
egi-41, 2-11
0
epi-68, 1-21
0
0
true
1
3
Ok
Ok
pinf-105, 1-23
463
Ok
None
Ok
13
pinf-106, 3-3
pinf-107, 1-24
Ok
er-27, 1-13, 1-13
0
5
epi-69, 0-17
0
er-28, 0-13, 3-14
1
4
epi-70, 1-22
Ok
2
None
Ordinary message: 1
pinf-108, 0-23
-550
epi-71, 0-18
Ok
4
egi-42, 0-10
Ok
Ok
0
Ok
528
0
Ok
pinf-109, 1-25
3
0
er-29, 1-14, 2-5
epi-72, 1-23
4
3
emi-23, 1-6
4
4
true
pinf-110, 1-26
egi-43, 1-14
Ok
1308
1
Ok
0
true
Ok
5
0
epi-73, 1-24
Ok
-550
Ok
Ok
2
None
796
0
None
false
false
emi-24, 3-3
0
Ok
81
epi-74, 0-19
6
egi-44, 3-9
0
1
emi-25, 1-7
463
Ok
0
2
epi-75, 1-25
epi-76, 0-20
2
epi-77, 1-26
Ok
246
false
false
638
epi-78, 1-27
egi-45, 1-15
3
epi-79, 3-18
0
-550
emi-26, 3-4
pinf-111, 1-27
463
638
0
Ok
epi-80, 0-21
-550
pinf-112, 3-4
Ok
616
epi-81, 1-28
egi-46, 1-16
2
epi-82, 1-29
-550
None
Ordinary message: 0
2
epi-83, 1-30
-550
0
168
0
