pinf-1, 6-1
ginf-1, 3-1
minf-1, 4-1
pinf-2, 3-1
Ok
ginf-2, 4-1
minf-2, 0-1
pinf-3, 5-1
ginf-3, 1-1
pinf-4, 3-2
pinf-5, 3-3
Group does not exist
Ok
Ok
ginf-4, 6-1
0
ginf-5, 0-1
Ok
Group does not exist
ginf-6, 0-2
ginf-7, 2-1
The person with this number does not exist
0
pinf-6, 0-1
minf-3, 4-2
anf-1, 6-1
minf-4, 0-2
epi-1, 4-1
pinf-7, 5-2
ginf-8, 1-2
0
anf-2, 6-2
ginf-9, 3-2
pinf-8, 1-1
Ok
pinf-9, 7-1
Ok
0
pinf-10, 5-3
4
pinf-11, 5-4
pinf-12, 3-4
0
pinf-13, 7-2
pinf-14, 0-2
ginf-10, 6-2
anf-3, 6-3
epi-2, 2-1
Group does not exist
0
false
pinf-15, 5-5
0
0
anf-4, 1-1
None
4
pinf-16, 5-6
ginf-11, 0-3
0
minf-5, 0-3
0
minf-6, 2-1
Ok
epi-3, 6-1
0
Ok
pinf-17, 3-5
false
minf-7, 4-3
pinf-18, 7-3
rnf-1, 2-1, 6-1
pinf-19, 0-3
true
epi-4, 1-1
er-1, 1-1, 1-1
epi-5, 1-2
0
None
anf-5, 6-4
pinf-20, 5-7
0
Ok
0
rnf-2, 5-1, 6-2
5
5
0
pinf-21, 7-4
0
anf-6, 2-1
egi-1, 7-1
0
rnf-3, 1-1, 2-2
true
minf-8, 3-1
pinf-22, 0-4
5
ginf-12, 5-1
0
pinf-23, 7-5
The person with this number does not exist
0
pinf-24, 3-6
0
ginf-13, 0-4
minf-9, 2-2
Ok
Ok
minf-10, 6-1
anf-7, 5-1
Ok
0
None
0
pinf-25, 0-5
pinf-26, 0-6
pinf-27, 7-6
rnf-4, 1-2, 3-1
Ok
pinf-28, 7-7
rnf-5, 3-2, 5-2
None
0
ginf-14, 5-2
ginf-15, 5-3
0
epi-6, 6-2
Ok
2
pinf-29, 7-8
egi-2, 1-1
0
2
None
ginf-16, 6-3
rnf-6, 3-3, 4-1
pinf-30, 0-7
0
pinf-31, 7-9
Ok
0
pinf-32, 7-10
4
pinf-33, 0-8
epi-7, 2-2
epi-8, 6-3
0
rnf-7, 2-3, 6-3
epi-9, 2-3
0
None
false
2
ginf-17, 5-4
rnf-8, 2-4, 5-3
ginf-18, 6-4
None
pinf-34, 0-9
2
pinf-35, 0-10
pinf-36, 7-11
true
0
epi-10, 5-1
rnf-9, 3-4, 5-4
0
Ok
false
6
emi-1, 7-1
egi-3, 7-2
Ok
ginf-19, 0-5
0
0
rnf-10, 5-5, 6-4
Ok
egi-4, 4-1
egi-5, 2-1
None
minf-11, 4-4
epi-11, 1-3
None
epi-12, 0-1
pinf-37, 7-12
Ok
ginf-20, 0-6
minf-12, 4-5
pinf-38, 7-13
2
pinf-39, 7-14
pinf-40, 7-15
er-2, 1-2, 2-1
Ok
Ok
rnf-11, 3-5, 5-6
pinf-41, 7-16
epi-13, 5-2
rnf-12, 1-3, 3-6
Ok
rnf-13, 0-1, 6-5
5
Ok
pinf-42, 2-1
emi-2, 1-1
Ok
0
ginf-21, 5-5
rnf-14, 3-7, 4-2
None
4
Group does not exist
0
rnf-15, 1-4, 3-8
true
pinf-43, 7-17
pinf-44, 0-11
epi-14, 2-4
0
0
2
2
0
Ok
false
rnf-16, 5-7, 7-1
0
0
false
rnf-17, 0-2, 4-3
0
emi-3, 1-2
rnf-18, 4-4, 7-2
epi-15, 2-5
5
egi-6, 4-2
Ok
anf-8, 4-1
egi-7, 7-3
epi-16, 0-2
0
5
epi-17, 3-1
5
anf-9, 4-2
epi-18, 1-4
Ok
2
0
0
None
4
egi-8, 1-2
0
rnf-19, 1-5, 3-9
Ok
Ok
epi-19, 5-3
rnf-20, 5-8, 6-6
0
4
1
None
epi-20, 7-1
epi-21, 5-4
Ok
Ok
None
None
rnf-21, 0-3, 2-5
Ok
minf-13, 5-1
None
epi-22, 2-6
Ok
Ok
3
0
1
Ok
emi-4, 4-1
rnf-22, 4-5, 5-9
Group does not exist
None
2
Ok
0
2
egi-9, 6-1
0
ginf-22, 5-6
epi-23, 7-2
2
rnf-23, 2-6, 5-10
0
7
0
pinf-45, 2-2
pinf-46, 2-3
2
false
ginf-23, 5-7
2
epi-24, 0-3
emi-5, 4-2
Ok
epi-25, 5-5
true
rnf-24, 0-4, 4-6
0
2
0
rnf-25, 1-6, 3-10
7
0
None
true
Ok
ginf-24, 5-8
None
ginf-25, 5-9
0
Ok
0
0
rnf-26, 0-5, 6-7
2
0
2
Ok
2
0
true
epi-26, 4-2
ginf-26, 5-10
epi-27, 4-3
6
minf-14, 3-2
0
1
er-3, 4-1, 6-1
0
1
0
0
Ok
2
0
Ok
7
false
2
Ok
epi-28, 7-3
0
Ok
0
0
2
ginf-27, 5-11
2
176
2
1
epi-29, 2-7
ginf-28, 5-12
true
0
epi-30, 5-6
2
anf-10, 5-2
2
emi-6, 7-2
er-4, 0-1, 1-3
Ok
anf-11, 5-3
rnf-27, 2-7, 7-3
3
ginf-29, 5-13
2
rnf-28, 0-6, 3-11
rnf-29, 1-7, 4-7
None
egi-10, 7-4
egi-11, 2-2
rnf-30, 5-11, 7-4
2
false
1
2
egi-12, 6-2
rnf-31, 0-7, 3-12
0
0
None
Ok
0
epi-31, 6-4
0
rnf-32, 2-8, 7-5
er-5, 1-4, 1-4
Ok
false
egi-13, 7-5
3
rnf-33, 3-13, 4-8
3
3
epi-32, 0-4
rnf-34, 0-8, 3-14
epi-33, 6-5
None
3
rnf-35, 1-8, 3-15
2
2
rnf-36, 0-9, 7-6
emi-7, 7-3
true
ginf-30, 5-14
0
egi-14, 4-3
None
rnf-37, 0-10, 7-7
er-6, 6-2, 7-1
Ok
2
epi-34, 1-5
2
None
epi-35, 2-8
None
rnf-38, 0-11, 6-8
0
epi-36, 7-4
None
emi-8, 7-4
2
egi-15, 4-4
1
None
Ok
epi-37, 2-9
Ok
er-7, 6-3, 6-3
144
2
rnf-39, 3-16, 4-9
1
2
true
3
3
Ok
None
egi-16, 4-5
rnf-40, 1-9, 6-9
0
emi-9, 0-1
174
epi-38, 5-7
Ok
0
false
2
0
174
4
94
epi-39, 3-2
true
4
3
rnf-41, 2-9, 7-8
4
emi-10, 1-3
ginf-31, 5-15
4
ginf-32, 5-16
4
egi-17, 2-3
0
emi-11, 7-5
false
None
None
Ok
Ok
0
144
5
Ok
Ok
Ok
emi-12, 1-4
2
2
true
None
None
Ok
144
rnf-42, 5-12, 7-9
true
egi-18, 0-1
Ok
7
6
Ok
egi-19, 6-3
2
epi-40, 4-4
rnf-43, 1-10, 7-10
egi-20, 5-1
6
true
92
2
Ok
0
emi-13, 4-3
rnf-44, 1-11, 3-17
6
epi-41, 7-5
Ok
er-8, 6-4, 7-2
6
0
2
pinf-47, 2-4
1
6
Ok
epi-42, 6-6
rnf-45, 1-12, 5-13
5
true
0
2
5
372
174
true
0
0
egi-21, 2-4
Ok
0
560
174
rnf-46, 1-13, 3-18
2
0
2
3
2
0
Ok
2
None
2
rnf-47, 0-12, 4-10
egi-22, 2-5
2
Ok
0
Ok
rnf-48, 0-13, 6-10
rnf-49, 2-10, 5-14
0
epi-43, 5-8
2
0
egi-23, 7-6
epi-44, 6-7
Ok
None
2
2
7
0
rnf-50, 1-14, 4-11
rnf-51, 1-15, 5-15
epi-45, 6-8
None
None
0
epi-46, 6-9
0
None
2
Ok
er-9, 3-1, 7-3
Ok
0
emi-14, 7-6
rnf-52, 2-11, 7-11
2
Ok
Ok
rnf-53, 1-16, 5-16
minf-15, 2-3
epi-47, 3-3
0
0
14
pinf-48, 0-12
0
14
Ok
rnf-54, 1-17, 3-19
2
Ok
0
pinf-49, 0-13
epi-48, 2-10
epi-49, 0-5
Ok
true
None
epi-50, 4-5
true
2
Ok
2
0
epi-51, 2-11
egi-24, 3-1
14
2
464
2
2
epi-52, 5-9
72
44
14
194
rnf-55, 1-18, 5-17
2
2
epi-53, 5-10
2
112
None
14
2
epi-54, 3-4
emi-15, 3-1
pinf-50, 0-14
Ok
true
16
0
0
egi-25, 6-4
epi-55, 0-6
emi-16, 7-7
0
rnf-56, 1-19, 7-12
0
None
0
Ok
None
0
0
112
2
0
420
0
true
true
epi-56, 3-5
16
epi-57, 6-10
egi-26, 3-2
None
0
0
rnf-57, 0-14, 5-18
er-10, 4-2, 5-1
emi-17, 1-5
2
4
2
2
Ok
egi-27, 1-3
epi-58, 3-6
2
rnf-58, 1-20, 5-19
Ok
0
rnf-59, 1-21, 5-20
er-11, 5-2, 6-5
epi-59, 4-6
2
0
true
Ok
0
epi-60, 1-6
er-12, 2-2, 3-2
0
true
2
19
epi-61, 7-6
2
0
7
epi-62, 0-7
19
2
Ok
None
pinf-51, 2-5
202
3
emi-18, 4-4
276
epi-63, 7-7
egi-28, 0-2
2
true
rnf-60, 1-22, 3-20
0
2
epi-64, 1-7
0
egi-29, 6-5
er-13, 2-3, 4-3
er-14, 6-6, 7-4
Ok
3
21
true
epi-65, 7-8
epi-66, 4-7
Ok
None
pinf-52, 2-6
2
72
21
2
2
epi-67, 0-8
er-15, 2-4, 6-7
epi-68, 6-11
Ok
242
0
epi-69, 6-12
egi-30, 6-6
2
0
true
epi-70, 4-8
2
10
21
2
0
21
rnf-61, 0-15, 5-21
Ok
3
87
er-16, 5-3, 6-8
174
Ok
242
21
276
0
Ok
4
87
None
112
Ok
None
94
0
2
er-17, 2-5, 3-3
21
21
0
2
None
356
0
0
2
true
21
242
minf-16, 7-1
Ok
242
Ok
0
4
21
2
21
0
2
Ok
0
Ok
2
emi-19, 5-1
rnf-62, 1-23, 7-13
None
epi-71, 1-8
epi-72, 0-9
emi-20, 5-2
true
0
21
None
rnf-63, 1-24, 4-12
2
21
3
21
epi-73, 7-9
rnf-64, 1-25, 5-22
epi-74, 0-10
er-18, 4-4, 7-5
egi-31, 4-6
2
384
Ok
true
0
384
true
minf-17, 2-4
true
rnf-65, 2-12, 7-14
2
er-19, 3-4, 5-4
3
731
0
384
2
Ok
er-20, 2-6, 4-5
0
2
true
21
None
0
2
Ordinary message: 0
true
true
94
er-21, 2-7, 5-5
pinf-53, 0-15
2
epi-75, 1-9
Ok
Ok
epi-76, 5-11
egi-32, 7-7
2
0
None
0
emi-21, 6-1
pinf-54, 0-16
Ok
3
7
2
2
140
true
0
0
epi-77, 6-13
3
None
epi-78, 1-10
2
Ok
0
420
21
3
emi-22, 3-2
Ok
2
2
0
80
3
egi-33, 7-8
2
2
21
er-22, 1-5, 3-5
2
0
0
362
Ok
true
Ok
er-23, 3-6, 4-6
2
epi-79, 3-7
true
21
21
egi-34, 0-3
2
3
Ok
epi-80, 4-9
egi-35, 0-4
er-24, 5-6, 6-9
true
Ok
None
2
None
epi-81, 2-12
0
emi-23, 3-3
420
true
2
23
epi-82, 4-10
epi-83, 2-13
Ok
rnf-66, 1-26, 5-23
112
2
epi-84, 3-8
er-25, 3-7, 7-6
epi-85, 1-11
rnf-67, 1-27, 7-15
true
epi-86, 7-10
3
44
Ok
Ordinary message: 0
Ok
egi-36, 0-5
er-26, 5-7, 6-10
egi-37, 0-6
28
epi-87, 4-11
Ok
2
Ok
epi-88, 0-11
epi-89, 3-9
Ok
epi-90, 5-12
emi-24, 5-3
7
rnf-68, 1-28, 7-16
Ok
28
2
32
7
7
egi-38, 0-7
epi-91, 7-11
Ok
epi-92, 4-12
emi-25, 1-6
er-27, 2-8, 6-11
0
true
0
Ok
epi-93, 5-13
epi-94, 4-13
436
Ok
0
rnf-69, 1-29, 4-13
true
er-28, 0-2, 1-6
