pinf-1, 8-1
pinf-2, 7-1
Ok
pinf-3, 4-1
0
pinf-4, 6-1
minf-1, 0-1
pinf-5, 6-2
ginf-1, 9-1
0
ginf-2, 4-1
0
0
ginf-3, 0-1
pinf-6, 5-1
The person with this number does not exist
ginf-4, 9-2
pinf-7, 10-1
pinf-8, 4-2
0
ginf-5, 1-1
pinf-9, 4-3
ginf-6, 9-3
pinf-10, 10-2
pinf-11, 1-1
pinf-12, 9-1
pinf-13, 2-1
Ok
0
ginf-7, 4-2
ginf-8, 0-2
Ok
pinf-14, 4-4
Ok
pinf-15, 1-2
ginf-9, 1-2
ginf-10, 9-4
2
ginf-11, 0-3
Ok
epi-1, 9-1
ginf-12, 2-1
ginf-13, 2-2
ginf-14, 6-1
pinf-16, 5-2
The person with this number does not exist
pinf-17, 5-3
Ok
0
pinf-18, 4-5
0
ginf-15, 4-3
The person with this number does not exist
The person with this number does not exist
0
minf-2, 3-1
ginf-16, 0-4
0
pinf-19, 8-2
pinf-20, 6-3
pinf-21, 0-1
minf-3, 0-2
ginf-17, 5-1
minf-4, 6-1
2
0
pinf-22, 3-1
0
0
pinf-23, 8-3
pinf-24, 8-4
pinf-25, 5-4
pinf-26, 3-2
pinf-27, 4-6
pinf-28, 6-4
pinf-29, 5-5
0
Group does not exist
0
pinf-30, 3-3
Group does not exist
pinf-31, 0-2
pinf-32, 1-3
pinf-33, 1-4
ginf-18, 5-2
The person with this number does not exist
2
ginf-19, 1-3
2
pinf-34, 1-5
2
Ok
pinf-35, 6-5
0
0
pinf-36, 2-2
Ok
ginf-20, 2-3
pinf-37, 2-3
pinf-38, 6-6
3
epi-2, 9-2
ginf-21, 2-4
rnf-1, 9-1, 10-1
ginf-22, 1-4
0
ginf-23, 4-4
pinf-39, 6-7
pinf-40, 1-6
ginf-24, 0-5
0
pinf-41, 0-3
ginf-25, 10-1
3
minf-5, 9-1
pinf-42, 3-4
pinf-43, 8-5
3
The person with this number does not exist
0
ginf-26, 4-5
pinf-44, 3-5
0
pinf-45, 2-4
0
0
anf-1, 4-1
The person with this number does not exist
ginf-27, 5-3
pinf-46, 5-6
pinf-47, 7-2
pinf-48, 1-7
ginf-28, 1-5
ginf-29, 1-6
pinf-49, 1-8
pinf-50, 5-7
pinf-51, 2-5
pinf-52, 1-9
pinf-53, 1-10
0
0
The person with this number does not exist
0
3
pinf-54, 8-6
minf-6, 6-2
ginf-30, 10-2
pinf-55, 6-8
pinf-56, 2-6
pinf-57, 8-7
egi-1, 8-1
pinf-58, 0-4
0
The person with this number does not exist
pinf-59, 6-9
pinf-60, 7-3
pinf-61, 1-11
0
pinf-62, 2-7
pinf-63, 6-10
3
0
Ok
None
Ok
ginf-31, 0-6
ginf-32, 10-3
pinf-64, 7-4
epi-3, 4-1
ginf-33, 4-6
pinf-65, 8-8
minf-7, 1-1
Ok
pinf-66, 3-6
Ok
0
Ok
anf-2, 9-1
pinf-67, 7-5
0
ginf-34, 2-5
pinf-68, 8-9
0
pinf-69, 7-6
6
ginf-35, 0-7
ginf-36, 7-1
pinf-70, 6-11
epi-4, 1-1
egi-2, 8-2
minf-8, 9-2
pinf-71, 7-7
None
minf-9, 9-3
pinf-72, 2-8
ginf-37, 4-7
Group does not exist
Ok
ginf-38, 2-6
None
minf-10, 4-1
rnf-2, 0-1, 10-2
0
ginf-39, 1-7
rnf-3, 5-1, 9-2
rnf-4, 0-2, 1-1
pinf-73, 8-10
ginf-40, 10-4
pinf-74, 6-12
rnf-5, 0-3, 1-2
minf-11, 6-3
7
7
0
None
false
ginf-41, 7-2
Ok
0
1
pinf-75, 4-7
pinf-76, 2-9
pinf-77, 8-11
6
pinf-78, 2-10
0
0
minf-12, 7-1
ginf-42, 4-8
false
pinf-79, 3-7
ginf-43, 7-3
minf-13, 0-3
rnf-6, 4-1, 9-3
ginf-44, 7-4
anf-3, 5-1
pinf-80, 8-12
pinf-81, 3-8
pinf-82, 6-13
Ok
ginf-45, 10-5
ginf-46, 10-6
minf-14, 5-1
None
pinf-83, 8-13
1
minf-15, 5-2
epi-5, 1-2
Group does not exist
false
epi-6, 10-1
None
Ok
0
ginf-47, 0-8
pinf-84, 6-14
minf-16, 0-4
ginf-48, 10-7
Ok
pinf-85, 2-11
0
pinf-86, 2-12
6
6
Ok
1
0
1
false
rnf-7, 5-2, 7-1
false
epi-7, 4-2
Ok
Ok
anf-4, 1-1
0
Group does not exist
minf-17, 7-2
Ok
7
ginf-49, 7-5
epi-8, 5-1
ginf-50, 10-8
7
minf-18, 3-2
Ok
0
ginf-51, 5-4
0
false
pinf-87, 2-13
Ok
rnf-8, 0-4, 5-3
0
1
None
8
epi-9, 7-1
emi-1, 10-1
Ok
0
7
ginf-52, 4-9
Ok
epi-10, 6-1
0
ginf-53, 10-9
epi-11, 5-2
Ok
1
Ok
None
Ok
4
Ok
2
None
2
5
0
5
Ok
epi-12, 5-3
ginf-54, 4-10
er-1, 4-1, 4-1
0
epi-13, 3-1
Ok
Ok
rnf-9, 6-1, 10-3
egi-3, 9-1
epi-14, 8-1
0
0
epi-15, 10-2
egi-4, 2-1
Ok
egi-5, 8-3
rnf-10, 6-2, 7-2
pinf-88, 4-8
minf-19, 0-5
rnf-11, 5-4, 7-3
pinf-89, 2-14
0
The person with this number does not exist
0
0
0
0
epi-16, 7-2
None
minf-20, 0-6
false
Ok
ginf-55, 7-6
Ok
epi-17, 3-2
false
2
epi-18, 10-3
epi-19, 8-2
minf-21, 5-3
false
2
0
rnf-12, 3-1, 4-2
ginf-56, 0-9
er-2, 6-1, 8-1
epi-20, 4-3
minf-22, 5-4
Ok
Ok
None
10
epi-21, 7-3
rnf-13, 0-5, 5-5
0
9
rnf-14, 1-3, 10-4
0
0
2
Ok
rnf-15, 6-3, 9-4
Ok
0
egi-6, 10-1
Ok
epi-22, 10-4
epi-23, 6-2
pinf-90, 2-15
9
0
rnf-16, 0-6, 8-1
pinf-91, 2-16
Ok
2
false
ginf-57, 0-10
Ok
egi-7, 5-1
pinf-92, 2-17
rnf-17, 1-4, 5-6
0
0
0
0
Ok
rnf-18, 5-7, 10-5
3
true
Ok
None
0
0
Ok
rnf-19, 8-2, 10-6
rnf-20, 0-7, 8-3
None
0
emi-2, 1-1
0
egi-8, 2-2
3
0
egi-9, 6-1
pinf-93, 2-18
rnf-21, 8-4, 9-5
ginf-58, 0-11
epi-24, 1-3
48
pinf-94, 2-19
None
rnf-22, 5-8, 9-6
er-3, 6-2, 8-2
Ok
rnf-23, 5-9, 10-7
0
minf-23, 0-7
rnf-24, 0-8, 8-5
er-4, 4-2, 9-1
0
pinf-95, 2-20
pinf-96, 9-2
Ok
8
epi-25, 7-4
ginf-59, 4-11
2
egi-10, 6-2
3
0
0
1
rnf-25, 6-4, 7-4
minf-24, 5-5
epi-26, 8-3
er-5, 9-2, 9-2
Ok
epi-27, 1-4
minf-25, 0-8
egi-11, 5-2
rnf-26, 5-10, 10-8
anf-5, 3-1
0
epi-28, 7-5
7
ginf-60, 4-12
2
None
0
true
0
2
rnf-27, 6-5, 10-9
true
ginf-61, 4-13
Ok
egi-12, 1-1
0
0
rnf-28, 0-9, 5-11
Ok
0
None
None
epi-29, 10-5
minf-26, 5-6
0
rnf-29, 7-5, 8-6
0
emi-3, 2-1
pinf-97, 2-21
ginf-62, 4-14
Ok
0
Ok
minf-27, 6-4
Ok
Ok
pinf-98, 2-22
epi-30, 5-4
1
2
epi-31, 3-3
rnf-30, 6-6, 10-10
true
epi-32, 3-4
egi-13, 5-3
Ok
pinf-99, 2-23
1
None
1
Ordinary message: 1
Ok
1
rnf-31, 5-12, 6-7
9
1
epi-33, 3-5
0
minf-28, 8-1
0
rnf-32, 1-5, 5-13
0
6
None
epi-34, 8-4
ginf-63, 0-12
epi-35, 7-6
Ok
1
egi-14, 6-3
4
2
egi-15, 4-1
None
None
2
2
0
egi-16, 7-1
None
true
2
Ok
pinf-100, 9-3
epi-36, 1-5
minf-29, 6-5
0
rnf-33, 1-6, 5-14
er-6, 2-1, 2-1
1
rnf-34, 7-6, 10-11
2
epi-37, 6-3
Ordinary message: 1
0
rnf-35, 7-7, 8-7
rnf-36, 0-10, 9-7
epi-38, 1-6
2
0
0
1
2
0
ginf-64, 0-13
epi-39, 7-7
rnf-37, 4-3, 7-8
0
rnf-38, 4-4, 5-15
Ok
er-7, 1-1, 4-3
ginf-65, 0-14
Ok
0
2
egi-17, 9-2
Ok
egi-18, 6-4
1
rnf-39, 5-16, 9-8
2
true
7
epi-40, 6-4
None
0
rnf-40, 5-17, 9-9
0
10
epi-41, 8-5
7
None
0
2
egi-19, 9-3
epi-42, 8-6
emi-4, 2-2
emi-5, 1-2
1
0
true
1
rnf-41, 0-11, 3-2
rnf-42, 4-5, 10-12
rnf-43, 1-7, 9-10
Ok
0
2
Ok
epi-43, 0-1
528
rnf-44, 3-3, 5-18
epi-44, 1-7
Ok
2
epi-45, 8-7
er-8, 9-3, 9-3
pinf-101, 10-3
epi-46, 8-8
2
Ok
0
528
Ok
46
Ok
Ok
15
epi-47, 9-3
epi-48, 10-6
10
Ok
Ok
egi-20, 1-2
rnf-45, 0-12, 7-9
egi-21, 1-3
Ok
rnf-46, 4-6, 10-13
4
epi-49, 4-4
egi-22, 3-1
minf-30, 5-7
Ok
Ok
Ok
epi-50, 6-5
true
0
epi-51, 7-8
emi-6, 1-3
true
0
egi-23, 6-5
Ordinary message: 1
1
1
Ok
minf-31, 9-4
egi-24, 6-6
ginf-66, 0-15
0
rnf-47, 6-8, 9-11
pinf-102, 9-4
Ok
0
10
76
5
egi-25, 6-7
None
Ok
1
Ok
7
emi-7, 1-4
46
emi-8, 1-5
rnf-48, 0-13, 1-8
3
Ok
0
emi-9, 2-3
1
epi-52, 9-4
er-9, 6-3, 8-3
Ok
Ok
4
Ok
rnf-49, 2-1, 5-19
4
Ok
epi-53, 2-1
Ok
minf-32, 5-8
Ok
epi-54, 0-2
ginf-67, 0-16
0
None
egi-26, 1-4
3
1
1
None
1
Ordinary message: 1
0
epi-55, 3-6
0
0
Ok
rnf-50, 6-9, 9-12
8
1
Ok
true
epi-56, 9-5
rnf-51, 2-2, 8-8
egi-27, 1-5
-779
0
minf-33, 8-2
1
epi-57, 10-7
epi-58, 4-5
egi-28, 6-8
true
2
pinf-103, 9-5
0
Ok
epi-59, 9-6
emi-10, 4-1
None
Ok
rnf-52, 1-9, 6-10
rnf-53, 3-4, 10-14
true
1
egi-29, 6-9
egi-30, 1-6
528
true
9
3
-779
1
Ok
epi-60, 10-8
11
182
true
minf-34, 10-1
true
Ok
epi-61, 4-6
0
156
46
-251
rnf-54, 1-10, 5-20
0
-154
Ok
11
None
0
0
rnf-55, 1-11, 7-10
true
egi-31, 8-4
0
emi-11, 3-1
Ok
4
3
3
er-10, 0-1, 7-1
1
epi-62, 5-5
0
3
rnf-56, 5-21, 6-11
11
0
rnf-57, 1-12, 5-22
Ok
Ok
rnf-58, 7-11, 10-15
7
epi-63, 5-6
1
0
528
Ok
pinf-104, 10-4
Ok
2
568
Ok
0
epi-64, 9-7
egi-32, 5-4
1
Ordinary message: 1
epi-65, 0-3
rnf-59, 0-14, 9-13
Ok
er-11, 0-2, 6-4
true
1
epi-66, 6-6
epi-67, 0-4
true
Ok
epi-68, 2-2
9
epi-69, 2-3
egi-33, 7-2
epi-70, 3-7
None
epi-71, 1-8
17
Ok
true
1
rnf-60, 1-13, 8-9
egi-34, 0-1
minf-35, 0-9
Ok
None
minf-36, 10-2
2
2
minf-37, 8-3
2
rnf-61, 5-23, 10-16
egi-35, 3-2
epi-72, 2-4
epi-73, 8-9
0
0
3
17
2
Ok
0
emi-12, 7-1
None
rnf-62, 1-14, 5-24
0
rnf-63, 0-15, 1-15
20
0
2
2
3
20
egi-36, 6-10
2
20
3
epi-74, 8-10
Ok
Ok
2
true
0
9
24
91
epi-75, 0-5
rnf-64, 0-16, 5-25
928
24
24
egi-37, 1-7
None
egi-38, 4-2
emi-13, 5-1
None
epi-76, 6-7
Ordinary message: 1
true
24
pinf-105, 10-5
epi-77, 0-6
epi-78, 2-5
pinf-106, 10-6
true
emi-14, 2-4
rnf-65, 0-17, 3-5
76
2
0
0
3
Ok
0
568
pinf-107, 9-6
4
Ok
2
true
7
2
epi-79, 7-9
-154
egi-39, 1-8
0
Ok
0
rnf-66, 0-18, 2-3
None
minf-38, 6-6
None
er-12, 1-2, 1-2
er-13, 1-3, 9-4
Ok
Ok
Ok
0
minf-39, 10-3
29
680
Ok
true
31
2
0
0
epi-80, 8-11
emi-15, 1-6
68
epi-81, 0-7
minf-40, 8-4
2
true
2
epi-82, 6-8
Ok
2
0
true
emi-16, 2-5
2
680
true
er-14, 0-3, 6-5
Ok
Ok
2
16
minf-41, 10-4
2
epi-83, 3-8
0
0
Ok
680
0
None
0
62
0
33
7
egi-40, 3-3
Ok
er-15, 0-4, 0-4
2
er-16, 4-4, 10-1
None
rnf-67, 6-12, 7-12
epi-84, 9-8
0
2
minf-42, 6-7
0
-154
egi-41, 5-5
emi-17, 0-1
33
2
2
2
0
emi-18, 1-7
0
0
7
750
true
Ok
