The person with this number does not exist
0
Ok
epi-1, 4-1
ginf-1, 5-1
ginf-2, 3-1
pinf-1, 0-1
pinf-2, 0-2
0
pinf-3, 6-1
minf-1, 0-1
pinf-4, 3-1
1
ginf-3, 6-1
pinf-5, 7-1
minf-2, 7-1
ginf-4, 1-1
Ok
pinf-6, 2-1
Ok
pinf-7, 6-2
ginf-5, 5-2
Ok
true
Group does not exist
minf-3, 4-1
pinf-8, 5-1
2
None
pinf-9, 2-2
pinf-10, 2-3
pinf-11, 0-3
2
pinf-12, 0-4
ginf-6, 4-1
0
0
ginf-7, 5-3
Ok
pinf-13, 5-2
0
ginf-8, 0-1
pinf-14, 0-5
2
0
pinf-15, 2-4
ginf-9, 0-2
pinf-16, 2-5
pinf-17, 3-2
pinf-18, 3-3
pinf-19, 6-3
pinf-20, 3-4
pinf-21, 6-4
pinf-22, 1-1
egi-1, 7-1
Ok
ginf-10, 3-2
Ok
ginf-11, 5-4
ginf-12, 0-3
0
egi-2, 1-1
pinf-23, 0-6
false
Ok
Ok
pinf-24, 2-6
minf-4, 6-1
ginf-13, 0-4
Ok
None
None
ginf-14, 3-3
pinf-25, 1-2
minf-5, 3-1
pinf-26, 1-3
pinf-27, 1-4
pinf-28, 2-7
pinf-29, 2-8
pinf-30, 2-9
epi-2, 7-1
Ok
rnf-1, 1-1, 3-1
0
0
6
0
epi-3, 7-2
6
minf-6, 5-1
None
minf-7, 3-2
anf-1, 0-1
None
6
0
0
0
egi-3, 1-2
pinf-31, 5-3
pinf-32, 5-4
pinf-33, 5-5
pinf-34, 5-6
6
pinf-35, 5-7
Group does not exist
false
pinf-36, 2-10
6
pinf-37, 2-11
ginf-15, 3-4
minf-8, 4-2
0
Group does not exist
true
pinf-38, 5-8
pinf-39, 5-9
epi-4, 4-2
pinf-40, 2-12
Ok
0
pinf-41, 5-10
Ok
5
0
0
epi-5, 3-1
anf-2, 4-1
rnf-2, 4-1, 6-1
0
0
false
er-1, 3-1, 3-1
pinf-42, 2-13
Ok
rnf-3, 4-2, 7-1
ginf-16, 4-2
ginf-17, 3-5
0
minf-9, 2-1
4
epi-6, 3-2
2
None
epi-7, 1-1
2
Ok
Ok
ginf-18, 4-3
epi-8, 0-1
Ok
3
2
3
0
epi-9, 3-3
egi-4, 6-1
egi-5, 1-3
epi-10, 1-2
0
0
4
anf-3, 1-1
Ok
ginf-19, 0-5
pinf-43, 5-11
2
0
true
minf-10, 0-2
None
pinf-44, 5-12
0
epi-11, 0-2
2
egi-6, 3-1
4
pinf-45, 5-13
Ok
0
0
The person with this number does not exist
0
er-2, 7-1, 7-1
Group does not exist
ginf-20, 5-5
pinf-46, 2-14
egi-7, 7-2
epi-12, 1-3
pinf-47, 2-15
None
0
ginf-21, 4-4
Ok
epi-13, 6-1
minf-11, 3-3
Ok
3
ginf-22, 0-6
rnf-4, 1-2, 6-2
true
pinf-48, 2-16
0
ginf-23, 4-5
epi-14, 0-3
Group does not exist
pinf-49, 5-14
ginf-24, 0-7
minf-12, 6-2
The person with this number does not exist
0
0
None
Ok
2
minf-13, 4-3
ginf-25, 4-6
Ok
0
0
Ok
4
4
0
pinf-50, 5-15
true
emi-1, 2-1
minf-14, 7-2
The person with this number does not exist
false
4
epi-15, 2-1
None
0
0
0
pinf-51, 5-16
false
pinf-52, 5-17
true
egi-8, 3-2
rnf-5, 0-1, 2-1
epi-16, 1-4
minf-15, 3-4
None
0
pinf-53, 5-18
2
4
false
egi-9, 2-1
4
rnf-6, 2-2, 6-3
egi-10, 3-3
2
anf-4, 2-1
Ok
ginf-26, 5-6
true
ginf-27, 5-7
epi-17, 6-2
4
4
0
0
2
0
0
0
epi-18, 4-3
anf-5, 1-2
0
minf-16, 0-3
pinf-54, 5-19
ginf-28, 5-8
Ok
rnf-7, 0-2, 2-3
egi-11, 6-2
None
None
er-3, 4-1, 4-1
0
2
4
None
0
Ok
er-4, 0-1, 6-1
None
pinf-55, 5-20
None
The person with this number does not exist
false
0
Ok
0
None
ginf-29, 5-9
Group does not exist
Ok
3
3
2
0
0
Ok
0
rnf-8, 6-4, 7-2
pinf-56, 3-5
rnf-9, 2-4, 3-2
pinf-57, 5-21
None
anf-6, 2-2
egi-12, 2-2
3
0
epi-19, 1-5
pinf-58, 5-22
Ok
Ok
Ok
egi-13, 1-4
ginf-30, 5-10
0
rnf-10, 0-3, 3-3
rnf-11, 3-4, 6-5
4
4
rnf-12, 3-5, 7-3
3
0
2
egi-14, 7-3
Ok
0
0
ginf-31, 5-11
pinf-59, 7-2
true
egi-15, 6-3
0
rnf-13, 2-5, 5-1
epi-20, 0-4
4
Ok
0
minf-17, 5-2
0
false
0
epi-21, 6-3
Ok
0
0
0
3
Ok
0
emi-2, 2-2
Ok
rnf-14, 0-4, 2-6
anf-7, 5-1
egi-16, 3-4
epi-22, 2-2
3
Ok
Ok
egi-17, 3-5
Ok
epi-23, 7-3
1
true
true
epi-24, 3-4
3
1
minf-18, 5-3
3
er-5, 0-2, 4-2
None
rnf-15, 4-3, 6-6
egi-18, 7-4
Ok
None
er-6, 1-1, 3-2
Ok
2
0
0
1
rnf-16, 6-7, 7-4
0
None
0
0
minf-19, 5-4
Ok
egi-19, 6-4
rnf-17, 5-2, 6-8
0
rnf-18, 1-3, 4-4
0
None
None
0
emi-3, 2-3
Ok
2
egi-20, 2-3
71
epi-25, 7-4
None
None
Ok
1
epi-26, 3-5
6
0
2
rnf-19, 3-6, 6-9
minf-20, 5-5
8
0
false
egi-21, 2-4
2
Ok
66
0
2
0
6
emi-4, 0-1
true
true
8
rnf-20, 0-5, 5-3
0
true
0
Ok
rnf-21, 1-4, 4-5
Ok
emi-5, 6-1
Ok
3
Ok
0
0
30
1
0
Ok
Ok
3
Ok
0
3
3
3
0
7
pinf-60, 3-6
719
2
true
Ok
er-7, 0-3, 7-2
Ok
66
7
epi-27, 3-6
1
0
719
65
epi-28, 4-4
rnf-22, 2-7, 6-10
2
egi-22, 1-5
0
0
0
rnf-23, 6-11, 7-5
0
Ok
Ok
pinf-61, 6-5
epi-29, 2-3
er-8, 3-3, 7-3
None
pinf-62, 6-6
None
0
pinf-63, 3-7
7
7
None
0
3
true
5
egi-23, 2-5
2
epi-30, 5-1
1
minf-21, 7-3
None
0
epi-31, 5-2
epi-32, 5-3
epi-33, 4-5
0
er-9, 1-2, 6-2
2
Ok
pinf-64, 6-7
epi-34, 2-4
true
719
Ok
epi-35, 1-6
Ok
None
None
Ok
None
Ok
None
None
2
0
68
2
0
true
7
epi-36, 7-5
epi-37, 5-4
egi-24, 5-1
Ok
3
3
8
emi-6, 5-1
true
epi-38, 3-7
emi-7, 1-1
84
2
true
0
3
None
None
epi-39, 2-5
pinf-65, 6-8
Ok
egi-25, 6-5
3
0
true
8
8
Ok
1
0
Ok
3
epi-40, 1-7
3
2
egi-26, 4-1
er-10, 0-4, 5-1
0
true
8
71
pinf-66, 3-8
true
epi-41, 1-8
0
epi-42, 2-6
3
None
2
Ok
8
3
true
Ok
0
84
Ok
rnf-24, 4-6, 5-4
8
8
84
egi-27, 4-2
true
8
0
er-11, 3-4, 4-3
0
minf-22, 5-6
epi-43, 3-8
3
epi-44, 1-9
egi-28, 7-5
epi-45, 7-6
2
pinf-67, 3-9
0
None
3
Ok
true
rnf-25, 1-5, 4-7
pinf-68, 6-9
0
2
5
Ok
3
true
rnf-26, 6-12, 7-6
epi-46, 3-9
8
egi-29, 1-6
er-12, 3-5, 7-4
pinf-69, 3-10
0
epi-47, 0-5
0
emi-8, 1-2
epi-48, 0-6
epi-49, 7-7
epi-50, 6-4
0
epi-51, 0-7
egi-30, 5-2
epi-52, 4-6
rnf-27, 3-7, 6-13
8
epi-53, 5-5
rnf-28, 2-8, 6-14
2
epi-54, 7-8
2
er-13, 1-3, 3-6
0
egi-31, 1-7
0
0
2
Ordinary message: 5
egi-32, 2-6
epi-55, 6-5
emi-9, 0-2
2
Ok
8
1309
Ok
true
epi-56, 2-7
3
2
pinf-70, 3-11
Ok
epi-57, 1-10
3
628
true
minf-23, 6-3
epi-58, 2-8
0
0
Ok
true
er-14, 1-4, 5-2
0
416
true
758
epi-59, 2-9
3
84
8
epi-60, 1-11
epi-61, 7-9
epi-62, 6-6
0
2
true
8
0
0
2
Ok
epi-63, 6-7
8
Ok
8
2
46
epi-64, 4-7
0
8
758
1
2
1309
1
None
None
Ok
None
7
8
8
rnf-29, 3-8, 5-5
628
Ok
epi-65, 1-12
pinf-71, 3-12
0
er-15, 5-3, 5-3
None
egi-33, 3-6
rnf-30, 2-9, 4-8
minf-24, 5-7
rnf-31, 0-6, 2-10
3
epi-66, 1-13
2
0
8
egi-34, 6-6
rnf-32, 6-15, 7-7
epi-67, 2-10
0
Ok
Ordinary message: 5
true
3
Ok
8
rnf-33, 1-6, 4-9
egi-35, 5-3
rnf-34, 4-10, 5-6
rnf-35, 1-7, 4-11
egi-36, 3-7
None
8
rnf-36, 3-9, 6-16
3
true
pinf-72, 6-10
pinf-73, 6-11
Ok
0
egi-37, 0-1
9
epi-68, 3-10
Ok
egi-38, 2-7
None
er-16, 0-5, 4-4
9
true
Ok
0
er-17, 5-4, 5-4
0
9
pinf-74, 3-13
1
Ok
rnf-37, 1-8, 2-11
2
pinf-75, 3-14
Ok
true
3
Ok
0
0
Ok
5
3
71
7
er-18, 2-1, 7-5
pinf-76, 6-12
er-19, 3-7, 7-6
8
epi-69, 4-8
rnf-38, 0-7, 2-12
3
er-20, 0-6, 0-6
Ok
628
egi-39, 1-8
3
Ok
pinf-77, 6-13
rnf-39, 1-9, 4-12
rnf-40, 4-13, 5-7
Ok
rnf-41, 6-17, 7-8
epi-70, 4-9
epi-71, 6-8
epi-72, 1-14
rnf-42, 0-8, 3-10
Ok
true
43
7
68
rnf-43, 2-13, 3-11
0
rnf-44, 0-9, 3-12
0
3
190
epi-73, 7-10
epi-74, 1-15
epi-75, 5-6
rnf-45, 0-10, 3-13
Ok
2
0
0
egi-40, 6-7
egi-41, 7-6
6
38
7
None
pinf-78, 6-14
2
7
2
7
Ok
97
true
3
0
emi-10, 1-3
38
-578
2
true
97
Ok
2
7
epi-76, 7-11
Ok
0
er-21, 5-5, 5-5
Ok
epi-77, 3-11
3
7
3
None
true
Ok
7
epi-78, 0-8
emi-11, 0-3
670
er-22, 0-7, 4-5
None
epi-79, 7-12
epi-80, 1-16
65
true
0
egi-42, 1-9
true
epi-81, 6-9
egi-43, 6-8
0
emi-12, 6-2
epi-82, 5-7
2
0
0
7
epi-83, 4-10
7
-578
3
egi-44, 7-7
2
84
epi-84, 2-11
Ok
65
Ok
er-23, 2-2, 5-6
egi-45, 2-8
758
2
-1169
epi-85, 5-8
2
epi-86, 5-9
-1169
egi-46, 7-8
7
0
7
rnf-46, 1-10, 4-14
rnf-47, 6-18, 7-9
None
Ok
3
rnf-48, 0-11, 5-8
epi-87, 3-12
true
None
rnf-49, 6-19, 7-10
rnf-50, 2-14, 6-20
epi-88, 2-12
71
epi-89, 6-10
1
false
rnf-51, 2-15, 6-21
2
epi-90, 5-10
Ok
731
pinf-79, 6-15
epi-91, 4-11
emi-13, 5-2
emi-14, 2-4
2
4
rnf-52, 1-11, 4-15
egi-47, 1-10
emi-15, 4-1
false
6
0
-411
Ok
0
4
true
Ok
Ok
0
false
2
6
rnf-53, 2-16, 6-22
Ok
2
731
0
epi-92, 2-13
er-24, 7-7, 7-7
2
rnf-54, 1-12, 4-16
false
egi-48, 3-8
egi-49, 4-3
None
0
2
epi-93, 1-17
egi-50, 4-4
11
None
6
egi-51, 0-2
38
emi-16, 5-3
rnf-55, 1-13, 4-17
Ok
er-25, 1-5, 3-8
rnf-56, 0-12, 2-17
egi-52, 5-4
3
rnf-57, 3-14, 6-23
true
Ok
epi-94, 4-12
emi-17, 7-1
emi-18, 4-2
0
758
3
Ordinary message: 5
