ginf-1, 0-1
pinf-1, 1-1
0
Ok
minf-1, 1-1
ginf-2, 2-1
pinf-2, 0-1
pinf-3, 0-2
pinf-4, 1-2
minf-2, 0-1
pinf-5, 0-3
pinf-6, 2-1
pinf-7, 0-4
pinf-8, 0-5
ginf-3, 2-2
0
ginf-4, 0-2
0
0
pinf-9, 2-2
pinf-10, 4-1
ginf-5, 1-1
pinf-11, 4-2
0
pinf-12, 2-3
ginf-6, 0-3
ginf-7, 2-3
pinf-13, 0-6
0
pinf-14, 4-3
ginf-8, 3-1
pinf-15, 1-3
ginf-9, 1-2
Ok
2
2
ginf-10, 3-2
pinf-16, 0-7
ginf-11, 1-3
pinf-17, 1-4
0
pinf-18, 0-8
Ok
0
epi-1, 3-1
pinf-19, 1-5
0
Ok
anf-1, 3-1
minf-3, 3-1
Group does not exist
0
2
egi-1, 3-1
rnf-1, 2-1, 3-1
pinf-20, 1-6
pinf-21, 4-4
pinf-22, 0-9
ginf-12, 2-4
ginf-13, 2-5
false
pinf-23, 1-7
minf-4, 2-1
egi-2, 3-2
epi-2, 2-1
0
0
minf-5, 0-2
The person with this number does not exist
0
Ok
Ok
ginf-14, 0-4
pinf-24, 1-8
Ok
ginf-15, 4-1
pinf-25, 1-9
pinf-26, 1-10
0
rnf-2, 2-2, 4-1
egi-3, 1-1
Ok
0
3
pinf-27, 0-10
0
epi-3, 3-2
ginf-16, 0-5
ginf-17, 4-2
pinf-28, 1-11
ginf-18, 4-3
rnf-3, 3-2, 4-2
0
0
The person with this number does not exist
pinf-29, 0-11
3
rnf-4, 2-3, 3-3
epi-4, 2-2
pinf-30, 1-12
Ok
epi-5, 3-3
rnf-5, 3-4, 4-3
4
anf-2, 2-1
rnf-6, 3-5, 4-4
ginf-19, 4-4
0
ginf-20, 4-5
4
Group does not exist
rnf-7, 2-4, 3-6
Ok
pinf-31, 0-12
er-1, 1-1, 1-1
0
epi-6, 1-1
true
4
0
Ok
Ok
Ok
0
Ok
pinf-32, 0-13
0
egi-4, 4-1
None
Ok
pinf-33, 0-14
Ok
0
1
1
0
er-2, 1-2, 4-1
epi-7, 3-4
rnf-8, 1-1, 2-5
3
epi-8, 3-5
Ok
0
0
pinf-34, 0-15
0
epi-9, 3-6
0
0
3
pinf-35, 0-16
minf-6, 4-1
None
0
Ok
0
0
rnf-9, 3-7, 4-5
rnf-10, 0-1, 1-2
0
epi-10, 2-3
epi-11, 4-1
er-3, 2-1, 2-1
0
Ok
3
55
epi-12, 3-7
Ok
0
epi-13, 3-8
3
0
Ok
None
epi-14, 2-4
Ok
1
Ok
1
rnf-11, 0-2, 4-6
3
Ok
0
0
0
epi-15, 2-5
0
0
None
Ok
rnf-12, 2-6, 3-8
3
true
3
minf-7, 4-2
1
rnf-13, 0-3, 4-7
0
epi-16, 1-2
rnf-14, 0-4, 2-7
emi-1, 1-1
1
0
1
Ok
1
0
1
0
1
0
1
0
1
3
1
0
Ok
egi-5, 1-2
0
0
0
0
anf-3, 0-1
Ok
minf-8, 4-3
None
rnf-15, 1-3, 2-8
3
3
emi-2, 2-1
epi-17, 4-2
0
1
0
Ok
0
Ok
0
Ok
emi-3, 4-1
0
epi-18, 2-6
Ok
1
false
Ok
None
34
Ordinary message: 0
egi-6, 1-3
Ok
er-4, 3-1, 4-2
Ok
egi-7, 0-1
0
1
false
Ok
1
Ok
epi-19, 3-9
true
0
egi-8, 0-2
true
er-5, 1-3, 4-3
false
1
0
0
1
epi-20, 4-3
0
Ok
egi-9, 4-2
er-6, 1-4, 3-2
epi-21, 4-4
0
80
3
rnf-16, 0-5, 2-9
None
None
epi-22, 4-5
epi-23, 4-6
true
-434
anf-4, 0-2
er-7, 3-3, 4-4
rnf-17, 0-6, 2-10
1
rnf-18, 0-7, 1-4
true
emi-4, 3-1
0
0
true
er-8, 1-5, 2-2
Ok
0
-434
emi-5, 1-2
true
Ordinary message: 0
rnf-19, 0-8, 1-5
epi-24, 4-7
emi-6, 4-2
2
epi-25, 1-3
1
Ok
0
2
minf-9, 0-3
0
Ordinary message: 0
er-9, 3-4, 4-5
rnf-20, 0-9, 2-11
true
3
Ok
1
2
1
true
epi-26, 1-4
Ok
epi-27, 1-5
true
43
0
true
0
None
0
Ok
4
26
106
1
er-10, 2-3, 3-5
-514
Ok
1
Ok
13
-514
1
4
rnf-21, 0-10, 3-9
Ok
55
4
4
0
0
1
rnf-22, 0-11, 1-6
Ordinary message: 3; Ordinary message: 2; Ordinary message: 0
4
None
1
266
3
0
epi-28, 4-8
Ordinary message: 4
er-11, 3-6, 3-6
9
0
true
Ordinary message: 4
epi-29, 0-1
1
1
epi-30, 4-9
1
epi-31, 2-7
Ordinary message: 3; Ordinary message: 2; Ordinary message: 0
None
1
epi-32, 1-6
rnf-23, 0-12, 2-12
1
epi-33, 1-7
Ok
epi-34, 4-10
0
4
rnf-24, 0-13, 1-7
egi-10, 3-3
true
epi-35, 3-10
egi-11, 3-4
er-12, 1-6, 2-4
-514
true
1
1
1
Ok
1
1399
4
4
minf-10, 3-2
rnf-25, 0-14, 1-8
Ok
er-13, 2-5, 3-7
Ok
epi-36, 1-8
Ok
0
2
2
Ok
34
2
egi-12, 0-3
true
egi-13, 0-4
emi-7, 4-3
rnf-26, 0-15, 1-9
epi-37, 3-11
1
Ok
1
412
egi-14, 1-4
emi-8, 4-4
Ok
0
None
er-14, 0-1, 4-6
true
479
143
Ok
0
412
16
Ok
1
2
6
Ok
Ok
479
true
2
epi-38, 2-8
2
epi-39, 4-11
Ok
Ok
Ok
None
0
2
0
Ok
epi-40, 2-9
2
0
egi-15, 2-1
minf-11, 0-4
5
Ok
Ok
egi-16, 0-5
8
minf-12, 0-5
5
2
256
epi-41, 1-9
0
Ok
false
rnf-27, 0-16, 1-10
0
Ok
epi-42, 0-2
86
86
None
emi-9, 4-5
Ok
2550
false
Ordinary message: 3; Ordinary message: 2; Ordinary message: 0
5
Ok
emi-10, 3-2
emi-11, 4-6
None
true
epi-43, 3-12
epi-44, 2-10
0
5
er-15, 3-8, 3-8
emi-12, 3-3
5
0
er-16, 1-7, 1-7
Ok
4
minf-13, 2-2
epi-45, 4-12
18
Ok
Ok
0
epi-46, 4-13
5
false
Ok
er-17, 3-9, 4-7
55
true
Ok
epi-47, 4-14
None
true
pinf-36, 4-5
0
230
epi-48, 4-15
er-18, 3-10, 3-10
Ok
None
3175
1
Ok
Ok
None
pinf-37, 4-6
1687
0
6
1
1
6
epi-49, 4-16
Ok
epi-50, 4-17
Ok
230
6
230
Ok
6
6
epi-51, 4-18
18
18
0
emi-13, 1-3
0
1
emi-14, 3-4
2
3175
Ok
Ok
epi-52, 3-13
1
0
er-19, 2-6, 2-6
minf-14, 2-3
Ok
0
true
true
er-20, 3-11, 4-8
2368
Ok
epi-53, 2-11
None
epi-54, 1-10
epi-55, 3-14
Ok
er-21, 2-7, 2-7
Ok
8
epi-56, 0-3
0
2
egi-17, 4-3
2
er-22, 3-12, 4-9
8
1
Ordinary message: 3; Ordinary message: 2; Ordinary message: 0
Ok
1
egi-18, 2-2
emi-15, 0-1
rnf-28, 0-17, 2-13
8
None
412
Ok
pinf-38, 4-7
epi-57, 0-4
true
426
emi-16, 0-2
epi-58, 0-5
5
0
emi-17, 1-4
4
1
true
epi-59, 1-11
egi-19, 1-5
230
8
Ok
true
262
emi-18, 1-5
Ok
4
2447
epi-60, 3-15
Ordinary message: 1; Ordinary message: 3; Ordinary message: 2; Ordinary message: 0
0
epi-61, 4-19
Ok
1
43
Ordinary message: 1; Ordinary message: 3; Ordinary message: 2; Ordinary message: 0
Ordinary message: 3; Ordinary message: 4
true
Ok
true
egi-20, 4-4
Ok
2
8
86
0
epi-62, 3-16
1208
2
egi-21, 3-5
true
8
epi-63, 2-12
None
4
er-23, 1-8, 3-13
Ok
0
minf-15, 2-4
2581
epi-64, 0-6
2
6
6
2
2
epi-65, 3-17
Ok
true
minf-16, 4-4
-594
epi-66, 3-18
epi-67, 3-19
-594
Ok
0
Ok
rnf-29, 0-18, 2-14
6
2
egi-22, 3-6
Ok
None
2334
true
3
Ok
Ok
2
3
Ok
egi-23, 1-6
1
false
minf-17, 2-5
0
-617
Ok
2
3
2
minf-18, 2-6
egi-24, 3-7
4
minf-19, 4-5
4
65
2
Ordinary message: 3; Ordinary message: 3; Ordinary message: 4
522
3
true
0
true
epi-68, 2-13
emi-19, 0-3
Ok
epi-69, 1-12
2
er-24, 4-10, 4-10
5
rnf-30, 0-19, 3-10
522
1234
emi-20, 0-4
false
1
2334
epi-70, 4-20
0
er-25, 0-2, 2-8
2581
0
egi-25, 1-7
0
2
er-26, 1-9, 1-9
2
true
None
5
epi-71, 2-14
Ok
minf-20, 2-7
4
5
5
epi-72, 1-13
epi-73, 3-20
egi-26, 1-8
rnf-31, 1-11, 2-15
-594
epi-74, 3-21
epi-75, 1-14
5
er-27, 4-11, 4-11
egi-27, 4-5
3
0
2
5
0
Ok
5
Ok
Ok
false
Ordinary message: 1; Ordinary message: 3; Ordinary message: 2; Ordinary message: 0
Ok
er-28, 1-10, 3-14
4
2
0
1661
5
epi-76, 3-22
1276
2
4
-617
epi-77, 1-15
er-29, 0-3, 1-11
3
522
er-30, 0-4, 0-4
egi-28, 1-9
rnf-32, 0-20, 3-11
epi-78, 0-7
5
-594
Ok
262
er-31, 0-5, 4-12
Ok
egi-29, 0-6
false
2
Ok
Ok
egi-30, 1-10
Ordinary message: 1; Ordinary message: 3; Ordinary message: 2; Ordinary message: 0
Ok
2
50
Ok
emi-21, 2-2
0
50
27
None
4
Ok
epi-79, 0-8
epi-80, 4-21
1661
epi-81, 2-15
4
0
2
rnf-33, 0-21, 2-16
1
emi-22, 4-7
egi-31, 4-6
Ok
522
Ok
-617
Ok
1
Ordinary message: 3; Ordinary message: 3; Ordinary message: 4
0
258
egi-32, 1-11
er-32, 1-12, 4-13
3
epi-82, 2-16
None
er-33, 1-13, 4-14
emi-23, 0-5
Ok
None
true
Ok
-617
0
-617
6
Ok
false
epi-83, 4-22
Ok
6
0
-594
Ok
er-34, 0-6, 4-15
1
epi-84, 1-16
epi-85, 0-9
emi-24, 2-3
egi-33, 4-7
Ok
0
emi-25, 0-6
epi-86, 3-23
epi-87, 3-24
2078
false
-1120
6
egi-34, 0-7
false
796
Ok
egi-35, 2-3
Ok
true
er-35, 0-7, 3-15
epi-88, 4-23
epi-89, 1-17
epi-90, 3-25
Ok
4
0
2334
4
2
true
4
2
epi-91, 4-24
4
2
0
2078
epi-92, 2-17
emi-26, 3-5
Ok
None
epi-93, 2-18
epi-94, 3-26
0
None
Ok
646
3
minf-21, 4-6
323
epi-95, 2-19
-805
epi-96, 3-27
er-36, 2-9, 3-16
0
Ok
epi-97, 3-28
1450
2078
Ok
4
rnf-34, 1-12, 2-17
-805
epi-98, 1-18
true
1450
1450
-1120
true
epi-99, 4-25
2
Ok
0
323
None
Ok
0
egi-36, 0-8
Ordinary message: 1; Ordinary message: 3; Ordinary message: 2; Ordinary message: 0
false
0
true
epi-100, 3-29
Ok
776
4
4
rnf-35, 0-22, 3-12
minf-22, 2-8
1450
egi-37, 0-9
2
egi-38, 2-4
0
pinf-39, 4-8
rnf-36, 0-23, 2-18
true
rnf-37, 0-24, 3-13
egi-39, 2-5
epi-101, 0-10
false
emi-27, 1-6
rnf-38, 1-13, 2-19
emi-28, 0-7
-805
2
0
Ok
0
4
2
9
-1120
4
epi-102, 1-19
emi-29, 4-8
2
Ordinary message: 2; Ordinary message: 3; Ordinary message: 3; Ordinary message: 4
4
4
4
2
epi-103, 0-11
2
4
2904
0
minf-23, 2-9
4
Ok
4
epi-104, 1-20
emi-30, 0-8
0
epi-105, 0-12
Ok
2
0
epi-106, 1-21
2
245
