0
pinf-1, 4-1
ginf-1, 0-1
pinf-2, 4-2
pinf-3, 2-1
pinf-4, 0-1
pinf-5, 0-2
pinf-6, 4-3
ginf-2, 2-1
pinf-7, 2-2
pinf-8, 0-3
Ok
ginf-3, 2-2
pinf-9, 2-3
pinf-10, 0-4
pinf-11, 0-5
The person with this number does not exist
ginf-4, 3-1
pinf-12, 1-1
0
ginf-5, 3-2
ginf-6, 1-1
pinf-13, 1-2
0
ginf-7, 3-3
ginf-8, 0-2
ginf-9, 2-3
ginf-10, 2-4
Ok
pinf-14, 2-4
pinf-15, 2-5
The person with this number does not exist
true
0
ginf-11, 2-5
ginf-12, 3-4
pinf-16, 1-3
ginf-13, 0-3
Group does not exist
ginf-14, 3-5
Ok
minf-1, 4-1
anf-1, 3-1
0
0
pinf-17, 2-6
pinf-18, 1-4
ginf-15, 2-6
egi-1, 4-1
pinf-19, 4-4
pinf-20, 1-5
pinf-21, 2-7
Ok
0
Ok
ginf-16, 3-6
ginf-17, 0-4
pinf-22, 4-5
minf-2, 4-2
ginf-18, 0-5
pinf-23, 1-6
None
0
0
pinf-24, 0-6
pinf-25, 0-7
pinf-26, 4-6
0
false
0
pinf-27, 1-7
pinf-28, 0-8
pinf-29, 0-9
pinf-30, 0-10
ginf-19, 0-6
The person with this number does not exist
Ok
2
ginf-20, 3-7
ginf-21, 2-7
pinf-31, 4-7
0
pinf-32, 0-11
anf-2, 3-2
pinf-33, 4-8
Ok
Ok
pinf-34, 4-9
Ok
0
anf-3, 2-1
2
pinf-35, 1-8
Ok
0
Ok
0
anf-4, 3-3
0
pinf-36, 0-12
0
0
pinf-37, 0-13
3
pinf-38, 0-14
minf-3, 2-1
minf-4, 3-1
0
0
pinf-39, 1-9
pinf-40, 1-10
None
pinf-41, 1-11
0
3
Ok
true
emi-1, 4-1
0
epi-1, 3-1
0
rnf-1, 3-1, 4-1
0
Ok
egi-2, 2-1
0
epi-2, 4-1
0
pinf-42, 0-15
pinf-43, 1-12
0
None
The person with this number does not exist
0
epi-3, 4-2
epi-4, 4-3
minf-5, 1-1
0
None
pinf-44, 0-16
0
Ok
None
pinf-45, 1-13
egi-3, 0-1
pinf-46, 1-14
0
1
pinf-47, 1-15
epi-5, 4-4
pinf-48, 1-16
0
The person with this number does not exist
65
0
Ok
rnf-2, 1-1, 4-2
anf-5, 1-1
pinf-49, 0-17
0
egi-4, 4-2
None
0
0
None
rnf-3, 2-1, 4-3
rnf-4, 1-2, 2-2
Ok
65
1
3
epi-6, 3-2
Ok
pinf-50, 0-18
98
epi-7, 1-1
egi-5, 1-1
0
0
pinf-51, 0-19
pinf-52, 0-20
1
rnf-5, 2-3, 4-4
0
egi-6, 4-3
Ok
true
1
2
Ok
egi-7, 1-2
epi-8, 2-1
pinf-53, 0-21
pinf-54, 0-22
0
0
0
pinf-55, 0-23
0
epi-9, 1-2
Ok
1
rnf-6, 2-4, 4-5
0
emi-2, 0-1
epi-10, 2-2
pinf-56, 2-8
pinf-57, 0-24
1
1
1
0
1
Ok
None
emi-3, 1-1
Ok
1
Ok
1
0
0
egi-8, 4-4
1
1
0
Ok
1
er-1, 3-1, 4-1
1
egi-9, 4-5
Ok
epi-11, 3-3
epi-12, 0-1
2
Ok
emi-4, 4-2
0
rnf-7, 0-1, 2-5
epi-13, 2-3
3
er-2, 4-2, 4-2
None
65
egi-10, 1-3
pinf-58, 2-9
1
1
egi-11, 1-4
22
0
egi-12, 4-6
er-3, 0-1, 0-1
0
rnf-8, 2-6, 4-6
pinf-59, 2-10
3
0
true
er-4, 4-3, 4-3
0
0
0
None
pinf-60, 0-25
0
1
1
emi-5, 4-3
0
49
0
Ok
epi-14, 0-2
er-5, 4-4, 4-4
epi-15, 4-5
1
1
1
0
6
true
0
epi-16, 2-4
1
er-6, 1-1, 4-5
1
5
true
5
6
epi-17, 3-4
1
0
212
0
er-7, 3-2, 3-2
Ok
22
epi-18, 0-3
Ok
epi-19, 1-3
pinf-61, 2-11
pinf-62, 0-26
0
pinf-63, 0-27
5
None
pinf-64, 2-12
5
Ok
egi-13, 4-7
emi-6, 2-1
0
true
None
epi-20, 2-5
epi-21, 2-6
Ok
pinf-65, 4-10
0
egi-14, 3-1
epi-22, 4-6
rnf-9, 2-7, 4-7
0
epi-23, 0-4
emi-7, 0-2
102
1
0
Ok
0
emi-8, 1-2
epi-24, 1-4
Ok
epi-25, 2-7
egi-15, 1-5
0
None
0
3
epi-26, 3-5
1
epi-27, 1-5
6
0
2
epi-28, 2-8
0
65
emi-9, 2-2
Ok
4
emi-10, 3-1
Ok
None
1
0
1
Ok
1
None
rnf-10, 0-2, 4-8
epi-29, 1-6
None
4
3
pinf-66, 4-11
epi-30, 3-6
4
pinf-67, 4-12
2
0
true
egi-16, 4-8
None
true
Ok
Ok
0
1
3
epi-31, 0-5
None
emi-11, 3-2
0
er-8, 3-3, 3-3
2
3
true
epi-32, 3-7
epi-33, 1-7
1
1
egi-17, 2-2
er-9, 2-1, 2-1
true
pinf-68, 4-13
4
true
0
true
0
3
epi-34, 2-9
Ok
0
0
4
44
2
4
Ok
Ok
epi-35, 3-8
98
0
3
emi-12, 0-3
0
true
Ok
3
Ok
0
44
true
epi-36, 0-6
epi-37, 4-7
22
true
Ok
0
None
epi-38, 2-10
None
None
1
18
1
1
0
1
epi-39, 4-8
epi-40, 3-9
egi-18, 2-3
0
4
epi-41, 0-7
1
rnf-11, 2-8, 4-9
er-10, 0-2, 1-2
None
Ok
rnf-12, 0-3, 4-10
44
0
4
emi-13, 1-3
Ok
epi-42, 0-8
1
4
epi-43, 3-10
true
epi-44, 2-11
0
egi-19, 2-4
epi-45, 3-11
44
None
emi-14, 4-4
epi-46, 3-12
3
epi-47, 0-9
0
248
0
4
emi-15, 3-3
egi-20, 4-9
1
1
4
None
0
0
pinf-69, 4-14
4
4
2
er-11, 1-3, 3-4
Ok
0
3
egi-21, 3-2
0
None
epi-48, 2-12
epi-49, 2-13
0
Ok
Ok
egi-22, 2-5
epi-50, 3-13
0
None
4
0
true
pinf-70, 2-13
6
4
2
epi-51, 1-8
epi-52, 4-9
None
0
22
53
Ok
1
150
0
1
44
egi-23, 3-3
minf-6, 4-3
er-12, 3-5, 4-6
0
4
Ok
Ok
egi-24, 4-10
0
egi-25, 1-6
Ok
Ok
1
true
1
rnf-13, 2-9, 4-11
301
0
2
egi-26, 4-11
0
er-13, 1-4, 2-2
2
150
egi-27, 4-12
0
Ok
Ok
true
epi-53, 2-14
Ok
Ok
emi-16, 4-5
egi-28, 2-6
er-14, 1-5, 3-6
epi-54, 0-10
None
0
None
301
22
Ok
pinf-71, 2-14
Ok
2
4
4
3
Ok
0
er-15, 0-3, 1-6
2
None
rnf-14, 0-4, 4-12
0
None
0
Ok
848
Ok
848
848
er-16, 1-7, 4-7
Ok
Ok
pinf-72, 2-15
2
egi-29, 3-4
pinf-73, 2-16
Ok
65
er-17, 4-8, 4-8
epi-55, 0-11
epi-56, 2-15
Ok
1
0
emi-17, 3-4
epi-57, 2-16
None
Ok
Ok
emi-18, 2-3
9
6
1
-181
Ok
1
pinf-74, 2-17
emi-19, 3-5
2
epi-58, 0-12
-11
6
2
8
er-18, 2-3, 4-9
rnf-15, 0-5, 4-13
None
1
None
egi-30, 3-5
epi-59, 3-14
epi-60, 2-17
1
Ok
1
2
Ok
65
rnf-16, 0-6, 4-14
0
Ok
emi-20, 2-4
epi-61, 4-10
er-19, 2-4, 3-7
876
876
egi-31, 2-7
0
emi-21, 0-4
0
Ok
1
epi-62, 1-9
er-20, 0-4, 1-8
er-21, 2-5, 2-5
None
Ok
Ok
65
epi-63, 2-18
true
301
11
pinf-75, 2-18
er-22, 1-9, 4-10
egi-32, 2-8
None
epi-64, 2-19
2
true
2
Ordinary message: 2
0
65
52
2
0
11
1168
1
epi-65, 0-13
Ok
2
epi-66, 2-20
2
true
emi-22, 3-6
-181
Ok
0
emi-23, 4-6
2
epi-67, 4-11
epi-68, 3-15
Ok
egi-33, 2-9
290
emi-24, 0-5
1
1
0
er-23, 4-11, 4-11
9
2
1
epi-69, 1-10
3
1
Ok
1
1304
epi-70, 4-12
65
epi-71, 0-14
Ok
emi-25, 1-4
epi-72, 4-13
epi-73, 1-11
301
0
pinf-76, 2-19
Ok
epi-74, 1-12
9
9
0
pinf-77, 2-20
rnf-17, 0-7, 1-3
egi-34, 0-2
301
egi-35, 1-7
emi-26, 4-7
1
0
Ok
1
pinf-78, 2-21
emi-27, 0-6
9
epi-75, 3-16
emi-28, 3-7
0
1
rnf-18, 0-8, 1-4
3
0
0
0
-181
52
304
egi-36, 4-13
epi-76, 4-14
pinf-79, 2-22
1
52
Ordinary message: 4
0
er-24, 1-10, 4-12
3
0
Ok
0
None
egi-37, 3-6
Ordinary message: 2
301
egi-38, 0-3
egi-39, 1-8
0
44
52
epi-77, 1-13
2
epi-78, 0-15
true
Ok
emi-29, 2-5
Ok
true
52
None
9
true
9
rnf-19, 0-9, 1-5
9
-269
Ok
emi-30, 1-5
epi-79, 1-14
2
er-25, 2-6, 4-13
3
true
epi-80, 1-15
9
true
true
304
epi-81, 1-16
Ordinary message: 4
0
3
egi-40, 2-10
false
true
Ok
true
301
epi-82, 3-17
1
3
egi-41, 3-7
4
false
true
2
true
0
44
epi-83, 2-21
egi-42, 0-4
2
true
0
epi-84, 2-22
3
epi-85, 4-15
None
Ok
9
epi-86, 3-18
egi-43, 0-5
Ok
468
Ok
epi-87, 0-16
Ok
false
None
4
0
minf-7, 1-2
0
4
Ok
1
true
Ordinary message: 2
emi-31, 2-6
epi-88, 2-23
2
Ok
0
epi-89, 0-17
4
4
4
4
762
9
-855
pinf-80, 2-23
er-26, 0-5, 0-5
0
egi-44, 4-14
epi-90, 3-19
egi-45, 0-6
Ordinary message: 2
4
Ok
false
egi-46, 0-7
-384
egi-47, 4-15
44
1
egi-48, 2-11
-932
1
Ok
egi-49, 2-12
4
er-27, 0-6, 0-6
emi-32, 0-7
3
epi-91, 3-20
3
762
65
epi-92, 3-21
epi-93, 3-22
301
epi-94, 4-16
0
egi-50, 3-8
0
epi-95, 1-17
epi-96, 3-23
rnf-20, 0-10, 1-6
-932
9
epi-97, 3-24
-269
er-28, 1-11, 4-14
4
1
4
Ordinary message: 4
4
true
3
4
emi-33, 4-8
false
4
1
None
147
Ok
2
emi-34, 2-7
301
emi-35, 4-9
epi-98, 0-18
762
762
true
Ordinary message: 2
epi-99, 2-24
epi-100, 2-25
1
0
1
Ok
egi-51, 1-9
epi-101, 2-26
0
er-29, 4-15, 4-15
1
epi-102, 1-18
1
9
Ok
9
762
epi-103, 2-27
4
minf-8, 1-3
epi-104, 2-28
epi-105, 2-29
pinf-81, 2-24
Ordinary message: 2
0
301
true
egi-52, 4-16
er-30, 2-7, 2-7
Ok
Ok
egi-53, 4-17
3
762
pinf-82, 2-25
0
epi-106, 2-30
3
1
4
Ok
Ok
epi-107, 2-31
3
false
minf-9, 4-4
-1185
0
698
4
rnf-21, 1-7, 2-10
1
762
1129
None
minf-10, 2-2
Ok
Ok
None
192
false
9
Ordinary message: 4
2
epi-108, 2-32
emi-36, 3-8
4
Ok
4
Ok
4
