pinf-1, 0-1
0
pinf-2, 3-1
pinf-3, 4-1
pinf-4, 0-2
pinf-5, 2-1
ginf-1, 3-1
Group does not exist
pinf-6, 2-2
pinf-7, 1-1
0
pinf-8, 2-3
pinf-9, 3-2
pinf-10, 1-2
0
pinf-11, 4-2
Group does not exist
pinf-12, 4-3
Ok
ginf-2, 0-1
pinf-13, 2-4
0
0
ginf-3, 3-2
Ok
epi-1, 2-1
0
The person with this number does not exist
ginf-4, 0-2
pinf-14, 0-3
ginf-5, 4-1
1
pinf-15, 0-4
minf-1, 2-1
minf-2, 0-1
minf-3, 2-2
pinf-16, 4-4
pinf-17, 0-5
pinf-18, 0-6
Ok
0
egi-1, 1-1
pinf-19, 4-5
minf-4, 1-1
egi-2, 2-1
1
0
pinf-20, 1-3
0
pinf-21, 0-7
pinf-22, 1-4
pinf-23, 1-5
pinf-24, 0-8
1
minf-5, 2-3
0
pinf-25, 1-6
pinf-26, 4-6
pinf-27, 0-9
ginf-6, 3-3
pinf-28, 0-10
Ok
Ok
The person with this number does not exist
0
0
Ok
anf-1, 0-1
pinf-29, 1-7
0
epi-2, 0-1
0
0
pinf-30, 3-3
2
pinf-31, 3-4
minf-6, 0-2
pinf-32, 4-7
0
0
egi-3, 1-2
pinf-33, 3-5
pinf-34, 1-8
0
0
2
pinf-35, 3-6
pinf-36, 1-9
pinf-37, 4-8
0
2
0
2
2
egi-4, 4-1
0
0
0
0
pinf-38, 3-7
0
minf-7, 1-2
None
pinf-39, 1-10
pinf-40, 3-8
ginf-7, 3-4
anf-2, 2-1
The person with this number does not exist
pinf-41, 1-11
epi-3, 0-2
pinf-42, 4-9
pinf-43, 1-12
pinf-44, 4-10
0
pinf-45, 4-11
Ok
false
pinf-46, 3-9
pinf-47, 1-13
0
0
pinf-48, 3-10
Ok
0
false
2
egi-5, 4-2
0
pinf-49, 3-11
Ok
anf-3, 4-1
epi-4, 2-2
pinf-50, 1-14
pinf-51, 1-15
2
egi-6, 1-3
1
0
0
Ok
pinf-52, 1-16
None
0
pinf-53, 1-17
pinf-54, 1-18
minf-8, 2-4
pinf-55, 1-19
0
None
0
pinf-56, 3-12
pinf-57, 1-20
0
Ok
minf-9, 1-3
0
0
0
2
1
None
false
rnf-1, 0-1, 4-1
egi-7, 0-1
pinf-58, 1-21
pinf-59, 1-22
0
rnf-2, 0-2, 4-2
epi-5, 2-3
Ok
Ok
None
None
epi-6, 4-1
pinf-60, 3-13
pinf-61, 1-23
0
pinf-62, 3-14
2
false
epi-7, 0-3
Ok
0
pinf-63, 3-15
None
0
0
true
er-1, 4-1, 4-1
Ok
0
pinf-64, 1-24
true
Ok
egi-8, 1-4
er-2, 0-1, 2-1
None
0
2
1
minf-10, 1-4
egi-9, 3-1
pinf-65, 3-16
pinf-66, 3-17
epi-8, 0-4
0
pinf-67, 1-25
epi-9, 0-5
2
minf-11, 4-1
0
Ok
Ok
1
3
0
The person with this number does not exist
pinf-68, 1-26
epi-10, 3-1
pinf-69, 1-27
The person with this number does not exist
pinf-70, 1-28
Ok
epi-11, 4-2
true
0
epi-12, 3-2
minf-12, 4-2
minf-13, 3-1
minf-14, 0-3
The person with this number does not exist
3
epi-13, 2-4
pinf-71, 1-29
epi-14, 3-3
0
-499
0
Ok
0
false
1
epi-15, 3-4
epi-16, 3-5
The person with this number does not exist
epi-17, 2-5
rnf-3, 3-1, 4-3
0
pinf-72, 1-30
Ok
minf-15, 0-4
4
None
Ok
2
0
pinf-73, 1-31
2
egi-10, 3-2
0
2
pinf-74, 1-32
minf-16, 4-3
0
epi-18, 0-6
2
pinf-75, 1-33
minf-17, 0-5
0
0
pinf-76, 1-34
None
epi-19, 3-6
Ok
None
2
epi-20, 3-7
epi-21, 3-8
218
0
epi-22, 2-6
None
egi-11, 0-2
2
pinf-77, 1-35
Ok
false
2
egi-12, 0-3
0
0
rnf-4, 2-1, 4-4
Ok
emi-1, 1-1
Ok
None
218
0
epi-23, 4-3
0
epi-24, 4-4
0
epi-25, 4-5
true
rnf-5, 1-1, 2-2
0
2
-499
Ok
2
rnf-6, 0-3, 3-2
2
2
3
0
rnf-7, 0-4, 3-3
0
3
er-3, 3-1, 4-2
Ok
2
rnf-8, 2-3, 4-5
0
4
egi-13, 0-4
Ok
30
false
4
2
false
epi-26, 1-1
0
109
2
0
Ok
Ok
1
0
egi-14, 3-3
-499
rnf-9, 0-5, 3-4
0
0
366
true
epi-27, 3-9
Ok
Ok
0
4
true
0
0
Ok
Ok
None
1
0
pinf-78, 3-18
egi-15, 4-3
0
true
4
-499
epi-28, 2-7
0
egi-16, 1-5
4
None
-499
None
Ok
rnf-10, 0-6, 3-5
epi-29, 2-8
epi-30, 3-10
None
0
Ok
0
true
Ok
1
epi-31, 3-11
er-4, 0-2, 2-2
1
-499
emi-2, 3-1
0
1
egi-17, 3-4
1
0
2
epi-32, 3-12
0
1
rnf-11, 1-2, 3-6
Ok
Ok
4
Ok
rnf-12, 0-7, 3-7
epi-33, 2-9
0
Ok
4
Ok
45
0
0
Ok
1
er-5, 2-3, 4-3
1
1
2
epi-34, 4-6
true
egi-18, 0-5
208
epi-35, 1-2
1
er-6, 0-3, 4-4
2
4
Ok
2
135
1
true
true
er-7, 2-4, 3-2
rnf-13, 1-3, 2-4
27
0
Ok
Ok
rnf-14, 0-8, 3-8
3
epi-36, 4-7
rnf-15, 0-9, 3-9
0
emi-3, 3-2
rnf-16, 1-4, 2-5
epi-37, 1-3
true
4
1
3
2
1
1
None
1
Ordinary message: 2
1
568
rnf-17, 0-10, 3-10
rnf-18, 0-11, 1-5
1
epi-38, 2-10
4
epi-39, 4-8
egi-19, 0-6
Ordinary message: 1
None
0
1
3
1
3
Ok
er-8, 3-3, 4-5
egi-20, 0-7
0
0
er-9, 1-1, 1-1
0
0
1
62
Ok
epi-40, 3-13
None
Ok
0
0
Ok
Ok
egi-21, 0-8
1
Ok
1
27
1
4
1
epi-41, 2-11
Ok
62
48
Ok
Ok
epi-42, 2-12
pinf-79, 3-19
4
epi-43, 1-4
530
epi-44, 1-5
Ordinary message: 2
207
0
Ok
Ok
1
0
Ok
2
30
0
epi-45, 4-9
epi-46, 3-14
Ok
emi-4, 4-1
epi-47, 1-6
emi-5, 4-2
-1465
6
Ok
er-10, 0-4, 2-5
-1465
0
6
2
epi-48, 4-10
Ok
None
2
epi-49, 4-11
2
true
2
epi-50, 3-15
egi-22, 4-4
epi-51, 4-12
0
None
None
epi-52, 0-7
egi-23, 2-2
Ordinary message: 2
2
2
Ok
emi-6, 0-1
2
epi-53, 2-13
2
0
None
-215
2
Ok
0
rnf-19, 0-12, 3-11
None
0
Ok
0
epi-54, 1-7
epi-55, 3-16
emi-7, 3-3
2
0
None
0
1
Ordinary message: 2
0
rnf-20, 0-13, 3-12
0
543
6
epi-56, 3-17
er-11, 4-6, 4-6
epi-57, 1-8
epi-58, 1-9
Ok
4
74
3
-1465
rnf-21, 0-14, 3-13
true
207
498
0
Ordinary message: 0; Ordinary message: 1
epi-59, 1-10
er-12, 1-2, 4-7
er-13, 4-8, 4-8
epi-60, 3-18
7
4
pinf-80, 3-20
3
emi-8, 3-4
4
2
1
3
498
Ok
4
1
Ok
-215
3
epi-61, 0-8
epi-62, 0-9
Ordinary message: 2
0
0
52
0
1
egi-24, 1-6
None
er-14, 2-6, 3-4
egi-25, 0-9
-215
0
543
-215
Ordinary message: 2
0
epi-63, 2-14
0
emi-9, 0-2
emi-10, 3-5
emi-11, 3-6
epi-64, 0-10
egi-26, 1-7
pinf-81, 3-21
30
true
7
epi-65, 4-13
498
Ordinary message: 2
epi-66, 0-11
7
0
true
1
207
Ordinary message: 2
0
None
2
7
rnf-22, 0-15, 1-6
true
286
0
0
2
1
0
207
0
207
0
emi-12, 3-7
498
true
epi-67, 3-19
None
egi-27, 0-10
er-15, 0-5, 0-5
34
Ok
0
4
rnf-23, 1-7, 4-6
true
false
egi-28, 4-5
7
epi-68, 2-15
pinf-82, 3-22
1
epi-69, 0-12
4
Ok
3
Ok
epi-70, 2-16
543
None
Ok
207
epi-71, 4-14
emi-13, 3-8
0
egi-29, 4-6
Ok
9
epi-72, 3-20
178
emi-14, 2-1
minf-18, 1-5
0
er-16, 0-6, 2-7
Ordinary message: 2
0
3
epi-73, 1-11
0
epi-74, 4-15
emi-15, 2-2
2
9
Ok
Ok
pinf-83, 3-23
er-17, 1-3, 4-9
2
true
er-18, 1-4, 4-10
egi-30, 1-8
Ok
422
true
543
er-19, 0-7, 1-5
epi-75, 4-16
Ok
egi-31, 2-3
-990
egi-32, 4-7
epi-76, 2-17
178
11
epi-77, 4-17
Ok
epi-78, 1-12
er-20, 0-8, 2-8
4
207
0
0
true
Ok
2
false
egi-33, 1-9
1154
8
false
4
Ok
4
rnf-24, 0-16, 3-14
egi-34, 0-11
Ordinary message: 2
8
epi-79, 0-13
epi-80, 3-21
epi-81, 1-13
1207
2
8
er-21, 0-9, 2-9
Ok
Ok
4
Ordinary message: 2
Ok
2
7
egi-35, 4-8
2
Ok
None
Ordinary message: 0; Ordinary message: 1
52
1490
rnf-25, 0-17, 3-15
2
4
egi-36, 2-4
1
Ok
true
3
52
epi-82, 0-14
er-22, 0-10, 4-11
1445
er-23, 0-11, 4-12
Ok
epi-83, 4-18
0
11
true
egi-37, 2-5
378
3
143
163
true
3
163
minf-19, 0-6
egi-38, 1-10
true
Ok
0
true
2
Ok
4
Ordinary message: 2
Ordinary message: 0; Ordinary message: 1
Ok
378
2
minf-20, 1-6
0
minf-21, 2-5
14
8
Ordinary message: 0; Ordinary message: 2
0
Ok
Ordinary message: 0; Ordinary message: 1
0
3
14
emi-16, 4-3
2
0
epi-84, 0-15
3
er-24, 3-5, 3-5
0
0
epi-85, 1-14
epi-86, 4-19
Ok
epi-87, 2-18
22
epi-88, 2-19
1490
minf-22, 1-7
egi-39, 3-5
Ok
true
2
2
epi-89, 2-20
Ok
Ok
epi-90, 0-16
4
286
2
er-25, 1-6, 1-6
egi-40, 4-9
None
2
444
egi-41, 0-12
epi-91, 1-15
66
-990
444
egi-42, 1-11
egi-43, 3-6
Ok
egi-44, 1-12
11
163
Ok
11
er-26, 0-12, 3-6
4
11
2
4
true
0
216
11
Ok
pinf-84, 3-24
0
14
emi-17, 4-4
14
2
4
0
er-27, 1-7, 2-10
4
egi-45, 2-6
egi-46, 2-7
epi-92, 1-16
754
true
egi-47, 2-8
epi-93, 1-17
Ordinary message: 2
7
216
epi-94, 2-21
4
-990
epi-95, 4-20
Ok
minf-23, 1-8
Ordinary message: 2
Ok
71
emi-18, 4-5
Ok
er-28, 2-11, 3-7
Ok
false
14
5
Ordinary message: 0; Ordinary message: 1
1
0
epi-96, 4-21
1490
14
er-29, 1-8, 1-8
true
5
4
epi-97, 4-22
5
None
0
er-30, 4-13, 4-13
2
1
epi-98, 4-23
1445
0
epi-99, 0-17
er-31, 0-13, 2-12
er-32, 1-9, 3-8
Ok
14
0
minf-24, 1-9
18
216
163
5
emi-19, 4-6
1
egi-48, 1-13
None
true
rnf-26, 3-16, 4-7
egi-49, 0-13
Ok
false
egi-50, 2-9
Ordinary message: 2
rnf-27, 3-17, 4-8
216
pinf-85, 3-25
false
true
216
163
1
1
epi-100, 3-22
1
epi-101, 1-18
0
1
14
emi-20, 4-7
66
epi-102, 2-22
Ordinary message: 0; Ordinary message: 2
epi-103, 3-23
0
epi-104, 2-23
false
epi-105, 4-24
