pinf-1, 2-1
pinf-2, 1-1
The person with this number does not exist
pinf-3, 1-2
pinf-4, 1-3
0
minf-1, 1-1
0
pinf-5, 1-4
pinf-6, 0-1
Ok
pinf-7, 0-2
Ok
Group does not exist
ginf-1, 2-1
0
0
ginf-2, 2-2
ginf-3, 2-3
pinf-8, 0-3
ginf-4, 2-4
2
0
None
ginf-5, 2-5
0
pinf-9, 0-4
pinf-10, 0-5
The person with this number does not exist
pinf-11, 0-6
Ok
ginf-6, 1-1
ginf-7, 0-1
ginf-8, 1-2
false
minf-2, 1-2
0
minf-3, 1-3
er-1, 1-1, 1-1
0
0
3
0
ginf-9, 2-6
Ok
ginf-10, 2-7
2
None
minf-4, 1-4
ginf-11, 0-2
false
Ok
epi-1, 0-1
1
ginf-12, 2-8
0
rnf-1, 1-1, 2-1
er-2, 2-1, 2-1
ginf-13, 2-9
0
Ok
0
ginf-14, 2-10
None
Ok
Ok
1
1
0
er-3, 0-1, 1-2
1
ginf-15, 2-11
ginf-16, 2-12
epi-2, 1-1
ginf-17, 2-13
ginf-18, 2-14
1
0
None
minf-5, 1-5
0
Ok
Ok
epi-3, 2-1
true
0
ginf-19, 2-15
Ok
Ok
emi-1, 1-1
Ok
1
Ok
epi-4, 1-2
ginf-20, 1-3
-648
1
1
Ok
epi-5, 1-3
true
Ordinary message: 2
1
egi-1, 0-1
1
Ok
1
Ok
er-4, 0-2, 1-3
Ok
1
true
ginf-21, 1-4
epi-6, 2-2
er-5, 0-3, 2-2
pinf-12, 1-5
Ok
Ordinary message: 2
0
emi-2, 0-1
0
epi-7, 1-4
emi-3, 0-2
pinf-13, 0-7
2
pinf-14, 0-8
epi-8, 2-3
-648
1
minf-6, 2-1
er-6, 0-4, 0-4
er-7, 2-3, 2-3
minf-7, 2-2
minf-8, 2-3
minf-9, 2-4
1
Ok
1
er-8, 0-5, 2-4
ginf-22, 1-5
true
true
Ok
0
er-9, 0-6, 0-6
Group does not exist
Ok
0
er-10, 0-7, 1-4
1
1
epi-9, 0-2
ginf-23, 1-6
2
epi-10, 1-5
epi-11, 2-4
124
ginf-24, 1-7
0
Ok
true
-648
Ok
egi-2, 0-2
egi-3, 0-3
-825
ginf-25, 1-8
epi-12, 2-5
er-11, 0-8, 0-8
162
-825
ginf-26, 1-9
1
Ok
1
0
None
-648
ginf-27, 1-10
0
Ok
epi-13, 2-6
None
0
epi-14, 1-6
80
true
egi-4, 0-4
0
ginf-28, 1-11
1
124
egi-5, 2-1
Ok
epi-15, 0-3
None
ginf-29, 1-12
epi-16, 2-7
emi-4, 1-2
true
true
1
1
Ok
0
1
-177
None
None
1
1
Ok
true
37
37
minf-10, 0-1
minf-11, 0-2
0
Ok
-648
None
1
0
1
epi-17, 0-4
egi-6, 2-2
Group does not exist
egi-7, 2-3
1
1
pinf-15, 0-9
Ok
1
true
true
1
1
er-12, 0-9, 1-5
0
37
emi-5, 0-3
epi-18, 0-5
epi-19, 1-7
true
epi-20, 2-8
1
81
Ok
er-13, 0-10, 2-5
epi-21, 1-8
1
1
0
epi-22, 1-9
0
1
epi-23, 1-10
-648
Ok
pinf-16, 0-10
Ordinary message: 2
epi-24, 0-6
Ok
Ordinary message: 2
epi-25, 0-7
true
minf-12, 2-5
egi-8, 1-1
Ok
Ordinary message: 2
pinf-17, 0-11
160
1
Ok
Ok
epi-26, 2-9
1
1
2
true
Ordinary message: 0
epi-27, 1-11
true
true
true
epi-28, 2-10
epi-29, 2-11
emi-6, 1-3
Ok
37
358
er-14, 0-11, 2-6
emi-7, 1-4
358
Ok
true
Ok
1
1
1
egi-9, 2-4
epi-30, 1-12
true
er-15, 0-12, 2-7
1
1
egi-10, 1-2
epi-31, 1-13
egi-11, 2-5
egi-12, 1-3
2
Ok
epi-32, 2-12
Ok
2
true
Ok
-177
true
epi-33, 0-8
358
0
epi-34, 0-9
pinf-18, 0-12
egi-13, 0-5
Ok
emi-8, 2-1
epi-35, 0-10
Ok
pinf-19, 0-13
Ok
egi-14, 1-4
Ok
pinf-20, 0-14
egi-15, 1-5
0
Ok
emi-9, 1-5
Ok
epi-36, 2-13
0
-1117
Ok
Ordinary message: 2; Ordinary message: 0
2
0
1
1
-1117
Ordinary message: 0
epi-37, 0-11
87
emi-10, 0-4
374
minf-13, 2-6
1
0
er-16, 0-13, 1-6
374
-810
er-17, 1-7, 2-8
epi-38, 1-14
Ok
1
egi-16, 0-6
Ordinary message: 0
egi-17, 2-6
epi-39, 2-14
epi-40, 2-15
emi-11, 1-6
165
1
Ok
epi-41, 2-16
Ok
0
Ok
1
Ok
true
pinf-21, 0-15
epi-42, 1-15
0
true
1
epi-43, 2-17
epi-44, 0-12
Ok
1
Ok
1
Ok
1
Ok
Ok
1
0
-646
1
epi-45, 0-13
minf-14, 0-3
98
epi-46, 0-14
pinf-22, 0-16
1
epi-47, 0-15
2
-646
er-18, 0-14, 2-9
1
epi-48, 0-16
epi-49, 0-17
epi-50, 1-16
1
epi-51, 1-17
Ok
1
1
0
1
epi-52, 1-18
er-19, 0-15, 1-8
epi-53, 0-18
epi-54, 2-18
-646
1
1
emi-12, 1-7
er-20, 1-9, 2-10
-646
1
epi-55, 0-19
0
165
0
2
0
egi-18, 1-6
er-21, 2-11, 2-11
165
-646
epi-56, 0-20
-810
1
emi-13, 2-2
165
Ordinary message: 0
1
-810
1
true
egi-19, 0-7
epi-57, 1-19
emi-14, 2-3
epi-58, 0-21
Ok
Ordinary message: 0
0
0
emi-15, 2-4
epi-59, 2-19
187
er-22, 0-16, 1-10
epi-60, 1-20
Ok
166
Ok
1
pinf-23, 0-17
1
epi-61, 2-20
-388
Ok
0
pinf-24, 0-18
1
0
1
2
egi-20, 2-7
83
0
98
0
er-23, 0-17, 2-12
epi-62, 1-21
1
true
1
0
Ok
0
Ok
Ok
Ordinary message: 0
er-24, 0-18, 1-11
1
epi-63, 2-21
egi-21, 2-8
true
Ok
-810
er-25, 1-12, 2-13
Ok
egi-22, 0-8
egi-23, 2-9
0
epi-64, 2-22
pinf-25, 0-19
Ordinary message: 0
1
egi-24, 2-10
true
44
1
2
1
epi-65, 1-22
2
er-26, 2-14, 2-14
Ok
minf-15, 1-6
Ordinary message: 0
epi-66, 1-23
22
minf-16, 1-7
-388
1
44
1
1
epi-67, 1-24
2
true
1
1
emi-16, 2-5
Ok
er-27, 0-19, 0-19
true
epi-68, 1-25
epi-69, 0-22
Ok
1
er-28, 2-15, 2-15
emi-17, 2-6
epi-70, 0-23
epi-71, 0-24
epi-72, 0-25
0
Ok
egi-25, 2-11
er-29, 2-16, 2-16
1
Ok
1
-462
Ordinary message: 0
epi-73, 2-23
2
egi-26, 0-9
egi-27, 0-10
1
egi-28, 0-11
egi-29, 1-7
0
pinf-26, 0-20
er-30, 0-20, 0-20
true
1
0
1
1
1
true
Ok
1
1
emi-18, 2-7
true
121
emi-19, 2-8
121
Ok
Ok
1
er-31, 0-21, 2-17
er-32, 0-22, 1-13
egi-30, 0-12
egi-31, 1-8
er-33, 1-14, 1-14
1
epi-74, 1-26
epi-75, 0-26
emi-20, 2-9
-462
0
0
1
1
epi-76, 0-27
er-34, 1-15, 1-15
0
2
1
egi-32, 2-12
0
1
er-35, 0-23, 1-16
emi-21, 0-5
er-36, 0-24, 1-17
-462
1
0
Ordinary message: 0; Ordinary message: 2
er-37, 1-18, 1-18
0
epi-77, 2-24
-388
0
epi-78, 2-25
0
0
epi-79, 0-28
0
emi-22, 2-10
1
epi-80, 1-27
1
true
22
epi-81, 0-29
epi-82, 2-26
Ok
1
0
epi-83, 2-27
epi-84, 2-28
egi-33, 2-13
Ok
true
emi-23, 1-8
epi-85, 2-29
1
1
72
1
true
0
1
Ok
-1371
1
pinf-27, 2-2
1
epi-86, 0-30
1
0
1
121
Ok
Ok
pinf-28, 0-21
true
242
22
Ok
Ok
egi-34, 1-9
true
0
1
epi-87, 1-28
Ordinary message: 0
true
egi-35, 1-10
emi-24, 2-11
true
epi-88, 1-29
epi-89, 0-31
0
epi-90, 2-30
emi-25, 1-9
1
emi-26, 2-12
0
-1371
0
1
egi-36, 1-11
0
er-38, 2-18, 2-18
1
1
emi-27, 1-10
epi-91, 2-31
er-39, 0-25, 1-19
72
-1281
epi-92, 0-32
0
0
true
1
Ordinary message: 0; Ordinary message: 0; Ordinary message: 2
22
Ordinary message: 0
Ok
121
egi-37, 0-13
epi-93, 2-32
emi-28, 1-11
epi-94, 1-30
1
pinf-29, 0-22
121
1
72
1
1
1
egi-38, 2-14
true
-1371
0
Ordinary message: 2; Ordinary message: 0
epi-95, 1-31
pinf-30, 0-23
1
0
emi-29, 1-12
0
true
0
epi-96, 0-33
Ok
1
1
minf-17, 0-4
1
1
true
0
epi-97, 2-33
1
0
0
emi-30, 2-13
0
Ok
er-40, 0-26, 0-26
Ordinary message: 0; Ordinary message: 0; Ordinary message: 2
0
109
emi-31, 1-13
-1371
1
egi-39, 2-15
minf-18, 0-5
2
0
1
minf-19, 0-6
egi-40, 0-14
Ok
0
minf-20, 0-7
1
1
epi-98, 0-34
1
emi-32, 2-14
true
Ordinary message: 0; Ordinary message: 0; Ordinary message: 2
1
egi-41, 0-15
1
1
1
0
1
0
Ok
epi-99, 0-35
48
-1281
1
1
pinf-31, 2-3
0
22
true
1
minf-21, 0-8
0
true
er-41, 1-20, 1-20
epi-100, 1-32
1
epi-101, 2-34
Ordinary message: 2; Ordinary message: 0
emi-33, 2-15
epi-102, 1-33
1
Ok
1
1
epi-103, 1-34
pinf-32, 0-24
1
Ok
Ordinary message: 0; Ordinary message: 0; Ordinary message: 2
Ok
true
Ordinary message: 2; Ordinary message: 0
true
0
1
Ok
emi-34, 1-14
egi-42, 2-16
0
Ordinary message: 0; Ordinary message: 0; Ordinary message: 2
1
0
1
1
true
egi-43, 2-17
egi-44, 1-12
Ok
egi-45, 0-16
true
1
1
1
epi-104, 1-35
1
Ok
44
egi-46, 0-17
0
-1281
egi-47, 0-18
epi-105, 2-35
er-42, 0-27, 0-27
Ok
Ok
minf-22, 1-8
true
2
Ok
1
0
epi-106, 0-36
1
epi-107, 2-36
Ok
Ok
Ok
0
epi-108, 2-37
1
22
true
epi-109, 0-37
Ok
Ok
epi-110, 0-38
0
Ok
pinf-33, 0-25
-1173
Ordinary message: 0
pinf-34, 0-26
1
epi-111, 1-36
er-43, 1-21, 1-21
epi-112, 0-39
egi-48, 2-18
egi-49, 0-19
Ok
0
epi-113, 2-38
1
egi-50, 2-19
1
1
1
-1173
egi-51, 2-20
epi-114, 2-39
1
-1992
er-44, 2-19, 2-19
1
egi-52, 2-21
44
1
Ok
1
-2119
161
1
epi-115, 2-40
Ok
epi-116, 1-37
epi-117, 1-38
1
Ok
emi-35, 0-6
0
emi-36, 1-15
-1672
pinf-35, 0-27
1
0
true
egi-53, 0-20
1
er-45, 0-28, 1-22
Ok
pinf-36, 1-6
0
1
1
1
er-46, 0-29, 2-20
pinf-37, 0-28
1
1
0
1
0
emi-37, 0-7
0
Ordinary message: 0; Ordinary message: 0; Ordinary message: 2
epi-118, 0-40
er-47, 0-30, 0-30
0
1
0
Ok
2
Ordinary message: 2; Ordinary message: 0
0
-1672
pinf-38, 1-7
1
epi-119, 1-39
epi-120, 0-41
Ordinary message: 0; Ordinary message: 0; Ordinary message: 2
Ordinary message: 0
1
0
Ok
0
1
91
Ok
pinf-39, 1-8
1
Ok
2
emi-38, 2-16
1
0
Ok
2
emi-39, 1-16
Ok
er-48, 0-31, 0-31
1
322
epi-121, 0-42
true
1
1
pinf-40, 1-9
pinf-41, 1-10
pinf-42, 1-11
epi-122, 0-43
1
0
epi-123, 1-40
-1672
rnf-2, 0-1, 2-2
1
1
egi-54, 0-21
0
Ordinary message: 0; Ordinary message: 0; Ordinary message: 2
Ok
emi-40, 1-17
false
1
0
Ordinary message: 0
Ordinary message: 0; Ordinary message: 0; Ordinary message: 2
pinf-43, 1-12
