pinf-1, 4-1
pinf-2, 1-1
ginf-1, 8-1
pinf-3, 4-2
pinf-4, 8-1
pinf-5, 5-1
0
Ok
0
pinf-6, 4-3
ginf-2, 1-1
ginf-3, 0-1
ginf-4, 6-1
ginf-5, 2-1
0
ginf-6, 1-2
pinf-7, 5-2
0
Ok
1
pinf-8, 6-1
pinf-9, 2-1
pinf-10, 3-1
pinf-11, 3-2
The person with this number does not exist
minf-1, 8-1
1
pinf-12, 0-1
pinf-13, 6-2
ginf-7, 8-2
pinf-14, 2-2
ginf-8, 2-2
ginf-9, 8-3
ginf-10, 3-1
0
ginf-11, 4-1
pinf-15, 4-4
0
ginf-12, 8-4
0
pinf-16, 1-2
1
pinf-17, 4-5
0
pinf-18, 4-6
The person with this number does not exist
pinf-19, 1-3
Group does not exist
ginf-13, 4-2
pinf-20, 0-2
pinf-21, 6-3
ginf-14, 0-2
ginf-15, 0-3
pinf-22, 0-3
ginf-16, 6-2
pinf-23, 4-7
pinf-24, 1-4
ginf-17, 1-3
The person with this number does not exist
ginf-18, 8-5
pinf-25, 1-5
pinf-26, 8-2
ginf-19, 8-6
Ok
0
pinf-27, 8-3
ginf-20, 4-3
0
pinf-28, 0-4
pinf-29, 8-4
pinf-30, 1-6
ginf-21, 0-4
pinf-31, 1-7
The person with this number does not exist
pinf-32, 3-3
0
pinf-33, 8-5
pinf-34, 1-8
minf-2, 3-1
Ok
minf-3, 7-1
minf-4, 6-1
pinf-35, 2-3
0
pinf-36, 1-9
pinf-37, 3-4
pinf-38, 0-5
0
ginf-22, 8-7
Ok
0
anf-1, 7-1
pinf-39, 3-5
ginf-23, 5-1
0
pinf-40, 4-8
None
pinf-41, 6-4
ginf-24, 6-3
0
pinf-42, 4-9
pinf-43, 8-6
pinf-44, 3-6
pinf-45, 6-5
pinf-46, 1-10
anf-2, 5-1
2
pinf-47, 3-7
pinf-48, 4-10
pinf-49, 1-11
0
minf-5, 5-1
0
pinf-50, 6-6
pinf-51, 4-11
0
egi-1, 3-1
Group does not exist
ginf-25, 1-4
minf-6, 8-2
Ok
pinf-52, 0-6
epi-1, 7-1
pinf-53, 6-7
Ok
Ok
pinf-54, 1-12
Ok
minf-7, 5-2
pinf-55, 2-4
pinf-56, 8-7
0
pinf-57, 2-5
pinf-58, 6-8
ginf-26, 6-4
ginf-27, 2-3
ginf-28, 2-4
epi-2, 4-1
egi-2, 7-1
0
0
The person with this number does not exist
The person with this number does not exist
pinf-59, 6-9
pinf-60, 6-10
minf-8, 8-3
The person with this number does not exist
0
Ok
5
egi-3, 3-2
Ok
ginf-29, 5-2
pinf-61, 8-8
0
pinf-62, 1-13
ginf-30, 1-5
epi-3, 5-1
pinf-63, 8-9
0
ginf-31, 6-5
The person with this number does not exist
pinf-64, 2-6
epi-4, 4-2
5
pinf-65, 8-10
0
anf-3, 0-1
pinf-66, 8-11
pinf-67, 1-14
0
0
pinf-68, 2-7
pinf-69, 2-8
Ok
0
Ok
None
pinf-70, 6-11
0
Ok
None
minf-9, 3-2
pinf-71, 2-9
0
pinf-72, 2-10
pinf-73, 2-11
0
pinf-74, 6-12
pinf-75, 2-12
5
minf-10, 3-3
0
anf-4, 3-1
Group does not exist
0
rnf-1, 3-1, 4-1
Ok
0
pinf-76, 8-12
pinf-77, 6-13
5
rnf-2, 4-2, 7-1
egi-4, 2-1
None
egi-5, 0-1
0
5
epi-5, 3-1
The person with this number does not exist
rnf-3, 3-2, 4-3
pinf-78, 2-13
pinf-79, 6-14
0
minf-11, 7-2
egi-6, 2-2
pinf-80, 6-15
5
ginf-32, 5-3
pinf-81, 8-13
pinf-82, 2-14
ginf-33, 5-4
pinf-83, 2-15
rnf-4, 0-1, 4-4
minf-12, 4-1
5
Ok
6
ginf-34, 5-5
pinf-84, 6-16
0
rnf-5, 0-2, 8-1
anf-5, 8-1
None
anf-6, 8-2
0
None
0
anf-7, 4-1
Ok
egi-7, 2-3
Ok
Ok
pinf-85, 1-15
Group does not exist
0
minf-13, 1-1
false
Ok
epi-6, 6-1
Ok
6
0
ginf-35, 6-6
er-1, 5-1, 5-1
pinf-86, 2-16
6
0
0
0
ginf-36, 5-6
epi-7, 4-3
rnf-6, 3-3, 6-1
0
0
0
1
Ok
epi-8, 6-2
rnf-7, 3-4, 6-2
rnf-8, 3-5, 8-2
anf-8, 4-2
0
pinf-87, 1-16
epi-9, 3-2
pinf-88, 1-17
false
Group does not exist
0
pinf-89, 1-18
false
ginf-37, 6-7
Ok
Ok
minf-14, 4-2
1
0
0
Ok
rnf-9, 0-3, 7-2
epi-10, 5-2
Ok
false
1
None
6
pinf-90, 1-19
false
6
epi-11, 0-1
epi-12, 0-2
rnf-10, 6-3, 8-3
Ok
Ok
ginf-38, 5-7
0
None
pinf-91, 1-20
2
pinf-92, 1-21
Ok
false
The person with this number does not exist
2
2
2
epi-13, 5-3
epi-14, 3-3
0
pinf-93, 3-8
0
0
epi-15, 2-1
pinf-94, 1-22
rnf-11, 4-5, 5-1
false
0
0
pinf-95, 1-23
egi-8, 7-2
The person with this number does not exist
0
0
Ok
3
false
0
2
8
minf-15, 7-3
0
pinf-96, 1-24
pinf-97, 1-25
0
anf-9, 0-2
false
2
ginf-39, 1-6
epi-16, 5-4
rnf-12, 0-4, 8-4
5
minf-16, 4-3
rnf-13, 2-1, 6-4
Ok
pinf-98, 8-14
minf-17, 6-2
pinf-99, 1-26
minf-18, 7-4
Ok
egi-9, 3-3
None
pinf-100, 1-27
0
0
epi-17, 5-5
epi-18, 8-1
egi-10, 0-2
Ok
epi-19, 4-4
0
rnf-14, 2-2, 5-2
None
0
0
ginf-40, 5-8
3
emi-1, 2-1
None
Ok
Ok
rnf-15, 0-5, 4-6
3
Ok
er-2, 2-1, 7-1
Ok
er-3, 2-2, 2-2
Ok
pinf-101, 1-28
pinf-102, 1-29
0
epi-20, 8-2
false
pinf-103, 3-9
pinf-104, 1-30
egi-11, 5-1
pinf-105, 1-31
rnf-16, 4-7, 7-3
minf-19, 6-3
minf-20, 6-4
pinf-106, 3-10
pinf-107, 1-32
ginf-41, 1-7
rnf-17, 4-8, 8-5
Ok
minf-21, 6-5
er-4, 0-1, 7-2
egi-12, 5-2
Group does not exist
Ok
0
7
0
ginf-42, 1-8
epi-21, 3-4
rnf-18, 6-5, 8-6
egi-13, 3-4
Ok
0
None
None
epi-22, 4-5
egi-14, 3-5
Ok
rnf-19, 7-4, 8-7
true
0
anf-10, 6-1
0
2
0
pinf-108, 8-15
egi-15, 3-6
epi-23, 0-3
0
None
true
7
2
3
Ok
rnf-20, 5-3, 8-8
epi-24, 5-6
egi-16, 6-1
0
2
emi-2, 3-1
minf-22, 6-6
rnf-21, 5-4, 6-6
2
0
0
2
egi-17, 3-7
0
rnf-22, 0-6, 5-5
false
rnf-23, 5-6, 7-5
2
0
epi-25, 8-3
epi-26, 4-6
egi-18, 5-3
7
epi-27, 2-2
7
emi-3, 0-1
0
rnf-24, 2-3, 4-9
false
true
egi-19, 7-3
epi-28, 2-3
Ok
Ok
egi-20, 0-3
0
0
emi-4, 4-1
0
egi-21, 3-8
epi-29, 6-3
2
0
epi-30, 8-4
pinf-109, 1-33
pinf-110, 7-1
rnf-25, 3-6, 6-7
3
rnf-26, 7-6, 8-9
Ok
3
false
Ok
0
epi-31, 6-4
Ok
true
ginf-43, 1-9
emi-5, 5-1
0
er-5, 0-2, 8-1
Ok
3
0
0
anf-11, 6-2
epi-32, 1-1
3
epi-33, 3-5
Ok
epi-34, 6-5
egi-22, 5-4
egi-23, 3-9
er-6, 2-3, 7-3
2
0
Ok
emi-6, 5-2
Ok
Ok
pinf-111, 7-2
Ok
7
rnf-27, 1-1, 6-8
0
3
0
Ok
rnf-28, 0-7, 4-10
0
epi-35, 7-2
-966
None
0
8
rnf-29, 0-8, 3-7
epi-36, 1-2
pinf-112, 3-11
0
2
None
egi-24, 7-4
2
Ok
rnf-30, 0-9, 4-11
rnf-31, 0-10, 4-12
0
Ok
None
2
2
epi-37, 1-3
643
pinf-113, 3-12
rnf-32, 1-2, 3-8
Ok
epi-38, 0-4
3
0
2
8
8
false
8
egi-25, 0-4
2
Ok
true
0
minf-23, 5-3
3
Ok
None
epi-39, 5-7
Ok
8
Ok
rnf-33, 1-3, 7-7
8
None
8
0
rnf-34, 1-4, 4-13
2
epi-40, 8-5
Ok
epi-41, 8-6
true
Ok
0
4
emi-7, 4-2
Ok
rnf-35, 1-5, 3-9
0
true
egi-26, 8-1
rnf-36, 5-7, 8-10
epi-42, 8-7
458
4
0
0
true
epi-43, 3-6
Ok
egi-27, 1-1
Ok
rnf-37, 4-14, 6-9
egi-28, 4-1
1
rnf-38, 2-4, 3-10
2
0
0
emi-8, 0-2
emi-9, 7-1
5
Ordinary message: 5
0
epi-44, 7-3
emi-10, 4-3
epi-45, 8-8
epi-46, 7-4
2
true
Ok
Ok
rnf-39, 4-15, 7-8
0
egi-29, 1-2
1
0
0
0
egi-30, 3-10
Ok
0
egi-31, 7-5
0
egi-32, 2-4
7
true
0
1
Ok
rnf-40, 1-6, 4-16
0
Ok
2
epi-47, 0-5
rnf-41, 0-11, 5-8
1
643
epi-48, 8-9
0
true
epi-49, 8-10
epi-50, 5-8
0
8
None
0
Ordinary message: 6
None
minf-24, 6-7
rnf-42, 1-7, 5-9
2
2
0
6
epi-51, 7-5
643
67
2
rnf-43, 0-12, 5-10
Ok
rnf-44, 0-13, 4-17
rnf-45, 0-14, 4-18
rnf-46, 0-15, 4-19
2
egi-33, 8-2
2
epi-52, 8-11
er-7, 2-4, 7-4
egi-34, 8-3
6
8
35
0
epi-53, 6-6
0
Ok
6
8
1
Ok
1
1
er-8, 3-1, 6-1
Ok
er-9, 3-2, 7-5
643
0
8
8
rnf-47, 1-8, 4-20
None
66
0
pinf-114, 8-16
0
emi-11, 3-2
Ok
2
1
0
rnf-48, 3-11, 8-11
242
minf-25, 5-4
0
0
pinf-115, 3-13
2
Ok
8
732
egi-35, 5-5
1
minf-26, 6-8
rnf-49, 0-16, 6-10
-53
8
6
Ok
true
epi-54, 8-12
None
epi-55, 7-6
Ordinary message: 1
6
52
8
52
Ok
8
egi-36, 4-2
1
1
Ok
epi-56, 5-9
Ok
3
emi-12, 0-3
0
8
pinf-116, 8-17
Ok
None
1
3
1
emi-13, 0-4
er-10, 5-2, 5-2
egi-37, 5-6
true
None
Ok
0
Ordinary message: 1
egi-38, 3-11
3
Ok
epi-57, 2-4
0
52
Ok
0
3
10
rnf-50, 0-17, 5-11
er-11, 0-3, 8-2
rnf-51, 2-5, 3-12
0
1
0
true
epi-58, 4-7
er-12, 0-4, 0-4
7
true
epi-59, 1-4
egi-39, 7-6
643
0
3
emi-14, 1-1
epi-60, 6-7
Ok
er-13, 4-1, 8-3
1
Ok
minf-27, 6-9
1
rnf-52, 5-12, 7-9
1
0
78
emi-15, 0-5
0
3
er-14, 2-5, 2-5
3
13
52
minf-28, 6-10
epi-61, 8-13
egi-40, 5-7
3
epi-62, 0-6
egi-41, 6-2
0
er-15, 4-2, 5-3
egi-42, 4-3
0
rnf-53, 0-18, 4-21
13
-53
emi-16, 1-2
1
8
13
egi-43, 8-4
epi-63, 5-10
0
pinf-117, 8-18
Ok
rnf-54, 4-22, 6-11
56
epi-64, 4-8
3
rnf-55, 4-23, 7-10
-53
er-16, 2-6, 8-4
true
13
3
0
1
emi-17, 3-3
epi-65, 1-5
None
rnf-56, 0-19, 1-9
7
Ok
Ok
2
0
Ok
rnf-57, 0-20, 5-13
3
Ok
2
egi-44, 3-12
0
pinf-118, 2-17
2
85
None
0
0
egi-45, 0-5
8
0
14
0
Ok
er-17, 4-3, 8-5
emi-18, 6-1
14
true
emi-19, 0-6
egi-46, 4-4
true
true
None
er-18, 0-5, 7-6
er-19, 6-2, 6-2
Ok
0
Ok
15
Ok
78
er-20, 6-3, 7-7
true
emi-20, 6-2
egi-47, 8-5
Ordinary message: 5
0
egi-48, 4-5
Ok
15
95
egi-49, 0-6
true
8
egi-50, 7-7
Ordinary message: 5
5
0
Ordinary message: 5
-134
52
0
rnf-58, 0-21, 5-14
0
Ok
epi-66, 8-14
0
0
0
58
3
2
rnf-59, 0-22, 5-15
1
Ok
8
Ok
Ordinary message: 6; Ordinary message: 6
egi-51, 5-8
3
minf-29, 6-11
Ok
18
Ok
rnf-60, 0-23, 5-16
-53
emi-21, 3-4
78
Ok
pinf-119, 3-14
Ok
egi-52, 3-13
rnf-61, 2-6, 3-13
Ok
Ok
rnf-62, 1-10, 5-17
122
7
Ordinary message: 6; Ordinary message: 6
rnf-63, 5-18, 7-11
rnf-64, 0-24, 4-24
643
18
Ok
18
0
0
Ok
180
78
Ok
0
61
pinf-120, 3-15
0
0
78
pinf-121, 2-18
0
98
7
20
146
true
8
egi-53, 3-14
3
4
20
938
Ok
Ordinary message: 6; Ordinary message: 6
rnf-65, 0-25, 6-12
epi-67, 6-8
emi-22, 7-2
Ok
epi-68, 3-7
2
er-21, 7-8, 8-6
3
2
2
0
78
Ok
true
emi-23, 5-3
