0
0
The person with this number does not exist
pinf-1, 1-1
pinf-2, 1-2
pinf-3, 1-3
pinf-4, 2-1
pinf-5, 1-4
ginf-1, 0-1
pinf-6, 1-5
pinf-7, 2-2
0
pinf-8, 2-3
pinf-9, 0-1
The person with this number does not exist
pinf-10, 2-4
pinf-11, 1-6
pinf-12, 2-5
ginf-2, 2-1
Ok
pinf-13, 1-7
pinf-14, 0-2
ginf-3, 2-2
The person with this number does not exist
pinf-15, 1-8
Ok
egi-1, 1-1
Ok
minf-1, 0-1
ginf-4, 2-3
pinf-16, 1-9
pinf-17, 2-6
pinf-18, 1-10
pinf-19, 2-7
pinf-20, 2-8
pinf-21, 2-9
0
0
ginf-5, 2-4
Ok
egi-2, 1-2
pinf-22, 2-10
pinf-23, 1-11
0
pinf-24, 2-11
0
The person with this number does not exist
0
Ok
The person with this number does not exist
pinf-25, 2-12
0
pinf-26, 1-12
0
pinf-27, 1-13
pinf-28, 1-14
0
0
pinf-29, 1-15
anf-1, 0-1
true
0
minf-2, 2-1
0
Ok
pinf-30, 2-13
pinf-31, 2-14
0
Ok
epi-1, 1-1
pinf-32, 2-15
0
epi-2, 0-1
pinf-33, 2-16
Ok
epi-3, 0-2
Ok
rnf-1, 0-1, 1-1
0
Ok
0
0
epi-4, 0-3
0
None
epi-5, 1-2
0
0
anf-2, 1-1
0
None
false
0
rnf-2, 0-2, 2-1
3
rnf-3, 1-2, 2-2
epi-6, 2-1
epi-7, 0-4
None
0
0
egi-3, 2-1
0
0
emi-1, 0-1
None
rnf-4, 0-3, 1-3
Ok
0
Ok
epi-8, 2-2
emi-2, 0-2
None
Ok
0
er-1, 1-1, 1-1
None
None
0
egi-4, 0-1
egi-5, 2-2
epi-9, 1-3
0
Ok
0
0
1
0
minf-3, 1-1
45
pinf-34, 0-3
epi-10, 0-5
0
Ok
Ordinary message: 1
2
19
rnf-5, 1-4, 2-3
1
0
0
0
epi-11, 1-4
egi-6, 0-2
None
0
Ok
1
0
epi-12, 1-5
2
0
er-2, 0-1, 0-1
0
0
Ok
1
egi-7, 1-3
epi-13, 0-6
2
1
Ok
er-3, 0-2, 0-2
Ok
0
0
epi-14, 0-7
epi-15, 0-8
Ok
72
0
2
19
135
Ok
177
0
2
1
epi-16, 2-3
true
1
177
None
Ok
epi-17, 1-6
epi-18, 1-7
96
1
egi-8, 2-3
0
Ok
0
1
1
epi-19, 2-4
Ok
epi-20, 1-8
0
1
0
epi-21, 2-5
er-4, 0-3, 1-2
epi-22, 1-9
0
1
epi-23, 0-9
egi-9, 1-4
0
epi-24, 2-6
1
1
0
egi-10, 0-3
minf-4, 1-2
epi-25, 0-10
emi-3, 2-1
egi-11, 2-4
er-5, 1-3, 2-1
Ok
0
72
egi-12, 0-4
pinf-35, 0-4
Ordinary message: 1
0
2
0
epi-26, 0-11
1
pinf-36, 1-16
emi-4, 0-3
0
1
egi-13, 0-5
0
0
epi-27, 0-12
1
Ok
2
2
1
Ok
1
Ordinary message: 1
144
1
egi-14, 2-5
emi-5, 0-4
egi-15, 0-6
0
epi-28, 2-7
Ok
1
0
epi-29, 1-10
1
144
Ok
None
Ok
72
0
1
19
79
true
true
79
emi-6, 0-5
emi-7, 2-2
epi-30, 2-8
er-6, 0-4, 1-4
egi-16, 2-6
Ok
egi-17, 2-7
epi-31, 0-13
egi-18, 1-5
egi-19, 0-7
0
1
true
egi-20, 0-8
true
2
true
1
1
79
1
true
true
Ok
1
epi-32, 1-11
19
Ok
er-7, 0-5, 2-2
Ok
256
192
epi-33, 1-12
epi-34, 2-9
1
None
79
epi-35, 2-10
true
1
true
epi-36, 0-14
256
0
emi-8, 2-3
79
1
Ok
1
epi-37, 2-11
1
true
er-8, 1-5, 2-3
2
Ok
er-9, 0-6, 2-4
1
1
Ordinary message: 1
er-10, 0-7, 1-6
0
Ok
egi-21, 2-8
1
er-11, 0-8, 0-8
epi-38, 2-12
emi-9, 0-6
0
emi-10, 1-1
-59
1
0
true
1
Ok
2
true
egi-22, 2-9
0
-157
epi-39, 0-15
epi-40, 2-13
er-12, 1-7, 2-5
2
egi-23, 1-6
1
0
256
256
1
epi-41, 0-16
1
egi-24, 2-10
true
epi-42, 1-13
true
Ok
Ordinary message: 1
0
epi-43, 1-14
er-13, 2-6, 2-6
egi-25, 1-7
1
epi-44, 1-15
1
epi-45, 2-14
epi-46, 2-15
0
1
24
1
0
1
0
emi-11, 2-4
Ok
0
1
1
Ok
1
epi-47, 1-16
epi-48, 2-16
82
epi-49, 0-17
epi-50, 1-17
Ok
-157
0
None
emi-12, 2-5
er-14, 0-9, 0-9
pinf-37, 0-5
1
pinf-38, 0-6
0
2
epi-51, 1-18
epi-52, 2-17
emi-13, 1-2
epi-53, 1-19
epi-54, 1-20
0
epi-55, 0-18
epi-56, 0-19
er-15, 2-7, 2-7
Ok
Ok
Ok
er-16, 0-10, 2-8
Ok
1
2
epi-57, 0-20
egi-26, 1-8
er-17, 1-8, 1-8
emi-14, 1-3
epi-58, 2-18
egi-27, 0-9
Ok
1
epi-59, 1-21
2
Ok
Ok
0
Ok
epi-60, 0-21
1
-438
0
1
0
1
minf-5, 1-3
2
epi-61, 1-22
true
false
er-18, 0-11, 2-9
0
1
Ok
Ok
Ok
2
Ok
epi-62, 1-23
Ok
2
epi-63, 0-22
1
epi-64, 2-19
0
true
132
epi-65, 0-23
Ok
0
132
egi-28, 0-10
1
minf-6, 1-4
true
1
false
egi-29, 2-11
2
1
Ordinary message: 1
None
epi-66, 2-20
272
egi-30, 1-9
epi-67, 0-24
Ok
epi-68, 2-21
epi-69, 2-22
er-19, 0-12, 2-10
1
epi-70, 1-24
epi-71, 1-25
0
minf-7, 1-5
0
egi-31, 2-12
2
Ok
Ok
Ok
egi-32, 0-11
egi-33, 2-13
Ok
0
66
0
Ok
-690
true
rnf-6, 0-4, 1-5
false
true
0
0
0
2
1
0
None
epi-72, 0-25
Ok
er-20, 2-11, 2-11
0
emi-15, 2-6
emi-16, 2-7
132
3
3
0
0
0
emi-17, 0-7
0
rnf-7, 1-6, 2-4
0
epi-73, 2-23
Ok
0
Ok
false
0
0
0
rnf-8, 0-5, 1-7
er-21, 1-9, 1-9
Ordinary message: 1
-410
Ok
epi-74, 1-26
1
Ok
3
3
Ok
0
0
0
1
epi-75, 2-24
3
None
210
Ok
minf-8, 0-2
0
minf-9, 0-3
Ordinary message: 1
epi-76, 2-25
true
minf-10, 0-4
epi-77, 1-27
epi-78, 1-28
Ordinary message: 2; Ordinary message: 1
epi-79, 0-26
Ok
epi-80, 2-26
0
epi-81, 2-27
epi-82, 2-28
minf-11, 2-2
1
epi-83, 1-29
0
2
Ok
epi-84, 0-27
epi-85, 0-28
50
1
210
epi-86, 1-30
Ok
Ok
0
epi-87, 2-29
Ok
0
egi-34, 1-10
true
er-22, 0-13, 1-10
-1111
0
true
epi-88, 1-31
2
Ok
er-23, 2-12, 2-12
true
epi-89, 1-32
0
Ok
rnf-9, 1-8, 2-5
true
None
rnf-10, 1-9, 2-6
0
0
0
0
er-24, 0-14, 1-11
None
0
Ordinary message: 2; Ordinary message: 1
-405
Ordinary message: 1; Ordinary message: 1
Ok
emi-18, 0-8
rnf-11, 1-10, 2-7
epi-90, 0-29
0
Ok
210
-610
er-25, 0-15, 2-13
Ok
0
Ok
true
0
None
1
epi-91, 1-33
Ok
210
epi-92, 1-34
er-26, 0-16, 2-14
0
epi-93, 1-35
Ok
rnf-12, 1-11, 2-8
emi-19, 0-9
-610
-405
238
105
egi-35, 1-11
Ok
0
rnf-13, 1-12, 2-9
minf-12, 1-6
2
rnf-14, 1-13, 2-10
0
epi-94, 2-30
0
true
-610
0
None
2
Ok
0
2
emi-20, 0-10
Ok
er-27, 0-17, 2-15
true
None
3
0
1
0
1
Ok
true
-405
pinf-39, 1-17
emi-21, 0-11
0
er-28, 2-16, 2-16
rnf-15, 1-14, 2-11
Ok
0
198
emi-22, 0-12
rnf-16, 0-6, 1-15
emi-23, 2-8
1
pinf-40, 1-18
0
0
0
epi-95, 0-30
rnf-17, 0-7, 1-16
emi-24, 0-13
true
epi-96, 1-36
Ok
pinf-41, 1-19
1
257
0
Ok
0
epi-97, 2-31
3
emi-25, 2-9
0
er-29, 1-12, 2-17
0
pinf-42, 1-20
Ok
0
true
rnf-18, 0-8, 1-17
0
344
Ordinary message: 1; Ordinary message: 1
1
egi-36, 0-12
emi-26, 0-14
0
epi-98, 1-37
emi-27, 1-4
egi-37, 1-12
Ok
0
Ok
0
0
egi-38, 1-13
er-30, 0-18, 2-18
0
false
Ok
epi-99, 0-31
257
epi-100, 0-32
0
epi-101, 0-33
Ok
4
1
Ok
rnf-19, 1-18, 2-12
1
148
true
0
Ok
Ok
-405
epi-102, 1-38
er-31, 0-19, 1-13
3
0
true
true
er-32, 0-20, 2-19
1
true
1
Ok
true
Ok
0
304
er-33, 0-21, 0-21
0
epi-103, 2-32
3
3
epi-104, 2-33
0
epi-105, 0-34
1
1
0
0
rnf-20, 1-19, 2-13
epi-106, 1-39
epi-107, 0-35
0
0
minf-13, 1-7
1173
148
epi-108, 2-34
1
epi-109, 1-40
pinf-43, 1-21
egi-39, 1-14
Ok
egi-40, 0-13
None
0
148
egi-41, 2-14
306
0
Ok
er-34, 0-22, 2-20
epi-110, 2-35
epi-111, 1-41
er-35, 0-23, 1-14
epi-112, 2-36
0
3
epi-113, 1-42
Ok
epi-114, 0-36
epi-115, 0-37
minf-14, 1-8
-119
1
7
Ok
7
0
1
0
egi-42, 2-15
0
rnf-21, 1-20, 2-14
0
emi-28, 0-15
1
epi-116, 0-38
epi-117, 0-39
-119
86
Ok
epi-118, 1-43
0
rnf-22, 1-21, 2-15
Ok
0
emi-29, 1-5
0
1
epi-119, 1-44
egi-43, 0-14
None
pinf-44, 0-7
1
rnf-23, 1-22, 2-16
1
true
er-36, 0-24, 2-21
None
er-37, 1-15, 1-15
emi-30, 2-10
7
0
er-38, 0-25, 1-16
1
748
1
epi-120, 2-37
None
0
Ordinary message: 1; Ordinary message: 1
epi-121, 0-40
rnf-24, 1-23, 2-17
0
Ordinary message: 2; Ordinary message: 1
1
egi-44, 2-16
epi-122, 0-41
86
0
0
Ok
14
emi-31, 0-16
true
Ok
Ok
egi-45, 0-15
0
1
0
0
true
Ok
0
Ok
Ok
Ok
true
0
emi-32, 2-11
epi-123, 2-38
1
1
true
egi-46, 2-17
epi-124, 0-42
86
1
1
er-39, 2-22, 2-22
Ok
1
-106
3
Ok
0
0
0
pinf-45, 1-22
Ordinary message: 2; Ordinary message: 1
0
Ok
Ordinary message: 1; Ordinary message: 1
-106
87
Ok
0
86
1
Ok
1
egi-47, 2-18
-973
Ok
Ok
Ok
Ok
Ok
1
0
epi-125, 2-39
rnf-25, 1-24, 2-18
rnf-26, 1-25, 2-19
Ok
87
pinf-46, 1-23
1
er-40, 2-23, 2-23
true
1
true
Ok
egi-48, 0-16
epi-126, 2-40
epi-127, 1-45
rnf-27, 1-26, 2-20
Ok
0
rnf-28, 1-27, 2-21
egi-49, 0-17
3
egi-50, 1-15
epi-128, 1-46
Ok
None
Ordinary message: 1; Ordinary message: 1
0
epi-129, 2-41
3
emi-33, 1-6
pinf-47, 1-24
1
egi-51, 1-16
er-41, 0-26, 2-24
0
7
Ok
pinf-48, 1-25
0
0
Ok
pinf-49, 1-26
0
emi-34, 2-12
-973
er-42, 0-27, 2-25
Ordinary message: 1; Ordinary message: 1
86
emi-35, 1-7
0
86
Ok
egi-52, 1-17
pinf-50, 1-27
1
2
0
86
