pinf-1, 3-1
pinf-2, 6-1
0
pinf-3, 6-2
ginf-1, 1-1
pinf-4, 4-1
pinf-5, 3-2
Ok
Ok
Ok
pinf-6, 3-3
pinf-7, 2-1
Ok
pinf-8, 1-1
Ok
ginf-2, 1-2
ginf-3, 2-1
0
0
0
pinf-9, 0-1
pinf-10, 5-1
er-1, 6-1, 6-1
epi-1, 4-1
Group does not exist
epi-2, 4-2
3
ginf-4, 2-2
egi-1, 5-1
3
0
0
epi-3, 4-3
pinf-11, 0-2
Ok
0
minf-1, 5-1
pinf-12, 5-2
ginf-5, 6-1
pinf-13, 0-3
pinf-14, 0-4
0
Ok
None
5
pinf-15, 0-5
None
false
pinf-16, 0-6
0
minf-2, 1-1
pinf-17, 5-3
ginf-6, 6-2
ginf-7, 2-3
rnf-1, 1-1, 3-1
5
0
The person with this number does not exist
Ok
Ok
0
Ok
rnf-2, 4-1, 6-1
ginf-8, 2-4
ginf-9, 6-3
minf-3, 2-1
ginf-10, 4-1
ginf-11, 2-5
5
1
ginf-12, 4-2
Group does not exist
1
0
None
er-2, 2-1, 2-1
rnf-3, 2-1, 4-2
pinf-18, 5-4
pinf-19, 5-5
Ok
0
Ok
rnf-4, 3-2, 6-2
0
pinf-20, 5-6
ginf-13, 4-3
Ok
false
pinf-21, 5-7
pinf-22, 5-8
The person with this number does not exist
ginf-14, 1-3
rnf-5, 0-1, 6-3
Ok
epi-4, 1-1
0
1
0
Ok
epi-5, 3-1
None
ginf-15, 6-4
Ok
3
epi-6, 6-1
Ok
3
minf-4, 1-2
rnf-6, 3-3, 6-4
ginf-16, 0-1
pinf-23, 5-9
3
pinf-24, 1-2
0
3
pinf-25, 1-3
0
3
epi-7, 3-2
3
true
0
pinf-26, 5-10
ginf-17, 2-6
ginf-18, 2-7
rnf-7, 0-2, 2-2
true
egi-2, 5-2
false
0
1
rnf-8, 3-4, 6-5
0
3
0
true
0
1
emi-1, 2-1
1
0
false
0
pinf-27, 5-11
rnf-9, 2-3, 4-3
epi-8, 6-2
Ok
minf-5, 6-1
er-3, 0-1, 4-1
pinf-28, 5-12
0
0
emi-2, 4-1
false
anf-1, 2-1
epi-9, 4-4
ginf-19, 6-5
rnf-10, 3-5, 6-6
false
1
false
ginf-20, 2-8
rnf-11, 2-4, 4-4
Ok
ginf-21, 2-9
pinf-29, 5-13
1
Ok
pinf-30, 5-14
Ok
false
pinf-31, 5-15
3
Ok
Ok
Ok
0
egi-3, 3-1
0
Ok
minf-6, 6-2
None
2
rnf-12, 0-3, 2-5
rnf-13, 0-4, 6-7
1
epi-10, 0-1
0
pinf-32, 5-16
er-4, 0-2, 4-2
ginf-22, 1-4
2
0
None
None
0
true
minf-7, 6-3
true
rnf-14, 3-6, 6-8
0
1
ginf-23, 0-2
2
0
pinf-33, 5-17
0
1
ginf-24, 0-3
rnf-15, 2-6, 4-5
minf-8, 0-1
1
pinf-34, 5-18
1
1
Ok
1
None
pinf-35, 5-19
rnf-16, 3-7, 6-9
1
None
0
epi-11, 0-2
0
rnf-17, 3-8, 4-6
ginf-25, 1-5
rnf-18, 1-2, 3-9
egi-4, 5-3
pinf-36, 5-20
ginf-26, 0-4
ginf-27, 0-5
minf-9, 3-1
epi-12, 6-3
0
0
rnf-19, 0-5, 2-7
1
egi-5, 3-2
ginf-28, 1-6
ginf-29, 1-7
pinf-37, 5-21
egi-6, 5-4
0
2
rnf-20, 1-3, 2-8
1
epi-13, 4-5
0
Ok
pinf-38, 5-22
0
ginf-30, 1-8
0
rnf-21, 4-7, 6-10
pinf-39, 5-23
ginf-31, 0-6
0
pinf-40, 5-24
2
3
rnf-22, 3-10, 6-11
epi-14, 1-2
0
None
ginf-32, 0-7
rnf-23, 4-8, 6-12
rnf-24, 1-4, 3-11
ginf-33, 0-8
1
0
epi-15, 1-3
egi-7, 5-5
0
2
Ok
None
1
er-5, 1-1, 6-2
0
Ok
0
0
Ok
er-6, 6-3, 6-3
Ok
rnf-25, 1-5, 5-1
rnf-26, 3-12, 5-2
628
0
0
1
egi-8, 1-1
rnf-27, 1-6, 4-9
0
628
Ok
epi-16, 0-3
true
2
None
epi-17, 0-4
false
628
epi-18, 3-3
epi-19, 4-6
epi-20, 3-4
epi-21, 6-4
rnf-28, 3-13, 5-3
0
0
rnf-29, 4-10, 6-13
egi-9, 0-1
Ok
epi-22, 5-1
epi-23, 3-5
epi-24, 2-1
0
rnf-30, 3-14, 6-14
Ok
epi-25, 1-4
Ok
132
None
Ok
0
1
0
epi-26, 0-5
1
Ok
49
epi-27, 4-7
2
rnf-31, 0-6, 6-15
0
Ok
0
0
rnf-32, 0-7, 5-4
Ok
er-7, 3-1, 6-4
epi-28, 5-2
0
None
true
0
2
minf-10, 6-4
rnf-33, 1-7, 3-15
epi-29, 0-6
0
Ok
Ok
rnf-34, 1-8, 4-11
epi-30, 4-8
epi-31, 4-9
None
2
628
Ok
0
0
Ok
epi-32, 3-6
0
epi-33, 2-2
0
0
epi-34, 5-3
rnf-35, 4-12, 6-16
1
true
0
2
epi-35, 4-10
er-8, 4-3, 5-1
epi-36, 3-7
true
epi-37, 4-11
Ok
epi-38, 6-5
49
epi-39, 1-5
epi-40, 5-4
2
epi-41, 4-12
0
0
epi-42, 1-6
0
Ok
None
epi-43, 0-7
827
0
true
Ok
Ok
2
None
pinf-41, 1-4
1
epi-44, 3-8
Ok
199
0
0
epi-45, 4-13
epi-46, 6-6
0
epi-47, 2-3
emi-3, 5-1
rnf-36, 3-16, 4-13
Ok
epi-48, 6-7
0
0
None
0
1
1
Ok
Ok
epi-49, 1-7
epi-50, 3-9
2
3
egi-10, 3-3
1
rnf-37, 1-9, 3-17
epi-51, 3-10
0
rnf-38, 2-9, 4-14
0
egi-11, 1-2
egi-12, 1-3
epi-52, 4-14
0
1
0
epi-53, 4-15
1
Ok
827
2
0
3
true
0
epi-54, 3-11
3
3
epi-55, 3-12
true
2
epi-56, 0-8
Ok
None
None
1
Ordinary message: 0
Ordinary message: 0
Ok
epi-57, 6-8
Ok
3
Ok
epi-58, 6-9
true
Ok
Ok
2
0
pinf-42, 3-4
1
0
0
-984
3
0
true
1
0
0
1
true
3
rnf-39, 1-10, 3-18
1
rnf-40, 3-19, 4-15
true
3
true
Ok
epi-59, 2-4
epi-60, 2-5
0
epi-61, 1-8
epi-62, 4-16
egi-13, 2-1
Ordinary message: 0
2
Ok
Ok
4
egi-14, 5-6
egi-15, 6-1
epi-63, 0-9
egi-16, 6-2
5
Ok
2
49
minf-11, 0-2
2
epi-64, 4-17
Ok
rnf-41, 4-16, 6-17
epi-65, 3-13
epi-66, 6-10
Ok
-785
0
2
0
er-9, 4-4, 5-2
2
epi-67, 2-6
2
true
62
Ok
4
egi-17, 4-1
0
0
epi-68, 4-18
49
0
Ok
epi-69, 2-7
2
2
2
None
epi-70, 1-9
2
2
epi-71, 0-10
3
Ok
0
2
0
0
epi-72, 5-5
pinf-43, 3-5
2
emi-4, 0-1
5
66
epi-73, 6-11
2
epi-74, 0-11
None
0
2
133
0
pinf-44, 1-5
-581
2
0
0
Ok
epi-75, 3-14
2
Ok
Ordinary message: 5
2
4
false
62
egi-18, 2-2
pinf-45, 3-6
Ok
egi-19, 4-2
-785
egi-20, 2-3
egi-21, 5-7
er-10, 2-2, 6-5
0
true
None
2
2
Ok
2
180
2
epi-76, 3-15
egi-22, 2-4
0
7
2
Ok
0
0
egi-23, 1-4
2
egi-24, 4-3
34
7
-581
Ordinary message: 0
None
rnf-42, 3-20, 4-17
epi-77, 6-12
0
Ok
emi-5, 6-1
2
rnf-43, 1-11, 4-18
epi-78, 0-12
3
0
emi-6, 1-1
rnf-44, 1-12, 2-10
rnf-45, 1-13, 2-11
epi-79, 3-16
emi-7, 2-2
emi-8, 0-2
epi-80, 5-6
-785
emi-9, 5-2
3
3
0
Ok
true
epi-81, 1-10
epi-82, 3-17
Ok
egi-25, 5-8
egi-26, 0-2
Ordinary message: 5
epi-83, 0-13
egi-27, 0-3
0
Ok
4
epi-84, 4-19
7
1
rnf-46, 0-8, 6-18
Ordinary message: 0
epi-85, 3-18
2
7
rnf-47, 3-21, 4-19
rnf-48, 4-20, 6-19
7
1
Ordinary message: 5
75
epi-86, 6-13
emi-10, 5-3
3
pinf-46, 1-6
Ok
3
emi-11, 5-4
epi-87, 3-19
egi-28, 2-5
Ok
-25
Ok
2
1
Ok
27
-25
rnf-49, 4-21, 6-20
Ordinary message: 5
-1009
2
0
7
2
2
2
0
rnf-50, 5-5, 6-21
2
7
2
true
Ok
0
Ok
None
rnf-51, 1-14, 2-12
true
312
70
None
Ok
epi-88, 6-14
Ok
true
584
2
Ok
None
epi-89, 5-7
epi-90, 3-20
7
2
7
3
7
7
Ok
None
Ok
er-11, 2-3, 4-5
Ordinary message: 5
epi-91, 3-21
Ok
epi-92, 6-15
0
184
epi-93, 3-22
egi-29, 4-4
0
rnf-52, 1-15, 3-22
70
egi-30, 1-5
Ok
183
2
true
0
2
0
epi-94, 6-16
true
0
0
2
7
7
er-12, 2-4, 4-6
2
er-13, 0-3, 5-3
7
true
874
7
rnf-53, 4-22, 6-22
Ok
2
Ordinary message: 0
5
0
1
er-14, 0-4, 1-2
rnf-54, 0-9, 2-13
pinf-47, 3-7
2
true
3
3
epi-95, 6-17
7
7
3
epi-96, 3-23
Ok
minf-12, 0-3
true
0
0
-1338
0
epi-97, 3-24
Ordinary message: 3
0
epi-98, 4-20
2
egi-31, 4-5
2
true
0
Ok
emi-12, 6-2
10
true
er-15, 2-5, 4-7
epi-99, 5-8
2
epi-100, 1-11
epi-101, 6-18
616
epi-102, 2-8
0
Ok
er-16, 3-2, 3-2
true
Ok
2
-268
10
egi-32, 5-9
Ok
2
epi-103, 4-21
3
Ok
0
er-17, 0-5, 3-3
rnf-55, 2-14, 6-23
10
0
3
epi-104, 6-19
epi-105, 2-9
Ok
emi-13, 4-2
10
rnf-56, 1-16, 2-15
pinf-48, 1-7
66
0
rnf-57, 5-6, 6-24
Ok
92
er-18, 5-4, 5-4
3
true
Ordinary message: 5
324
minf-13, 6-5
rnf-58, 1-17, 2-16
Ok
47
76
Ok
3
12
0
epi-106, 6-20
2
Ordinary message: 6; Ordinary message: 5; Ordinary message: 0
egi-33, 1-6
Ordinary message: 0
rnf-59, 1-18, 4-23
0
epi-107, 0-14
0
egi-34, 6-3
Ok
12
er-19, 3-4, 5-5
Ok
None
epi-108, 3-25
Ok
Ok
0
epi-109, 0-15
30
egi-35, 4-6
Ordinary message: 5
-829
0
true
epi-110, 2-10
Ok
-829
Ok
3
emi-14, 6-3
0
true
epi-111, 3-26
pinf-49, 2-2
3
122
epi-112, 6-21
Ordinary message: 6; Ordinary message: 5; Ordinary message: 0
epi-113, 2-11
emi-15, 2-3
epi-114, 1-12
Ok
Ok
emi-16, 4-3
Ok
0
pinf-50, 1-8
Ok
epi-115, 2-12
epi-116, 3-27
Ok
egi-36, 3-4
-1520
Ok
er-20, 2-6, 3-5
133
epi-117, 3-28
epi-118, 4-22
pinf-51, 2-3
4
rnf-60, 1-19, 4-24
3
egi-37, 4-7
Ok
er-21, 3-6, 6-6
3
4
1096
Ok
12
egi-38, 6-4
14
7
epi-119, 4-23
Ok
4
0
epi-120, 3-29
epi-121, 6-22
er-22, 4-8, 5-6
Ok
pinf-52, 2-4
Ok
0
Ok
epi-122, 0-16
Ok
Ok
798
-136
5
Ordinary message: 2
epi-123, 2-13
4
rnf-61, 1-20, 3-23
0
258
epi-124, 4-24
egi-39, 4-8
-791
1066
epi-125, 3-30
egi-40, 2-6
rnf-62, 0-10, 2-17
egi-41, 3-5
true
12
egi-42, 2-7
1066
Ok
4
Ordinary message: 3
egi-43, 2-8
0
1
Ok
12
4
Ok
Ordinary message: 0; Ordinary message: 3
er-23, 3-7, 5-7
4
true
4
None
4
true
Ok
epi-126, 1-13
emi-17, 4-4
epi-127, 5-9
Ok
0
801
Ok
Ok
rnf-63, 1-21, 3-24
3
0
Ok
egi-44, 6-5
Ok
true
55
egi-45, 6-6
epi-128, 6-23
