pinf-1, 1-1
Ok
ginf-1, 1-1
pinf-2, 4-1
ginf-2, 1-2
Ok
Group does not exist
pinf-3, 5-1
pinf-4, 7-1
minf-1, 3-1
1
pinf-5, 6-1
pinf-6, 7-2
pinf-7, 6-2
0
pinf-8, 2-1
ginf-3, 3-1
0
pinf-9, 5-2
0
Group does not exist
anf-1, 0-1
pinf-10, 4-2
egi-1, 5-1
ginf-4, 7-1
Group does not exist
pinf-11, 5-3
ginf-5, 4-1
pinf-12, 1-2
anf-2, 0-2
pinf-13, 5-4
pinf-14, 4-3
ginf-6, 6-1
ginf-7, 1-3
ginf-8, 2-1
pinf-15, 1-3
Ok
Group does not exist
0
pinf-16, 7-3
pinf-17, 3-1
epi-1, 0-1
1
pinf-18, 2-2
1
pinf-19, 6-3
1
pinf-20, 7-4
pinf-21, 6-4
pinf-22, 3-2
pinf-23, 6-5
Group does not exist
pinf-24, 7-5
pinf-25, 3-3
minf-2, 6-1
pinf-26, 1-4
pinf-27, 3-4
pinf-28, 4-4
ginf-9, 2-2
minf-3, 4-1
0
1
ginf-10, 6-2
0
1
epi-2, 0-2
ginf-11, 3-2
ginf-12, 2-3
Ok
ginf-13, 3-3
pinf-29, 7-6
pinf-30, 2-3
pinf-31, 1-5
0
Group does not exist
pinf-32, 1-6
minf-4, 2-1
ginf-14, 4-2
Ok
pinf-33, 7-7
0
Ok
0
0
The person with this number does not exist
pinf-34, 3-5
pinf-35, 7-8
2
Ok
pinf-36, 1-7
pinf-37, 7-9
pinf-38, 1-8
pinf-39, 1-9
0
Ok
3
Ok
pinf-40, 7-10
pinf-41, 7-11
The person with this number does not exist
Ok
0
pinf-42, 5-5
0
0
The person with this number does not exist
ginf-15, 6-3
ginf-16, 6-4
pinf-43, 5-6
4
pinf-44, 4-5
pinf-45, 6-6
The person with this number does not exist
minf-5, 0-1
pinf-46, 6-7
epi-3, 1-1
4
0
0
4
pinf-47, 4-6
0
None
minf-6, 6-2
4
epi-4, 0-3
pinf-48, 6-8
pinf-49, 5-7
pinf-50, 3-6
Ok
pinf-51, 3-7
0
pinf-52, 4-7
pinf-53, 3-8
rnf-1, 0-1, 2-1
minf-7, 7-1
0
None
pinf-54, 5-8
0
4
0
Ok
pinf-55, 3-9
anf-3, 0-3
0
epi-5, 1-2
0
pinf-56, 6-9
epi-6, 1-3
pinf-57, 3-10
0
0
0
pinf-58, 4-8
egi-2, 0-1
pinf-59, 5-9
pinf-60, 2-4
4
0
Ok
0
1
pinf-61, 3-11
Ok
0
0
pinf-62, 4-9
0
The person with this number does not exist
The person with this number does not exist
0
1
pinf-63, 5-10
The person with this number does not exist
0
pinf-64, 6-10
0
0
egi-3, 0-2
3
pinf-65, 4-10
1
pinf-66, 6-11
0
pinf-67, 6-12
Ok
pinf-68, 4-11
1
0
Ok
pinf-69, 4-12
pinf-70, 3-12
pinf-71, 4-13
pinf-72, 3-13
egi-4, 5-2
pinf-73, 3-14
0
The person with this number does not exist
epi-7, 1-4
anf-4, 1-1
pinf-74, 4-14
minf-8, 2-2
epi-8, 2-1
rnf-2, 1-1, 7-1
2
0
pinf-75, 3-15
Ok
pinf-76, 6-13
pinf-77, 6-14
0
epi-9, 7-1
epi-10, 4-1
Ok
Ok
The person with this number does not exist
er-1, 0-1, 2-1
0
Ok
0
anf-5, 7-1
0
0
false
0
0
0
0
The person with this number does not exist
Ok
The person with this number does not exist
egi-5, 7-1
0
0
5
false
None
pinf-78, 3-16
1
minf-9, 0-2
0
5
anf-6, 1-2
true
Ok
0
pinf-79, 6-15
Ok
0
egi-6, 2-1
rnf-3, 0-2, 3-1
0
None
0
1
Ok
0
Ok
epi-11, 3-1
epi-12, 1-5
minf-10, 6-3
pinf-80, 6-16
pinf-81, 6-17
0
egi-7, 2-2
0
false
The person with this number does not exist
false
false
0
pinf-82, 6-18
0
pinf-83, 6-19
epi-13, 2-2
false
rnf-4, 3-2, 4-1
pinf-84, 6-20
minf-11, 5-1
Ok
None
emi-1, 1-1
0
epi-14, 4-2
5
anf-7, 5-1
Ok
egi-8, 7-2
minf-12, 0-3
2
0
0
Ok
rnf-5, 1-2, 2-2
rnf-6, 5-1, 7-2
minf-13, 7-2
0
None
epi-15, 5-1
0
1
emi-2, 1-2
0
egi-9, 4-1
0
0
emi-3, 1-3
Ok
None
pinf-85, 6-21
epi-16, 3-2
0
0
0
3
epi-17, 1-6
Ok
Ok
2
epi-18, 2-3
3
Ok
egi-10, 7-3
Ok
anf-8, 1-3
epi-19, 2-4
2
0
0
false
0
rnf-7, 5-2, 7-3
3
0
egi-11, 5-3
0
rnf-8, 4-2, 7-4
Ok
0
true
rnf-9, 1-3, 7-5
Ok
Ok
0
0
0
minf-14, 2-3
0
0
epi-20, 3-3
true
0
0
true
epi-21, 4-3
rnf-10, 5-3, 6-1
epi-22, 6-1
0
Ok
None
0
true
Ok
er-2, 2-2, 7-1
0
0
pinf-86, 6-22
3
1
1
true
1
56
Ok
3
minf-15, 7-3
0
0
0
0
Ok
Ok
egi-12, 3-1
0
rnf-11, 1-4, 2-3
0
2
0
3
1
Ok
0
7
emi-4, 6-1
4
0
epi-23, 3-4
0
epi-24, 0-4
epi-25, 2-5
0
0
0
0
minf-16, 1-1
0
emi-5, 0-1
emi-6, 0-2
0
None
rnf-12, 5-4, 6-2
3
epi-26, 2-6
0
3
emi-7, 3-1
1
3
3
1
true
Ok
3
true
0
0
1
None
0
er-3, 2-3, 4-1
Ok
0
None
4
Ok
0
Ok
0
None
3
None
Ok
0
true
1
3
0
epi-27, 2-7
Ok
Ok
3
0
Ok
epi-28, 1-7
3
None
egi-13, 7-4
76
Ok
None
true
Ok
0
5
egi-14, 3-2
egi-15, 1-1
5
0
0
epi-29, 7-2
1
egi-16, 1-2
5
None
true
egi-17, 6-1
true
rnf-13, 5-5, 6-3
egi-18, 2-3
0
Ok
0
true
5
1
Ok
165
0
3
rnf-14, 0-3, 7-6
epi-30, 3-5
er-4, 2-4, 3-1
epi-31, 5-2
1
6
0
Ok
true
None
rnf-15, 6-4, 7-7
Ok
0
rnf-16, 6-5, 7-8
None
rnf-17, 1-5, 7-9
egi-19, 6-2
rnf-18, 2-4, 6-6
None
None
4
pinf-87, 4-15
4
7
0
rnf-19, 6-7, 7-10
rnf-20, 6-8, 7-11
0
epi-32, 7-3
1
Ok
7
1
true
3
0
true
epi-33, 6-2
egi-20, 6-3
egi-21, 1-3
true
rnf-21, 0-4, 7-12
0
0
emi-8, 4-1
7
0
true
rnf-22, 0-5, 7-13
rnf-23, 2-5, 6-9
rnf-24, 0-6, 4-3
1
Ok
emi-9, 3-2
Ok
egi-22, 7-5
3
1
epi-34, 7-4
er-5, 1-1, 1-1
Ok
1
egi-23, 5-4
Ok
1
Ok
0
0
Ok
pinf-88, 4-16
Ok
rnf-25, 1-6, 6-10
pinf-89, 4-17
77
rnf-26, 1-7, 7-14
0
1
0
Ok
1
7
0
rnf-27, 6-11, 7-15
Ok
Ok
true
true
rnf-28, 0-7, 1-8
egi-24, 4-2
1
256
7
Ok
rnf-29, 5-6, 6-12
rnf-30, 1-9, 2-6
true
epi-35, 2-8
4
egi-25, 3-3
Ok
true
true
true
8
egi-26, 7-6
Ok
2
epi-36, 1-8
5
Ok
Ok
0
true
7
7
Ok
rnf-31, 1-10, 2-7
0
pinf-90, 6-23
rnf-32, 5-7, 6-13
emi-10, 4-2
egi-27, 7-7
0
epi-37, 0-5
0
7
true
egi-28, 1-4
egi-29, 1-5
Ok
Ok
epi-38, 3-6
Ok
Ok
0
true
2
0
emi-11, 4-3
1
188
rnf-33, 6-14, 7-16
Ok
5
0
emi-12, 5-1
er-6, 2-5, 4-2
0
rnf-34, 0-8, 1-11
Ok
true
8
1
0
true
rnf-35, 0-9, 3-3
8
None
1
None
3
emi-13, 3-3
0
er-7, 2-6, 5-1
0
8
rnf-36, 5-8, 6-15
0
egi-30, 1-6
epi-39, 6-3
52
true
epi-40, 3-7
pinf-91, 6-24
epi-41, 7-5
epi-42, 5-3
Ok
8
Ok
emi-14, 0-3
None
0
er-8, 1-2, 3-2
epi-43, 7-6
rnf-37, 0-10, 4-4
rnf-38, 0-11, 3-4
632
None
0
epi-44, 3-8
true
Ordinary message: 3
epi-45, 6-4
2
epi-46, 1-9
9
0
pinf-92, 7-12
egi-31, 4-3
Ok
2
0
egi-32, 3-4
9
true
er-9, 2-7, 4-3
epi-47, 4-4
2
9
Ok
0
2
epi-48, 3-9
epi-49, 4-5
Ok
true
Ok
1
Ok
5
egi-33, 3-5
5
None
emi-15, 6-2
12
12
0
0
2
emi-16, 6-3
epi-50, 2-9
emi-17, 0-4
None
rnf-39, 3-5, 7-17
true
Ok
egi-34, 6-4
None
emi-18, 7-1
er-10, 0-2, 5-2
0
None
Ok
0
rnf-40, 5-9, 6-16
emi-19, 0-5
egi-35, 4-4
None
egi-36, 2-4
epi-51, 5-4
4
epi-52, 7-7
0
12
2
Ok
None
rnf-41, 1-12, 2-8
egi-37, 2-5
emi-20, 2-1
52
2
0
12
0
epi-53, 4-6
0
rnf-42, 5-10, 6-17
epi-54, 0-6
true
egi-38, 7-8
rnf-43, 0-12, 3-6
er-11, 1-3, 5-3
0
Ok
0
4
None
0
2
2
Ok
egi-39, 4-5
2
2
-917
5
epi-55, 1-10
Ok
0
0
true
pinf-93, 7-13
5
0
epi-56, 7-8
er-12, 3-3, 5-4
Ok
true
None
0
epi-57, 1-11
egi-40, 1-7
2
0
epi-58, 0-7
171
er-13, 4-4, 6-1
5
Ok
121
2
15
0
2
0
0
epi-59, 4-7
Ok
epi-60, 6-5
egi-41, 4-6
0
0
Ok
7
emi-21, 4-4
true
egi-42, 5-5
7
Ok
7
0
0
4
2
2
epi-61, 4-8
epi-62, 7-9
2
emi-22, 4-5
pinf-94, 0-1
2
0
2
egi-43, 6-5
1
Ok
Ok
true
2
None
0
er-14, 6-2, 7-2
er-15, 4-5, 7-3
egi-44, 5-6
112
892
Ok
rnf-44, 1-13, 2-9
2
emi-23, 5-2
-917
epi-63, 7-10
2
-626
Ok
15
2
Ok
0
Ok
2
Ok
epi-64, 3-10
er-16, 2-8, 4-6
15
epi-65, 3-11
0
er-17, 0-3, 2-9
rnf-45, 0-13, 3-7
true
2
er-18, 3-4, 5-5
-917
426
0
epi-66, 2-10
pinf-95, 6-25
true
2
5
Ok
0
5
364
epi-67, 6-6
2
egi-45, 0-3
true
2
7
0
None
17
epi-68, 2-11
epi-69, 1-12
2
2
Ok
true
2
er-19, 1-4, 3-5
emi-24, 0-6
0
epi-70, 7-11
true
17
2
None
0
egi-46, 1-8
0
er-20, 1-5, 6-3
0
emi-25, 7-2
emi-26, 1-4
2
2
Ok
0
524
None
5
-917
524
emi-27, 0-7
25
Ok
Ordinary message: 3
Ok
0
rnf-46, 0-14, 7-18
3
Ok
3
er-21, 2-10, 2-10
emi-28, 1-5
3
186
egi-47, 1-9
epi-71, 1-13
pinf-96, 0-2
None
3
egi-48, 7-9
Ok
emi-29, 5-3
pinf-97, 7-14
er-22, 0-4, 7-4
pinf-98, 0-3
26
2
Ok
epi-72, 5-5
3
egi-49, 5-7
epi-73, 3-12
epi-74, 5-6
egi-50, 0-4
3
26
egi-51, 0-5
3
rnf-47, 5-11, 6-18
egi-52, 5-8
true
er-23, 4-7, 6-4
egi-53, 4-7
epi-75, 2-12
epi-76, 2-13
epi-77, 6-7
egi-54, 4-8
emi-30, 4-6
er-24, 2-11, 6-5
2
Ok
epi-78, 5-7
2
epi-79, 5-8
emi-31, 4-7
0
0
Ok
epi-80, 6-8
Ok
0
0
Ok
Ok
4
rnf-48, 0-15, 3-8
4
Ok
egi-55, 5-9
4
Ok
rnf-49, 2-10, 5-12
true
epi-81, 4-9
er-25, 4-8, 5-6
