Ok
pinf-1, 4-1
pinf-2, 4-2
0
Ok
ginf-1, 9-1
Ok
pinf-3, 6-1
minf-1, 7-1
ginf-2, 3-1
2
pinf-4, 3-1
pinf-5, 4-3
2
The person with this number does not exist
minf-2, 2-1
ginf-3, 8-1
pinf-6, 8-1
ginf-4, 8-2
false
pinf-7, 6-2
2
pinf-8, 7-1
ginf-5, 4-1
pinf-9, 9-1
pinf-10, 5-1
ginf-6, 9-2
None
anf-1, 2-1
pinf-11, 4-4
2
0
The person with this number does not exist
0
2
0
2
ginf-7, 1-1
ginf-8, 2-1
Ok
0
ginf-9, 8-3
minf-3, 6-1
pinf-12, 3-2
0
2
pinf-13, 6-3
pinf-14, 4-5
pinf-15, 5-2
pinf-16, 1-1
pinf-17, 3-3
ginf-10, 7-1
ginf-11, 3-2
Ok
0
3
3
None
Ok
ginf-12, 0-1
ginf-13, 0-2
0
0
0
0
pinf-18, 5-3
pinf-19, 9-2
pinf-20, 3-4
The person with this number does not exist
pinf-21, 1-2
pinf-22, 5-4
3
ginf-14, 2-2
Ok
epi-1, 2-1
ginf-15, 8-4
Ok
pinf-23, 1-3
0
pinf-24, 5-5
pinf-25, 3-5
pinf-26, 3-6
pinf-27, 1-4
4
egi-1, 3-1
epi-2, 0-1
epi-3, 9-1
pinf-28, 5-6
Ok
Ok
pinf-29, 5-7
pinf-30, 5-8
0
minf-4, 5-1
ginf-16, 8-5
pinf-31, 3-7
2
pinf-32, 5-9
0
pinf-33, 5-10
ginf-17, 0-3
pinf-34, 7-2
0
minf-5, 1-1
minf-6, 6-2
8
The person with this number does not exist
Ok
pinf-35, 1-5
Ok
None
pinf-36, 7-3
Ok
4
egi-2, 3-2
2
Group does not exist
0
pinf-37, 5-11
Group does not exist
2
minf-7, 8-1
17
pinf-38, 6-4
egi-3, 3-3
0
pinf-39, 4-6
pinf-40, 5-12
2
minf-8, 8-2
0
ginf-18, 9-3
ginf-19, 4-2
2
pinf-41, 7-4
2
4
4
egi-4, 5-1
pinf-42, 5-13
ginf-20, 2-3
pinf-43, 7-5
pinf-44, 6-5
Ok
pinf-45, 5-14
0
8
4
epi-4, 9-2
Ok
None
egi-5, 3-4
0
ginf-21, 2-4
minf-9, 7-2
4
ginf-22, 2-5
pinf-46, 4-7
rnf-1, 1-1, 2-1
Ok
pinf-47, 5-15
Ok
epi-5, 2-2
Ok
pinf-48, 6-6
epi-6, 3-1
ginf-23, 0-4
egi-6, 5-2
pinf-49, 4-8
0
0
Ok
9
Group does not exist
The person with this number does not exist
pinf-50, 6-7
0
None
0
0
Ok
0
0
Ok
pinf-51, 6-8
epi-7, 8-1
pinf-52, 7-6
Ok
0
2
pinf-53, 7-7
egi-7, 1-1
Ok
2
0
Ok
pinf-54, 7-8
Ok
Group does not exist
pinf-55, 5-16
pinf-56, 6-9
0
minf-10, 7-3
6
pinf-57, 5-17
pinf-58, 5-18
pinf-59, 5-19
pinf-60, 5-20
false
er-1, 4-1, 4-1
epi-8, 4-1
0
0
0
0
egi-8, 1-2
The person with this number does not exist
emi-1, 4-1
pinf-61, 3-8
epi-9, 3-2
anf-2, 4-1
Ok
pinf-62, 5-21
Group does not exist
The person with this number does not exist
5
false
Ok
minf-11, 0-1
None
pinf-63, 6-10
epi-10, 9-3
Ok
ginf-24, 2-6
pinf-64, 5-22
ginf-25, 2-7
epi-11, 2-3
pinf-65, 6-11
0
er-2, 0-1, 8-1
true
0
2
Ok
epi-12, 7-1
3
pinf-66, 5-23
0
rnf-2, 2-2, 8-1
2
Ok
3
Ok
2
0
Ok
None
Ok
None
0
ginf-26, 0-5
pinf-67, 5-24
None
epi-13, 4-2
minf-12, 8-3
true
Ok
pinf-68, 5-25
anf-3, 1-1
3
ginf-27, 0-6
pinf-69, 5-26
pinf-70, 6-12
pinf-71, 5-27
epi-14, 1-1
The person with this number does not exist
pinf-72, 5-28
0
2
minf-13, 0-2
epi-15, 1-2
Ok
epi-16, 8-2
3
pinf-73, 6-13
pinf-74, 5-29
0
-392
pinf-75, 5-30
9
Ok
2
3
egi-9, 5-3
egi-10, 5-4
pinf-76, 5-31
0
Ok
Ok
2
0
Ok
0
Ok
true
rnf-3, 5-1, 7-1
Ok
Ok
egi-11, 2-1
3
None
egi-12, 3-5
ginf-28, 0-7
epi-17, 2-4
emi-2, 4-2
pinf-77, 6-14
0
egi-13, 4-1
epi-18, 3-3
0
3
rnf-4, 1-2, 9-1
None
er-3, 2-1, 9-1
er-4, 0-2, 8-2
0
The person with this number does not exist
epi-19, 8-3
Ordinary message: 5
0
pinf-78, 6-15
pinf-79, 8-2
rnf-5, 0-1, 1-3
2
ginf-29, 0-8
0
0
0
pinf-80, 3-9
0
None
2
0
0
epi-20, 9-4
Ok
emi-3, 5-1
ginf-30, 0-9
pinf-81, 6-16
epi-21, 3-4
-392
0
2
2
0
Ok
Ok
true
2
epi-22, 9-5
0
2
rnf-6, 1-4, 7-2
2
0
0
emi-4, 3-1
egi-14, 8-1
minf-14, 1-2
2
epi-23, 2-5
0
false
epi-24, 5-1
2
egi-15, 7-1
minf-15, 0-3
0
pinf-82, 3-10
0
Ok
72
2
None
0
pinf-83, 6-17
Ok
2
2
0
egi-16, 8-2
epi-25, 8-4
Ok
emi-5, 6-1
pinf-84, 6-18
0
0
Ok
Ok
epi-26, 2-6
2
None
0
0
0
true
egi-17, 2-2
2
2
egi-18, 8-3
epi-27, 9-6
ginf-31, 0-10
egi-19, 1-3
2
0
2
2
2
2
0
0
0
minf-16, 7-4
rnf-7, 1-5, 4-1
rnf-8, 1-6, 4-2
Ok
pinf-85, 6-19
0
2
true
rnf-9, 2-3, 7-3
true
Ok
0
egi-20, 8-4
45
pinf-86, 6-20
9
pinf-87, 6-21
true
egi-21, 7-2
minf-17, 4-1
0
er-5, 5-1, 9-2
0
0
2
None
0
2
rnf-10, 0-2, 2-4
rnf-11, 0-3, 9-2
Ok
9
epi-28, 2-7
epi-29, 0-2
None
minf-18, 0-4
egi-22, 7-3
epi-30, 7-2
pinf-88, 6-22
9
ginf-32, 0-11
2
epi-31, 1-3
epi-32, 7-3
Ok
pinf-89, 6-23
None
Ok
1
rnf-12, 0-4, 1-7
minf-19, 4-2
0
Ok
minf-20, 0-5
0
1
epi-33, 2-8
0
1
2
epi-34, 7-4
epi-35, 7-5
Ok
3
0
9
rnf-13, 0-5, 9-3
3
2
4
0
0
2
Ok
Ok
0
egi-23, 0-1
2
egi-24, 9-1
None
Ok
2
pinf-90, 6-24
minf-21, 0-6
1
epi-36, 0-3
None
2
pinf-91, 6-25
2
Ok
82
0
0
Ok
0
minf-22, 2-2
egi-25, 6-1
2
Ok
rnf-14, 1-8, 5-2
Ok
2
egi-26, 8-5
true
Ok
egi-27, 3-6
egi-28, 7-4
0
0
0
minf-23, 7-5
epi-37, 2-9
2
0
2
egi-29, 6-2
2
pinf-92, 6-26
pinf-93, 6-27
true
0
2
0
2
2
0
minf-24, 0-7
2
Ok
epi-38, 8-5
3
epi-39, 9-7
rnf-15, 1-9, 8-2
epi-40, 1-4
9
rnf-16, 4-3, 5-3
3
rnf-17, 4-4, 5-4
epi-41, 0-4
-392
9
-392
0
true
0
true
emi-6, 6-2
rnf-18, 3-1, 7-4
2
Ok
true
0
rnf-19, 0-6, 7-5
emi-7, 3-2
3
egi-30, 7-5
9
egi-31, 2-3
Ok
emi-8, 3-3
pinf-94, 6-28
2
rnf-20, 1-10, 9-4
Ok
Ok
egi-32, 5-5
Ok
er-6, 4-2, 4-2
-392
2
2
0
4
Ok
9
None
Ok
epi-42, 9-8
0
minf-25, 9-1
2
egi-33, 2-4
rnf-21, 1-11, 2-5
epi-43, 8-6
pinf-95, 6-29
3
rnf-22, 2-6, 7-6
epi-44, 5-2
0
0
2
egi-34, 8-6
minf-26, 0-8
0
Ok
pinf-96, 6-30
0
0
Ok
0
0
3
egi-35, 6-3
epi-45, 7-6
minf-27, 9-2
emi-9, 1-1
0
egi-36, 1-4
minf-28, 9-3
anf-4, 7-1
pinf-97, 6-31
emi-10, 2-1
epi-46, 0-5
true
pinf-98, 6-32
0
-731
3
epi-47, 8-7
4
3
0
minf-29, 0-9
pinf-99, 6-33
egi-37, 7-6
true
epi-48, 5-3
rnf-23, 0-7, 9-5
0
pinf-100, 6-34
0
true
0
0
None
The person with this number does not exist
egi-38, 6-4
Ok
pinf-101, 6-35
minf-30, 9-4
3
3
pinf-102, 6-36
None
emi-11, 1-2
3
0
8
0
None
emi-12, 4-3
emi-13, 2-2
0
pinf-103, 5-32
egi-39, 3-7
pinf-104, 6-37
Ok
None
Ok
rnf-24, 7-7, 9-6
epi-49, 4-3
0
0
pinf-105, 6-38
0
Ok
true
Ok
0
pinf-106, 6-39
pinf-107, 6-40
pinf-108, 6-41
2
0
None
0
5
508
rnf-25, 0-8, 9-7
Ok
0
anf-5, 1-2
None
4
5
Ok
pinf-109, 6-42
4
epi-50, 4-4
0
Ok
Ok
epi-51, 2-10
er-7, 2-2, 4-3
pinf-110, 6-43
er-8, 0-3, 5-2
true
0
epi-52, 1-5
Ok
5
3
0
90
pinf-111, 6-44
epi-53, 2-11
5
Ok
Ok
0
Ok
6
rnf-26, 0-9, 1-12
3
90
egi-40, 2-5
epi-54, 9-9
emi-14, 3-4
rnf-27, 0-10, 9-8
egi-41, 2-6
rnf-28, 0-11, 1-13
0
None
4
rnf-29, 3-2, 6-1
0
6
0
Ok
emi-15, 3-5
3
emi-16, 6-3
er-9, 0-4, 4-4
6
er-10, 0-5, 4-5
egi-42, 8-7
5
9
None
epi-55, 9-10
None
er-11, 4-6, 9-3
egi-43, 1-5
0
egi-44, 9-2
6
Ok
3
er-12, 0-6, 3-1
9
true
rnf-30, 1-14, 8-3
0
pinf-112, 4-9
6
0
4
3
8
None
6
0
8
5
0
-731
Ok
0
5
pinf-113, 5-33
Ok
None
egi-45, 9-3
0
rnf-31, 0-12, 1-15
true
3
0
0
0
3
rnf-32, 0-13, 9-9
egi-46, 1-6
0
Ok
None
2
0
rnf-33, 1-16, 9-10
0
er-13, 1-1, 1-1
epi-56, 2-12
anf-6, 6-1
true
epi-57, 2-13
6
true
0
epi-58, 9-11
egi-47, 0-2
6
epi-59, 7-7
pinf-114, 5-34
pinf-115, 4-10
epi-60, 8-8
6
Ok
epi-61, 8-9
true
None
6
0
0
epi-62, 2-14
3
epi-63, 4-5
None
5
None
None
90
None
6
8
0
emi-17, 1-3
0
true
None
0
0
5
rnf-34, 0-14, 6-2
epi-64, 4-6
anf-7, 7-2
epi-65, 5-4
rnf-35, 0-15, 9-11
true
0
0
rnf-36, 0-16, 2-7
3
true
epi-66, 5-5
0
epi-67, 8-10
rnf-37, 5-5, 7-8
5
Ok
Ok
true
4
-731
4
None
180
Ok
0
emi-18, 1-4
epi-68, 1-6
0
Ok
8
epi-69, 1-7
Ok
Ok
5
5
5
None
9
rnf-38, 2-8, 6-3
rnf-39, 8-4, 9-12
Ok
true
430
pinf-116, 5-35
5
0
rnf-40, 5-6, 8-5
rnf-41, 0-17, 1-17
rnf-42, 0-18, 2-9
0
1
rnf-43, 1-18, 4-5
epi-70, 0-6
68
430
0
er-14, 3-2, 4-7
rnf-44, 6-4, 7-9
6
pinf-117, 5-36
6
5
emi-19, 0-1
0
er-15, 2-3, 9-4
5
emi-20, 8-1
Ok
4
Ok
emi-21, 7-1
Ok
egi-48, 5-6
epi-71, 0-7
None
102
rnf-45, 3-3, 7-10
pinf-118, 5-37
2
rnf-46, 1-19, 7-11
5
0
0
0
er-16, 2-4, 2-4
rnf-47, 1-20, 7-12
epi-72, 5-6
430
pinf-119, 5-38
0
true
230
0
0
0
epi-73, 3-5
0
464
epi-74, 2-15
rnf-48, 0-19, 9-13
0
9
epi-75, 8-11
epi-76, 8-12
0
5
true
true
0
2
Ok
epi-77, 1-8
rnf-49, 0-20, 9-14
3
rnf-50, 1-21, 7-13
5
0
5
2
epi-78, 9-12
464
anf-8, 7-3
5
5
emi-22, 3-6
rnf-51, 6-5, 7-14
5
6
rnf-52, 1-22, 3-4
egi-49, 0-3
None
0
5
epi-79, 0-8
true
Ok
pinf-120, 4-11
Ok
Ok
epi-80, 8-13
pinf-121, 5-39
rnf-53, 6-6, 8-6
0
2
